#
# A fatal error has been detected by the Java Runtime Environment:
#
#  EXCEPTION_ACCESS_VIOLATION (0xc0000005) at pc=0x00007ffcd23e691c, pid=77168, tid=109492
#
# JRE version: OpenJDK Runtime Environment GraalVM CE 21.0.2+13.1 (21.0.2+13) (build 21.0.2+13-jvmci-23.1-b30)
# Java VM: OpenJDK 64-Bit Server VM GraalVM CE 21.0.2+13.1 (21.0.2+13-jvmci-23.1-b30, mixed mode, sharing, tiered, jvmci, jvmci compiler, compressed oops, compressed class ptrs, g1 gc, windows-amd64)
# Problematic frame:
# C  [jdwp.dll+0x2691c]
#
# No core dump will be written. Minidumps are not enabled by default on client versions of Windows
#
# If you would like to submit a bug report, please visit:
#   https://github.com/oracle/graal/issues
# The crash happened outside the Java Virtual Machine in native code.
# See problematic frame for where to report the bug.
#

---------------  S U M M A R Y ------------

Command Line: -XX:ThreadPriorityPolicy=1 -XX:+UnlockExperimentalVMOptions -XX:+EnableJVMCIProduct -XX:-UnlockExperimentalVMOptions -agentlib:jdwp=transport=dt_socket,server=n,suspend=y,address=127.0.0.1:35954 -Dfile.encoding=windows-1252 -Duser.country=AU -Duser.language=en -Duser.variant com.csse3200.game.desktop.DesktopLauncher

Host: Intel(R) Core(TM) i7-8850H CPU @ 2.60GHz, 12 cores, 31G,  Windows 10 , 64 bit Build 19041 (10.0.19041.3636)
Time: Mon Sep  9 13:00:45 2024 E. Australia Standard Time elapsed time: 0.363971 seconds (0d 0h 0m 0s)

---------------  T H R E A D  ---------------

Current thread (0x000001faed23d4f0):  JavaThread "main"             [_thread_in_native, id=109492, stack(0x0000005cba300000,0x0000005cba400000) (1024K)]

Stack: [0x0000005cba300000,0x0000005cba400000],  sp=0x0000005cba3fb5d8,  free space=1005k
Native frames: (J=compiled Java code, j=interpreted, Vv=VM code, C=native code)
C  [jdwp.dll+0x2691c]

Java frames: (J=compiled Java code, j=interpreted, Vv=VM code)
j  org.lwjgl.system.jemalloc.JEmalloc.nje_malloc(J)J+0
j  org.lwjgl.system.jemalloc.JEmalloc.<clinit>()V+44
v  ~StubRoutines::call_stub 0x000001fa874a100d
j  org.lwjgl.system.jemalloc.JEmallocAllocator.<clinit>()V+0
v  ~StubRoutines::call_stub 0x000001fa874a100d
j  java.lang.Class.forName0(Ljava/lang/String;ZLjava/lang/ClassLoader;Ljava/lang/Class;)Ljava/lang/Class;+0 java.base@21.0.2
j  java.lang.Class.forName(Ljava/lang/String;Ljava/lang/Class;)Ljava/lang/Class;+19 java.base@21.0.2
j  java.lang.Class.forName(Ljava/lang/String;)Ljava/lang/Class;+6 java.base@21.0.2
j  org.lwjgl.system.MemoryManage.getInstance()Lorg/lwjgl/system/MemoryUtil$MemoryAllocator;+68
j  org.lwjgl.system.MemoryUtil$LazyInit.<clinit>()V+0
v  ~StubRoutines::call_stub 0x000001fa874a100d
j  org.lwjgl.system.MemoryUtil.getAllocator(Z)Lorg/lwjgl/system/MemoryUtil$MemoryAllocator;+10
j  org.lwjgl.system.MemoryUtil.getAllocator()Lorg/lwjgl/system/MemoryUtil$MemoryAllocator;+1
j  org.lwjgl.system.Callback.<clinit>()V+217
v  ~StubRoutines::call_stub 0x000001fa874a100d
j  com.badlogic.gdx.backends.lwjgl3.Lwjgl3Application.initializeGlfw()V+21
j  com.badlogic.gdx.backends.lwjgl3.Lwjgl3Application.<init>(Lcom/badlogic/gdx/ApplicationListener;Lcom/badlogic/gdx/backends/lwjgl3/Lwjgl3ApplicationConfiguration;)V+82
j  com.csse3200.game.desktop.DesktopLauncher.main([Ljava/lang/String;)V+20
v  ~StubRoutines::call_stub 0x000001fa874a100d

siginfo: EXCEPTION_ACCESS_VIOLATION (0xc0000005), reading address 0xffffffffffffffff


Registers:
RAX=0x000001fadc9271d0, RBX=0x000001fadc14a760, RCX=0x000001faed23d8a8, RDX=0x000001fadc14a760
RSP=0x0000005cba3fb5d8, RBP=0x0000000000000002, RSI=0x0000005cba3fb680, RDI=0x000001faed23d8a8
R8 =0x0000000000010002, R9 =0x0000000000000000, R10=0x00007ffce1b70000, R11=0x0000005cba3fb5a8
R12=0x0000000000000007, R13=0x000001fadc14a760, R14=0x00007ffcd23f0300, R15=0x0000000000000000
RIP=0x00007ffcd23e691c, EFLAGS=0x0000000000010202


Register to memory mapping:

RAX=0x000001fadc9271d0 points into unknown readable memory: 0x0000000000000000 | 00 00 00 00 00 00 00 00
RBX=0x000001fadc14a760 points into unknown readable memory: 0x0000000623009cb8 | b8 9c 00 23 06 00 00 00
RCX=0x000001faed23d8a8 points into unknown readable memory: 0x000001fadc9271d0 | d0 71 92 dc fa 01 00 00
RDX=0x000001fadc14a760 points into unknown readable memory: 0x0000000623009cb8 | b8 9c 00 23 06 00 00 00
RSP=0x0000005cba3fb5d8 is pointing into the stack for thread: 0x000001faed23d4f0
RBP=0x0000000000000002 is an unknown value
RSI=0x0000005cba3fb680 is pointing into the stack for thread: 0x000001faed23d4f0
RDI=0x000001faed23d8a8 points into unknown readable memory: 0x000001fadc9271d0 | d0 71 92 dc fa 01 00 00
R8 =0x0000000000010002 is an unknown value
R9 =0x0 is null
R10=0x00007ffce1b70000 VCRUNTIME140.dll
R11=0x0000005cba3fb5a8 is pointing into the stack for thread: 0x000001faed23d4f0
R12=0x0000000000000007 is an unknown value
R13=0x000001fadc14a760 points into unknown readable memory: 0x0000000623009cb8 | b8 9c 00 23 06 00 00 00
R14=0x00007ffcd23f0300 jdwp.dll
R15=0x0 is null

Top of Stack: (sp=0x0000005cba3fb5d8)
0x0000005cba3fb5d8:   00007ffcd23d61bf 000001fadc14a760
0x0000005cba3fb5e8:   0000005cba3fb680 0000000000000000
0x0000005cba3fb5f8:   0000000000000000 0000000200000007
0x0000005cba3fb608:   000001fadc1d8eb0 000001faed22dab0
0x0000005cba3fb618:   00007ffcd23f03a0 000001faed23dac8
0x0000005cba3fb628:   00007ffcd23d283f 000001fadc14a760
0x0000005cba3fb638:   0000000000000002 000001faed23d8a8
0x0000005cba3fb648:   000001fadc14a768 0000005cba3fb840
0x0000005cba3fb658:   000001fafd393d58 00000005dc780100
0x0000005cba3fb668:   000001fa9801e198 0000000000000000
0x0000005cba3fb678:   000001fadc9086e8 0000000000000007
0x0000005cba3fb688:   000001fadc14a760 0000000000000000
0x0000005cba3fb698:   000001fadc14a768 0000000000000000
0x0000005cba3fb6a8:   0000000000000000 0000000000000000
0x0000005cba3fb6b8:   0000000000000000 0000000000000000
0x0000005cba3fb6c8:   0000000000000000 0000000000000000
0x0000005cba3fb6d8:   000001faed23dac8 000001fa9801e198
0x0000005cba3fb6e8:   00007ffc8bbe23c7 000001fadc14a768
0x0000005cba3fb6f8:   000001fadc275b00 000001faed23d4f0
0x0000005cba3fb708:   00000000000003d8 0000e522c5f376f7
0x0000005cba3fb718:   000001faef30f900 0000000000000000
0x0000005cba3fb728:   000001faed23d4f0 0000000000000000
0x0000005cba3fb738:   0000005cba3fb840 000001fa9801e198
0x0000005cba3fb748:   000001fad84d2701 000001faed224680
0x0000005cba3fb758:   000001faed23db60 000001faed23db70
0x0000005cba3fb768:   000001faed23df48 00000000000003d8
0x0000005cba3fb778:   000001faed23d4f0 000001faed23d4f0
0x0000005cba3fb788:   000001faed2248c0 000001faed256d50
0x0000005cba3fb798:   000001faed256d90 000001faed256e38
0x0000005cba3fb7a8:   00000000000000d8 0000005cba3fb7c0
0x0000005cba3fb7b8:   00007ffc8b8dda51 000001faed23d4f0
0x0000005cba3fb7c8:   000001faed2248c0 000001faed256d50 

Instructions: (pc=0x00007ffcd23e691c)
0x00007ffcd23e681c:   05 df 08 01 00 48 8b 03 48 8b d7 4d 8b 40 30 48
0x00007ffcd23e682c:   8b cb 48 8b 5c 24 30 48 83 c4 20 5f 48 ff a0 00
0x00007ffcd23e683c:   01 00 00 cc 48 89 5c 24 08 57 48 83 ec 20 48 8b
0x00007ffcd23e684c:   f9 e8 f2 ea ff ff 4c 8b 05 a7 08 01 00 48 8b d8
0x00007ffcd23e685c:   41 f6 80 10 02 00 00 02 74 33 41 b8 20 06 00 00
0x00007ffcd23e686c:   48 8d 15 3d c3 00 00 48 8d 0d 76 5b 00 00 e8 d9
0x00007ffcd23e687c:   48 ff ff 48 8d 15 ca 99 00 00 48 8d 0d 7b 5b 00
0x00007ffcd23e688c:   00 e8 6e 49 ff ff 4c 8b 05 67 08 01 00 48 8b 03
0x00007ffcd23e689c:   48 8b d7 4d 8b 40 38 48 8b cb 48 8b 5c 24 30 48
0x00007ffcd23e68ac:   83 c4 20 5f 48 ff a0 00 01 00 00 cc 48 89 5c 24
0x00007ffcd23e68bc:   08 57 48 83 ec 20 48 8b f9 e8 7a ea ff ff 48 8b
0x00007ffcd23e68cc:   15 2f 08 01 00 48 8b d8 f6 82 10 02 00 00 02 74
0x00007ffcd23e68dc:   2c 41 b8 12 06 00 00 48 8d 15 c6 c2 00 00 48 8d
0x00007ffcd23e68ec:   0d ff 5a 00 00 e8 62 48 ff ff 48 8d 15 9b 6b 00
0x00007ffcd23e68fc:   00 48 8d 0d 04 5b 00 00 e8 f7 48 ff ff 48 8b 03
0x00007ffcd23e690c:   48 8b d7 48 8b cb 48 8b 5c 24 30 48 83 c4 20 5f
0x00007ffcd23e691c:   48 ff a0 50 07 00 00 cc 48 89 5c 24 08 48 89 74
0x00007ffcd23e692c:   24 10 48 89 7c 24 18 41 56 48 83 ec 20 4c 63 f2
0x00007ffcd23e693c:   49 8b d8 48 8b d1 41 8b f9 48 8b cb 4d 8d 46 ff
0x00007ffcd23e694c:   ff 15 1e 59 00 00 85 c0 75 3c 41 0f be 44 1e ff
0x00007ffcd23e695c:   3b c7 75 32 49 03 de eb 10 0f be c8 ff 15 f2 58
0x00007ffcd23e696c:   00 00 85 c0 74 09 48 ff c3 8a 03 84 c0 75 ea 80
0x00007ffcd23e697c:   3b 3b 74 12 8b d7 48 8b cb e8 38 4b 00 00 48 85
0x00007ffcd23e698c:   c0 0f 94 c0 eb 02 32 c0 48 8b 5c 24 30 48 8b 74
0x00007ffcd23e699c:   24 38 48 8b 7c 24 40 48 83 c4 20 41 5e c3 cc cc
0x00007ffcd23e69ac:   0f b6 d1 83 fa 1e 0f 87 83 00 00 00 74 7b 83 fa
0x00007ffcd23e69bc:   07 77 41 74 39 83 ea 01 74 2e 83 ea 01 74 23 83
0x00007ffcd23e69cc:   ea 01 74 18 83 ea 01 74 0d 83 fa 02 0f 85 8a 00
0x00007ffcd23e69dc:   00 00 8d 42 03 c3 b8 04 00 00 00 c3 b8 03 00 00
0x00007ffcd23e69ec:   00 c3 b8 02 00 00 00 c3 b8 01 00 00 00 c3 b8 06
0x00007ffcd23e69fc:   00 00 00 c3 b8 08 00 00 00 2b d0 74 26 83 ea 01
0x00007ffcd23e6a0c:   0f 84 88 00 00 00 83 ea 01 74 12 b8 0a 00 00 00 


Stack slot to memory mapping:

stack at sp + 0 slots: 0x00007ffcd23d61bf jdwp.dll
stack at sp + 1 slots: 0x000001fadc14a760 points into unknown readable memory: 0x0000000623009cb8 | b8 9c 00 23 06 00 00 00
stack at sp + 2 slots: 0x0000005cba3fb680 is pointing into the stack for thread: 0x000001faed23d4f0
stack at sp + 3 slots: 0x0 is null
stack at sp + 4 slots: 0x0 is null
stack at sp + 5 slots: 0x0000000200000007 is an unknown value
stack at sp + 6 slots: 0x000001fadc1d8eb0 points into unknown readable memory: 0x000001fa87b69c10 | 10 9c b6 87 fa 01 00 00
stack at sp + 7 slots: 0x000001faed22dab0 points into unknown readable memory: 0x8000001200000001 | 01 00 00 00 12 00 00 80


---------------  P R O C E S S  ---------------

Threads class SMR info:
_java_thread_list=0x000001fadc1cc6d0, length=16, elements={
0x000001faed23d4f0, 0x000001fadc10d3a0, 0x000001fadc10e2c0, 0x000001fadc1108a0,
0x000001fadc114320, 0x000001fadc115000, 0x000001fadc11da70, 0x000001fadc120810,
0x000001fadc1212b0, 0x000001fadc24fe60, 0x000001fadc2531e0, 0x000001fadc257a30,
0x000001fadc2bdc80, 0x000001fadc2da0f0, 0x000001fadc2db390, 0x000001fadc2def10
}

Java Threads: ( => current thread )
=>0x000001faed23d4f0 JavaThread "main"                              [_thread_in_native, id=109492, stack(0x0000005cba300000,0x0000005cba400000) (1024K)]
  0x000001fadc10d3a0 JavaThread "Reference Handler"          daemon [_thread_blocked, id=76296, stack(0x0000005cbab00000,0x0000005cbac00000) (1024K)]
  0x000001fadc10e2c0 JavaThread "Finalizer"                  daemon [_thread_blocked, id=38392, stack(0x0000005cbac00000,0x0000005cbad00000) (1024K)]
  0x000001fadc1108a0 JavaThread "Signal Dispatcher"          daemon [_thread_blocked, id=9928, stack(0x0000005cbad00000,0x0000005cbae00000) (1024K)]
  0x000001fadc114320 JavaThread "Attach Listener"            daemon [_thread_blocked, id=60088, stack(0x0000005cbae00000,0x0000005cbaf00000) (1024K)]
  0x000001fadc115000 JavaThread "Service Thread"             daemon [_thread_blocked, id=13932, stack(0x0000005cbaf00000,0x0000005cbb000000) (1024K)]
  0x000001fadc11da70 JavaThread "Monitor Deflation Thread"   daemon [_thread_blocked, id=111100, stack(0x0000005cbb000000,0x0000005cbb100000) (1024K)]
  0x000001fadc120810 JavaThread "JVMCI-native CompilerThread0" daemon [_thread_blocked, id=109956, stack(0x0000005cbb100000,0x0000005cbb200000) (1024K)]
  0x000001fadc1212b0 JavaThread "C1 CompilerThread0"         daemon [_thread_blocked, id=114496, stack(0x0000005cbb200000,0x0000005cbb300000) (1024K)]
  0x000001fadc24fe60 JavaThread "Common-Cleaner"             daemon [_thread_blocked, id=96480, stack(0x0000005cbb300000,0x0000005cbb400000) (1024K)]
  0x000001fadc2531e0 JavaThread "C1 CompilerThread1"         daemon [_thread_blocked, id=73440, stack(0x0000005cbb400000,0x0000005cbb500000) (1024K)]
  0x000001fadc257a30 JavaThread "C1 CompilerThread2"         daemon [_thread_blocked, id=76560, stack(0x0000005cbb500000,0x0000005cbb600000) (1024K)]
  0x000001fadc2bdc80 JavaThread "JDWP Transport Listener: dt_socket" daemon [_thread_blocked, id=15236, stack(0x0000005cbb600000,0x0000005cbb700000) (1024K)]
  0x000001fadc2da0f0 JavaThread "JDWP Event Helper Thread"   daemon [_thread_blocked, id=113608, stack(0x0000005cbb700000,0x0000005cbb800000) (1024K)]
  0x000001fadc2db390 JavaThread "JDWP Command Reader"        daemon [_thread_in_native, id=59752, stack(0x0000005cbb800000,0x0000005cbb900000) (1024K)]
  0x000001fadc2def10 JavaThread "Notification Thread"        daemon [_thread_blocked, id=97608, stack(0x0000005cbb900000,0x0000005cbba00000) (1024K)]
Total: 16

Other Threads:
  0x000001fafd4edaa0 VMThread "VM Thread"                           [id=22036, stack(0x0000005cbaa00000,0x0000005cbab00000) (1024K)]
  0x000001fafd4d15a0 WatcherThread "VM Periodic Task Thread"        [id=114576, stack(0x0000005cba900000,0x0000005cbaa00000) (1024K)]
  0x000001faef3b3730 WorkerThread "GC Thread#0"                     [id=56864, stack(0x0000005cba400000,0x0000005cba500000) (1024K)]
  0x000001faef3c4470 ConcurrentGCThread "G1 Main Marker"            [id=112136, stack(0x0000005cba500000,0x0000005cba600000) (1024K)]
  0x000001faef3c5030 WorkerThread "G1 Conc#0"                       [id=35760, stack(0x0000005cba600000,0x0000005cba700000) (1024K)]
  0x000001fafd397760 ConcurrentGCThread "G1 Refine#0"               [id=112780, stack(0x0000005cba700000,0x0000005cba800000) (1024K)]
  0x000001fafd3981e0 ConcurrentGCThread "G1 Service"                [id=48516, stack(0x0000005cba800000,0x0000005cba900000) (1024K)]
Total: 7

Threads with active compile tasks:
Total: 0

VM state: not at safepoint (normal execution)

VM Mutex/Monitor currently owned by a thread: None

Heap address: 0x0000000603400000, size: 8140 MB, Compressed Oops mode: Zero based, Oop shift amount: 3

CDS archive(s) mapped at: [0x000001fa97000000-0x000001fa97c90000-0x000001fa97c90000), size 13172736, SharedBaseAddress: 0x000001fa97000000, ArchiveRelocationMode: 1.
Compressed class space mapped at: 0x000001fa98000000-0x000001fad8000000, reserved size: 1073741824
Narrow klass base: 0x000001fa97000000, Narrow klass shift: 0, Narrow klass range: 0x100000000

GC Precious Log:
 CardTable entry size: 512
 Card Set container configuration: InlinePtr #cards 4 size 8 Array Of Cards #cards 32 size 80 Howl #buckets 8 coarsen threshold 7372 Howl Bitmap #cards 1024 size 144 coarsen threshold 921 Card regions per heap region 1 cards per card region 8192
 CPUs: 12 total, 12 available
 Memory: 32549M
 Large Page Support: Disabled
 NUMA Support: Disabled
 Compressed Oops: Enabled (Zero based)
 Heap Region Size: 4M
 Heap Min Capacity: 8M
 Heap Initial Capacity: 512M
 Heap Max Capacity: 8140M
 Pre-touch: Disabled
 Parallel Workers: 10
 Concurrent Workers: 3
 Concurrent Refinement Workers: 10
 Periodic GC: Disabled

Heap:
 garbage-first heap   total 524288K, used 8192K [0x0000000603400000, 0x0000000800000000)
  region size 4096K, 3 young (12288K), 0 survivors (0K)
 Metaspace       used 2833K, committed 2944K, reserved 1114112K
  class space    used 219K, committed 256K, reserved 1048576K

Heap Regions: E=young(eden), S=young(survivor), O=old, HS=humongous(starts), HC=humongous(continues), CS=collection set, F=free, TAMS=top-at-mark-start, PB=parsable bottom
|   0|0x0000000603400000, 0x0000000603400000, 0x0000000603800000|  0%| F|  |TAMS 0x0000000603400000| PB 0x0000000603400000| Untracked 
|   1|0x0000000603800000, 0x0000000603800000, 0x0000000603c00000|  0%| F|  |TAMS 0x0000000603800000| PB 0x0000000603800000| Untracked 
|   2|0x0000000603c00000, 0x0000000603c00000, 0x0000000604000000|  0%| F|  |TAMS 0x0000000603c00000| PB 0x0000000603c00000| Untracked 
|   3|0x0000000604000000, 0x0000000604000000, 0x0000000604400000|  0%| F|  |TAMS 0x0000000604000000| PB 0x0000000604000000| Untracked 
|   4|0x0000000604400000, 0x0000000604400000, 0x0000000604800000|  0%| F|  |TAMS 0x0000000604400000| PB 0x0000000604400000| Untracked 
|   5|0x0000000604800000, 0x0000000604800000, 0x0000000604c00000|  0%| F|  |TAMS 0x0000000604800000| PB 0x0000000604800000| Untracked 
|   6|0x0000000604c00000, 0x0000000604c00000, 0x0000000605000000|  0%| F|  |TAMS 0x0000000604c00000| PB 0x0000000604c00000| Untracked 
|   7|0x0000000605000000, 0x0000000605000000, 0x0000000605400000|  0%| F|  |TAMS 0x0000000605000000| PB 0x0000000605000000| Untracked 
|   8|0x0000000605400000, 0x0000000605400000, 0x0000000605800000|  0%| F|  |TAMS 0x0000000605400000| PB 0x0000000605400000| Untracked 
|   9|0x0000000605800000, 0x0000000605800000, 0x0000000605c00000|  0%| F|  |TAMS 0x0000000605800000| PB 0x0000000605800000| Untracked 
|  10|0x0000000605c00000, 0x0000000605c00000, 0x0000000606000000|  0%| F|  |TAMS 0x0000000605c00000| PB 0x0000000605c00000| Untracked 
|  11|0x0000000606000000, 0x0000000606000000, 0x0000000606400000|  0%| F|  |TAMS 0x0000000606000000| PB 0x0000000606000000| Untracked 
|  12|0x0000000606400000, 0x0000000606400000, 0x0000000606800000|  0%| F|  |TAMS 0x0000000606400000| PB 0x0000000606400000| Untracked 
|  13|0x0000000606800000, 0x0000000606800000, 0x0000000606c00000|  0%| F|  |TAMS 0x0000000606800000| PB 0x0000000606800000| Untracked 
|  14|0x0000000606c00000, 0x0000000606c00000, 0x0000000607000000|  0%| F|  |TAMS 0x0000000606c00000| PB 0x0000000606c00000| Untracked 
|  15|0x0000000607000000, 0x0000000607000000, 0x0000000607400000|  0%| F|  |TAMS 0x0000000607000000| PB 0x0000000607000000| Untracked 
|  16|0x0000000607400000, 0x0000000607400000, 0x0000000607800000|  0%| F|  |TAMS 0x0000000607400000| PB 0x0000000607400000| Untracked 
|  17|0x0000000607800000, 0x0000000607800000, 0x0000000607c00000|  0%| F|  |TAMS 0x0000000607800000| PB 0x0000000607800000| Untracked 
|  18|0x0000000607c00000, 0x0000000607c00000, 0x0000000608000000|  0%| F|  |TAMS 0x0000000607c00000| PB 0x0000000607c00000| Untracked 
|  19|0x0000000608000000, 0x0000000608000000, 0x0000000608400000|  0%| F|  |TAMS 0x0000000608000000| PB 0x0000000608000000| Untracked 
|  20|0x0000000608400000, 0x0000000608400000, 0x0000000608800000|  0%| F|  |TAMS 0x0000000608400000| PB 0x0000000608400000| Untracked 
|  21|0x0000000608800000, 0x0000000608800000, 0x0000000608c00000|  0%| F|  |TAMS 0x0000000608800000| PB 0x0000000608800000| Untracked 
|  22|0x0000000608c00000, 0x0000000608c00000, 0x0000000609000000|  0%| F|  |TAMS 0x0000000608c00000| PB 0x0000000608c00000| Untracked 
|  23|0x0000000609000000, 0x0000000609000000, 0x0000000609400000|  0%| F|  |TAMS 0x0000000609000000| PB 0x0000000609000000| Untracked 
|  24|0x0000000609400000, 0x0000000609400000, 0x0000000609800000|  0%| F|  |TAMS 0x0000000609400000| PB 0x0000000609400000| Untracked 
|  25|0x0000000609800000, 0x0000000609800000, 0x0000000609c00000|  0%| F|  |TAMS 0x0000000609800000| PB 0x0000000609800000| Untracked 
|  26|0x0000000609c00000, 0x0000000609c00000, 0x000000060a000000|  0%| F|  |TAMS 0x0000000609c00000| PB 0x0000000609c00000| Untracked 
|  27|0x000000060a000000, 0x000000060a000000, 0x000000060a400000|  0%| F|  |TAMS 0x000000060a000000| PB 0x000000060a000000| Untracked 
|  28|0x000000060a400000, 0x000000060a400000, 0x000000060a800000|  0%| F|  |TAMS 0x000000060a400000| PB 0x000000060a400000| Untracked 
|  29|0x000000060a800000, 0x000000060a800000, 0x000000060ac00000|  0%| F|  |TAMS 0x000000060a800000| PB 0x000000060a800000| Untracked 
|  30|0x000000060ac00000, 0x000000060ac00000, 0x000000060b000000|  0%| F|  |TAMS 0x000000060ac00000| PB 0x000000060ac00000| Untracked 
|  31|0x000000060b000000, 0x000000060b000000, 0x000000060b400000|  0%| F|  |TAMS 0x000000060b000000| PB 0x000000060b000000| Untracked 
|  32|0x000000060b400000, 0x000000060b400000, 0x000000060b800000|  0%| F|  |TAMS 0x000000060b400000| PB 0x000000060b400000| Untracked 
|  33|0x000000060b800000, 0x000000060b800000, 0x000000060bc00000|  0%| F|  |TAMS 0x000000060b800000| PB 0x000000060b800000| Untracked 
|  34|0x000000060bc00000, 0x000000060bc00000, 0x000000060c000000|  0%| F|  |TAMS 0x000000060bc00000| PB 0x000000060bc00000| Untracked 
|  35|0x000000060c000000, 0x000000060c000000, 0x000000060c400000|  0%| F|  |TAMS 0x000000060c000000| PB 0x000000060c000000| Untracked 
|  36|0x000000060c400000, 0x000000060c400000, 0x000000060c800000|  0%| F|  |TAMS 0x000000060c400000| PB 0x000000060c400000| Untracked 
|  37|0x000000060c800000, 0x000000060c800000, 0x000000060cc00000|  0%| F|  |TAMS 0x000000060c800000| PB 0x000000060c800000| Untracked 
|  38|0x000000060cc00000, 0x000000060cc00000, 0x000000060d000000|  0%| F|  |TAMS 0x000000060cc00000| PB 0x000000060cc00000| Untracked 
|  39|0x000000060d000000, 0x000000060d000000, 0x000000060d400000|  0%| F|  |TAMS 0x000000060d000000| PB 0x000000060d000000| Untracked 
|  40|0x000000060d400000, 0x000000060d400000, 0x000000060d800000|  0%| F|  |TAMS 0x000000060d400000| PB 0x000000060d400000| Untracked 
|  41|0x000000060d800000, 0x000000060d800000, 0x000000060dc00000|  0%| F|  |TAMS 0x000000060d800000| PB 0x000000060d800000| Untracked 
|  42|0x000000060dc00000, 0x000000060dc00000, 0x000000060e000000|  0%| F|  |TAMS 0x000000060dc00000| PB 0x000000060dc00000| Untracked 
|  43|0x000000060e000000, 0x000000060e000000, 0x000000060e400000|  0%| F|  |TAMS 0x000000060e000000| PB 0x000000060e000000| Untracked 
|  44|0x000000060e400000, 0x000000060e400000, 0x000000060e800000|  0%| F|  |TAMS 0x000000060e400000| PB 0x000000060e400000| Untracked 
|  45|0x000000060e800000, 0x000000060e800000, 0x000000060ec00000|  0%| F|  |TAMS 0x000000060e800000| PB 0x000000060e800000| Untracked 
|  46|0x000000060ec00000, 0x000000060ec00000, 0x000000060f000000|  0%| F|  |TAMS 0x000000060ec00000| PB 0x000000060ec00000| Untracked 
|  47|0x000000060f000000, 0x000000060f000000, 0x000000060f400000|  0%| F|  |TAMS 0x000000060f000000| PB 0x000000060f000000| Untracked 
|  48|0x000000060f400000, 0x000000060f400000, 0x000000060f800000|  0%| F|  |TAMS 0x000000060f400000| PB 0x000000060f400000| Untracked 
|  49|0x000000060f800000, 0x000000060f800000, 0x000000060fc00000|  0%| F|  |TAMS 0x000000060f800000| PB 0x000000060f800000| Untracked 
|  50|0x000000060fc00000, 0x000000060fc00000, 0x0000000610000000|  0%| F|  |TAMS 0x000000060fc00000| PB 0x000000060fc00000| Untracked 
|  51|0x0000000610000000, 0x0000000610000000, 0x0000000610400000|  0%| F|  |TAMS 0x0000000610000000| PB 0x0000000610000000| Untracked 
|  52|0x0000000610400000, 0x0000000610400000, 0x0000000610800000|  0%| F|  |TAMS 0x0000000610400000| PB 0x0000000610400000| Untracked 
|  53|0x0000000610800000, 0x0000000610800000, 0x0000000610c00000|  0%| F|  |TAMS 0x0000000610800000| PB 0x0000000610800000| Untracked 
|  54|0x0000000610c00000, 0x0000000610c00000, 0x0000000611000000|  0%| F|  |TAMS 0x0000000610c00000| PB 0x0000000610c00000| Untracked 
|  55|0x0000000611000000, 0x0000000611000000, 0x0000000611400000|  0%| F|  |TAMS 0x0000000611000000| PB 0x0000000611000000| Untracked 
|  56|0x0000000611400000, 0x0000000611400000, 0x0000000611800000|  0%| F|  |TAMS 0x0000000611400000| PB 0x0000000611400000| Untracked 
|  57|0x0000000611800000, 0x0000000611800000, 0x0000000611c00000|  0%| F|  |TAMS 0x0000000611800000| PB 0x0000000611800000| Untracked 
|  58|0x0000000611c00000, 0x0000000611c00000, 0x0000000612000000|  0%| F|  |TAMS 0x0000000611c00000| PB 0x0000000611c00000| Untracked 
|  59|0x0000000612000000, 0x0000000612000000, 0x0000000612400000|  0%| F|  |TAMS 0x0000000612000000| PB 0x0000000612000000| Untracked 
|  60|0x0000000612400000, 0x0000000612400000, 0x0000000612800000|  0%| F|  |TAMS 0x0000000612400000| PB 0x0000000612400000| Untracked 
|  61|0x0000000612800000, 0x0000000612800000, 0x0000000612c00000|  0%| F|  |TAMS 0x0000000612800000| PB 0x0000000612800000| Untracked 
|  62|0x0000000612c00000, 0x0000000612c00000, 0x0000000613000000|  0%| F|  |TAMS 0x0000000612c00000| PB 0x0000000612c00000| Untracked 
|  63|0x0000000613000000, 0x0000000613000000, 0x0000000613400000|  0%| F|  |TAMS 0x0000000613000000| PB 0x0000000613000000| Untracked 
|  64|0x0000000613400000, 0x0000000613400000, 0x0000000613800000|  0%| F|  |TAMS 0x0000000613400000| PB 0x0000000613400000| Untracked 
|  65|0x0000000613800000, 0x0000000613800000, 0x0000000613c00000|  0%| F|  |TAMS 0x0000000613800000| PB 0x0000000613800000| Untracked 
|  66|0x0000000613c00000, 0x0000000613c00000, 0x0000000614000000|  0%| F|  |TAMS 0x0000000613c00000| PB 0x0000000613c00000| Untracked 
|  67|0x0000000614000000, 0x0000000614000000, 0x0000000614400000|  0%| F|  |TAMS 0x0000000614000000| PB 0x0000000614000000| Untracked 
|  68|0x0000000614400000, 0x0000000614400000, 0x0000000614800000|  0%| F|  |TAMS 0x0000000614400000| PB 0x0000000614400000| Untracked 
|  69|0x0000000614800000, 0x0000000614800000, 0x0000000614c00000|  0%| F|  |TAMS 0x0000000614800000| PB 0x0000000614800000| Untracked 
|  70|0x0000000614c00000, 0x0000000614c00000, 0x0000000615000000|  0%| F|  |TAMS 0x0000000614c00000| PB 0x0000000614c00000| Untracked 
|  71|0x0000000615000000, 0x0000000615000000, 0x0000000615400000|  0%| F|  |TAMS 0x0000000615000000| PB 0x0000000615000000| Untracked 
|  72|0x0000000615400000, 0x0000000615400000, 0x0000000615800000|  0%| F|  |TAMS 0x0000000615400000| PB 0x0000000615400000| Untracked 
|  73|0x0000000615800000, 0x0000000615800000, 0x0000000615c00000|  0%| F|  |TAMS 0x0000000615800000| PB 0x0000000615800000| Untracked 
|  74|0x0000000615c00000, 0x0000000615c00000, 0x0000000616000000|  0%| F|  |TAMS 0x0000000615c00000| PB 0x0000000615c00000| Untracked 
|  75|0x0000000616000000, 0x0000000616000000, 0x0000000616400000|  0%| F|  |TAMS 0x0000000616000000| PB 0x0000000616000000| Untracked 
|  76|0x0000000616400000, 0x0000000616400000, 0x0000000616800000|  0%| F|  |TAMS 0x0000000616400000| PB 0x0000000616400000| Untracked 
|  77|0x0000000616800000, 0x0000000616800000, 0x0000000616c00000|  0%| F|  |TAMS 0x0000000616800000| PB 0x0000000616800000| Untracked 
|  78|0x0000000616c00000, 0x0000000616c00000, 0x0000000617000000|  0%| F|  |TAMS 0x0000000616c00000| PB 0x0000000616c00000| Untracked 
|  79|0x0000000617000000, 0x0000000617000000, 0x0000000617400000|  0%| F|  |TAMS 0x0000000617000000| PB 0x0000000617000000| Untracked 
|  80|0x0000000617400000, 0x0000000617400000, 0x0000000617800000|  0%| F|  |TAMS 0x0000000617400000| PB 0x0000000617400000| Untracked 
|  81|0x0000000617800000, 0x0000000617800000, 0x0000000617c00000|  0%| F|  |TAMS 0x0000000617800000| PB 0x0000000617800000| Untracked 
|  82|0x0000000617c00000, 0x0000000617c00000, 0x0000000618000000|  0%| F|  |TAMS 0x0000000617c00000| PB 0x0000000617c00000| Untracked 
|  83|0x0000000618000000, 0x0000000618000000, 0x0000000618400000|  0%| F|  |TAMS 0x0000000618000000| PB 0x0000000618000000| Untracked 
|  84|0x0000000618400000, 0x0000000618400000, 0x0000000618800000|  0%| F|  |TAMS 0x0000000618400000| PB 0x0000000618400000| Untracked 
|  85|0x0000000618800000, 0x0000000618800000, 0x0000000618c00000|  0%| F|  |TAMS 0x0000000618800000| PB 0x0000000618800000| Untracked 
|  86|0x0000000618c00000, 0x0000000618c00000, 0x0000000619000000|  0%| F|  |TAMS 0x0000000618c00000| PB 0x0000000618c00000| Untracked 
|  87|0x0000000619000000, 0x0000000619000000, 0x0000000619400000|  0%| F|  |TAMS 0x0000000619000000| PB 0x0000000619000000| Untracked 
|  88|0x0000000619400000, 0x0000000619400000, 0x0000000619800000|  0%| F|  |TAMS 0x0000000619400000| PB 0x0000000619400000| Untracked 
|  89|0x0000000619800000, 0x0000000619800000, 0x0000000619c00000|  0%| F|  |TAMS 0x0000000619800000| PB 0x0000000619800000| Untracked 
|  90|0x0000000619c00000, 0x0000000619c00000, 0x000000061a000000|  0%| F|  |TAMS 0x0000000619c00000| PB 0x0000000619c00000| Untracked 
|  91|0x000000061a000000, 0x000000061a000000, 0x000000061a400000|  0%| F|  |TAMS 0x000000061a000000| PB 0x000000061a000000| Untracked 
|  92|0x000000061a400000, 0x000000061a400000, 0x000000061a800000|  0%| F|  |TAMS 0x000000061a400000| PB 0x000000061a400000| Untracked 
|  93|0x000000061a800000, 0x000000061a800000, 0x000000061ac00000|  0%| F|  |TAMS 0x000000061a800000| PB 0x000000061a800000| Untracked 
|  94|0x000000061ac00000, 0x000000061ac00000, 0x000000061b000000|  0%| F|  |TAMS 0x000000061ac00000| PB 0x000000061ac00000| Untracked 
|  95|0x000000061b000000, 0x000000061b000000, 0x000000061b400000|  0%| F|  |TAMS 0x000000061b000000| PB 0x000000061b000000| Untracked 
|  96|0x000000061b400000, 0x000000061b400000, 0x000000061b800000|  0%| F|  |TAMS 0x000000061b400000| PB 0x000000061b400000| Untracked 
|  97|0x000000061b800000, 0x000000061b800000, 0x000000061bc00000|  0%| F|  |TAMS 0x000000061b800000| PB 0x000000061b800000| Untracked 
|  98|0x000000061bc00000, 0x000000061bc00000, 0x000000061c000000|  0%| F|  |TAMS 0x000000061bc00000| PB 0x000000061bc00000| Untracked 
|  99|0x000000061c000000, 0x000000061c000000, 0x000000061c400000|  0%| F|  |TAMS 0x000000061c000000| PB 0x000000061c000000| Untracked 
| 100|0x000000061c400000, 0x000000061c400000, 0x000000061c800000|  0%| F|  |TAMS 0x000000061c400000| PB 0x000000061c400000| Untracked 
| 101|0x000000061c800000, 0x000000061c800000, 0x000000061cc00000|  0%| F|  |TAMS 0x000000061c800000| PB 0x000000061c800000| Untracked 
| 102|0x000000061cc00000, 0x000000061cc00000, 0x000000061d000000|  0%| F|  |TAMS 0x000000061cc00000| PB 0x000000061cc00000| Untracked 
| 103|0x000000061d000000, 0x000000061d000000, 0x000000061d400000|  0%| F|  |TAMS 0x000000061d000000| PB 0x000000061d000000| Untracked 
| 104|0x000000061d400000, 0x000000061d400000, 0x000000061d800000|  0%| F|  |TAMS 0x000000061d400000| PB 0x000000061d400000| Untracked 
| 105|0x000000061d800000, 0x000000061d800000, 0x000000061dc00000|  0%| F|  |TAMS 0x000000061d800000| PB 0x000000061d800000| Untracked 
| 106|0x000000061dc00000, 0x000000061dc00000, 0x000000061e000000|  0%| F|  |TAMS 0x000000061dc00000| PB 0x000000061dc00000| Untracked 
| 107|0x000000061e000000, 0x000000061e000000, 0x000000061e400000|  0%| F|  |TAMS 0x000000061e000000| PB 0x000000061e000000| Untracked 
| 108|0x000000061e400000, 0x000000061e400000, 0x000000061e800000|  0%| F|  |TAMS 0x000000061e400000| PB 0x000000061e400000| Untracked 
| 109|0x000000061e800000, 0x000000061e800000, 0x000000061ec00000|  0%| F|  |TAMS 0x000000061e800000| PB 0x000000061e800000| Untracked 
| 110|0x000000061ec00000, 0x000000061ec00000, 0x000000061f000000|  0%| F|  |TAMS 0x000000061ec00000| PB 0x000000061ec00000| Untracked 
| 111|0x000000061f000000, 0x000000061f000000, 0x000000061f400000|  0%| F|  |TAMS 0x000000061f000000| PB 0x000000061f000000| Untracked 
| 112|0x000000061f400000, 0x000000061f400000, 0x000000061f800000|  0%| F|  |TAMS 0x000000061f400000| PB 0x000000061f400000| Untracked 
| 113|0x000000061f800000, 0x000000061f800000, 0x000000061fc00000|  0%| F|  |TAMS 0x000000061f800000| PB 0x000000061f800000| Untracked 
| 114|0x000000061fc00000, 0x000000061fc00000, 0x0000000620000000|  0%| F|  |TAMS 0x000000061fc00000| PB 0x000000061fc00000| Untracked 
| 115|0x0000000620000000, 0x0000000620000000, 0x0000000620400000|  0%| F|  |TAMS 0x0000000620000000| PB 0x0000000620000000| Untracked 
| 116|0x0000000620400000, 0x0000000620400000, 0x0000000620800000|  0%| F|  |TAMS 0x0000000620400000| PB 0x0000000620400000| Untracked 
| 117|0x0000000620800000, 0x0000000620800000, 0x0000000620c00000|  0%| F|  |TAMS 0x0000000620800000| PB 0x0000000620800000| Untracked 
| 118|0x0000000620c00000, 0x0000000620c00000, 0x0000000621000000|  0%| F|  |TAMS 0x0000000620c00000| PB 0x0000000620c00000| Untracked 
| 119|0x0000000621000000, 0x0000000621000000, 0x0000000621400000|  0%| F|  |TAMS 0x0000000621000000| PB 0x0000000621000000| Untracked 
| 120|0x0000000621400000, 0x0000000621400000, 0x0000000621800000|  0%| F|  |TAMS 0x0000000621400000| PB 0x0000000621400000| Untracked 
| 121|0x0000000621800000, 0x0000000621800000, 0x0000000621c00000|  0%| F|  |TAMS 0x0000000621800000| PB 0x0000000621800000| Untracked 
| 122|0x0000000621c00000, 0x0000000621c00000, 0x0000000622000000|  0%| F|  |TAMS 0x0000000621c00000| PB 0x0000000621c00000| Untracked 
| 123|0x0000000622000000, 0x0000000622000000, 0x0000000622400000|  0%| F|  |TAMS 0x0000000622000000| PB 0x0000000622000000| Untracked 
| 124|0x0000000622400000, 0x0000000622400000, 0x0000000622800000|  0%| F|  |TAMS 0x0000000622400000| PB 0x0000000622400000| Untracked 
| 125|0x0000000622800000, 0x0000000622b6eb00, 0x0000000622c00000| 85%| E|  |TAMS 0x0000000622800000| PB 0x0000000622800000| Complete 
| 126|0x0000000622c00000, 0x0000000623000000, 0x0000000623000000|100%| E|CS|TAMS 0x0000000622c00000| PB 0x0000000622c00000| Complete 
| 127|0x0000000623000000, 0x0000000623400000, 0x0000000623400000|100%| E|CS|TAMS 0x0000000623000000| PB 0x0000000623000000| Complete 

Card table byte_map: [0x000001fafa0f0000,0x000001fafb0e0000] _byte_map_base: 0x000001faf70d6000

Marking Bits: (CMBitMap*) 0x000001faef3b3d40
 Bits: [0x000001fa8f000000, 0x000001fa96f30000)

Polling page: 0x000001faeead0000

Metaspace:

Usage:
  Non-class:      2.55 MB used.
      Class:    219.61 KB used.
       Both:      2.77 MB used.

Virtual space:
  Non-class space:       64.00 MB reserved,       2.62 MB (  4%) committed,  1 nodes.
      Class space:        1.00 GB reserved,     256.00 KB ( <1%) committed,  1 nodes.
             Both:        1.06 GB reserved,       2.88 MB ( <1%) committed. 

Chunk freelists:
   Non-Class:  11.12 MB
       Class:  15.63 MB
        Both:  26.75 MB

MaxMetaspaceSize: unlimited
CompressedClassSpaceSize: 1.00 GB
Initial GC threshold: 21.00 MB
Current GC threshold: 21.00 MB
CDS: on
 - commit_granule_bytes: 65536.
 - commit_granule_words: 8192.
 - virtual_space_node_default_size: 8388608.
 - enlarge_chunks_in_place: 1.
 - use_allocation_guard: 0.


Internal statistics:

num_allocs_failed_limit: 0.
num_arena_births: 68.
num_arena_deaths: 0.
num_vsnodes_births: 2.
num_vsnodes_deaths: 0.
num_space_committed: 46.
num_space_uncommitted: 0.
num_chunks_returned_to_freelist: 0.
num_chunks_taken_from_freelist: 129.
num_chunk_merges: 0.
num_chunk_splits: 80.
num_chunks_enlarged: 48.
num_inconsistent_stats: 0.

CodeHeap 'non-profiled nmethods': size=119488Kb used=191Kb max_used=191Kb free=119296Kb
 bounds [0x000001fa87b50000, 0x000001fa87dc0000, 0x000001fa8f000000]
CodeHeap 'profiled nmethods': size=119424Kb used=1270Kb max_used=1270Kb free=118153Kb
 bounds [0x000001fa80000000, 0x000001fa80270000, 0x000001fa874a0000]
CodeHeap 'non-nmethods': size=6848Kb used=2578Kb max_used=2580Kb free=4270Kb
 bounds [0x000001fa874a0000, 0x000001fa87730000, 0x000001fa87b50000]
 total_blobs=1253 nmethods=795 adapters=374
 compilation: enabled
              stopped_count=0, restarted_count=0
 full_count=0

JVMCI Events (18 events):
Event: 0.028 Thread 0x000001faed23d4f0 created new Java JVMCI runtime -1 (0x000001fafd4e51e0)
Event: 0.141 Thread 0x000001fadc120810 created new CompileBroker JVMCI runtime 0 (0x000001fadc28c100)
Event: 0.141 Thread 0x000001fadc120810 attached to JVMCI runtime 0
Event: 0.143 Thread 0x000001fadc120810 loaded JVMCI shared library from C:\Users\user\.jdks\graalvm-ce-21.0.2\bin\jvmcicompiler.dll
Event: 0.146 Thread 0x000001fadc120810 created JavaVM[1]@0x000001fafe7ac7a0 for JVMCI runtime 0
Event: 0.146 Thread 0x000001fadc120810 initializing JVMCI runtime 0
Event: 0.146 Thread 0x000001fadc120810 initializing JavaVM references in JVMCI runtime 0
Event: 0.147 Thread 0x000001fadc120810 initialized JavaVM references in JVMCI runtime 0
Event: 0.227 Thread 0x000001fadc120810 initialized JVMCI runtime 0
Event: 0.249 Thread 0x000001fadc120810 compacted oop handles in JVMCI runtime 0 from 53 to 51
Event: 0.259 Thread 0x000001fadc120810 compacted oop handles in JVMCI runtime 0 from 64 to 63
Event: 0.263 Thread 0x000001fadc120810 compacted oop handles in JVMCI runtime 0 from 65 to 64
Event: 0.269 Thread 0x000001fadc120810 compacted oop handles in JVMCI runtime 0 from 65 to 39
Event: 0.276 Thread 0x000001fadc120810 compacted oop handles in JVMCI runtime 0 from 48 to 47
Event: 0.279 Thread 0x000001fadc120810 compacted oop handles in JVMCI runtime 0 from 52 to 51
Event: 0.302 Thread 0x000001fadc120810 compacted oop handles in JVMCI runtime 0 from 63 to 62
Event: 0.315 Thread 0x000001fadc120810 compacted oop handles in JVMCI runtime 0 from 64 to 38
Event: 0.353 Thread 0x000001fadc120810 compacted oop handles in JVMCI runtime 0 from 47 to 44

Compilation events (20 events):
Event: 0.349 Thread 0x000001fadc1212b0  786       3       jdk.internal.misc.Unsafe::getLong (7 bytes)
Event: 0.350 Thread 0x000001fadc1212b0 nmethod 786 0x000001fa8013be90 code [0x000001fa8013c020, 0x000001fa8013c140]
Event: 0.351 Thread 0x000001fadc120810 nmethod 784 0x000001fa87b7d990 code [0x000001fa87b7db20, 0x000001fa87b7dd68]
Event: 0.351 Thread 0x000001fadc120810  787       4       sun.nio.fs.WindowsPathParser::isInvalidPathChar (22 bytes)
Event: 0.352 Thread 0x000001fadc1212b0  788       1       java.nio.HeapByteBuffer::isReadOnly (2 bytes)
Event: 0.352 Thread 0x000001fadc1212b0 nmethod 788 0x000001fa87b7df10 code [0x000001fa87b7e0a0, 0x000001fa87b7e168]
Event: 0.353 Thread 0x000001fadc120810 nmethod 787 0x000001fa87b7e210 code [0x000001fa87b7e380, 0x000001fa87b7e480]
Event: 0.353 Thread 0x000001fadc120810  782       4       java.util.zip.ZipFile::ensureOpen (40 bytes)
Event: 0.353 Thread 0x000001fadc1212b0  789       3       jdk.internal.loader.URLClassPath::getResource (74 bytes)
Event: 0.353 Thread 0x000001fadc1212b0 nmethod 789 0x000001fa8013c210 code [0x000001fa8013c3e0, 0x000001fa8013c890]
Event: 0.354 Thread 0x000001fadc120810 nmethod 782 0x000001fa87b7e610 code [0x000001fa87b7e7a0, 0x000001fa87b7e8b0]
Event: 0.354 Thread 0x000001fadc120810  791       4       java.lang.StringLatin1::lastIndexOf (40 bytes)
Event: 0.355 Thread 0x000001fadc257a30  792       3       java.nio.Buffer::limit (65 bytes)
Event: 0.355 Thread 0x000001fadc257a30 nmethod 792 0x000001fa8013ca10 code [0x000001fa8013cbe0, 0x000001fa8013ceb0]
Event: 0.356 Thread 0x000001fadc120810 nmethod 791 0x000001fa87b7ea10 code [0x000001fa87b7eba0, 0x000001fa87b7ed50]
Event: 0.357 Thread 0x000001fadc257a30  794       3       java.lang.String::<init> (10 bytes)
Event: 0.357 Thread 0x000001fadc1212b0  795       3       java.util.zip.ZipUtils::LG (22 bytes)
Event: 0.357 Thread 0x000001fadc257a30 nmethod 794 0x000001fa8013cf90 code [0x000001fa8013d140, 0x000001fa8013d2b0]
Event: 0.357 Thread 0x000001fadc1212b0 nmethod 795 0x000001fa8013d390 code [0x000001fa8013d540, 0x000001fa8013d7b0]
Event: 0.357 Thread 0x000001fadc120810  793 %     4       java.lang.StringLatin1::indexOf @ 14 (121 bytes)

GC Heap History (0 events):
No events

Dll operation events (10 events):
Event: 0.014 Loaded shared library C:\Users\user\.jdks\graalvm-ce-21.0.2\bin\java.dll
Event: 0.040 Loaded shared library C:\Users\user\.jdks\graalvm-ce-21.0.2\bin\jsvml.dll
Event: 0.142 Loaded shared library C:\Users\user\.jdks\graalvm-ce-21.0.2\bin\jvmcicompiler.dll
Event: 0.149 Loaded shared library C:\Users\user\.jdks\graalvm-ce-21.0.2\bin\net.dll
Event: 0.150 Loaded shared library C:\Users\user\.jdks\graalvm-ce-21.0.2\bin\nio.dll
Event: 0.155 Loaded shared library C:\Users\user\.jdks\graalvm-ce-21.0.2\bin\zip.dll
Event: 0.162 Loaded shared library C:\Users\user\.jdks\graalvm-ce-21.0.2\bin\jimage.dll
Event: 0.225 Loaded shared library C:\Users\user\.jdks\graalvm-ce-21.0.2\bin\verify.dll
Event: 0.255 Loaded shared library C:\Users\user\AppData\Local\Temp\libgdxuser\e787ab0a\gdx64.dll
Event: 0.322 Loaded shared library C:\Users\user\AppData\Local\Temp\lwjgluser\3.3.1-build-7\lwjgl.dll

Deoptimization events (16 events):
Event: 0.220 Thread 0x000001faed23d4f0 DEOPT PACKING pc=0x000001fa80078936 sp=0x0000005cba3f9330
Event: 0.220 Thread 0x000001faed23d4f0 DEOPT UNPACKING pc=0x000001fa874f4c43 sp=0x0000005cba3f87a8 mode 0
Event: 0.247 Thread 0x000001faed23d4f0 DEOPT PACKING pc=0x000001fa80001415 sp=0x0000005cba3fdf00
Event: 0.247 Thread 0x000001faed23d4f0 DEOPT UNPACKING pc=0x000001fa874f4c43 sp=0x0000005cba3fd378 mode 0
Event: 0.259 Thread 0x000001faed23d4f0 DEOPT PACKING pc=0x000001fa80079d03 sp=0x0000005cba3fa880
Event: 0.259 Thread 0x000001faed23d4f0 DEOPT UNPACKING pc=0x000001fa874f4c43 sp=0x0000005cba3f9d50 mode 0
Event: 0.285 Thread 0x000001faed23d4f0 DEOPT PACKING pc=0x000001fa800139f3 sp=0x0000005cba3f8b40
Event: 0.285 Thread 0x000001faed23d4f0 DEOPT UNPACKING pc=0x000001fa874f4c43 sp=0x0000005cba3f7f60 mode 0
Event: 0.320 Thread 0x000001faed23d4f0 Uncommon trap: trap_request=0xffffffed fr.pc=0x000001fa87b77df0 relative=0x0000000000000070
Event: 0.320 Thread 0x000001faed23d4f0 Uncommon trap: reason=null_assert_or_unreached0 action=reinterpret pc=0x000001fa87b77df0 method=sun.nio.fs.WindowsPathParser.isSlash(C)Z @ 0 jvmci
Event: 0.320 Thread 0x000001faed23d4f0 DEOPT PACKING pc=0x000001fa87b77df0 sp=0x0000005cba3fb710
Event: 0.320 Thread 0x000001faed23d4f0 DEOPT UNPACKING pc=0x000001fa874f4c43 sp=0x0000005cba3fabb8 mode 3
Event: 0.338 Thread 0x000001faed23d4f0 DEOPT PACKING pc=0x000001fa8006c6ad sp=0x0000005cba3fbc30
Event: 0.338 Thread 0x000001faed23d4f0 DEOPT UNPACKING pc=0x000001fa874f4c43 sp=0x0000005cba3fb148 mode 0
Event: 0.354 Thread 0x000001faed23d4f0 DEOPT PACKING pc=0x000001fa80043995 sp=0x0000005cba3f97f0
Event: 0.354 Thread 0x000001faed23d4f0 DEOPT UNPACKING pc=0x000001fa874f4c43 sp=0x0000005cba3f8c88 mode 0

Classes loaded (20 events):
Event: 0.325 Loading class java/nio/DirectShortBufferU
Event: 0.325 Loading class java/nio/DirectShortBufferU done
Event: 0.326 Loading class java/nio/DirectCharBufferU
Event: 0.326 Loading class java/nio/DirectCharBufferU done
Event: 0.326 Loading class java/nio/DirectFloatBufferU
Event: 0.326 Loading class java/nio/DirectFloatBufferU done
Event: 0.326 Loading class java/nio/DirectDoubleBufferU
Event: 0.326 Loading class java/nio/DirectDoubleBufferU done
Event: 0.326 Loading class sun/misc/Unsafe
Event: 0.327 Loading class sun/misc/Unsafe done
Event: 0.327 Loading class java/lang/invoke/DirectMethodHandle$StaticAccessor
Event: 0.327 Loading class java/lang/invoke/DirectMethodHandle$StaticAccessor done
Event: 0.331 Loading class java/util/function/LongPredicate
Event: 0.331 Loading class java/util/function/LongPredicate done
Event: 0.334 Loading class java/lang/foreign/MemorySegment
Event: 0.334 Loading class java/lang/foreign/MemorySegment done
Event: 0.339 Loading class java/nio/InvalidMarkException
Event: 0.339 Loading class java/nio/InvalidMarkException done
Event: 0.339 Loading class java/nio/BufferUnderflowException
Event: 0.339 Loading class java/nio/BufferUnderflowException done

Classes unloaded (0 events):
No events

Classes redefined (0 events):
No events

Internal exceptions (18 events):
Event: 0.223 Thread 0x000001fadc120810 Exception <a 'java/lang/NoSuchMethodError'{0x0000000622fa8d38}: 'java.lang.Object java.lang.invoke.Invokers$Holder.invokeExact_MT(java.lang.Object, java.lang.Object, java.lang.Object, java.lang.Object, java.lang.Object, java.lang.Object)'> (0x0000000622fa8d38) 
thrown [s\src\hotspot\share\interpreter\linkResolver.cpp, line 773]
Event: 0.281 Thread 0x000001faed23d4f0 Exception <a 'java/lang/NoSuchMethodError'{0x000000062299a568}: 'void java.lang.invoke.DirectMethodHandle$Holder.invokeStatic(java.lang.Object, java.lang.Object)'> (0x000000062299a568) 
thrown [s\src\hotspot\share\interpreter\linkResolver.cpp, line 773]
Event: 0.282 Thread 0x000001faed23d4f0 Exception <a 'java/lang/NoSuchMethodError'{0x000000062299f1b8}: 'void java.lang.System.load(java.lang.String, java.lang.Class)'> (0x000000062299f1b8) 
thrown [s\src\hotspot\share\interpreter\linkResolver.cpp, line 773]
Event: 0.282 Thread 0x000001faed23d4f0 Exception <a 'java/lang/NoSuchMethodError'{0x000000062299fc10}: 'void java.lang.invoke.DirectMethodHandle$Holder.invokeSpecial(java.lang.Object, java.lang.Object, java.lang.Object)'> (0x000000062299fc10) 
thrown [s\src\hotspot\share\interpreter\linkResolver.cpp, line 773]
Event: 0.284 Thread 0x000001faed23d4f0 Exception <a 'java/lang/NoSuchMethodError'{0x00000006229b0728}: 'java.lang.Object java.lang.invoke.DirectMethodHandle$Holder.invokeStatic(java.lang.Object, java.lang.Object, int)'> (0x00000006229b0728) 
thrown [s\src\hotspot\share\interpreter\linkResolver.cpp, line 773]
Event: 0.285 Thread 0x000001faed23d4f0 Exception <a 'java/lang/NoSuchMethodError'{0x00000006229bbb78}: 'void java.lang.invoke.DelegatingMethodHandle$Holder.delegate(java.lang.Object, java.lang.Object, int, java.lang.Object)'> (0x00000006229bbb78) 
thrown [s\src\hotspot\share\interpreter\linkResolver.cpp, line 773]
Event: 0.285 Thread 0x000001faed23d4f0 Exception <a 'java/lang/NoSuchMethodError'{0x00000006229bf858}: 'int java.lang.invoke.DirectMethodHandle$Holder.invokeSpecial(java.lang.Object, java.lang.Object, java.lang.Object)'> (0x00000006229bf858) 
thrown [s\src\hotspot\share\interpreter\linkResolver.cpp, line 773]
Event: 0.290 Thread 0x000001faed23d4f0 Exception <a 'java/lang/NoSuchMethodError'{0x00000006229d9770}: 'void java.lang.System.loadLibrary(java.lang.String, java.lang.Class)'> (0x00000006229d9770) 
thrown [s\src\hotspot\share\interpreter\linkResolver.cpp, line 773]
Event: 0.321 Thread 0x000001faed23d4f0 Exception <a 'sun/nio/fs/WindowsException'{0x0000000622a31ce0}> (0x0000000622a31ce0) 
thrown [s\src\hotspot\share\prims\jni.cpp, line 520]
Event: 0.321 Thread 0x000001faed23d4f0 Exception <a 'sun/nio/fs/WindowsException'{0x0000000622a32208}> (0x0000000622a32208) 
thrown [s\src\hotspot\share\prims\jni.cpp, line 520]
Event: 0.332 Thread 0x000001faed23d4f0 Exception <a 'java/lang/NoSuchMethodError'{0x0000000622a67da8}: 'int java.lang.invoke.DirectMethodHandle$Holder.invokeStaticInit(java.lang.Object, java.lang.Object, int, long)'> (0x0000000622a67da8) 
thrown [s\src\hotspot\share\interpreter\linkResolver.cpp, line 773]
Event: 0.333 Thread 0x000001faed23d4f0 Exception <a 'java/lang/NoSuchMethodError'{0x0000000622a6d030}: 'java.lang.Object java.lang.invoke.DirectMethodHandle$Holder.newInvokeSpecial(java.lang.Object, java.lang.Object, int)'> (0x0000000622a6d030) 
thrown [s\src\hotspot\share\interpreter\linkResolver.cpp, line 773]
Event: 0.335 Thread 0x000001faed23d4f0 Exception <a 'java/lang/NoSuchMethodError'{0x0000000622a7f400}: 'int java.lang.invoke.DirectMethodHandle$Holder.invokeStaticInit(java.lang.Object, java.lang.Object, long, long)'> (0x0000000622a7f400) 
thrown [s\src\hotspot\share\interpreter\linkResolver.cpp, line 773]
Event: 0.336 Thread 0x000001faed23d4f0 Exception <a 'java/lang/NoSuchMethodError'{0x0000000622a84c68}: 'java.lang.Object java.lang.invoke.DirectMethodHandle$Holder.newInvokeSpecial(java.lang.Object, java.lang.Object, long)'> (0x0000000622a84c68) 
thrown [s\src\hotspot\share\interpreter\linkResolver.cpp, line 773]
Event: 0.336 Thread 0x000001faed23d4f0 Exception <a 'java/lang/NoSuchMethodError'{0x0000000622a88a20}: 'java.lang.Object java.lang.invoke.Invokers$Holder.linkToTargetMethod(java.lang.Object, long, java.lang.Object)'> (0x0000000622a88a20) 
thrown [s\src\hotspot\share\interpreter\linkResolver.cpp, line 773]
Event: 0.337 Thread 0x000001faed23d4f0 Exception <a 'java/lang/NoSuchMethodError'{0x0000000622a8faa8}: 'int java.lang.invoke.DirectMethodHandle$Holder.invokeStaticInit(java.lang.Object, java.lang.Object, java.lang.Object, long)'> (0x0000000622a8faa8) 
thrown [s\src\hotspot\share\interpreter\linkResolver.cpp, line 773]
Event: 0.352 Thread 0x000001faed23d4f0 Exception <a 'sun/nio/fs/WindowsException'{0x0000000622b17f40}> (0x0000000622b17f40) 
thrown [s\src\hotspot\share\prims\jni.cpp, line 520]
Event: 0.352 Thread 0x000001faed23d4f0 Exception <a 'sun/nio/fs/WindowsException'{0x0000000622b182d0}> (0x0000000622b182d0) 
thrown [s\src\hotspot\share\prims\jni.cpp, line 520]

ZGC Phase Switch (0 events):
No events

VM Operations (8 events):
Event: 0.114 Executing VM operation: HandshakeAllThreads (Deoptimize)
Event: 0.114 Executing VM operation: HandshakeAllThreads (Deoptimize) done
Event: 0.171 Executing VM operation: HandshakeAllThreads (Deoptimize)
Event: 0.171 Executing VM operation: HandshakeAllThreads (Deoptimize) done
Event: 0.252 Executing VM operation: HandshakeAllThreads (Deoptimize)
Event: 0.252 Executing VM operation: HandshakeAllThreads (Deoptimize) done
Event: 0.283 Executing VM operation: HandshakeAllThreads (Deoptimize)
Event: 0.283 Executing VM operation: HandshakeAllThreads (Deoptimize) done

Events (16 events):
Event: 0.026 Thread 0x000001faed23d4f0 Thread added: 0x000001faed23d4f0
Event: 0.038 Thread 0x000001fadc10d3a0 Thread added: 0x000001fadc10d3a0
Event: 0.038 Thread 0x000001fadc10e2c0 Thread added: 0x000001fadc10e2c0
Event: 0.038 Thread 0x000001fadc1108a0 Thread added: 0x000001fadc1108a0
Event: 0.038 Thread 0x000001fadc114320 Thread added: 0x000001fadc114320
Event: 0.038 Thread 0x000001fadc115000 Thread added: 0x000001fadc115000
Event: 0.038 Thread 0x000001fadc11da70 Thread added: 0x000001fadc11da70
Event: 0.038 Thread 0x000001fadc120810 Thread added: 0x000001fadc120810
Event: 0.039 Thread 0x000001fadc1212b0 Thread added: 0x000001fadc1212b0
Event: 0.108 Thread 0x000001fadc24fe60 Thread added: 0x000001fadc24fe60
Event: 0.114 Thread 0x000001fadc2531e0 Thread added: 0x000001fadc2531e0
Event: 0.116 Thread 0x000001fadc257a30 Thread added: 0x000001fadc257a30
Event: 0.130 Thread 0x000001fadc2bdc80 Thread added: 0x000001fadc2bdc80
Event: 0.130 Thread 0x000001fadc2da0f0 Thread added: 0x000001fadc2da0f0
Event: 0.131 Thread 0x000001fadc2db390 Thread added: 0x000001fadc2db390
Event: 0.140 Thread 0x000001fadc2def10 Thread added: 0x000001fadc2def10


Dynamic libraries:
0x00007ff6d78a0000 - 0x00007ff6d78ae000 	C:\Users\user\.jdks\graalvm-ce-21.0.2\bin\java.exe
0x00007ffce8f30000 - 0x00007ffce9128000 	C:\WINDOWS\SYSTEM32\ntdll.dll
0x00007ffce8370000 - 0x00007ffce842d000 	C:\WINDOWS\System32\KERNEL32.DLL
0x00007ffce69a0000 - 0x00007ffce6c96000 	C:\WINDOWS\System32\KERNELBASE.dll
0x00007ffce68a0000 - 0x00007ffce69a0000 	C:\WINDOWS\System32\ucrtbase.dll
0x00007ffcb08c0000 - 0x00007ffcb08d8000 	C:\Users\user\.jdks\graalvm-ce-21.0.2\bin\jli.dll
0x00007ffce1b70000 - 0x00007ffce1b8b000 	C:\Users\user\.jdks\graalvm-ce-21.0.2\bin\VCRUNTIME140.dll
0x00007ffce6f90000 - 0x00007ffce712e000 	C:\WINDOWS\System32\USER32.dll
0x00007ffce6870000 - 0x00007ffce6892000 	C:\WINDOWS\System32\win32u.dll
0x00007ffce7340000 - 0x00007ffce736c000 	C:\WINDOWS\System32\GDI32.dll
0x00007ffcca140000 - 0x00007ffcca3da000 	C:\WINDOWS\WinSxS\amd64_microsoft.windows.common-controls_6595b64144ccf1df_6.0.19041.3636_none_60b6a03d71f818d5\COMCTL32.dll
0x00007ffce6ca0000 - 0x00007ffce6dba000 	C:\WINDOWS\System32\gdi32full.dll
0x00007ffce8430000 - 0x00007ffce84ce000 	C:\WINDOWS\System32\msvcrt.dll
0x00007ffce6ea0000 - 0x00007ffce6f3d000 	C:\WINDOWS\System32\msvcp_win.dll
0x00007ffce8580000 - 0x00007ffce85b0000 	C:\WINDOWS\System32\IMM32.DLL
0x00007ffce1b60000 - 0x00007ffce1b6c000 	C:\Users\user\.jdks\graalvm-ce-21.0.2\bin\vcruntime140_1.dll
0x00007ffca73a0000 - 0x00007ffca742e000 	C:\Users\user\.jdks\graalvm-ce-21.0.2\bin\msvcp140.dll
0x00007ffc8b650000 - 0x00007ffc8c370000 	C:\Users\user\.jdks\graalvm-ce-21.0.2\bin\server\jvm.dll
0x00007ffce84d0000 - 0x00007ffce857f000 	C:\WINDOWS\System32\ADVAPI32.dll
0x00007ffce85b0000 - 0x00007ffce864c000 	C:\WINDOWS\System32\sechost.dll
0x00007ffce7cd0000 - 0x00007ffce7df6000 	C:\WINDOWS\System32\RPCRT4.dll
0x00007ffce8be0000 - 0x00007ffce8c4b000 	C:\WINDOWS\System32\WS2_32.dll
0x00007ffcd9220000 - 0x00007ffcd922a000 	C:\WINDOWS\SYSTEM32\VERSION.dll
0x00007ffce6350000 - 0x00007ffce639b000 	C:\WINDOWS\SYSTEM32\POWRPROF.dll
0x00007ffccd840000 - 0x00007ffccd867000 	C:\WINDOWS\SYSTEM32\WINMM.dll
0x00007ffce6330000 - 0x00007ffce6342000 	C:\WINDOWS\SYSTEM32\UMPDC.dll
0x00007ffce4e00000 - 0x00007ffce4e12000 	C:\WINDOWS\SYSTEM32\kernel.appcore.dll
0x00007ffcc1170000 - 0x00007ffcc117a000 	C:\Users\user\.jdks\graalvm-ce-21.0.2\bin\jimage.dll
0x00007ffce41e0000 - 0x00007ffce43c4000 	C:\WINDOWS\SYSTEM32\DBGHELP.DLL
0x00007ffccd9b0000 - 0x00007ffccd9e4000 	C:\WINDOWS\SYSTEM32\dbgcore.DLL
0x00007ffce6770000 - 0x00007ffce67f2000 	C:\WINDOWS\System32\bcryptPrimitives.dll
0x00007ffcd23c0000 - 0x00007ffcd23fc000 	C:\Users\user\.jdks\graalvm-ce-21.0.2\bin\jdwp.dll
0x00007ffcaf9c0000 - 0x00007ffcaf9df000 	C:\Users\user\.jdks\graalvm-ce-21.0.2\bin\java.dll
0x00007ffce7580000 - 0x00007ffce7cc5000 	C:\WINDOWS\System32\SHELL32.dll
0x00007ffce4650000 - 0x00007ffce4deb000 	C:\WINDOWS\SYSTEM32\windows.storage.dll
0x00007ffce8880000 - 0x00007ffce8bd4000 	C:\WINDOWS\System32\combase.dll
0x00007ffce5ea0000 - 0x00007ffce5ecd000 	C:\WINDOWS\SYSTEM32\Wldp.dll
0x00007ffce8d20000 - 0x00007ffce8dcd000 	C:\WINDOWS\System32\SHCORE.dll
0x00007ffce7460000 - 0x00007ffce74b5000 	C:\WINDOWS\System32\shlwapi.dll
0x00007ffce6540000 - 0x00007ffce6565000 	C:\WINDOWS\SYSTEM32\profapi.dll
0x00007ffca4020000 - 0x00007ffca40f7000 	C:\Users\user\.jdks\graalvm-ce-21.0.2\bin\jsvml.dll
0x00007ffcde8e0000 - 0x00007ffcde8ec000 	C:\Users\user\.jdks\graalvm-ce-21.0.2\bin\dt_socket.dll
0x00007ffce5990000 - 0x00007ffce59cb000 	C:\WINDOWS\SYSTEM32\IPHLPAPI.DLL
0x00007ffce5c80000 - 0x00007ffce5cea000 	C:\WINDOWS\system32\mswsock.dll
0x00007ffc83f10000 - 0x00007ffc86523000 	C:\Users\user\.jdks\graalvm-ce-21.0.2\bin\jvmcicompiler.dll
0x00007ffce73f0000 - 0x00007ffce73f8000 	C:\WINDOWS\System32\PSAPI.DLL
0x00007ffce6610000 - 0x00007ffce676d000 	C:\WINDOWS\System32\CRYPT32.dll
0x00007ffce6500000 - 0x00007ffce652e000 	C:\WINDOWS\SYSTEM32\USERENV.dll
0x00007ffce6050000 - 0x00007ffce6077000 	C:\WINDOWS\SYSTEM32\ncrypt.dll
0x00007ffce6010000 - 0x00007ffce604b000 	C:\WINDOWS\SYSTEM32\NTASN1.dll
0x00007ffcbf9a0000 - 0x00007ffcbf9b0000 	C:\Users\user\.jdks\graalvm-ce-21.0.2\bin\net.dll
0x00007ffcde1a0000 - 0x00007ffcde2aa000 	C:\WINDOWS\SYSTEM32\WINHTTP.dll
0x00007ffcaf800000 - 0x00007ffcaf816000 	C:\Users\user\.jdks\graalvm-ce-21.0.2\bin\nio.dll
0x00007ffcaf6e0000 - 0x00007ffcaf6f8000 	C:\Users\user\.jdks\graalvm-ce-21.0.2\bin\zip.dll
0x00007ffcbd2a0000 - 0x00007ffcbd2b0000 	C:\Users\user\.jdks\graalvm-ce-21.0.2\bin\verify.dll
0x0000000063e30000 - 0x0000000063e59000 	C:\Users\user\AppData\Local\Temp\libgdxuser\e787ab0a\gdx64.dll
0x00007ffcd2340000 - 0x00007ffcd23b5000 	C:\Users\user\AppData\Local\Temp\lwjgluser\3.3.1-build-7\lwjgl.dll
0x00007ffc89d30000 - 0x00007ffc89f89000 	C:\Users\user\AppData\Local\Temp\lwjgluser\3.3.1-build-7\jemalloc.dll

dbghelp: loaded successfully - version: 4.0.5 - missing functions: none
symbol engine: initialized successfully - sym options: 0x614 - pdb path: .;C:\Users\user\.jdks\graalvm-ce-21.0.2\bin;C:\WINDOWS\SYSTEM32;C:\WINDOWS\WinSxS\amd64_microsoft.windows.common-controls_6595b64144ccf1df_6.0.19041.3636_none_60b6a03d71f818d5;C:\Users\user\.jdks\graalvm-ce-21.0.2\bin\server;C:\Users\user\AppData\Local\Temp\libgdxuser\e787ab0a;C:\Users\user\AppData\Local\Temp\lwjgluser\3.3.1-build-7

VM Arguments:
jvm_args: -XX:ThreadPriorityPolicy=1 -XX:+UnlockExperimentalVMOptions -XX:+EnableJVMCIProduct -XX:-UnlockExperimentalVMOptions -agentlib:jdwp=transport=dt_socket,server=n,suspend=y,address=127.0.0.1:35954 -Dfile.encoding=windows-1252 -Duser.country=AU -Duser.language=en -Duser.variant 
java_command: com.csse3200.game.desktop.DesktopLauncher
java_class_path (initial): D:\UQ\CSSE3200 - SW Design, Implement and Test\2024-studio-1\source\desktop\build\classes\java\main;D:\UQ\CSSE3200 - SW Design, Implement and Test\2024-studio-1\source\desktop\build\resources\main;C:\Users\user\.gradle\caches\modules-2\files-2.1\com.badlogicgames.gdx\gdx-backend-lwjgl3\1.11.0\58a96db4cd349be4292d547856aa1e1c5f065f4e\gdx-backend-lwjgl3-1.11.0.jar;C:\Users\user\.gradle\caches\modules-2\files-2.1\com.badlogicgames.gdx\gdx-platform\1.11.0\697fb13eada6d3c6ca648c9788692b0159add126\gdx-platform-1.11.0-natives-desktop.jar;C:\Users\user\.gradle\caches\modules-2\files-2.1\com.badlogicgames.gdx\gdx-box2d-platform\1.11.0\62ff9baa1e57a11e0a4428a38c9660bf9f312fdc\gdx-box2d-platform-1.11.0-natives-desktop.jar;C:\Users\user\.gradle\caches\modules-2\files-2.1\com.badlogicgames.gdx\gdx-tools\1.11.0\a5d30eafd0f2fbab314efdf6d98ebc27388b7c0a\gdx-tools-1.11.0.jar;C:\Users\user\.gradle\caches\modules-2\files-2.1\com.badlogicgames.gdx-controllers\gdx-controllers-desktop\2.2.2\625b3bdbe803e9c4af181b4791202cfcf776d805\gdx-controllers-desktop-2.2.2.jar;D:\UQ\CSSE3200 - SW Design, Implement and Test\2024-studio-1\source\core\build\libs\core-1.0.jar;C:\Users\user\.gradle\caches\modules-2\files-2.1\com.badlogicgames.gdx\gdx-backend-lwjgl\1.11.0\33555a2cf8b4d9db4122b2fe42e7674b343d8b4\gdx-backend-lwjgl-1.11.0.jar;C:\Users\user\.gradle\caches\modules-2\files-2.1\com.badlogicgames.gdx\gdx-freetype\1.11.0\a3634ad2e6c56d251268d6ab5c0f66eee2841f2c\gdx-freetype-1.11.0.jar;C:\Users\user\.gradle\caches\modules-2\files-2.1\com.badlogicgames.gdx\gdx-backend-headless\1.11.0\3c3d0c951db72891d894df1725d09179fd0bca00\gdx-backend-headless-1.11.0.jar;C:\Users\user\.gradle\caches\modules-2\files-2.1\com.badlogicgames.gdx-controllers\gdx-controllers-core\2.2.2\25473efe9273912a03a4871a9e1469b41d86face\gdx-controllers-core-2.2.2.jar;C:\Users\user\.gradle\caches\modules-2\files-2.1\net.dermetfan.libgdx-utils\libgdx-utils-box2d\0.13.4\918d79a20ea3c898cdb3611782c5b2bfa6ec575b\libgdx-utils-box2d-0.13.4.jar;C:\Users\user\.gradle\caches\modules-2\files-2.1\com.badlogicgames.gdx\gdx-box2d\1.11.0\ad4facee800dd945d6d6e93dea2936bc135b5f\gdx-box2d-1.11.0.jar;C:\Users\user\.gradle\caches\modules-2\files-2.1\net.dermetfan.libgdx-utils\libgdx-utils\0.13.4\27affad2873d1c9c366a2290fc51f3927f3a5f83\libgdx-utils-0.13.4.jar;C:\Users\user\.gradle\caches\modules-2\files-2.1\com.badlogicgames.gdx\gdx\1.11.0\ffe1206d1004cd9e40027e28964be0fea0399af7\gdx-1.11.0.jar;C:\Users\user\.gradle\caches\modules-2\files-2.1\org.lwjgl\lwjgl-glfw\3.3.1\cbac1b8d30cb4795149c1ef540f912671a8616d0\lwjgl-glfw-3.3.1.jar;C:\Users\user\.gradle\caches\modules-2\files-2.1\org.lwjgl\lwjgl-glfw\3.3.1\81716978214ecbda15050ca394b06ef61501a49e\lwjgl-glfw-3.3.1-natives-linux.jar;C:\Users\user\.gradle\caches\modules-2\files-2.1\org.lwjgl\lwjgl-glfw\3.3.1\816d935933f2dd743074c4e717cc25b55720f294\lwjgl-glfw-3.3.1-natives-linux-arm32.jar;C:\Users\user\.gradle\caches\modules-2\files-2.1\org.lwjgl\lwjgl-glfw\3.3.1\513eb39b866d0fe131a18d5c517087805433b029\lwjgl-glfw-3.3.1-natives-linux-arm64.jar;C:\Users\user\.gradle\caches\modules-2\files-2.1\org.lwjgl\lwjgl-glfw\3.3.1\9ec4ce1fc8c85fdef03ef4ff2aace6f5775fb280\lwjgl-glfw-3.3.1-natives-macos.jar;C:\Users\user\.gradle\caches\modules-2\files-2.1\org.lwjgl\lwjgl-glfw\3.3.1\cac0d3f712a3da7641fa174735a5f315de7ffe0a\lwjgl-glfw-3.3.1-natives-macos-arm64.jar;C:\Users\user\.gradle\caches\modules-2\files-2.1\org.lwjgl\lwjgl-glfw\3.3.1\ed892f945cf7e79c8756796f32d00fa4ceaf573b\lwjgl-glfw-3.3.1-natives-windows.jar;C:\Users\user\.gradle\caches\modules-2\files-2.1\org.lwjgl\lwjgl-glfw\3.3.1\b997e3391d6ce8f05487e7335d95c606043884a1\lwjgl-glfw-3.3.1-natives-windows-x86.jar;C:\Users\user\.gradle\caches\modules-2\files-2.1\org.lwjgl\lwjgl-jemalloc\3.3.1\a817bcf213db49f710603677457567c37d53e103\lwjgl-jemalloc-3.3.1.jar;C:\Users\user\.gradle\caches\modules-2\files-2.1\org.lwjgl\lwjgl-jemalloc\3.3.1\33dbb017b6ed6b25f993ad9d56741a49e7937718\lwjgl-jemalloc-3.3.1-natives-linux.jar;C:\Users\user\.gradle\caches\modules-2\files-2.1\org.lwjgl\lwjgl-jemalloc\3.3.1\a96a6d6cb3876d7813fcee53c3c24f246aeba3b3\lwjgl-jemalloc-3.3.1-natives-linux-arm32.jar;C:\Users\user\.gradle\caches\modules-2\files-2.1\org.lwjgl\lwjgl-jemalloc\3.3.1\c6606e57db075ad218a2e78d2416c159a53b6a0c\lwjgl-jemalloc-3.3.1-natives-linux-arm64.jar;C:\Users\user\.gradle\caches\modules-2\files-2.1\org.lwjgl\lwjgl-jemalloc\3.3.1\56424dc8db3cfb8e7b594aa6d59a4f4387b7f544\lwjgl-jemalloc-3.3.1-natives-macos.jar;C:\Users\user\.gradle\caches\modules-2\files-2.1\org.lwjgl\lwjgl-jemalloc\3.3.1\e577b87d8ad2ade361aaea2fcf226c660b15dee8\lwjgl-jemalloc-3.3.1-natives-macos-arm64.jar;C:\Users\user\.gradle\caches\modules-2\files-2.1\org.lwjgl\lwjgl-jemalloc\3.3.1\948a89b76a16aa324b046ae9308891216ffce5f9\lwjgl-jemalloc-3.3.1-natives-windows.jar;C:\Users\user\.gradle\caches\modules-2\files-2.1\org.lwjgl\lwjgl-jemalloc\3.3.1\fb476c8ec110e1c137ad3ce8a7f7bfe6b11c6324\lwjgl-jemalloc-3.3.1-natives-windows-x86.jar;C:\Users\user\.gradle\caches\modules-2\files-2.1\org.lwjgl\lwjgl-openal\3.3.1\2623a6b8ae1dfcd880738656a9f0243d2e6840bd\lwjgl-openal-3.3.1.jar;C:\Users\user\.gradle\caches\modules-2\files-2.1\org.lwjgl\lwjgl-openal\3.3.1\f906b6439f6daa66001182ea7727e3467a93681b\lwjgl-openal-3.3.1-natives-linux.jar;C:\Users\user\.gradle\caches\modules-2\files-2.1\org.lwjgl\lwjgl-openal\3.3.1\ffbe35d7fa5ec9b7eca136a7c71f24d4025a510b\lwjgl-openal-3.3.1-natives-linux-arm32.jar;C:\Users\user\.gradle\caches\modules-2\files-2.1\org.lwjgl\lwjgl-openal\3.3.1\cf4e303257e82981b8b2e31bba3d7f8f7b8f42b2\lwjgl-openal-3.3.1-natives-linux-arm64.jar;C:\Users\user\.gradle\caches\modules-2\files-2.1\org.lwjgl\lwjgl-openal\3.3.1\3a57b8911835fb58b5e558d0ca0d28157e263d45\lwjgl-openal-3.3.1-natives-macos.jar;C:\Users\user\.gradle\caches\modules-2\files-2.1\org.lwjgl\lwjgl-openal\3.3.1\23d55e7490b57495320f6c9e1936d78fd72c4ef8\lwjgl-openal-3.3.1-natives-macos-arm64.jar;C:\Users\user\.gradle\caches\modules-2\files-2.1\org.lwjgl\lwjgl-openal\3.3.1\30a474d0e57193d7bc128849a3ab66bc9316fdb1\lwjgl-openal-3.3.1-natives-windows.jar;C:\Users\user\.gradle\caches\modules-2\files-2.1\org.lwjgl\lwjgl-openal\3.3.1\888349f7b1be6fbae58bf8edfb9ef12def04c4e3\lwjgl-openal-3.3.1-natives-windows-x86.jar;C:\Users\user\.gradle\caches\modules-2\files-2.1\org.lwjgl\lwjgl-opengl\3.3.1\831a5533a21a5f4f81bbc51bb13e9899319b5411\lwjgl-opengl-3.3.1.jar;C:\Users\user\.gradle\caches\modules-2\files-2.1\org.lwjgl\lwjgl-opengl\3.3.1\ab9ab6fde3743e3550fa5d46d785ecb45b047d99\lwjgl-opengl-3.3.1-natives-linux.jar;C:\Users\user\.gradle\caches\modules-2\files-2.1\org.lwjgl\lwjgl-opengl\3.3.1\e3550fa91097fd56e361b4370fa822220fef3595\lwjgl-opengl-3.3.1-natives-linux-arm32.jar;C:\Users\user\.gradle\caches\modules-2\files-2.1\org.lwjgl\lwjgl-opengl\3.3.1\1c528fb258a6e63e8fceb4482d8db0f3af10a634\lwjgl-opengl-3.3.1-natives-linux-arm64.jar;C:\Users\user\.gradle\caches\modules-2\files-2.1\org.lwjgl\lwjgl-opengl\3.3.1\a0d12697ea019a7362eff26475b0531340e876a6\lwjgl-opengl-3.3.1-natives-macos.jar;C:\Users\user\.gradle\caches\modules-2\files-2.1\org.lwjgl\lwjgl-opengl\3.3.1\eafe34b871d966292e8db0f1f3d6b8b110d4e91d\lwjgl-opengl-3.3.1-natives-macos-arm64.jar;C:\Users\user\.gradle\caches\modules-2\files-2.1\org.lwjgl\lwjgl-opengl\3.3.1\c1807e9bd571402787d7e37e3029776ae2513bb8\lwjgl-opengl-3.3.1-natives-windows.jar;C:\Users\user\.gradle\caches\modules-2\files-2.1\org.lwjgl\lwjgl-opengl\3.3.1\deef3eb9b178ff2ff3ce893cc72ae741c3a17974\lwjgl-opengl-3.3.1-natives-windows-x86.jar;C:\Users\user\.gradle\caches\modules-2\files-2.1\org.lwjgl\lwjgl-stb\3.3.1\b119297cf8ed01f247abe8685857f8e7fcf5980f\lwjgl-stb-3.3.1.jar;C:\Users\user\.gradle\caches\modules-2\files-2.1\org.lwjgl\lwjgl-stb\3.3.1\3ee7aec8686e52867677110415566a5342a80230\lwjgl-stb-3.3.1-natives-linux.jar;C:\Users\user\.gradle\caches\modules-2\files-2.1\org.lwjgl\lwjgl-stb\3.3.1\b08226bab162c06ae69337d8a1b0ee0a3fdf0b90\lwjgl-stb-3.3.1-natives-linux-arm32.jar;C:\Users\user\.gradle\caches\modules-2\files-2.1\org.lwjgl\lwjgl-stb\3.3.1\8e8348a1813aad7f30aaf75ea197151ebb7beba9\lwjgl-stb-3.3.1-natives-linux-arm64.jar;C:\Users\user\.gradle\caches\modules-2\files-2.1\org.lwjgl\lwjgl-stb\3.3.1\def8879b8d38a47a4cc1d48b1f9a7b772e51258e\lwjgl-stb-3.3.1-natives-macos.jar;C:\Users\user\.gradle\caches\modules-2\files-2.1\org.lwjgl\lwjgl-stb\3.3.1\fcf073ed911752abdca5f0b00a53cfdf17ff8e8b\lwjgl-stb-3.3.1-natives-macos-arm64.jar;C:\Users\user\.gradle\caches\modules-2\files-2.1\org.lwjgl\lwjgl-stb\3.3.1\86315914ac119efdb02dc9e8e978ade84f1702af\lwjgl-stb-3.3.1-natives-windows.jar;C:\Users\user\.gradle\caches\modules-2\files-2.1\org.lwjgl\lwjgl-stb\3.3.1\a8d41f419eecb430b7c91ea2ce2c5c451cae2091\lwjgl-stb-3.3.1-natives-windows-x86.jar;C:\Users\user\.gradle\caches\modules-2\files-2.1\org.lwjgl\lwjgl\3.3.1\ae58664f88e18a9bb2c77b063833ca7aaec484cb\lwjgl-3.3.1.jar;C:\Users\user\.gradle\caches\modules-2\files-2.1\org.lwjgl\lwjgl\3.3.1\1de885aba434f934201b99f2f1afb142036ac189\lwjgl-3.3.1-natives-linux.jar;C:\Users\user\.gradle\caches\modules-2\files-2.1\org.lwjgl\lwjgl\3.3.1\41a3c1dd15d6b964eb8196dde69720a3e3e5e969\lwjgl-3.3.1-natives-linux-arm32.jar;C:\Users\user\.gradle\caches\modules-2\files-2.1\org.lwjgl\lwjgl\3.3.1\b597401014acb7196c76d97e15a6288f54f1f692\lwjgl-3.3.1-natives-linux-arm64.jar;C:\Users\user\.gradle\caches\modules-2\files-2.1\org.lwjgl\lwjgl\3.3.1\fc6bb723dec2cd031557dccb2a95f0ab80acb9db\lwjgl-3.3.1-natives-macos.jar;C:\Users\user\.gradle\caches\modules-2\files-2.1\org.lwjgl\lwjgl\3.3.1\71d0d5e469c9c95351eb949064497e3391616ac9\lwjgl-3.3.1-natives-macos-arm64.jar;C:\Users\user\.gradle\caches\modules-2\files-2.1\org.lwjgl\lwjgl\3.3.1\36c37f16ab611b3aa11f3bcf80b1d509b4ce6b\lwjgl-3.3.1-natives-windows.jar;C:\Users\user\.gradle\caches\modules-2\files-2.1\org.lwjgl\lwjgl\3.3.1\3b14f4beae9dd39791ec9e12190a9380cd8a3ce6\lwjgl-3.3.1-natives-windows-x86.jar;C:\Users\user\.gradle\caches\modules-2\files-2.1\com.badlogicgames.jlayer\jlayer\1.0.1-gdx\7cca83cec5c1b2f011362f4d85aabd71a73b049d\jlayer-1.0.1-gdx.jar;C:\Users\user\.gradle\caches\modules-2\files-2.1\org.jcraft\jorbis\0.0.17\8872d22b293e8f5d7d56ff92be966e6dc28ebdc6\jorbis-0.0.17.jar;C:\Users\user\.gradle\caches\modules-2\files-2.1\com.badlogicgames.jamepad\jamepad\2.0.20.0\55eb0007fd55c9914d106dac3387b9d444572cab\jamepad-2.0.20.0.jar;C:\Users\user\.gradle\caches\modules-2\files-2.1\org.slf4j\slf4j-jdk14\1.7.36\4a18af6554bfe48b0f76eec98119c417da23c7e1\slf4j-jdk14-1.7.36.jar;C:\Users\user\.gradle\caches\modules-2\files-2.1\org.slf4j\slf4j-api\1.7.36\6c62681a2f655b49963a5983b8b0950a6120ae14\slf4j-api-1.7.36.jar;C:\Users\user\.gradle\caches\modules-2\files-2.1\com.badlogicgames.gdx\gdx-jnigen-loader\2.3.1\2d472f69243631fbcb3d4c3f93dd2e137a6cb084\gdx-jnigen-loader-2.3.1.jar;C:\Users\user\.gradle\caches\modules-2\files-2.1\org.lwjgl.lwjgl\lwjgl\2.9.3\3df168ac74e4a8c96562cdff24ad352e255bf89c\lwjgl-2.9.3.jar;C:\Users\user\.gradle\caches\modules-2\files-2.1\org.lwjgl.lwjgl\lwjgl-platform\2.9.3\fbc2afb3e288578e9942578decb6291a490549a0\lwjgl-platform-2.9.3-natives-windows.jar;C:\Users\user\.gradle\caches\modules-2\files-2.1\org.lwjgl.lwjgl\lwjgl-platform\2.9.3\b1eafe80093381c56415731e1d64279e6140bcd0\lwjgl-platform-2.9.3-natives-linux.jar;C:\Users\user\.gradle\caches\modules-2\files-2.1\org.lwjgl.lwjgl\lwjgl-platform\2.9.3\6686cf6ddaa20b4290aa6599a09bc0d17369be05\lwjgl-platform-2.9.3-natives-osx.jar;C:\Users\user\.gradle\caches\modules-2\files-2.1\net.java.jinput\jinput\2.0.5\39c7796b469a600f72380316f6b1f11db6c2c7c4\jinput-2.0.5.jar;C:\Users\user\.gradle\caches\modules-2\files-2.1\net.java.jutils\jutils\1.0.0\e12fe1fda814bd348c1579329c86943d2cd3c6a6\jutils-1.0.0.jar;C:\Users\user\.gradle\caches\modules-2\files-2.1\net.java.jinput\jinput-platform\2.0.5\7ff832a6eb9ab6a767f1ade2b548092d0fa64795\jinput-platform-2.0.5-natives-linux.jar;C:\Users\user\.gradle\caches\modules-2\files-2.1\net.java.jinput\jinput-platform\2.0.5\385ee093e01f587f30ee1c8a2ee7d408fd732e16\jinput-platform-2.0.5-natives-windows.jar;C:\Users\user\.gradle\caches\modules-2\files-2.1\net.java.jinput\jinput-platform\2.0.5\53f9c919f34d2ca9de8c51fc4e1e8282029a9232\jinput-platform-2.0.5-natives-osx.jar
Launcher Type: SUN_STANDARD

[Global flags]
     intx CICompilerCount                          = 4                                         {product} {ergonomic}
     uint ConcGCThreads                            = 3                                         {product} {ergonomic}
     bool EnableJVMCIProduct                       = true                                {JVMCI product} {jimage}
     uint G1ConcRefinementThreads                  = 10                                        {product} {ergonomic}
   size_t G1HeapRegionSize                         = 4194304                                   {product} {ergonomic}
    uintx GCDrainStackTargetSize                   = 64                                        {product} {ergonomic}
   size_t InitialHeapSize                          = 536870912                                 {product} {ergonomic}
   size_t MarkStackSize                            = 4194304                                   {product} {ergonomic}
   size_t MaxHeapSize                              = 8535408640                                {product} {ergonomic}
   size_t MaxNewSize                               = 5121245184                                {product} {ergonomic}
   size_t MinHeapDeltaBytes                        = 4194304                                   {product} {ergonomic}
   size_t MinHeapSize                              = 8388608                                   {product} {ergonomic}
    uintx NonNMethodCodeHeapSize                   = 6979620                                {pd product} {ergonomic}
    uintx NonProfiledCodeHeapSize                  = 122339310                              {pd product} {ergonomic}
    uintx ProfiledCodeHeapSize                     = 122339310                              {pd product} {ergonomic}
    uintx ReservedCodeCacheSize                    = 251658240                              {pd product} {ergonomic}
     bool SegmentedCodeCache                       = true                                      {product} {ergonomic}
   size_t SoftMaxHeapSize                          = 8535408640                             {manageable} {ergonomic}
      int ThreadPriorityPolicy                     = 1                                         {product} {jimage}
     bool UseCompressedOops                        = true                           {product lp64_product} {ergonomic}
     bool UseG1GC                                  = true                                      {product} {ergonomic}
     bool UseLargePagesIndividualAllocation        = false                                  {pd product} {ergonomic}

Logging:
Log output configuration:
 #0: stdout all=warning uptime,level,tags foldmultilines=false
 #1: stderr all=off uptime,level,tags foldmultilines=false

Environment Variables:
JAVA_HOME=C:\Program Files\Java\jdk-17.0.2
PATH=C:\Program Files\Python312\Scripts\;C:\Program Files\Python312\;C:\Program Files (x86)\Common Files\Oracle\Java\javapath;C:\Program Files (x86)\Common Files\Intel\Shared Libraries\redist\intel64\compiler;C:\WINDOWS\system32;C:\WINDOWS;C:\WINDOWS\System32\Wbem;C:\WINDOWS\System32\WindowsPowerShell\v1.0\;C:\WINDOWS\System32\OpenSSH\;C:\Program Files\Polyspace\R2020b\runtime\win64;C:\Program Files\Polyspace\R2020b\bin;C:\Program Files\Polyspace\R2020b\polyspace\bin;D:\programming\Git LFS;C:\ProgramData\chocolatey\bin;C:\Program Files\OpenJDK\openjdk-8u312-b07\bin;C:\Program Files (x86)\Common Files\Acronis\VirtualFile\;C:\Program Files (x86)\Common Files\Acronis\VirtualFile64\;C:\Program Files (x86)\Common Files\Acronis\FileProtector\;C:\Program Files (x86)\Common Files\Acronis\FileProtector64\;C:\Program Files (x86)\Common Files\Acronis\SnapAPI\;C:\Program Files\dotnet\;C:\Program Files\Git LFS;C:\Program Files\PuTTY\;C:\Program Files\Docker\Docker\resources\bin;C:\Program Files\k6\;C:\Program Files\Git\cmd;C:\Program Files\MiKTeX\miktex\bin\x64\;C:\Strawberry\c\bin;C:\Strawberry\perl\site\bin;C:\Strawberry\perl\bin;C:\Program Files\nodejs\;C:\Program Files\MySQL\MySQL Shell 8.0\bin\;C:\Program Files (x86)\Haskell\bin;C:\ghc\ghc-7.6.1\bin;C:\Users\user\AppData\Local\Microsoft\WindowsApps;C:\Users\user\AppData\Local\Programs\Microsoft VS Code\bin;C:\Users\user\AppData\Roaming\cabal\bin;C:\tools\msys64;C:\Users\user\AppData\Roaming\local\bin;C:\ghcup\bin;C:\Users\user\.dotnet\tools;C:\Program Files (x86)\Nmap;C:\Users\user\AppData\Local\Programs\Python\Python311;c:\users\user\.local\bin;C:\Users\user\AppData\Roaming\Python\Python312\Scripts;C:\Users\user\AppData\Roaming\npm;C:\Program Files\JetBrains\IntelliJ IDEA 2024.2.0.2\bin;C:\Program Files\JetBrains\WebStorm 2024.2.0.1\bin
USERNAME=user
OS=Windows_NT
PROCESSOR_IDENTIFIER=Intel64 Family 6 Model 158 Stepping 10, GenuineIntel
TMP=C:\Users\user\AppData\Local\Temp
TEMP=C:\Users\user\AppData\Local\Temp




Periodic native trim disabled

---------------  S Y S T E M  ---------------

OS:
 Windows 10 , 64 bit Build 19041 (10.0.19041.3636)
OS uptime: 2 days 20:53 hours
Hyper-V role detected

CPU: total 12 (initial active 12) (6 cores per cpu, 2 threads per core) family 6 model 158 stepping 10 microcode 0xf4, cx8, cmov, fxsr, ht, mmx, 3dnowpref, sse, sse2, sse3, ssse3, sse4.1, sse4.2, popcnt, lzcnt, tsc, tscinvbit, avx, avx2, aes, erms, clmul, bmi1, bmi2, rtm, adx, fma, vzeroupper, clflush, clflushopt, hv, rdtscp, f16c
Processor Information for all 12 processors :
  Max Mhz: 2592, Current Mhz: 2592, Mhz Limit: 2592

Memory: 4k page, system-wide physical 32549M (17296M free)
TotalPageFile size 39973M (AvailPageFile size 21736M)
current process WorkingSet (physical memory assigned to process): 87M, peak: 87M
current process commit charge ("private bytes"): 642M, peak: 642M

vm_info: OpenJDK 64-Bit Server VM (21.0.2+13-jvmci-23.1-b30) for windows-amd64 JRE (21.0.2+13-jvmci-23.1-b30), built on 2024-01-06T13:07:49Z by "Buildbot" with MS VC++ 17.1 (VS2022)

END.
