#
# A fatal error has been detected by the Java Runtime Environment:
#
#  EXCEPTION_ACCESS_VIOLATION (0xc0000005) at pc=0x0000000000000000, pid=38984, tid=43768
#
# JRE version: Java(TM) SE Runtime Environment (21.0.4+8) (build 21.0.4+8-LTS-274)
# Java VM: Java HotSpot(TM) 64-Bit Server VM (21.0.4+8-LTS-274, mixed mode, sharing, tiered, compressed oops, compressed class ptrs, g1 gc, windows-amd64)
# Problematic frame:
# C  [jdwp.dll+0x161bf]
#
# No core dump will be written. Minidumps are not enabled by default on client versions of Windows
#
# If you would like to submit a bug report, please visit:
#   https://bugreport.java.com/bugreport/crash.jsp
# The crash happened outside the Java Virtual Machine in native code.
# See problematic frame for where to report the bug.
#

---------------  S U M M A R Y ------------

Command Line: -agentlib:jdwp=transport=dt_socket,address=127.0.0.1:52685,suspend=y,server=n -javaagent:C:\Users\smart\AppData\Local\JetBrains\IntelliJIdea2024.2\captureAgent\debugger-agent.jar -Dkotlinx.coroutines.debug.enable.creation.stack.trace=false -Ddebugger.agent.enable.coroutines=true -Dfile.encoding=UTF-8 -Dsun.stdout.encoding=UTF-8 -Dsun.stderr.encoding=UTF-8 com.csse3200.game.desktop.DesktopLauncher

Host: 12th Gen Intel(R) Core(TM) i5-1240P, 16 cores, 15G,  Windows 11 , 64 bit Build 22621 (10.0.22621.3958)
Time: Sun Aug 25 12:56:44 2024 E. Australia Standard Time elapsed time: 0.974887 seconds (0d 0h 0m 0s)

---------------  T H R E A D  ---------------

Current thread (0x0000022af7f42850):  JavaThread "main"             [_thread_in_native, id=43768, stack(0x000000647c000000,0x000000647c100000) (1024K)]

Stack: [0x000000647c000000,0x000000647c100000],  sp=0x000000647c0fb510,  free space=1005k
Native frames: (J=compiled Java code, j=interpreted, Vv=VM code, C=native code)

Java frames: (J=compiled Java code, j=interpreted, Vv=VM code)
j  org.lwjgl.system.jemalloc.JEmalloc.nje_malloc(J)J+0
j  org.lwjgl.system.jemalloc.JEmalloc.<clinit>()V+44
v  ~StubRoutines::call_stub 0x0000022a8f80100d
j  org.lwjgl.system.jemalloc.JEmallocAllocator.<clinit>()V+0
v  ~StubRoutines::call_stub 0x0000022a8f80100d
j  java.lang.Class.forName0(Ljava/lang/String;ZLjava/lang/ClassLoader;Ljava/lang/Class;)Ljava/lang/Class;+0 java.base@21.0.4
j  java.lang.Class.forName(Ljava/lang/String;Ljava/lang/Class;)Ljava/lang/Class;+19 java.base@21.0.4
j  java.lang.Class.forName(Ljava/lang/String;)Ljava/lang/Class;+6 java.base@21.0.4
j  org.lwjgl.system.MemoryManage.getInstance()Lorg/lwjgl/system/MemoryUtil$MemoryAllocator;+68
j  org.lwjgl.system.MemoryUtil$LazyInit.<clinit>()V+0
v  ~StubRoutines::call_stub 0x0000022a8f80100d
j  org.lwjgl.system.MemoryUtil.getAllocator(Z)Lorg/lwjgl/system/MemoryUtil$MemoryAllocator;+10
j  org.lwjgl.system.MemoryUtil.getAllocator()Lorg/lwjgl/system/MemoryUtil$MemoryAllocator;+1
j  org.lwjgl.system.Callback.<clinit>()V+217
v  ~StubRoutines::call_stub 0x0000022a8f80100d
j  com.badlogic.gdx.backends.lwjgl3.Lwjgl3Application.initializeGlfw()V+21
j  com.badlogic.gdx.backends.lwjgl3.Lwjgl3Application.<init>(Lcom/badlogic/gdx/ApplicationListener;Lcom/badlogic/gdx/backends/lwjgl3/Lwjgl3ApplicationConfiguration;)V+82
j  com.csse3200.game.desktop.DesktopLauncher.main([Ljava/lang/String;)V+20
v  ~StubRoutines::call_stub 0x0000022a8f80100d

siginfo: EXCEPTION_ACCESS_VIOLATION (0xc0000005), data execution prevention violation at address 0x0000000000000000


Registers:
RAX=0x0000022addd3f2d0, RBX=0x0000022add1f6550, RCX=0x0000022af7f42c08, RDX=0x0000022add1f6550
RSP=0x000000647c0fb508, RBP=0x0000000000000002, RSI=0x000000647c0fb5b0, RDI=0x0000022af7f42c08
R8 =0x0000000000010002, R9 =0x0000000000000000, R10=0x00007ff919d70000, R11=0x000000647c0fb4d8
R12=0x0000000000000007, R13=0x0000022add1f6550, R14=0x00007ff8fbb60400, R15=0x0000000000000000
RIP=0x0000000000000000, EFLAGS=0x0000000000010206


Register to memory mapping:

RAX=0x0000022addd3f2d0 points into unknown readable memory: 0x0000000000000000 | 00 00 00 00 00 00 00 00
RBX=0x0000022add1f6550 points into unknown readable memory: 0x0000000714809c50 | 50 9c 80 14 07 00 00 00
RCX=0x0000022af7f42c08 points into unknown readable memory: 0x0000022addd3f2d0 | d0 f2 d3 dd 2a 02 00 00
RDX=0x0000022add1f6550 points into unknown readable memory: 0x0000000714809c50 | 50 9c 80 14 07 00 00 00
RSP=0x000000647c0fb508 is pointing into the stack for thread: 0x0000022af7f42850
RBP=0x0000000000000002 is an unknown value
RSI=0x000000647c0fb5b0 is pointing into the stack for thread: 0x0000022af7f42850
RDI=0x0000022af7f42c08 points into unknown readable memory: 0x0000022addd3f2d0 | d0 f2 d3 dd 2a 02 00 00
R8 =0x0000000000010002 is an unknown value
R9 =0x0 is null
R10=0x00007ff919d70000 VCRUNTIME140.dll
R11=0x000000647c0fb4d8 is pointing into the stack for thread: 0x0000022af7f42850
R12=0x0000000000000007 is an unknown value
R13=0x0000022add1f6550 points into unknown readable memory: 0x0000000714809c50 | 50 9c 80 14 07 00 00 00
R14=0x00007ff8fbb60400 jdwp.dll
R15=0x0 is null

Top of Stack: (sp=0x000000647c0fb508)
0x000000647c0fb508:   00007ff8fbb461bf 0000022add1f6550
0x000000647c0fb518:   000000647c0fb5b0 0000000000000000
0x000000647c0fb528:   0000000000000000 0000000200000007
0x000000647c0fb538:   0000022add0eeef0 0000022af5c78190
0x000000647c0fb548:   00007ff8fbb60428 0000022af7f42e28
0x000000647c0fb558:   00007ff8fbb4283f 0000022add1f6550
0x000000647c0fb568:   0000000000000002 0000022af7f42c08
0x000000647c0fb578:   0000022add1f6558 000000647c0fb770
0x000000647c0fb588:   0000022a97639d28 00000005dded0100
0x000000647c0fb598:   0000022a9901f3d0 0000000000000000
0x000000647c0fb5a8:   0000000bffffffff 0000000000000007
0x000000647c0fb5b8:   0000022add1f6550 0000000000000000
0x000000647c0fb5c8:   0000022add1f6558 0000000000000000
0x000000647c0fb5d8:   0000000000000000 0000000000000000
0x000000647c0fb5e8:   0000000000000000 0000000000000000
0x000000647c0fb5f8:   0000000000000000 0000000000000000
0x000000647c0fb608:   0000022af7f42e28 0000022a9901f3d0
0x000000647c0fb618:   00007ff870e07fa7 0000022add1f6558
0x000000647c0fb628:   0000022add2175f0 0000022af7f42850
0x000000647c0fb638:   00007ff870b130f2 0000058d08d21235
0x000000647c0fb648:   0000022af7f40060 0000022af7f42850
0x000000647c0fb658:   0000022ad94d2d01 000000647c0fb6f0
0x000000647c0fb668:   00007ff870b0f990 0000022a9901f3d0
0x000000647c0fb678:   0000000000000000 0000022af5d0a600
0x000000647c0fb688:   0000022af5ca6310 0000022af5ca6320
0x000000647c0fb698:   0000022af5ca66f8 00000000000003d8
0x000000647c0fb6a8:   0000022af7f42850 0000022af7f42850
0x000000647c0fb6b8:   0000022af5d0a080 0000022af5d5dbb0
0x000000647c0fb6c8:   0000022af5d5dbf0 0000022af5d5dc98
0x000000647c0fb6d8:   00000000000000d8 000000647c0fb6f0
0x000000647c0fb6e8:   00007ff870b09d41 0000022af7f42850
0x000000647c0fb6f8:   0000022af5d0a080 0000022af5d5dbb0 

Instructions: (pc=0x00007ff8fbb461bf)
0x00007ff8fbb460bf:   2c 41 b8 61 02 00 00 48 8d 0d cb 6e 01 00 48 8b
0x00007ff8fbb460cf:   d3 e8 7f 50 00 00 41 8b cc e8 33 a0 ff ff 48 8b
0x00007ff8fbb460df:   d0 48 8d 0d 89 a4 01 00 e8 10 51 00 00 4c 8b 4e
0x00007ff8fbb460ef:   28 48 8d 0d 91 a4 01 00 4c 8b 46 20 48 8b 56 08
0x00007ff8fbb460ff:   e8 4c 0d 01 00 48 8b 05 f5 0f 02 00 f6 80 10 02
0x00007ff8fbb4610f:   00 00 02 74 28 41 b8 6a 02 00 00 48 8d 0d e3 62
0x00007ff8fbb4611f:   01 00 48 8b d3 e8 2b 50 00 00 48 8d 15 c8 63 01
0x00007ff8fbb4612f:   00 48 8d 0d e1 62 01 00 e8 c0 50 00 00 48 8b 07
0x00007ff8fbb4613f:   48 8b cf ff 50 78 48 8b 0d b4 0f 02 00 4c 8b f8
0x00007ff8fbb4614f:   f6 81 10 02 00 00 02 74 28 41 b8 6b 02 00 00 48
0x00007ff8fbb4615f:   8d 0d 9f 62 01 00 48 8b d3 e8 e7 4f 00 00 48 8d
0x00007ff8fbb4616f:   15 bc 63 01 00 48 8d 0d 9d 62 01 00 e8 7c 50 00
0x00007ff8fbb4617f:   00 48 8b 07 48 8b cf ff 90 88 00 00 00 83 3d 29
0x00007ff8fbb4618f:   0b 02 00 00 76 0c e8 ce 5b ff ff 83 25 1b 0b 02
0x00007ff8fbb4619f:   00 00 48 8b 5e 08 48 85 db 74 4b 48 8b 05 4f 0f
0x00007ff8fbb461af:   02 00 80 78 13 00 74 0b 48 8b cb e8 f5 06 01 00
0x00007ff8fbb461bf:   88 46 10 4d 8b c7 48 8b d6 41 8a ce e8 08 a1 00
0x00007ff8fbb461cf:   00 48 8b e8 48 85 c0 75 25 48 8b cb e8 c0 44 00
0x00007ff8fbb461df:   00 84 c0 0f 84 ea 00 00 00 48 8b d3 41 8a ce e8
0x00007ff8fbb461ef:   ad 13 00 00 eb e3 e8 0e 0e 00 00 48 8b e8 4c 8b
0x00007ff8fbb461ff:   cd 44 88 74 24 20 45 8b c4 48 8b d6 48 8b cf e8
0x00007ff8fbb4620f:   e1 00 00 00 83 3e 14 75 0b 48 8b 05 e1 0e 02 00
0x00007ff8fbb4621f:   c6 40 10 01 48 85 db 75 08 48 8b cd e8 0c 53 ff
0x00007ff8fbb4622f:   ff 48 8b 05 c9 0e 02 00 4d 85 ff 74 43 f6 80 10
0x00007ff8fbb4623f:   02 00 00 02 74 2c 41 b8 b3 02 00 00 48 8d 15 d6
0x00007ff8fbb4624f:   a1 01 00 48 8d 0d ab 61 01 00 e8 f6 4e 00 00 48
0x00007ff8fbb4625f:   8d 15 1b 7d 01 00 48 8d 0d ac 61 01 00 e8 8b 4f
0x00007ff8fbb4626f:   00 00 48 8b 07 49 8b d7 48 8b cf ff 50 68 eb 41
0x00007ff8fbb4627f:   f6 80 10 02 00 00 02 74 2c 41 b8 b5 02 00 00 48
0x00007ff8fbb4628f:   8d 15 93 a1 01 00 48 8d 0d 68 61 01 00 e8 b3 4e
0x00007ff8fbb4629f:   00 00 48 8d 15 88 62 01 00 48 8d 0d 69 61 01 00
0x00007ff8fbb462af:   e8 48 4f 00 00 48 8b 07 48 8b cf ff 90 88 00 00 


Stack slot to memory mapping:

stack at sp + 0 slots: 0x0000022add1f6550 points into unknown readable memory: 0x0000000714809c50 | 50 9c 80 14 07 00 00 00
stack at sp + 1 slots: 0x000000647c0fb5b0 is pointing into the stack for thread: 0x0000022af7f42850
stack at sp + 2 slots: 0x0 is null
stack at sp + 3 slots: 0x0 is null
stack at sp + 4 slots: 0x0000000200000007 is an unknown value
stack at sp + 5 slots: 0x0000022add0eeef0 points into unknown readable memory: 0x0000022a8ff50a10 | 10 0a f5 8f 2a 02 00 00
stack at sp + 6 slots: 0x0000022af5c78190 points into unknown readable memory: 0x8000001200000001 | 01 00 00 00 12 00 00 80
stack at sp + 7 slots: 0x00007ff8fbb60428 jdwp.dll


---------------  P R O C E S S  ---------------

Threads class SMR info:
_java_thread_list=0x0000022add3b1240, length=17, elements={
0x0000022af7f42850, 0x0000022a977b2e80, 0x0000022a977b3ba0, 0x0000022a977bab30,
0x0000022a977bb9a0, 0x0000022a977c4460, 0x0000022a977c5ea0, 0x0000022a977caee0,
0x0000022add0090a0, 0x0000022add068290, 0x0000022a977c6530, 0x0000022add1f0da0,
0x0000022add2d5880, 0x0000022add25e260, 0x0000022add2b05d0, 0x0000022a977c5180,
0x0000022add3dbb10
}

Java Threads: ( => current thread )
=>0x0000022af7f42850 JavaThread "main"                              [_thread_in_native, id=43768, stack(0x000000647c000000,0x000000647c100000) (1024K)]
  0x0000022a977b2e80 JavaThread "Reference Handler"          daemon [_thread_blocked, id=22616, stack(0x000000647c800000,0x000000647c900000) (1024K)]
  0x0000022a977b3ba0 JavaThread "Finalizer"                  daemon [_thread_blocked, id=50404, stack(0x000000647c900000,0x000000647ca00000) (1024K)]
  0x0000022a977bab30 JavaThread "Signal Dispatcher"          daemon [_thread_blocked, id=60000, stack(0x000000647ca00000,0x000000647cb00000) (1024K)]
  0x0000022a977bb9a0 JavaThread "Attach Listener"            daemon [_thread_blocked, id=42288, stack(0x000000647cb00000,0x000000647cc00000) (1024K)]
  0x0000022a977c4460 JavaThread "Service Thread"             daemon [_thread_blocked, id=46648, stack(0x000000647cc00000,0x000000647cd00000) (1024K)]
  0x0000022a977c5ea0 JavaThread "Monitor Deflation Thread"   daemon [_thread_blocked, id=48868, stack(0x000000647cd00000,0x000000647ce00000) (1024K)]
  0x0000022a977caee0 JavaThread "C2 CompilerThread0"         daemon [_thread_blocked, id=43412, stack(0x000000647ce00000,0x000000647cf00000) (1024K)]
  0x0000022add0090a0 JavaThread "C1 CompilerThread0"         daemon [_thread_blocked, id=43552, stack(0x000000647cf00000,0x000000647d000000) (1024K)]
  0x0000022add068290 JavaThread "C1 CompilerThread1"         daemon [_thread_blocked, id=39400, stack(0x000000647d000000,0x000000647d100000) (1024K)]
  0x0000022a977c6530 JavaThread "Common-Cleaner"             daemon [_thread_blocked, id=27388, stack(0x000000647d100000,0x000000647d200000) (1024K)]
  0x0000022add1f0da0 JavaThread "C1 CompilerThread2"         daemon [_thread_blocked, id=7400, stack(0x000000647d200000,0x000000647d300000) (1024K)]
  0x0000022add2d5880 JavaThread "JDWP Transport Listener: dt_socket" daemon [_thread_blocked, id=46416, stack(0x000000647d300000,0x000000647d400000) (1024K)]
  0x0000022add25e260 JavaThread "JDWP Event Helper Thread"   daemon [_thread_blocked, id=45712, stack(0x000000647d400000,0x000000647d500000) (1024K)]
  0x0000022add2b05d0 JavaThread "JDWP Command Reader"        daemon [_thread_in_native, id=11228, stack(0x000000647d500000,0x000000647d600000) (1024K)]
  0x0000022a977c5180 JavaThread "Notification Thread"        daemon [_thread_blocked, id=52080, stack(0x000000647d600000,0x000000647d700000) (1024K)]
  0x0000022add3dbb10 JavaThread "C2 CompilerThread1"         daemon [_thread_blocked, id=40748, stack(0x000000647d700000,0x000000647d800000) (1024K)]
Total: 17

Other Threads:
  0x0000022a9779b830 VMThread "VM Thread"                           [id=56360, stack(0x000000647c700000,0x000000647c800000) (1024K)]
  0x0000022a97781090 WatcherThread "VM Periodic Task Thread"        [id=49376, stack(0x000000647c600000,0x000000647c700000) (1024K)]
  0x0000022af7fac040 WorkerThread "GC Thread#0"                     [id=44392, stack(0x000000647c100000,0x000000647c200000) (1024K)]
  0x0000022af7fbdbf0 ConcurrentGCThread "G1 Main Marker"            [id=49588, stack(0x000000647c200000,0x000000647c300000) (1024K)]
  0x0000022af7fbe5f0 WorkerThread "G1 Conc#0"                       [id=57288, stack(0x000000647c300000,0x000000647c400000) (1024K)]
  0x0000022a976531b0 ConcurrentGCThread "G1 Refine#0"               [id=56484, stack(0x000000647c400000,0x000000647c500000) (1024K)]
  0x0000022a97653c20 ConcurrentGCThread "G1 Service"                [id=54936, stack(0x000000647c500000,0x000000647c600000) (1024K)]
Total: 7

Threads with active compile tasks:
Total: 0

VM state: not at safepoint (normal execution)

VM Mutex/Monitor currently owned by a thread: None

Heap address: 0x0000000704e00000, size: 4018 MB, Compressed Oops mode: Zero based, Oop shift amount: 3

CDS archive(s) mapped at: [0x0000022a98000000-0x0000022a98c90000-0x0000022a98c90000), size 13172736, SharedBaseAddress: 0x0000022a98000000, ArchiveRelocationMode: 1.
Compressed class space mapped at: 0x0000022a99000000-0x0000022ad9000000, reserved size: 1073741824
Narrow klass base: 0x0000022a98000000, Narrow klass shift: 0, Narrow klass range: 0x100000000

GC Precious Log:
 CardTable entry size: 512
 Card Set container configuration: InlinePtr #cards 4 size 8 Array Of Cards #cards 16 size 48 Howl #buckets 8 coarsen threshold 3686 Howl Bitmap #cards 512 size 80 coarsen threshold 460 Card regions per heap region 1 cards per card region 4096
 CPUs: 16 total, 16 available
 Memory: 16068M
 Large Page Support: Disabled
 NUMA Support: Disabled
 Compressed Oops: Enabled (Zero based)
 Heap Region Size: 2M
 Heap Min Capacity: 8M
 Heap Initial Capacity: 252M
 Heap Max Capacity: 4018M
 Pre-touch: Disabled
 Parallel Workers: 13
 Concurrent Workers: 3
 Concurrent Refinement Workers: 13
 Periodic GC: Disabled

Heap:
 garbage-first heap   total 258048K, used 12288K [0x0000000704e00000, 0x0000000800000000)
  region size 2048K, 7 young (14336K), 0 survivors (0K)
 Metaspace       used 2554K, committed 2688K, reserved 1114112K
  class space    used 205K, committed 256K, reserved 1048576K

Heap Regions: E=young(eden), S=young(survivor), O=old, HS=humongous(starts), HC=humongous(continues), CS=collection set, F=free, TAMS=top-at-mark-start, PB=parsable bottom
|   0|0x0000000704e00000, 0x0000000704e00000, 0x0000000705000000|  0%| F|  |TAMS 0x0000000704e00000| PB 0x0000000704e00000| Untracked 
|   1|0x0000000705000000, 0x0000000705000000, 0x0000000705200000|  0%| F|  |TAMS 0x0000000705000000| PB 0x0000000705000000| Untracked 
|   2|0x0000000705200000, 0x0000000705200000, 0x0000000705400000|  0%| F|  |TAMS 0x0000000705200000| PB 0x0000000705200000| Untracked 
|   3|0x0000000705400000, 0x0000000705400000, 0x0000000705600000|  0%| F|  |TAMS 0x0000000705400000| PB 0x0000000705400000| Untracked 
|   4|0x0000000705600000, 0x0000000705600000, 0x0000000705800000|  0%| F|  |TAMS 0x0000000705600000| PB 0x0000000705600000| Untracked 
|   5|0x0000000705800000, 0x0000000705800000, 0x0000000705a00000|  0%| F|  |TAMS 0x0000000705800000| PB 0x0000000705800000| Untracked 
|   6|0x0000000705a00000, 0x0000000705a00000, 0x0000000705c00000|  0%| F|  |TAMS 0x0000000705a00000| PB 0x0000000705a00000| Untracked 
|   7|0x0000000705c00000, 0x0000000705c00000, 0x0000000705e00000|  0%| F|  |TAMS 0x0000000705c00000| PB 0x0000000705c00000| Untracked 
|   8|0x0000000705e00000, 0x0000000705e00000, 0x0000000706000000|  0%| F|  |TAMS 0x0000000705e00000| PB 0x0000000705e00000| Untracked 
|   9|0x0000000706000000, 0x0000000706000000, 0x0000000706200000|  0%| F|  |TAMS 0x0000000706000000| PB 0x0000000706000000| Untracked 
|  10|0x0000000706200000, 0x0000000706200000, 0x0000000706400000|  0%| F|  |TAMS 0x0000000706200000| PB 0x0000000706200000| Untracked 
|  11|0x0000000706400000, 0x0000000706400000, 0x0000000706600000|  0%| F|  |TAMS 0x0000000706400000| PB 0x0000000706400000| Untracked 
|  12|0x0000000706600000, 0x0000000706600000, 0x0000000706800000|  0%| F|  |TAMS 0x0000000706600000| PB 0x0000000706600000| Untracked 
|  13|0x0000000706800000, 0x0000000706800000, 0x0000000706a00000|  0%| F|  |TAMS 0x0000000706800000| PB 0x0000000706800000| Untracked 
|  14|0x0000000706a00000, 0x0000000706a00000, 0x0000000706c00000|  0%| F|  |TAMS 0x0000000706a00000| PB 0x0000000706a00000| Untracked 
|  15|0x0000000706c00000, 0x0000000706c00000, 0x0000000706e00000|  0%| F|  |TAMS 0x0000000706c00000| PB 0x0000000706c00000| Untracked 
|  16|0x0000000706e00000, 0x0000000706e00000, 0x0000000707000000|  0%| F|  |TAMS 0x0000000706e00000| PB 0x0000000706e00000| Untracked 
|  17|0x0000000707000000, 0x0000000707000000, 0x0000000707200000|  0%| F|  |TAMS 0x0000000707000000| PB 0x0000000707000000| Untracked 
|  18|0x0000000707200000, 0x0000000707200000, 0x0000000707400000|  0%| F|  |TAMS 0x0000000707200000| PB 0x0000000707200000| Untracked 
|  19|0x0000000707400000, 0x0000000707400000, 0x0000000707600000|  0%| F|  |TAMS 0x0000000707400000| PB 0x0000000707400000| Untracked 
|  20|0x0000000707600000, 0x0000000707600000, 0x0000000707800000|  0%| F|  |TAMS 0x0000000707600000| PB 0x0000000707600000| Untracked 
|  21|0x0000000707800000, 0x0000000707800000, 0x0000000707a00000|  0%| F|  |TAMS 0x0000000707800000| PB 0x0000000707800000| Untracked 
|  22|0x0000000707a00000, 0x0000000707a00000, 0x0000000707c00000|  0%| F|  |TAMS 0x0000000707a00000| PB 0x0000000707a00000| Untracked 
|  23|0x0000000707c00000, 0x0000000707c00000, 0x0000000707e00000|  0%| F|  |TAMS 0x0000000707c00000| PB 0x0000000707c00000| Untracked 
|  24|0x0000000707e00000, 0x0000000707e00000, 0x0000000708000000|  0%| F|  |TAMS 0x0000000707e00000| PB 0x0000000707e00000| Untracked 
|  25|0x0000000708000000, 0x0000000708000000, 0x0000000708200000|  0%| F|  |TAMS 0x0000000708000000| PB 0x0000000708000000| Untracked 
|  26|0x0000000708200000, 0x0000000708200000, 0x0000000708400000|  0%| F|  |TAMS 0x0000000708200000| PB 0x0000000708200000| Untracked 
|  27|0x0000000708400000, 0x0000000708400000, 0x0000000708600000|  0%| F|  |TAMS 0x0000000708400000| PB 0x0000000708400000| Untracked 
|  28|0x0000000708600000, 0x0000000708600000, 0x0000000708800000|  0%| F|  |TAMS 0x0000000708600000| PB 0x0000000708600000| Untracked 
|  29|0x0000000708800000, 0x0000000708800000, 0x0000000708a00000|  0%| F|  |TAMS 0x0000000708800000| PB 0x0000000708800000| Untracked 
|  30|0x0000000708a00000, 0x0000000708a00000, 0x0000000708c00000|  0%| F|  |TAMS 0x0000000708a00000| PB 0x0000000708a00000| Untracked 
|  31|0x0000000708c00000, 0x0000000708c00000, 0x0000000708e00000|  0%| F|  |TAMS 0x0000000708c00000| PB 0x0000000708c00000| Untracked 
|  32|0x0000000708e00000, 0x0000000708e00000, 0x0000000709000000|  0%| F|  |TAMS 0x0000000708e00000| PB 0x0000000708e00000| Untracked 
|  33|0x0000000709000000, 0x0000000709000000, 0x0000000709200000|  0%| F|  |TAMS 0x0000000709000000| PB 0x0000000709000000| Untracked 
|  34|0x0000000709200000, 0x0000000709200000, 0x0000000709400000|  0%| F|  |TAMS 0x0000000709200000| PB 0x0000000709200000| Untracked 
|  35|0x0000000709400000, 0x0000000709400000, 0x0000000709600000|  0%| F|  |TAMS 0x0000000709400000| PB 0x0000000709400000| Untracked 
|  36|0x0000000709600000, 0x0000000709600000, 0x0000000709800000|  0%| F|  |TAMS 0x0000000709600000| PB 0x0000000709600000| Untracked 
|  37|0x0000000709800000, 0x0000000709800000, 0x0000000709a00000|  0%| F|  |TAMS 0x0000000709800000| PB 0x0000000709800000| Untracked 
|  38|0x0000000709a00000, 0x0000000709a00000, 0x0000000709c00000|  0%| F|  |TAMS 0x0000000709a00000| PB 0x0000000709a00000| Untracked 
|  39|0x0000000709c00000, 0x0000000709c00000, 0x0000000709e00000|  0%| F|  |TAMS 0x0000000709c00000| PB 0x0000000709c00000| Untracked 
|  40|0x0000000709e00000, 0x0000000709e00000, 0x000000070a000000|  0%| F|  |TAMS 0x0000000709e00000| PB 0x0000000709e00000| Untracked 
|  41|0x000000070a000000, 0x000000070a000000, 0x000000070a200000|  0%| F|  |TAMS 0x000000070a000000| PB 0x000000070a000000| Untracked 
|  42|0x000000070a200000, 0x000000070a200000, 0x000000070a400000|  0%| F|  |TAMS 0x000000070a200000| PB 0x000000070a200000| Untracked 
|  43|0x000000070a400000, 0x000000070a400000, 0x000000070a600000|  0%| F|  |TAMS 0x000000070a400000| PB 0x000000070a400000| Untracked 
|  44|0x000000070a600000, 0x000000070a600000, 0x000000070a800000|  0%| F|  |TAMS 0x000000070a600000| PB 0x000000070a600000| Untracked 
|  45|0x000000070a800000, 0x000000070a800000, 0x000000070aa00000|  0%| F|  |TAMS 0x000000070a800000| PB 0x000000070a800000| Untracked 
|  46|0x000000070aa00000, 0x000000070aa00000, 0x000000070ac00000|  0%| F|  |TAMS 0x000000070aa00000| PB 0x000000070aa00000| Untracked 
|  47|0x000000070ac00000, 0x000000070ac00000, 0x000000070ae00000|  0%| F|  |TAMS 0x000000070ac00000| PB 0x000000070ac00000| Untracked 
|  48|0x000000070ae00000, 0x000000070ae00000, 0x000000070b000000|  0%| F|  |TAMS 0x000000070ae00000| PB 0x000000070ae00000| Untracked 
|  49|0x000000070b000000, 0x000000070b000000, 0x000000070b200000|  0%| F|  |TAMS 0x000000070b000000| PB 0x000000070b000000| Untracked 
|  50|0x000000070b200000, 0x000000070b200000, 0x000000070b400000|  0%| F|  |TAMS 0x000000070b200000| PB 0x000000070b200000| Untracked 
|  51|0x000000070b400000, 0x000000070b400000, 0x000000070b600000|  0%| F|  |TAMS 0x000000070b400000| PB 0x000000070b400000| Untracked 
|  52|0x000000070b600000, 0x000000070b600000, 0x000000070b800000|  0%| F|  |TAMS 0x000000070b600000| PB 0x000000070b600000| Untracked 
|  53|0x000000070b800000, 0x000000070b800000, 0x000000070ba00000|  0%| F|  |TAMS 0x000000070b800000| PB 0x000000070b800000| Untracked 
|  54|0x000000070ba00000, 0x000000070ba00000, 0x000000070bc00000|  0%| F|  |TAMS 0x000000070ba00000| PB 0x000000070ba00000| Untracked 
|  55|0x000000070bc00000, 0x000000070bc00000, 0x000000070be00000|  0%| F|  |TAMS 0x000000070bc00000| PB 0x000000070bc00000| Untracked 
|  56|0x000000070be00000, 0x000000070be00000, 0x000000070c000000|  0%| F|  |TAMS 0x000000070be00000| PB 0x000000070be00000| Untracked 
|  57|0x000000070c000000, 0x000000070c000000, 0x000000070c200000|  0%| F|  |TAMS 0x000000070c000000| PB 0x000000070c000000| Untracked 
|  58|0x000000070c200000, 0x000000070c200000, 0x000000070c400000|  0%| F|  |TAMS 0x000000070c200000| PB 0x000000070c200000| Untracked 
|  59|0x000000070c400000, 0x000000070c400000, 0x000000070c600000|  0%| F|  |TAMS 0x000000070c400000| PB 0x000000070c400000| Untracked 
|  60|0x000000070c600000, 0x000000070c600000, 0x000000070c800000|  0%| F|  |TAMS 0x000000070c600000| PB 0x000000070c600000| Untracked 
|  61|0x000000070c800000, 0x000000070c800000, 0x000000070ca00000|  0%| F|  |TAMS 0x000000070c800000| PB 0x000000070c800000| Untracked 
|  62|0x000000070ca00000, 0x000000070ca00000, 0x000000070cc00000|  0%| F|  |TAMS 0x000000070ca00000| PB 0x000000070ca00000| Untracked 
|  63|0x000000070cc00000, 0x000000070cc00000, 0x000000070ce00000|  0%| F|  |TAMS 0x000000070cc00000| PB 0x000000070cc00000| Untracked 
|  64|0x000000070ce00000, 0x000000070ce00000, 0x000000070d000000|  0%| F|  |TAMS 0x000000070ce00000| PB 0x000000070ce00000| Untracked 
|  65|0x000000070d000000, 0x000000070d000000, 0x000000070d200000|  0%| F|  |TAMS 0x000000070d000000| PB 0x000000070d000000| Untracked 
|  66|0x000000070d200000, 0x000000070d200000, 0x000000070d400000|  0%| F|  |TAMS 0x000000070d200000| PB 0x000000070d200000| Untracked 
|  67|0x000000070d400000, 0x000000070d400000, 0x000000070d600000|  0%| F|  |TAMS 0x000000070d400000| PB 0x000000070d400000| Untracked 
|  68|0x000000070d600000, 0x000000070d600000, 0x000000070d800000|  0%| F|  |TAMS 0x000000070d600000| PB 0x000000070d600000| Untracked 
|  69|0x000000070d800000, 0x000000070d800000, 0x000000070da00000|  0%| F|  |TAMS 0x000000070d800000| PB 0x000000070d800000| Untracked 
|  70|0x000000070da00000, 0x000000070da00000, 0x000000070dc00000|  0%| F|  |TAMS 0x000000070da00000| PB 0x000000070da00000| Untracked 
|  71|0x000000070dc00000, 0x000000070dc00000, 0x000000070de00000|  0%| F|  |TAMS 0x000000070dc00000| PB 0x000000070dc00000| Untracked 
|  72|0x000000070de00000, 0x000000070de00000, 0x000000070e000000|  0%| F|  |TAMS 0x000000070de00000| PB 0x000000070de00000| Untracked 
|  73|0x000000070e000000, 0x000000070e000000, 0x000000070e200000|  0%| F|  |TAMS 0x000000070e000000| PB 0x000000070e000000| Untracked 
|  74|0x000000070e200000, 0x000000070e200000, 0x000000070e400000|  0%| F|  |TAMS 0x000000070e200000| PB 0x000000070e200000| Untracked 
|  75|0x000000070e400000, 0x000000070e400000, 0x000000070e600000|  0%| F|  |TAMS 0x000000070e400000| PB 0x000000070e400000| Untracked 
|  76|0x000000070e600000, 0x000000070e600000, 0x000000070e800000|  0%| F|  |TAMS 0x000000070e600000| PB 0x000000070e600000| Untracked 
|  77|0x000000070e800000, 0x000000070e800000, 0x000000070ea00000|  0%| F|  |TAMS 0x000000070e800000| PB 0x000000070e800000| Untracked 
|  78|0x000000070ea00000, 0x000000070ea00000, 0x000000070ec00000|  0%| F|  |TAMS 0x000000070ea00000| PB 0x000000070ea00000| Untracked 
|  79|0x000000070ec00000, 0x000000070ec00000, 0x000000070ee00000|  0%| F|  |TAMS 0x000000070ec00000| PB 0x000000070ec00000| Untracked 
|  80|0x000000070ee00000, 0x000000070ee00000, 0x000000070f000000|  0%| F|  |TAMS 0x000000070ee00000| PB 0x000000070ee00000| Untracked 
|  81|0x000000070f000000, 0x000000070f000000, 0x000000070f200000|  0%| F|  |TAMS 0x000000070f000000| PB 0x000000070f000000| Untracked 
|  82|0x000000070f200000, 0x000000070f200000, 0x000000070f400000|  0%| F|  |TAMS 0x000000070f200000| PB 0x000000070f200000| Untracked 
|  83|0x000000070f400000, 0x000000070f400000, 0x000000070f600000|  0%| F|  |TAMS 0x000000070f400000| PB 0x000000070f400000| Untracked 
|  84|0x000000070f600000, 0x000000070f600000, 0x000000070f800000|  0%| F|  |TAMS 0x000000070f600000| PB 0x000000070f600000| Untracked 
|  85|0x000000070f800000, 0x000000070f800000, 0x000000070fa00000|  0%| F|  |TAMS 0x000000070f800000| PB 0x000000070f800000| Untracked 
|  86|0x000000070fa00000, 0x000000070fa00000, 0x000000070fc00000|  0%| F|  |TAMS 0x000000070fa00000| PB 0x000000070fa00000| Untracked 
|  87|0x000000070fc00000, 0x000000070fc00000, 0x000000070fe00000|  0%| F|  |TAMS 0x000000070fc00000| PB 0x000000070fc00000| Untracked 
|  88|0x000000070fe00000, 0x000000070fe00000, 0x0000000710000000|  0%| F|  |TAMS 0x000000070fe00000| PB 0x000000070fe00000| Untracked 
|  89|0x0000000710000000, 0x0000000710000000, 0x0000000710200000|  0%| F|  |TAMS 0x0000000710000000| PB 0x0000000710000000| Untracked 
|  90|0x0000000710200000, 0x0000000710200000, 0x0000000710400000|  0%| F|  |TAMS 0x0000000710200000| PB 0x0000000710200000| Untracked 
|  91|0x0000000710400000, 0x0000000710400000, 0x0000000710600000|  0%| F|  |TAMS 0x0000000710400000| PB 0x0000000710400000| Untracked 
|  92|0x0000000710600000, 0x0000000710600000, 0x0000000710800000|  0%| F|  |TAMS 0x0000000710600000| PB 0x0000000710600000| Untracked 
|  93|0x0000000710800000, 0x0000000710800000, 0x0000000710a00000|  0%| F|  |TAMS 0x0000000710800000| PB 0x0000000710800000| Untracked 
|  94|0x0000000710a00000, 0x0000000710a00000, 0x0000000710c00000|  0%| F|  |TAMS 0x0000000710a00000| PB 0x0000000710a00000| Untracked 
|  95|0x0000000710c00000, 0x0000000710c00000, 0x0000000710e00000|  0%| F|  |TAMS 0x0000000710c00000| PB 0x0000000710c00000| Untracked 
|  96|0x0000000710e00000, 0x0000000710e00000, 0x0000000711000000|  0%| F|  |TAMS 0x0000000710e00000| PB 0x0000000710e00000| Untracked 
|  97|0x0000000711000000, 0x0000000711000000, 0x0000000711200000|  0%| F|  |TAMS 0x0000000711000000| PB 0x0000000711000000| Untracked 
|  98|0x0000000711200000, 0x0000000711200000, 0x0000000711400000|  0%| F|  |TAMS 0x0000000711200000| PB 0x0000000711200000| Untracked 
|  99|0x0000000711400000, 0x0000000711400000, 0x0000000711600000|  0%| F|  |TAMS 0x0000000711400000| PB 0x0000000711400000| Untracked 
| 100|0x0000000711600000, 0x0000000711600000, 0x0000000711800000|  0%| F|  |TAMS 0x0000000711600000| PB 0x0000000711600000| Untracked 
| 101|0x0000000711800000, 0x0000000711800000, 0x0000000711a00000|  0%| F|  |TAMS 0x0000000711800000| PB 0x0000000711800000| Untracked 
| 102|0x0000000711a00000, 0x0000000711a00000, 0x0000000711c00000|  0%| F|  |TAMS 0x0000000711a00000| PB 0x0000000711a00000| Untracked 
| 103|0x0000000711c00000, 0x0000000711c00000, 0x0000000711e00000|  0%| F|  |TAMS 0x0000000711c00000| PB 0x0000000711c00000| Untracked 
| 104|0x0000000711e00000, 0x0000000711e00000, 0x0000000712000000|  0%| F|  |TAMS 0x0000000711e00000| PB 0x0000000711e00000| Untracked 
| 105|0x0000000712000000, 0x0000000712000000, 0x0000000712200000|  0%| F|  |TAMS 0x0000000712000000| PB 0x0000000712000000| Untracked 
| 106|0x0000000712200000, 0x0000000712200000, 0x0000000712400000|  0%| F|  |TAMS 0x0000000712200000| PB 0x0000000712200000| Untracked 
| 107|0x0000000712400000, 0x0000000712400000, 0x0000000712600000|  0%| F|  |TAMS 0x0000000712400000| PB 0x0000000712400000| Untracked 
| 108|0x0000000712600000, 0x0000000712600000, 0x0000000712800000|  0%| F|  |TAMS 0x0000000712600000| PB 0x0000000712600000| Untracked 
| 109|0x0000000712800000, 0x0000000712800000, 0x0000000712a00000|  0%| F|  |TAMS 0x0000000712800000| PB 0x0000000712800000| Untracked 
| 110|0x0000000712a00000, 0x0000000712a00000, 0x0000000712c00000|  0%| F|  |TAMS 0x0000000712a00000| PB 0x0000000712a00000| Untracked 
| 111|0x0000000712c00000, 0x0000000712c00000, 0x0000000712e00000|  0%| F|  |TAMS 0x0000000712c00000| PB 0x0000000712c00000| Untracked 
| 112|0x0000000712e00000, 0x0000000712e00000, 0x0000000713000000|  0%| F|  |TAMS 0x0000000712e00000| PB 0x0000000712e00000| Untracked 
| 113|0x0000000713000000, 0x0000000713000000, 0x0000000713200000|  0%| F|  |TAMS 0x0000000713000000| PB 0x0000000713000000| Untracked 
| 114|0x0000000713200000, 0x0000000713200000, 0x0000000713400000|  0%| F|  |TAMS 0x0000000713200000| PB 0x0000000713200000| Untracked 
| 115|0x0000000713400000, 0x0000000713400000, 0x0000000713600000|  0%| F|  |TAMS 0x0000000713400000| PB 0x0000000713400000| Untracked 
| 116|0x0000000713600000, 0x0000000713600000, 0x0000000713800000|  0%| F|  |TAMS 0x0000000713600000| PB 0x0000000713600000| Untracked 
| 117|0x0000000713800000, 0x0000000713800000, 0x0000000713a00000|  0%| F|  |TAMS 0x0000000713800000| PB 0x0000000713800000| Untracked 
| 118|0x0000000713a00000, 0x0000000713a00000, 0x0000000713c00000|  0%| F|  |TAMS 0x0000000713a00000| PB 0x0000000713a00000| Untracked 
| 119|0x0000000713c00000, 0x0000000713d53ae8, 0x0000000713e00000| 66%| E|  |TAMS 0x0000000713c00000| PB 0x0000000713c00000| Complete 
| 120|0x0000000713e00000, 0x0000000714000000, 0x0000000714000000|100%| E|CS|TAMS 0x0000000713e00000| PB 0x0000000713e00000| Complete 
| 121|0x0000000714000000, 0x0000000714200000, 0x0000000714200000|100%| E|CS|TAMS 0x0000000714000000| PB 0x0000000714000000| Complete 
| 122|0x0000000714200000, 0x0000000714400000, 0x0000000714400000|100%| E|CS|TAMS 0x0000000714200000| PB 0x0000000714200000| Complete 
| 123|0x0000000714400000, 0x0000000714600000, 0x0000000714600000|100%| E|CS|TAMS 0x0000000714400000| PB 0x0000000714400000| Complete 
| 124|0x0000000714600000, 0x0000000714800000, 0x0000000714800000|100%| E|CS|TAMS 0x0000000714600000| PB 0x0000000714600000| Complete 
| 125|0x0000000714800000, 0x0000000714a00000, 0x0000000714a00000|100%| E|CS|TAMS 0x0000000714800000| PB 0x0000000714800000| Complete 

Card table byte_map: [0x0000022af9050000,0x0000022af9830000] _byte_map_base: 0x0000022af5829000

Marking Bits: (CMBitMap*) 0x0000022af7fac640
 Bits: [0x0000022af9830000, 0x0000022afd6f8000)

Polling page: 0x0000022af5f00000

Metaspace:

Usage:
  Non-class:      2.29 MB used.
      Class:    205.40 KB used.
       Both:      2.49 MB used.

Virtual space:
  Non-class space:       64.00 MB reserved,       2.38 MB (  4%) committed,  1 nodes.
      Class space:        1.00 GB reserved,     256.00 KB ( <1%) committed,  1 nodes.
             Both:        1.06 GB reserved,       2.62 MB ( <1%) committed. 

Chunk freelists:
   Non-Class:  11.12 MB
       Class:  15.63 MB
        Both:  26.76 MB

MaxMetaspaceSize: unlimited
CompressedClassSpaceSize: 1.00 GB
Initial GC threshold: 21.00 MB
Current GC threshold: 21.00 MB
CDS: on
 - commit_granule_bytes: 65536.
 - commit_granule_words: 8192.
 - virtual_space_node_default_size: 8388608.
 - enlarge_chunks_in_place: 1.
 - use_allocation_guard: 0.


Internal statistics:

num_allocs_failed_limit: 0.
num_arena_births: 76.
num_arena_deaths: 0.
num_vsnodes_births: 2.
num_vsnodes_deaths: 0.
num_space_committed: 42.
num_space_uncommitted: 0.
num_chunks_returned_to_freelist: 0.
num_chunks_taken_from_freelist: 129.
num_chunk_merges: 0.
num_chunk_splits: 86.
num_chunks_enlarged: 58.
num_inconsistent_stats: 0.

CodeHeap 'non-profiled nmethods': size=119168Kb used=248Kb max_used=248Kb free=118919Kb
 bounds [0x0000022a8ff50000, 0x0000022a901c0000, 0x0000022a973b0000]
CodeHeap 'profiled nmethods': size=119104Kb used=1287Kb max_used=1287Kb free=117816Kb
 bounds [0x0000022a883b0000, 0x0000022a88620000, 0x0000022a8f800000]
CodeHeap 'non-nmethods': size=7488Kb used=2533Kb max_used=2551Kb free=4954Kb
 bounds [0x0000022a8f800000, 0x0000022a8fa90000, 0x0000022a8ff50000]
 total_blobs=1173 nmethods=722 adapters=354
 compilation: enabled
              stopped_count=0, restarted_count=0
 full_count=0

Compilation events (20 events):
Event: 0.949 Thread 0x0000022add0090a0  714       3       sun.nio.fs.WindowsPathParser::normalize (233 bytes)
Event: 0.950 Thread 0x0000022a977caee0 nmethod 705 0x0000022a8ff89d10 code [0x0000022a8ff89ea0, 0x0000022a8ff8a238]
Event: 0.951 Thread 0x0000022a977caee0  715       4       java.util.zip.ZipFile$Source::getEntryPos (164 bytes)
Event: 0.953 Thread 0x0000022add1f0da0  717   !   3       jdk.internal.loader.URLClassPath$FileLoader::getResource (153 bytes)
Event: 0.955 Thread 0x0000022add1f0da0 nmethod 717 0x0000022a884d3d90 code [0x0000022a884d40e0, 0x0000022a884d52b8]
Event: 0.955 Thread 0x0000022add1f0da0  718       3       java.io.File::<init> (111 bytes)
Event: 0.955 Thread 0x0000022add0090a0 nmethod 714 0x0000022a884d5b90 code [0x0000022a884d6160, 0x0000022a884d8dc8]
Event: 0.956 Thread 0x0000022add1f0da0 nmethod 718 0x0000022a884da010 code [0x0000022a884da2c0, 0x0000022a884dae48]
Event: 0.957 Thread 0x0000022add1f0da0  719       3       jdk.internal.loader.URLClassPath::getResource (74 bytes)
Event: 0.958 Thread 0x0000022add1f0da0 nmethod 719 0x0000022a884db290 code [0x0000022a884db460, 0x0000022a884db7c8]
Event: 0.959 Thread 0x0000022add3dbb10 nmethod 707 0x0000022a8ff8a490 code [0x0000022a8ff8a640, 0x0000022a8ff8acf0]
Event: 0.959 Thread 0x0000022add1f0da0  720       3       java.util.zip.ZipFile$ZipFileInflaterInputStream::fill (80 bytes)
Event: 0.959 Thread 0x0000022add3dbb10  716   !   4       java.util.zip.ZipFile::getEntry (59 bytes)
Event: 0.959 Thread 0x0000022add0090a0  721   !   3       java.util.zip.Inflater::setInput (56 bytes)
Event: 0.960 Thread 0x0000022add1f0da0 nmethod 720 0x0000022a884db910 code [0x0000022a884dbb00, 0x0000022a884dbeb0]
Event: 0.960 Thread 0x0000022add0090a0 nmethod 721 0x0000022a884dc090 code [0x0000022a884dc260, 0x0000022a884dc688]
Event: 0.963 Thread 0x0000022add0090a0  722       3       jdk.internal.jimage.ImageLocation::verifyName (161 bytes)
Event: 0.966 Thread 0x0000022add0090a0 nmethod 722 0x0000022a884dc890 code [0x0000022a884dcbe0, 0x0000022a884de1f8]
Event: 0.966 Thread 0x0000022a977caee0 nmethod 715 0x0000022a8ff8b090 code [0x0000022a8ff8b2a0, 0x0000022a8ff8bae8]
Event: 0.966 Thread 0x0000022a977caee0  723       4       jdk.internal.util.ArraysSupport::mismatch (103 bytes)

GC Heap History (0 events):
No events

Dll operation events (11 events):
Event: 0.014 Loaded shared library C:\Program Files\Java\jdk-21\bin\java.dll
Event: 0.015 Loaded shared library C:\Program Files\Java\jdk-21\bin\zip.dll
Event: 0.051 Loaded shared library C:\Program Files\Java\jdk-21\bin\jsvml.dll
Event: 0.499 Loaded shared library C:\Program Files\Java\jdk-21\bin\instrument.dll
Event: 0.554 Loaded shared library C:\Program Files\Java\jdk-21\bin\net.dll
Event: 0.556 Loaded shared library C:\Program Files\Java\jdk-21\bin\nio.dll
Event: 0.572 Loaded shared library C:\Program Files\Java\jdk-21\bin\zip.dll
Event: 0.655 Loaded shared library C:\Program Files\Java\jdk-21\bin\verify.dll
Event: 0.669 Loaded shared library C:\Program Files\Java\jdk-21\bin\jimage.dll
Event: 0.764 Loaded shared library C:\Users\smart\AppData\Local\Temp\libgdxsmart\e787ab0a\gdx64.dll
Event: 0.901 Loaded shared library C:\Users\smart\AppData\Local\Temp\lwjglsmart\3.3.1-build-7\lwjgl.dll

Deoptimization events (20 events):
Event: 0.716 Thread 0x0000022af7f42850 Uncommon trap: trap_request=0xffffff45 fr.pc=0x0000022a8ff743dc relative=0x000000000000019c
Event: 0.716 Thread 0x0000022af7f42850 Uncommon trap: reason=unstable_if action=reinterpret pc=0x0000022a8ff743dc method=java.util.zip.ZipFile$Source.isMetaName([BII)Z @ 57 c2
Event: 0.716 Thread 0x0000022af7f42850 DEOPT PACKING pc=0x0000022a8ff743dc sp=0x000000647c0fdac0
Event: 0.716 Thread 0x0000022af7f42850 DEOPT UNPACKING pc=0x0000022a8f8546a2 sp=0x000000647c0fda68 mode 2
Event: 0.760 Thread 0x0000022af7f42850 Uncommon trap: trap_request=0xffffff45 fr.pc=0x0000022a8ff6b9f4 relative=0x0000000000000074
Event: 0.760 Thread 0x0000022af7f42850 Uncommon trap: reason=unstable_if action=reinterpret pc=0x0000022a8ff6b9f4 method=java.io.WinNTFileSystem.isSlash(C)Z @ 9 c2
Event: 0.760 Thread 0x0000022af7f42850 DEOPT PACKING pc=0x0000022a8ff6b9f4 sp=0x000000647c0fe7e0
Event: 0.760 Thread 0x0000022af7f42850 DEOPT UNPACKING pc=0x0000022a8f8546a2 sp=0x000000647c0fe778 mode 2
Event: 0.868 Thread 0x0000022af7f42850 DEOPT PACKING pc=0x0000022a883fad63 sp=0x000000647c0fa660
Event: 0.868 Thread 0x0000022af7f42850 DEOPT UNPACKING pc=0x0000022a8f854e42 sp=0x000000647c0f9ac0 mode 0
Event: 0.898 Thread 0x0000022af7f42850 Uncommon trap: trap_request=0xffffff45 fr.pc=0x0000022a8ff6c2d0 relative=0x0000000000000050
Event: 0.898 Thread 0x0000022af7f42850 Uncommon trap: reason=unstable_if action=reinterpret pc=0x0000022a8ff6c2d0 method=sun.nio.fs.WindowsPathParser.isSlash(C)Z @ 9 c2
Event: 0.898 Thread 0x0000022af7f42850 DEOPT PACKING pc=0x0000022a8ff6c2d0 sp=0x000000647c0fb6c0
Event: 0.898 Thread 0x0000022af7f42850 DEOPT UNPACKING pc=0x0000022a8f8546a2 sp=0x000000647c0fb658 mode 2
Event: 0.921 Thread 0x0000022af7f42850 DEOPT PACKING pc=0x0000022a883fa5c9 sp=0x000000647c0fb9f0
Event: 0.921 Thread 0x0000022af7f42850 DEOPT UNPACKING pc=0x0000022a8f854e42 sp=0x000000647c0fae68 mode 0
Event: 0.943 Thread 0x0000022af7f42850 Uncommon trap: trap_request=0xffffff6e fr.pc=0x0000022a8ff83808 relative=0x0000000000000448
Event: 0.943 Thread 0x0000022af7f42850 Uncommon trap: reason=loop_limit_check action=maybe_recompile pc=0x0000022a8ff83808 method=java.lang.StringLatin1.indexOf([BI[BII)I @ 37 c2
Event: 0.943 Thread 0x0000022af7f42850 DEOPT PACKING pc=0x0000022a8ff83808 sp=0x000000647c0fb9e0
Event: 0.943 Thread 0x0000022af7f42850 DEOPT UNPACKING pc=0x0000022a8f8546a2 sp=0x000000647c0fb940 mode 2

Classes loaded (20 events):
Event: 0.937 Loading class org/lwjgl/system/MemoryUtil$MemoryAllocator
Event: 0.937 Loading class org/lwjgl/system/MemoryUtil$MemoryAllocator done
Event: 0.938 Loading class org/lwjgl/system/MemoryManage
Event: 0.938 Loading class org/lwjgl/system/MemoryManage done
Event: 0.939 Loading class org/lwjgl/system/jemalloc/JEmallocAllocator
Event: 0.939 Loading class org/lwjgl/system/jemalloc/JEmallocAllocator done
Event: 0.940 Loading class org/lwjgl/system/jemalloc/JEmalloc
Event: 0.940 Loading class org/lwjgl/system/jemalloc/JEmalloc done
Event: 0.951 Loading class org/lwjgl/system/APIUtil$1
Event: 0.951 Loading class org/lwjgl/system/APIUtil$1 done
Event: 0.952 Loading class org/lwjgl/system/windows/WindowsLibrary
Event: 0.952 Loading class org/lwjgl/system/windows/WindowsLibrary done
Event: 0.955 Loading class org/lwjgl/system/SharedLibrary$Default
Event: 0.955 Loading class org/lwjgl/system/SharedLibrary$Default done
Event: 0.957 Loading class org/lwjgl/system/windows/WinBase
Event: 0.957 Loading class org/lwjgl/system/windows/WinBase done
Event: 0.958 Loading class org/lwjgl/system/ThreadLocalUtil
Event: 0.958 Loading class org/lwjgl/system/ThreadLocalUtil done
Event: 0.964 Loading class org/lwjgl/system/jemalloc/JEmalloc$Functions
Event: 0.964 Loading class org/lwjgl/system/jemalloc/JEmalloc$Functions done

Classes unloaded (0 events):
No events

Classes redefined (0 events):
No events

Internal exceptions (19 events):
Event: 0.500 Thread 0x0000022af7f42850 Exception <a 'java/lang/NoSuchMethodError'{0x0000000714721d70}: 'void java.lang.invoke.DirectMethodHandle$Holder.invokeStatic(java.lang.Object, java.lang.Object, java.lang.Object)'> (0x0000000714721d70) 
thrown [s\open\src\hotspot\share\interpreter\linkResolver.cpp, line 773]
Event: 0.506 Thread 0x0000022af7f42850 Exception <a 'java/lang/NoSuchMethodError'{0x0000000714739278}: 'java.lang.Object java.lang.invoke.Invokers$Holder.invokeExact_MT(java.lang.Object, java.lang.Object, java.lang.Object, java.lang.Object, java.lang.Object)'> (0x0000000714739278) 
thrown [s\open\src\hotspot\share\interpreter\linkResolver.cpp, line 773]
Event: 0.830 Thread 0x0000022af7f42850 Exception <a 'java/lang/NoSuchMethodError'{0x0000000713eb9760}: 'void java.lang.invoke.DirectMethodHandle$Holder.invokeStatic(java.lang.Object, java.lang.Object)'> (0x0000000713eb9760) 
thrown [s\open\src\hotspot\share\interpreter\linkResolver.cpp, line 773]
Event: 0.835 Thread 0x0000022af7f42850 Exception <a 'java/lang/NoSuchMethodError'{0x0000000713ec3dc8}: 'void java.lang.System.load(java.lang.String, java.lang.Class)'> (0x0000000713ec3dc8) 
thrown [s\open\src\hotspot\share\interpreter\linkResolver.cpp, line 773]
Event: 0.836 Thread 0x0000022af7f42850 Exception <a 'java/lang/NoSuchMethodError'{0x0000000713ec4798}: 'void java.lang.invoke.DirectMethodHandle$Holder.invokeSpecial(java.lang.Object, java.lang.Object, java.lang.Object)'> (0x0000000713ec4798) 
thrown [s\open\src\hotspot\share\interpreter\linkResolver.cpp, line 773]
Event: 0.852 Thread 0x0000022af7f42850 Exception <a 'java/lang/NoSuchMethodError'{0x0000000713ed7ee8}: 'java.lang.Object java.lang.invoke.DirectMethodHandle$Holder.invokeStatic(java.lang.Object, java.lang.Object, int)'> (0x0000000713ed7ee8) 
thrown [s\open\src\hotspot\share\interpreter\linkResolver.cpp, line 773]
Event: 0.854 Thread 0x0000022af7f42850 Exception <a 'java/lang/NoSuchMethodError'{0x0000000713ee33a0}: 'void java.lang.invoke.DelegatingMethodHandle$Holder.delegate(java.lang.Object, java.lang.Object, int, java.lang.Object)'> (0x0000000713ee33a0) 
thrown [s\open\src\hotspot\share\interpreter\linkResolver.cpp, line 773]
Event: 0.855 Thread 0x0000022af7f42850 Exception <a 'java/lang/NoSuchMethodError'{0x0000000713ee7030}: 'int java.lang.invoke.DirectMethodHandle$Holder.invokeSpecial(java.lang.Object, java.lang.Object, java.lang.Object)'> (0x0000000713ee7030) 
thrown [s\open\src\hotspot\share\interpreter\linkResolver.cpp, line 773]
Event: 0.862 Thread 0x0000022af7f42850 Exception <a 'java/lang/NoSuchMethodError'{0x0000000713f02fe8}: 'void java.lang.System.loadLibrary(java.lang.String, java.lang.Class)'> (0x0000000713f02fe8) 
thrown [s\open\src\hotspot\share\interpreter\linkResolver.cpp, line 773]
Event: 0.898 Thread 0x0000022af7f42850 Exception <a 'sun/nio/fs/WindowsException'{0x0000000713fa1988}> (0x0000000713fa1988) 
thrown [s\open\src\hotspot\share\prims\jni.cpp, line 520]
Event: 0.898 Thread 0x0000022af7f42850 Exception <a 'sun/nio/fs/WindowsException'{0x0000000713fa2f90}> (0x0000000713fa2f90) 
thrown [s\open\src\hotspot\share\prims\jni.cpp, line 520]
Event: 0.913 Thread 0x0000022af7f42850 Exception <a 'java/lang/NoSuchMethodError'{0x0000000713ffe780}: 'int java.lang.invoke.DirectMethodHandle$Holder.invokeStaticInit(java.lang.Object, java.lang.Object, int, long)'> (0x0000000713ffe780) 
thrown [s\open\src\hotspot\share\interpreter\linkResolver.cpp, line 773]
Event: 0.915 Thread 0x0000022af7f42850 Exception <a 'java/lang/NoSuchMethodError'{0x0000000713c03f40}: 'java.lang.Object java.lang.invoke.DirectMethodHandle$Holder.newInvokeSpecial(java.lang.Object, java.lang.Object, int)'> (0x0000000713c03f40) 
thrown [s\open\src\hotspot\share\interpreter\linkResolver.cpp, line 773]
Event: 0.918 Thread 0x0000022af7f42850 Exception <a 'java/lang/NoSuchMethodError'{0x0000000713c1ab00}: 'int java.lang.invoke.DirectMethodHandle$Holder.invokeStaticInit(java.lang.Object, java.lang.Object, long, long)'> (0x0000000713c1ab00) 
thrown [s\open\src\hotspot\share\interpreter\linkResolver.cpp, line 773]
Event: 0.919 Thread 0x0000022af7f42850 Exception <a 'java/lang/NoSuchMethodError'{0x0000000713c20368}: 'java.lang.Object java.lang.invoke.DirectMethodHandle$Holder.newInvokeSpecial(java.lang.Object, java.lang.Object, long)'> (0x0000000713c20368) 
thrown [s\open\src\hotspot\share\interpreter\linkResolver.cpp, line 773]
Event: 0.919 Thread 0x0000022af7f42850 Exception <a 'java/lang/NoSuchMethodError'{0x0000000713c24120}: 'java.lang.Object java.lang.invoke.Invokers$Holder.linkToTargetMethod(java.lang.Object, long, java.lang.Object)'> (0x0000000713c24120) 
thrown [s\open\src\hotspot\share\interpreter\linkResolver.cpp, line 773]
Event: 0.920 Thread 0x0000022af7f42850 Exception <a 'java/lang/NoSuchMethodError'{0x0000000713c2b1a8}: 'int java.lang.invoke.DirectMethodHandle$Holder.invokeStaticInit(java.lang.Object, java.lang.Object, java.lang.Object, long)'> (0x0000000713c2b1a8) 
thrown [s\open\src\hotspot\share\interpreter\linkResolver.cpp, line 773]
Event: 0.949 Thread 0x0000022af7f42850 Exception <a 'sun/nio/fs/WindowsException'{0x0000000713cc9d48}> (0x0000000713cc9d48) 
thrown [s\open\src\hotspot\share\prims\jni.cpp, line 520]
Event: 0.950 Thread 0x0000022af7f42850 Exception <a 'sun/nio/fs/WindowsException'{0x0000000713cca0d8}> (0x0000000713cca0d8) 
thrown [s\open\src\hotspot\share\prims\jni.cpp, line 520]

ZGC Phase Switch (0 events):
No events

VM Operations (8 events):
Event: 0.490 Executing VM operation: ChangeBreakpoints
Event: 0.491 Executing VM operation: ChangeBreakpoints done
Event: 0.496 Executing VM operation: ChangeBreakpoints
Event: 0.496 Executing VM operation: ChangeBreakpoints done
Event: 0.759 Executing VM operation: HandshakeAllThreads (Deoptimize)
Event: 0.760 Executing VM operation: HandshakeAllThreads (Deoptimize) done
Event: 0.851 Executing VM operation: HandshakeAllThreads (Deoptimize)
Event: 0.851 Executing VM operation: HandshakeAllThreads (Deoptimize) done

Events (17 events):
Event: 0.031 Thread 0x0000022af7f42850 Thread added: 0x0000022af7f42850
Event: 0.046 Thread 0x0000022a977b2e80 Thread added: 0x0000022a977b2e80
Event: 0.047 Thread 0x0000022a977b3ba0 Thread added: 0x0000022a977b3ba0
Event: 0.048 Thread 0x0000022a977bab30 Thread added: 0x0000022a977bab30
Event: 0.048 Thread 0x0000022a977bb9a0 Thread added: 0x0000022a977bb9a0
Event: 0.048 Thread 0x0000022a977c4460 Thread added: 0x0000022a977c4460
Event: 0.048 Thread 0x0000022a977c5ea0 Thread added: 0x0000022a977c5ea0
Event: 0.048 Thread 0x0000022a977caee0 Thread added: 0x0000022a977caee0
Event: 0.048 Thread 0x0000022add0090a0 Thread added: 0x0000022add0090a0
Event: 0.051 Thread 0x0000022add068290 Thread added: 0x0000022add068290
Event: 0.116 Thread 0x0000022a977c6530 Thread added: 0x0000022a977c6530
Event: 0.126 Thread 0x0000022add1f0da0 Thread added: 0x0000022add1f0da0
Event: 0.154 Thread 0x0000022add2d5880 Thread added: 0x0000022add2d5880
Event: 0.155 Thread 0x0000022add25e260 Thread added: 0x0000022add25e260
Event: 0.155 Thread 0x0000022add2b05d0 Thread added: 0x0000022add2b05d0
Event: 0.515 Thread 0x0000022a977c5180 Thread added: 0x0000022a977c5180
Event: 0.698 Thread 0x0000022add3dbb10 Thread added: 0x0000022add3dbb10


Dynamic libraries:
0x00007ff655f90000 - 0x00007ff655fa0000 	C:\Program Files\Java\jdk-21\bin\java.exe
0x00007ff92f3d0000 - 0x00007ff92f5e7000 	C:\WINDOWS\SYSTEM32\ntdll.dll
0x00007ff92dcf0000 - 0x00007ff92ddb4000 	C:\WINDOWS\System32\KERNEL32.DLL
0x00007ff92c9b0000 - 0x00007ff92cd5d000 	C:\WINDOWS\System32\KERNELBASE.dll
0x00007ff92c6f0000 - 0x00007ff92c801000 	C:\WINDOWS\System32\ucrtbase.dll
0x00007ff919d70000 - 0x00007ff919d8b000 	C:\Program Files\Java\jdk-21\bin\VCRUNTIME140.dll
0x00007ff919330000 - 0x00007ff919349000 	C:\Program Files\Java\jdk-21\bin\jli.dll
0x00007ff92e8c0000 - 0x00007ff92e972000 	C:\WINDOWS\System32\ADVAPI32.dll
0x00007ff92f2e0000 - 0x00007ff92f387000 	C:\WINDOWS\System32\msvcrt.dll
0x00007ff92eee0000 - 0x00007ff92ef89000 	C:\WINDOWS\System32\sechost.dll
0x00007ff92c8c0000 - 0x00007ff92c8e8000 	C:\WINDOWS\System32\bcrypt.dll
0x00007ff92d580000 - 0x00007ff92d694000 	C:\WINDOWS\System32\RPCRT4.dll
0x00007ff92f040000 - 0x00007ff92f1ee000 	C:\WINDOWS\System32\USER32.dll
0x00007ff92c810000 - 0x00007ff92c836000 	C:\WINDOWS\System32\win32u.dll
0x00007ff90fa30000 - 0x00007ff90fcc3000 	C:\WINDOWS\WinSxS\amd64_microsoft.windows.common-controls_6595b64144ccf1df_6.0.22621.3672_none_2713b9d173822955\COMCTL32.dll
0x00007ff92f1f0000 - 0x00007ff92f219000 	C:\WINDOWS\System32\GDI32.dll
0x00007ff92ce70000 - 0x00007ff92cf89000 	C:\WINDOWS\System32\gdi32full.dll
0x00007ff92cdd0000 - 0x00007ff92ce6a000 	C:\WINDOWS\System32\msvcp_win.dll
0x00007ff91cef0000 - 0x00007ff91cefa000 	C:\WINDOWS\SYSTEM32\VERSION.dll
0x00007ff92f2a0000 - 0x00007ff92f2d1000 	C:\WINDOWS\System32\IMM32.DLL
0x00007ff925b60000 - 0x00007ff925b6c000 	C:\Program Files\Java\jdk-21\bin\vcruntime140_1.dll
0x00007ff8fe1d0000 - 0x00007ff8fe25e000 	C:\Program Files\Java\jdk-21\bin\msvcp140.dll
0x00007ff870880000 - 0x00007ff871593000 	C:\Program Files\Java\jdk-21\bin\server\jvm.dll
0x00007ff92dc70000 - 0x00007ff92dce1000 	C:\WINDOWS\System32\WS2_32.dll
0x00007ff92c400000 - 0x00007ff92c44d000 	C:\WINDOWS\SYSTEM32\POWRPROF.dll
0x00007ff9247e0000 - 0x00007ff924814000 	C:\WINDOWS\SYSTEM32\WINMM.dll
0x00007ff92c3e0000 - 0x00007ff92c3f3000 	C:\WINDOWS\SYSTEM32\UMPDC.dll
0x00007ff92b6f0000 - 0x00007ff92b708000 	C:\WINDOWS\SYSTEM32\kernel.appcore.dll
0x00007ff91c090000 - 0x00007ff91c09a000 	C:\Program Files\Java\jdk-21\bin\jimage.dll
0x00007ff92a010000 - 0x00007ff92a242000 	C:\WINDOWS\SYSTEM32\DBGHELP.DLL
0x00007ff92eb40000 - 0x00007ff92eecd000 	C:\WINDOWS\System32\combase.dll
0x00007ff92db50000 - 0x00007ff92dc27000 	C:\WINDOWS\System32\OLEAUT32.dll
0x00007ff9247a0000 - 0x00007ff9247d2000 	C:\WINDOWS\SYSTEM32\dbgcore.DLL
0x00007ff92c840000 - 0x00007ff92c8bb000 	C:\WINDOWS\System32\bcryptPrimitives.dll
0x00007ff8fbb30000 - 0x00007ff8fbb6c000 	C:\Program Files\Java\jdk-21\bin\jdwp.dll
0x00007ff919ef0000 - 0x00007ff919eff000 	C:\Program Files\Java\jdk-21\bin\instrument.dll
0x00007ff9006e0000 - 0x00007ff9006ff000 	C:\Program Files\Java\jdk-21\bin\java.dll
0x00007ff8ffd30000 - 0x00007ff8ffd48000 	C:\Program Files\Java\jdk-21\bin\zip.dll
0x00007ff92ddc0000 - 0x00007ff92e628000 	C:\WINDOWS\System32\SHELL32.dll
0x00007ff92a5f0000 - 0x00007ff92aeee000 	C:\WINDOWS\SYSTEM32\windows.storage.dll
0x00007ff92a4b0000 - 0x00007ff92a5ef000 	C:\WINDOWS\SYSTEM32\wintypes.dll
0x00007ff92e6c0000 - 0x00007ff92e7b9000 	C:\WINDOWS\System32\SHCORE.dll
0x00007ff92d940000 - 0x00007ff92d99e000 	C:\WINDOWS\System32\shlwapi.dll
0x00007ff92c620000 - 0x00007ff92c641000 	C:\WINDOWS\SYSTEM32\profapi.dll
0x00007ff8fb320000 - 0x00007ff8fb3f7000 	C:\Program Files\Java\jdk-21\bin\jsvml.dll
0x00007ff926450000 - 0x00007ff92645c000 	C:\Program Files\Java\jdk-21\bin\dt_socket.dll
0x00007ff92b190000 - 0x00007ff92b1bd000 	C:\WINDOWS\SYSTEM32\IPHLPAPI.DLL
0x00007ff92bb50000 - 0x00007ff92bbb9000 	C:\WINDOWS\system32\mswsock.dll
0x00007ff901340000 - 0x00007ff901350000 	C:\Program Files\Java\jdk-21\bin\net.dll
0x00007ff922e50000 - 0x00007ff922f86000 	C:\WINDOWS\SYSTEM32\WINHTTP.dll
0x00007ff8fee10000 - 0x00007ff8fee26000 	C:\Program Files\Java\jdk-21\bin\nio.dll
0x00007ff8ffbb0000 - 0x00007ff8ffbc0000 	C:\Program Files\Java\jdk-21\bin\verify.dll
0x0000000050ba0000 - 0x0000000050bc9000 	C:\Users\smart\AppData\Local\Temp\libgdxsmart\e787ab0a\gdx64.dll
0x00007ff8ffee0000 - 0x00007ff8fff55000 	C:\Users\smart\AppData\Local\Temp\lwjglsmart\3.3.1-build-7\lwjgl.dll
0x00007ff8d4630000 - 0x00007ff8d4889000 	C:\Users\smart\AppData\Local\Temp\lwjglsmart\3.3.1-build-7\jemalloc.dll

dbghelp: loaded successfully - version: 4.0.5 - missing functions: none
symbol engine: initialized successfully - sym options: 0x614 - pdb path: .;C:\Program Files\Java\jdk-21\bin;C:\WINDOWS\SYSTEM32;C:\WINDOWS\WinSxS\amd64_microsoft.windows.common-controls_6595b64144ccf1df_6.0.22621.3672_none_2713b9d173822955;C:\Program Files\Java\jdk-21\bin\server;C:\Users\smart\AppData\Local\Temp\libgdxsmart\e787ab0a;C:\Users\smart\AppData\Local\Temp\lwjglsmart\3.3.1-build-7

VM Arguments:
jvm_args: -agentlib:jdwp=transport=dt_socket,address=127.0.0.1:52685,suspend=y,server=n -javaagent:C:\Users\smart\AppData\Local\JetBrains\IntelliJIdea2024.2\captureAgent\debugger-agent.jar -Dkotlinx.coroutines.debug.enable.creation.stack.trace=false -Ddebugger.agent.enable.coroutines=true -Dfile.encoding=UTF-8 -Dsun.stdout.encoding=UTF-8 -Dsun.stderr.encoding=UTF-8 
java_command: com.csse3200.game.desktop.DesktopLauncher
java_class_path (initial): C:\Users\smart\OneDrive - The University of Queensland\STUDY UQ\CSSE 3200\2024-studio-1\source\core\build\classes\java\main;C:\Users\smart\.gradle\caches\modules-2\files-2.1\net.dermetfan.libgdx-utils\libgdx-utils-box2d\0.13.4\918d79a20ea3c898cdb3611782c5b2bfa6ec575b\libgdx-utils-box2d-0.13.4.jar;C:\Users\smart\.gradle\caches\modules-2\files-2.1\com.badlogicgames.gdx\gdx-box2d\1.11.0\ad4facee800dd945d6d6e93dea2936bc135b5f\gdx-box2d-1.11.0.jar;C:\Users\smart\.gradle\caches\modules-2\files-2.1\net.dermetfan.libgdx-utils\libgdx-utils\0.13.4\27affad2873d1c9c366a2290fc51f3927f3a5f83\libgdx-utils-0.13.4.jar;C:\Users\smart\.gradle\caches\modules-2\files-2.1\com.badlogicgames.gdx\gdx\1.11.0\ffe1206d1004cd9e40027e28964be0fea0399af7\gdx-1.11.0.jar;C:\Users\smart\.gradle\caches\modules-2\files-2.1\com.badlogicgames.gdx-controllers\gdx-controllers-core\2.2.2\25473efe9273912a03a4871a9e1469b41d86face\gdx-controllers-core-2.2.2.jar;C:\Users\smart\.gradle\caches\modules-2\files-2.1\org.slf4j\slf4j-jdk14\1.7.36\4a18af6554bfe48b0f76eec98119c417da23c7e1\slf4j-jdk14-1.7.36.jar;C:\Users\smart\.gradle\caches\modules-2\files-2.1\org.slf4j\slf4j-api\1.7.36\6c62681a2f655b49963a5983b8b0950a6120ae14\slf4j-api-1.7.36.jar;C:\Users\smart\.gradle\caches\modules-2\files-2.1\com.badlogicgames.gdx\gdx-jnigen-loader\2.3.1\2d472f69243631fbcb3d4c3f93dd2e137a6cb084\gdx-jnigen-loader-2.3.1.jar;C:\Users\smart\OneDrive - The University of Queensland\STUDY UQ\CSSE 3200\2024-studio-1\source\desktop\build\classes\java\main;C:\Users\smart\OneDrive - The University of Queensland\STUDY UQ\CSSE 3200\2024-studio-1\source\desktop\build\resources\main;C:\Users\smart\.gradle\caches\modules-2\files-2.1\com.badlogicgames.gdx\gdx-backend-lwjgl3\1.11.0\58a96db4cd349be4292d547856aa1e1c5f065f4e\gdx-backend-lwjgl3-1.11.0.jar;C:\Users\smart\.gradle\caches\modules-2\files-2.1\com.badlogicgames.gdx\gdx-platform\1.11.0\697fb13eada6d3c6ca648c9788692b0159add126\gdx-platform-1.11.0-natives-desktop.jar;C:\Users\smart\.gradle\caches\modules-2\files-2.1\com.badlogicgames.gdx\gdx-box2d-platform\1.11.0\62ff9baa1e57a11e0a4428a38c9660bf9f312fdc\gdx-box2d-platform-1.11.0-natives-desktop.jar;C:\Users\smart\.gradle\caches\modules-2\files-2.1\com.badlogicgames.gdx\gdx-tools\1.11.0\a5d30eafd0f2fbab314efdf6d98ebc27388b7c0a\gdx-tools-1.11.0.jar;C:\Users\smart\.gradle\caches\modules-2\files-2.1\com.badlogicgames.gdx-controllers\gdx-controllers-desktop\2.2.2\625b3bdbe803e9c4af181b4791202cfcf776d805\gdx-controllers-desktop-2.2.2.jar;C:\Users\smart\.gradle\caches\modules-2\files-2.1\org.lwjgl\lwjgl-glfw\3.3.1\cbac1b8d30cb4795149c1ef540f912671a8616d0\lwjgl-glfw-3.3.1.jar;C:\Users\smart\.gradle\caches\modules-2\files-2.1\org.lwjgl\lwjgl-glfw\3.3.1\81716978214ecbda15050ca394b06ef61501a49e\lwjgl-glfw-3.3.1-natives-linux.jar;C:\Users\smart\.gradle\caches\modules-2\files-2.1\org.lwjgl\lwjgl-glfw\3.3.1\816d935933f2dd743074c4e717cc25b55720f294\lwjgl-glfw-3.3.1-natives-linux-arm32.jar;C:\Users\smart\.gradle\caches\modules-2\files-2.1\org.lwjgl\lwjgl-glfw\3.3.1\513eb39b866d0fe131a18d5c517087805433b029\lwjgl-glfw-3.3.1-natives-linux-arm64.jar;C:\Users\smart\.gradle\caches\modules-2\files-2.1\org.lwjgl\lwjgl-glfw\3.3.1\9ec4ce1fc8c85fdef03ef4ff2aace6f5775fb280\lwjgl-glfw-3.3.1-natives-macos.jar;C:\Users\smart\.gradle\caches\modules-2\files-2.1\org.lwjgl\lwjgl-glfw\3.3.1\cac0d3f712a3da7641fa174735a5f315de7ffe0a\lwjgl-glfw-3.3.1-natives-macos-arm64.jar;C:\Users\smart\.gradle\caches\modules-2\files-2.1\org.lwjgl\lwjgl-glfw\3.3.1\ed892f945cf7e79c8756796f32d00fa4ceaf573b\lwjgl-glfw-3.3.1-natives-windows.jar;C:\Users\smart\.gradle\caches\modules-2\files-2.1\org.lwjgl\lwjgl-glfw\3.3.1\b997e3391d6ce8f05487e7335d95c606043884a1\lwjgl-glfw-3.3.1-natives-windows-x86.jar;C:\Users\smart\.gradle\caches\modules-2\files-2.1\org.lwjgl\lwjgl-jemalloc\3.3.1\a817bcf213db49f710603677457567c37d53e103\lwjgl-jemalloc-3.3.1.jar;C:\Users\smart\.gradle\caches\modules-2\files-2.1\org.lwjgl\lwjgl-jemalloc\3.3.1\33dbb017b6ed6b25f993ad9d56741a49e7937718\lwjgl-jemalloc-3.3.1-natives-linux.jar;C:\Users\smart\.gradle\caches\modules-2\files-2.1\org.lwjgl\lwjgl-jemalloc\3.3.1\a96a6d6cb3876d7813fcee53c3c24f246aeba3b3\lwjgl-jemalloc-3.3.1-natives-linux-arm32.jar;C:\Users\smart\.gradle\caches\modules-2\files-2.1\org.lwjgl\lwjgl-jemalloc\3.3.1\c6606e57db075ad218a2e78d2416c159a53b6a0c\lwjgl-jemalloc-3.3.1-natives-linux-arm64.jar;C:\Users\smart\.gradle\caches\modules-2\files-2.1\org.lwjgl\lwjgl-jemalloc\3.3.1\56424dc8db3cfb8e7b594aa6d59a4f4387b7f544\lwjgl-jemalloc-3.3.1-natives-macos.jar;C:\Users\smart\.gradle\caches\modules-2\files-2.1\org.lwjgl\lwjgl-jemalloc\3.3.1\e577b87d8ad2ade361aaea2fcf226c660b15dee8\lwjgl-jemalloc-3.3.1-natives-macos-arm64.jar;C:\Users\smart\.gradle\caches\modules-2\files-2.1\org.lwjgl\lwjgl-jemalloc\3.3.1\948a89b76a16aa324b046ae9308891216ffce5f9\lwjgl-jemalloc-3.3.1-natives-windows.jar;C:\Users\smart\.gradle\caches\modules-2\files-2.1\org.lwjgl\lwjgl-jemalloc\3.3.1\fb476c8ec110e1c137ad3ce8a7f7bfe6b11c6324\lwjgl-jemalloc-3.3.1-natives-windows-x86.jar;C:\Users\smart\.gradle\caches\modules-2\files-2.1\org.lwjgl\lwjgl-openal\3.3.1\2623a6b8ae1dfcd880738656a9f0243d2e6840bd\lwjgl-openal-3.3.1.jar;C:\Users\smart\.gradle\caches\modules-2\files-2.1\org.lwjgl\lwjgl-openal\3.3.1\f906b6439f6daa66001182ea7727e3467a93681b\lwjgl-openal-3.3.1-natives-linux.jar;C:\Users\smart\.gradle\caches\modules-2\files-2.1\org.lwjgl\lwjgl-openal\3.3.1\ffbe35d7fa5ec9b7eca136a7c71f24d4025a510b\lwjgl-openal-3.3.1-natives-linux-arm32.jar;C:\Users\smart\.gradle\caches\modules-2\files-2.1\org.lwjgl\lwjgl-openal\3.3.1\cf4e303257e82981b8b2e31bba3d7f8f7b8f42b2\lwjgl-openal-3.3.1-natives-linux-arm64.jar;C:\Users\smart\.gradle\caches\modules-2\files-2.1\org.lwjgl\lwjgl-openal\3.3.1\3a57b8911835fb58b5e558d0ca0d28157e263d45\lwjgl-openal-3.3.1-natives-macos.jar;C:\Users\smart\.gradle\caches\modules-2\files-2.1\org.lwjgl\lwjgl-openal\3.3.1\23d55e7490b57495320f6c9e1936d78fd72c4ef8\lwjgl-openal-3.3.1-natives-macos-arm64.jar;C:\Users\smart\.gradle\caches\modules-2\files-2.1\org.lwjgl\lwjgl-openal\3.3.1\30a474d0e57193d7bc128849a3ab66bc9316fdb1\lwjgl-openal-3.3.1-natives-windows.jar;C:\Users\smart\.gradle\caches\modules-2\files-2.1\org.lwjgl\lwjgl-openal\3.3.1\888349f7b1be6fbae58bf8edfb9ef12def04c4e3\lwjgl-openal-3.3.1-natives-windows-x86.jar;C:\Users\smart\.gradle\caches\modules-2\files-2.1\org.lwjgl\lwjgl-opengl\3.3.1\831a5533a21a5f4f81bbc51bb13e9899319b5411\lwjgl-opengl-3.3.1.jar;C:\Users\smart\.gradle\caches\modules-2\files-2.1\org.lwjgl\lwjgl-opengl\3.3.1\ab9ab6fde3743e3550fa5d46d785ecb45b047d99\lwjgl-opengl-3.3.1-natives-linux.jar;C:\Users\smart\.gradle\caches\modules-2\files-2.1\org.lwjgl\lwjgl-opengl\3.3.1\e3550fa91097fd56e361b4370fa822220fef3595\lwjgl-opengl-3.3.1-natives-linux-arm32.jar;C:\Users\smart\.gradle\caches\modules-2\files-2.1\org.lwjgl\lwjgl-opengl\3.3.1\1c528fb258a6e63e8fceb4482d8db0f3af10a634\lwjgl-opengl-3.3.1-natives-linux-arm64.jar;C:\Users\smart\.gradle\caches\modules-2\files-2.1\org.lwjgl\lwjgl-opengl\3.3.1\a0d12697ea019a7362eff26475b0531340e876a6\lwjgl-opengl-3.3.1-natives-macos.jar;C:\Users\smart\.gradle\caches\modules-2\files-2.1\org.lwjgl\lwjgl-opengl\3.3.1\eafe34b871d966292e8db0f1f3d6b8b110d4e91d\lwjgl-opengl-3.3.1-natives-macos-arm64.jar;C:\Users\smart\.gradle\caches\modules-2\files-2.1\org.lwjgl\lwjgl-opengl\3.3.1\c1807e9bd571402787d7e37e3029776ae2513bb8\lwjgl-opengl-3.3.1-natives-windows.jar;C:\Users\smart\.gradle\caches\modules-2\files-2.1\org.lwjgl\lwjgl-opengl\3.3.1\deef3eb9b178ff2ff3ce893cc72ae741c3a17974\lwjgl-opengl-3.3.1-natives-windows-x86.jar;C:\Users\smart\.gradle\caches\modules-2\files-2.1\org.lwjgl\lwjgl-stb\3.3.1\b119297cf8ed01f247abe8685857f8e7fcf5980f\lwjgl-stb-3.3.1.jar;C:\Users\smart\.gradle\caches\modules-2\files-2.1\org.lwjgl\lwjgl-stb\3.3.1\3ee7aec8686e52867677110415566a5342a80230\lwjgl-stb-3.3.1-natives-linux.jar;C:\Users\smart\.gradle\caches\modules-2\files-2.1\org.lwjgl\lwjgl-stb\3.3.1\b08226bab162c06ae69337d8a1b0ee0a3fdf0b90\lwjgl-stb-3.3.1-natives-linux-arm32.jar;C:\Users\smart\.gradle\caches\modules-2\files-2.1\org.lwjgl\lwjgl-stb\3.3.1\8e8348a1813aad7f30aaf75ea197151ebb7beba9\lwjgl-stb-3.3.1-natives-linux-arm64.jar;C:\Users\smart\.gradle\caches\modules-2\files-2.1\org.lwjgl\lwjgl-stb\3.3.1\def8879b8d38a47a4cc1d48b1f9a7b772e51258e\lwjgl-stb-3.3.1-natives-macos.jar;C:\Users\smart\.gradle\caches\modules-2\files-2.1\org.lwjgl\lwjgl-stb\3.3.1\fcf073ed911752abdca5f0b00a53cfdf17ff8e8b\lwjgl-stb-3.3.1-natives-macos-arm64.jar;C:\Users\smart\.gradle\caches\modules-2\files-2.1\org.lwjgl\lwjgl-stb\3.3.1\86315914ac119efdb02dc9e8e978ade84f1702af\lwjgl-stb-3.3.1-natives-windows.jar;C:\Users\smart\.gradle\caches\modules-2\files-2.1\org.lwjgl\lwjgl-stb\3.3.1\a8d41f419eecb430b7c91ea2ce2c5c451cae2091\lwjgl-stb-3.3.1-natives-windows-x86.jar;C:\Users\smart\.gradle\caches\modules-2\files-2.1\org.lwjgl\lwjgl\3.3.1\ae58664f88e18a9bb2c77b063833ca7aaec484cb\lwjgl-3.3.1.jar;C:\Users\smart\.gradle\caches\modules-2\files-2.1\org.lwjgl\lwjgl\3.3.1\1de885aba434f934201b99f2f1afb142036ac189\lwjgl-3.3.1-natives-linux.jar;C:\Users\smart\.gradle\caches\modules-2\files-2.1\org.lwjgl\lwjgl\3.3.1\41a3c1dd15d6b964eb8196dde69720a3e3e5e969\lwjgl-3.3.1-natives-linux-arm32.jar;C:\Users\smart\.gradle\caches\modules-2\files-2.1\org.lwjgl\lwjgl\3.3.1\b597401014acb7196c76d97e15a6288f54f1f692\lwjgl-3.3.1-natives-linux-arm64.jar;C:\Users\smart\.gradle\caches\modules-2\files-2.1\org.lwjgl\lwjgl\3.3.1\fc6bb723dec2cd031557dccb2a95f0ab80acb9db\lwjgl-3.3.1-natives-macos.jar;C:\Users\smart\.gradle\caches\modules-2\files-2.1\org.lwjgl\lwjgl\3.3.1\71d0d5e469c9c95351eb949064497e3391616ac9\lwjgl-3.3.1-natives-macos-arm64.jar;C:\Users\smart\.gradle\caches\modules-2\files-2.1\org.lwjgl\lwjgl\3.3.1\36c37f16ab611b3aa11f3bcf80b1d509b4ce6b\lwjgl-3.3.1-natives-windows.jar;C:\Users\smart\.gradle\caches\modules-2\files-2.1\org.lwjgl\lwjgl\3.3.1\3b14f4beae9dd39791ec9e12190a9380cd8a3ce6\lwjgl-3.3.1-natives-windows-x86.jar;C:\Users\smart\.gradle\caches\modules-2\files-2.1\com.badlogicgames.jlayer\jlayer\1.0.1-gdx\7cca83cec5c1b2f011362f4d85aabd71a73b049d\jlayer-1.0.1-gdx.jar;C:\Users\smart\.gradle\caches\modules-2\files-2.1\org.jcraft\jorbis\0.0.17\8872d22b293e8f5d7d56ff92be966e6dc28ebdc6\jorbis-0.0.17.jar;C:\Users\smart\.gradle\caches\modules-2\files-2.1\com.badlogicgames.gdx\gdx-backend-lwjgl\1.11.0\33555a2cf8b4d9db4122b2fe42e7674b343d8b4\gdx-backend-lwjgl-1.11.0.jar;C:\Users\smart\.gradle\caches\modules-2\files-2.1\com.badlogicgames.gdx\gdx-freetype\1.11.0\a3634ad2e6c56d251268d6ab5c0f66eee2841f2c\gdx-freetype-1.11.0.jar;C:\Users\smart\.gradle\caches\modules-2\files-2.1\com.badlogicgames.gdx\gdx-backend-headless\1.11.0\3c3d0c951db72891d894df1725d09179fd0bca00\gdx-backend-headless-1.11.0.jar;C:\Users\smart\.gradle\caches\modules-2\files-2.1\com.badlogicgames.jamepad\jamepad\2.0.20.0\55eb0007fd55c9914d106dac3387b9d444572cab\jamepad-2.0.20.0.jar;C:\Users\smart\.gradle\caches\modules-2\files-2.1\org.lwjgl.lwjgl\lwjgl\2.9.3\3df168ac74e4a8c96562cdff24ad352e255bf89c\lwjgl-2.9.3.jar;C:\Users\smart\.gradle\caches\modules-2\files-2.1\org.lwjgl.lwjgl\lwjgl-platform\2.9.3\b1eafe80093381c56415731e1d64279e6140bcd0\lwjgl-platform-2.9.3-natives-linux.jar;C:\Users\smart\.gradle\caches\modules-2\files-2.1\org.lwjgl.lwjgl\lwjgl-platform\2.9.3\6686cf6ddaa20b4290aa6599a09bc0d17369be05\lwjgl-platform-2.9.3-natives-osx.jar;C:\Users\smart\.gradle\caches\modules-2\files-2.1\org.lwjgl.lwjgl\lwjgl-platform\2.9.3\fbc2afb3e288578e9942578decb6291a490549a0\lwjgl-platform-2.9.3-natives-windows.jar;C:\Users\smart\.gradle\caches\modules-2\files-2.1\net.java.jinput\jinput\2.0.5\39c7796b469a600f72380316f6b1f11db6c2c7c4\jinput-2.0.5.jar;C:\Users\smart\.gradle\caches\modules-2\files-2.1\net.java.jutils\jutils\1.0.0\e12fe1fda814bd348c1579329c86943d2cd3c6a6\jutils-1.0.0.jar;C:\Users\smart\.gradle\caches\modules-2\files-2.1\net.java.jinput\jinput-platform\2.0.5\7ff832a6eb9ab6a767f1ade2b548092d0fa64795\jinput-platform-2.0.5-natives-linux.jar;C:\Users\smart\.gradle\caches\modules-2\files-2.1\net.java.jinput\jinput-platform\2.0.5\53f9c919f34d2ca9de8c51fc4e1e8282029a9232\jinput-platform-2.0.5-natives-osx.jar;C:\Users\smart\.gradle\caches\modules-2\files-2.1\net.java.jinput\jinput-platform\2.0.5\385ee093e01f587f30ee1c8a2ee7d408fd732e16\jinput-platform-2.0.5-natives-windows.jar;C:\Users\smart\.gradle\caches\modules-2\files-2.1\net.bytebuddy\byte-buddy\1.11.13\a85d4d74de5ce7a4dd5cbbd337ced6af2740acd\byte-buddy-1.11.13.jar;C:\Users\smart\OneDrive - The University of Queensland\STUDY UQ\CSSE 3200\2024-studio-1\source\core\build\classes\java\test;C:\Users\smart\.gradle\caches\modules-2\files-2.1\org.junit.vintage\junit-vintage-engine\5.9.3\baf9ab846d652853dc15be516bbb8470fc199b06\junit-vintage-engine-5.9.3.jar;C:\Users\smart\.gradle\caches\modules-2\files-2.1\org.junit.jupiter\junit-jupiter-api\5.9.3\815818ad6ffcc8d320d8fbdf3d748c753cf83201\junit-jupiter-api-5.9.3.jar;C:\Users\smart\.gradle\caches\modules-2\files-2.1\org.mockito\mockito-junit-jupiter\5.2.0\f2dfc695d0359565e56ee6f543a10a3dd269df2d\mockito-junit-jupiter-5.2.0.jar;C:\Users\smart\.gradle\caches\modules-2\files-2.1\org.mockito\mockito-inline\5.2.0\3d1dffee9a8a1998ec782383ca2f818848f2d5f1\mockito-inline-5.2.0.jar;C:\Users\smart\.gradle\caches\modules-2\files-2.1\org.junit.platform\junit-platform-engine\1.9.3\8616734a190f8d307376aeb7353dba0a2c037a09\junit-platform-engine-1.9.3.jar;C:\Users\smart\.gradle\caches\modules-2\files-2.1\org.apiguardian\apiguardian-api\1.1.2\a231e0d844d2721b0fa1b238006d15c6ded6842a\apiguardian-api-1.1.2.jar;C:\Users\smart\.gradle\caches\modules-2\files-2.1\junit\junit\4.13.2\8ac9e16d933b6fb43bc7f576336b8f4d7eb5ba12\junit-4.13.2.jar;C:\Users\smart\.gradle\caches\modules-2\files-2.1\org.junit.platform\junit-platform-commons\1.9.3\36b2e26a90c41603be7f0094bee80e3f8a2cd4d4\junit-platform-commons-1.9.3.jar;C:\Users\smart\.gradle\caches\modules-2\files-2.1\org.opentest4j\opentest4j\1.2.0\28c11eb91f9b6d8e200631d46e20a7f407f2a046\opentest4j-1.2.0.jar;C:\Users\smart\.gradle\caches\modules-2\files-2.1\org.mockito\mockito-core\5.2.0\bc22d2ee9596a5fd2d9f9f7c49599f71aac5a88a\mockito-core-5.2.0.jar;C:\Users\smart\.gradle\caches\modules-2\files-2.1\org.hamcrest\hamcrest-core\1.3\42a25dc3219429f0e5d060061f71acb49bf010a0\hamcrest-core-1.3.jar;C:\Users\smart\.gradle\caches\modules-2\files-2.1\net.bytebuddy\byte-buddy\1.14.1\ecfcdb4726ccb4f51cbfd1ac2eb4118099529370\byte-buddy-1.14.1.jar;C:\Users\smart\.gradle\caches\modules-2\files-2.1\net.bytebuddy\byte-buddy-agent\1.14.1\198d511e34875f37b027ba4758229a67a8a2e5af\byte-buddy-agent-1.14.1.jar;C:\Users\smart\.gradle\caches\modules-2\files-2.1\org.junit.jupiter\junit-jupiter-engine\5.9.3\355322b03bf39306a183162cd06626c206f0286b\junit-jupiter-engine-5.9.3.jar;C:\Users\smart\.gradle\caches\modules-2\files-2.1\org.junit.platform\junit-platform-launcher\1.9.3\485650bfe2a2f39b606a6ca013285afda2eaee79\junit-platform-launcher-1.9.3.jar;C:\Users\smart\.gradle\caches\modules-2\files-2.1\org.objenesis\objenesis\3.3\1049c09f1de4331e8193e579448d0916d75b7631\objenesis-3.3.jar;C:\Program Files\JetBrains\IntelliJ IDEA 2024.2\lib\idea_rt.jar
Launcher Type: SUN_STANDARD

[Global flags]
     intx CICompilerCount                          = 12                                        {product} {ergonomic}
     uint ConcGCThreads                            = 3                                         {product} {ergonomic}
     uint G1ConcRefinementThreads                  = 13                                        {product} {ergonomic}
   size_t G1HeapRegionSize                         = 2097152                                   {product} {ergonomic}
    uintx GCDrainStackTargetSize                   = 64                                        {product} {ergonomic}
   size_t InitialHeapSize                          = 264241152                                 {product} {ergonomic}
   size_t MarkStackSize                            = 4194304                                   {product} {ergonomic}
   size_t MaxHeapSize                              = 4213178368                                {product} {ergonomic}
   size_t MaxNewSize                               = 2527068160                                {product} {ergonomic}
   size_t MinHeapDeltaBytes                        = 2097152                                   {product} {ergonomic}
   size_t MinHeapSize                              = 8388608                                   {product} {ergonomic}
    uintx NonNMethodCodeHeapSize                   = 7602480                                {pd product} {ergonomic}
    uintx NonProfiledCodeHeapSize                  = 122027880                              {pd product} {ergonomic}
    uintx ProfiledCodeHeapSize                     = 122027880                              {pd product} {ergonomic}
    uintx ReservedCodeCacheSize                    = 251658240                              {pd product} {ergonomic}
     bool SegmentedCodeCache                       = true                                      {product} {ergonomic}
   size_t SoftMaxHeapSize                          = 4213178368                             {manageable} {ergonomic}
     bool UseCompressedOops                        = true                           {product lp64_product} {ergonomic}
     bool UseG1GC                                  = true                                      {product} {ergonomic}
     bool UseLargePagesIndividualAllocation        = false                                  {pd product} {ergonomic}

Logging:
Log output configuration:
 #0: stdout all=warning uptime,level,tags foldmultilines=false
 #1: stderr all=off uptime,level,tags foldmultilines=false

Environment Variables:
JAVA_HOME=C:\Program Files\Java\jdk-21
PATH=C:\Program Files\Common Files\Oracle\Java\javapath;C:\WINDOWS\system32;C:\WINDOWS;C:\WINDOWS\System32\Wbem;C:\WINDOWS\System32\WindowsPowerShell\v1.0\;C:\WINDOWS\System32\OpenSSH\;C:\Program Files\dotnet\;C:\Program Files\nodejs\;C:\Program Files\MySQL\MySQL Server 8.0\bin;C:\Program Files\Git\cmd;C:\Program Files (x86)\Gradle\gradle-8.10\bin;C:\Program Files\Java\jdk-21;C:\Users\smart\AppData\Local\Programs\Python\Python311\Scripts\;C:\Users\smart\AppData\Local\Programs\Python\Python311\;C:\Users\smart\AppData\Local\Microsoft\WindowsApps;C:\msys64\mingw64\bin;C:\Users\smart\AppData\Local\GitHubDesktop\bin;C:\Users\smart\AppData\Local\Programs\Microsoft VS Code\bin;C:\Program Files\JetBrains\IntelliJ IDEA Community Edition 2023.2\bin;C:\Users\smart\AppData\Roaming\npm;C:\Users\smart\AppData\Local\Programs\MiKTeX\miktex\bin\x64\;C:\Program Files\JetBrains\IntelliJ IDEA 2024.2\bin;;C:\Program Files\Java\jdk-21;
USERNAME=smart
OS=Windows_NT
PROCESSOR_IDENTIFIER=Intel64 Family 6 Model 154 Stepping 3, GenuineIntel
TMP=C:\Users\smart\AppData\Local\Temp
TEMP=C:\Users\smart\AppData\Local\Temp




Periodic native trim disabled

---------------  S Y S T E M  ---------------

OS:
 Windows 11 , 64 bit Build 22621 (10.0.22621.3958)
OS uptime: 10 days 1:28 hours
Hyper-V role detected

CPU: total 16 (initial active 16) (8 cores per cpu, 2 threads per core) family 6 model 154 stepping 3 microcode 0x432, cx8, cmov, fxsr, ht, mmx, 3dnowpref, sse, sse2, sse3, ssse3, sse4.1, sse4.2, popcnt, lzcnt, tsc, tscinvbit, avx, avx2, aes, erms, clmul, bmi1, bmi2, adx, sha, fma, vzeroupper, clflush, clflushopt, clwb, hv, serialize, rdtscp, rdpid, fsrm, f16c, cet_ibt, cet_ss
Processor Information for processor 0
  Max Mhz: 1700, Current Mhz: 1700, Mhz Limit: 1700
Processor Information for processor 1
  Max Mhz: 1700, Current Mhz: 1700, Mhz Limit: 1700
Processor Information for processor 2
  Max Mhz: 1700, Current Mhz: 1700, Mhz Limit: 1700
Processor Information for processor 3
  Max Mhz: 1700, Current Mhz: 1700, Mhz Limit: 1700
Processor Information for processor 4
  Max Mhz: 1700, Current Mhz: 1700, Mhz Limit: 1700
Processor Information for processor 5
  Max Mhz: 1700, Current Mhz: 1700, Mhz Limit: 1700
Processor Information for processor 6
  Max Mhz: 1700, Current Mhz: 1700, Mhz Limit: 1700
Processor Information for processor 7
  Max Mhz: 1700, Current Mhz: 1700, Mhz Limit: 1700
Processor Information for processor 8
  Max Mhz: 1700, Current Mhz: 1200, Mhz Limit: 1190
Processor Information for processor 9
  Max Mhz: 1700, Current Mhz: 1200, Mhz Limit: 1190
Processor Information for processor 10
  Max Mhz: 1700, Current Mhz: 1200, Mhz Limit: 1190
Processor Information for processor 11
  Max Mhz: 1700, Current Mhz: 1200, Mhz Limit: 1190
Processor Information for processor 12
  Max Mhz: 1700, Current Mhz: 1200, Mhz Limit: 1190
Processor Information for processor 13
  Max Mhz: 1700, Current Mhz: 1200, Mhz Limit: 1190
Processor Information for processor 14
  Max Mhz: 1700, Current Mhz: 1200, Mhz Limit: 1190
Processor Information for processor 15
  Max Mhz: 1700, Current Mhz: 1200, Mhz Limit: 1190

Memory: 4k page, system-wide physical 16068M (2283M free)
TotalPageFile size 24191M (AvailPageFile size 3077M)
current process WorkingSet (physical memory assigned to process): 64M, peak: 64M
current process commit charge ("private bytes"): 365M, peak: 365M

vm_info: Java HotSpot(TM) 64-Bit Server VM (21.0.4+8-LTS-274) for windows-amd64 JRE (21.0.4+8-LTS-274), built on 2024-06-05T05:23:33Z by "mach5one" with MS VC++ 17.6 (VS2022)

END.
