#
# A fatal error has been detected by the Java Runtime Environment:
#
#  EXCEPTION_ACCESS_VIOLATION (0xc0000005) at pc=0x00007ffdb4676918, pid=22576, tid=7308
#
# JRE version: Java(TM) SE Runtime Environment (21.0.3+7) (build 21.0.3+7-LTS-152)
# Java VM: Java HotSpot(TM) 64-Bit Server VM (21.0.3+7-LTS-152, mixed mode, sharing, tiered, compressed oops, compressed class ptrs, g1 gc, windows-amd64)
# Problematic frame:
# C  [jdwp.dll+0x26918]
#
# No core dump will be written. Minidumps are not enabled by default on client versions of Windows
#
# If you would like to submit a bug report, please visit:
#   https://bugreport.java.com/bugreport/crash.jsp
# The crash happened outside the Java Virtual Machine in native code.
# See problematic frame for where to report the bug.
#

---------------  S U M M A R Y ------------

Command Line: -agentlib:jdwp=transport=dt_socket,server=n,suspend=y,address=127.0.0.1:64985 -Dfile.encoding=windows-1252 -Duser.country=US -Duser.language=en -Duser.variant com.csse3200.game.desktop.DesktopLauncher

Host: Intel(R) Core(TM) i7-10750H CPU @ 2.60GHz, 12 cores, 15G,  Windows 11 , 64 bit Build 22621 (10.0.22621.3958)
Time: Wed Aug 21 14:42:50 2024 E. Australia Standard Time elapsed time: 1.443486 seconds (0d 0h 0m 1s)

---------------  T H R E A D  ---------------

Current thread (0x000002030884f500):  JavaThread "main"             [_thread_in_native, id=7308, stack(0x0000008e4e100000,0x0000008e4e200000) (1024K)]

Stack: [0x0000008e4e100000,0x0000008e4e200000],  sp=0x0000008e4e1fb3a8,  free space=1004k
Native frames: (J=compiled Java code, j=interpreted, Vv=VM code, C=native code)
C  [jdwp.dll+0x26918]

Java frames: (J=compiled Java code, j=interpreted, Vv=VM code)
j  org.lwjgl.system.jemalloc.JEmalloc.nje_malloc(J)J+0
j  org.lwjgl.system.jemalloc.JEmalloc.<clinit>()V+44
v  ~StubRoutines::call_stub 0x0000020319c5100d
j  org.lwjgl.system.jemalloc.JEmallocAllocator.<clinit>()V+0
v  ~StubRoutines::call_stub 0x0000020319c5100d
j  java.lang.Class.forName0(Ljava/lang/String;ZLjava/lang/ClassLoader;Ljava/lang/Class;)Ljava/lang/Class;+0 java.base@21.0.3
j  java.lang.Class.forName(Ljava/lang/String;Ljava/lang/Class;)Ljava/lang/Class;+19 java.base@21.0.3
j  java.lang.Class.forName(Ljava/lang/String;)Ljava/lang/Class;+6 java.base@21.0.3
j  org.lwjgl.system.MemoryManage.getInstance()Lorg/lwjgl/system/MemoryUtil$MemoryAllocator;+68
j  org.lwjgl.system.MemoryUtil$LazyInit.<clinit>()V+0
v  ~StubRoutines::call_stub 0x0000020319c5100d
j  org.lwjgl.system.MemoryUtil.getAllocator(Z)Lorg/lwjgl/system/MemoryUtil$MemoryAllocator;+10
j  org.lwjgl.system.MemoryUtil.getAllocator()Lorg/lwjgl/system/MemoryUtil$MemoryAllocator;+1
j  org.lwjgl.system.Callback.<clinit>()V+217
v  ~StubRoutines::call_stub 0x0000020319c5100d
j  com.badlogic.gdx.backends.lwjgl3.Lwjgl3Application.initializeGlfw()V+21
j  com.badlogic.gdx.backends.lwjgl3.Lwjgl3Application.<init>(Lcom/badlogic/gdx/ApplicationListener;Lcom/badlogic/gdx/backends/lwjgl3/Lwjgl3ApplicationConfiguration;)V+82
j  com.csse3200.game.desktop.DesktopLauncher.main([Ljava/lang/String;)V+20
v  ~StubRoutines::call_stub 0x0000020319c5100d

siginfo: EXCEPTION_ACCESS_VIOLATION (0xc0000005), reading address 0xffffffffffffffff


Registers:
RAX=0x000002036f842ae0, RBX=0x0000020329fabba0, RCX=0x000002030884f8b8, RDX=0x0000020329fabba0
RSP=0x0000008e4e1fb3a8, RBP=0x0000000000000002, RSI=0x0000008e4e1fb450, RDI=0x000002030884f8b8
R8 =0x0000000000010002, R9 =0x0000000000000000, R10=0x00007ffdc9bf0000, R11=0x0000008e4e1fb378
R12=0x0000000000000007, R13=0x0000020329fabba0, R14=0x00007ffdb4680400, R15=0x0000000000000000
RIP=0x00007ffdb4676918, EFLAGS=0x0000000000010206


Register to memory mapping:

RAX=0x000002036f842ae0 points into unknown readable memory: 0x0000000000000000 | 00 00 00 00 00 00 00 00
RBX=0x0000020329fabba0 points into unknown readable memory: 0x0000000713609c48 | 48 9c 60 13 07 00 00 00
RCX=0x000002030884f8b8 points into unknown readable memory: 0x000002036f842ae0 | e0 2a 84 6f 03 02 00 00
RDX=0x0000020329fabba0 points into unknown readable memory: 0x0000000713609c48 | 48 9c 60 13 07 00 00 00
RSP=0x0000008e4e1fb3a8 is pointing into the stack for thread: 0x000002030884f500
RBP=0x0000000000000002 is an unknown value
RSI=0x0000008e4e1fb450 is pointing into the stack for thread: 0x000002030884f500
RDI=0x000002030884f8b8 points into unknown readable memory: 0x000002036f842ae0 | e0 2a 84 6f 03 02 00 00
R8 =0x0000000000010002 is an unknown value
R9 =0x0 is null
R10=0x00007ffdc9bf0000 VCRUNTIME140.dll
R11=0x0000008e4e1fb378 is pointing into the stack for thread: 0x000002030884f500
R12=0x0000000000000007 is an unknown value
R13=0x0000020329fabba0 points into unknown readable memory: 0x0000000713609c48 | 48 9c 60 13 07 00 00 00
R14=0x00007ffdb4680400 jdwp.dll
R15=0x0 is null

Top of Stack: (sp=0x0000008e4e1fb3a8)
0x0000008e4e1fb3a8:   00007ffdb46661bf 0000020329fabba0
0x0000008e4e1fb3b8:   0000008e4e1fb450 0000000000000000
0x0000008e4e1fb3c8:   0000000000000000 0000000200000007
0x0000008e4e1fb3d8:   000002036f177c80 0000020308855540
0x0000008e4e1fb3e8:   00007ffdb4680428 000002030884fad8
0x0000008e4e1fb3f8:   00007ffdb466283f 0000020329fabba0
0x0000008e4e1fb408:   0000000000000002 000002030884f8b8
0x0000008e4e1fb418:   0000020329fabba8 0000008e4e1fb610
0x0000008e4e1fb428:   0000020329e3e8d8 000000056f540100
0x0000008e4e1fb438:   000002032b01dd80 0000000000000000
0x0000008e4e1fb448:   0000000bffffffff 0000000000000007
0x0000008e4e1fb458:   0000020329fabba0 0000000000000000
0x0000008e4e1fb468:   0000020329fabba8 0000000000000000
0x0000008e4e1fb478:   0000000000000000 0000000000000000
0x0000008e4e1fb488:   0000000000000000 0000000000000000
0x0000008e4e1fb498:   0000000000000000 0000000000000000
0x0000008e4e1fb4a8:   000002030884fad8 000002032b01dd80
0x0000008e4e1fb4b8:   00007ffd5a0154e7 0000020329fabba8
0x0000008e4e1fb4c8:   000002036f24b880 000002030884f500
0x0000008e4e1fb4d8:   00007ffd59d22912 00004dcd4859e381
0x0000008e4e1fb4e8:   0000020308aadf10 000002030884f500
0x0000008e4e1fb4f8:   000002036b4cfd01 0000008e4e1fb590
0x0000008e4e1fb508:   00007ffd59d1f1b0 000002032b01dd80
0x0000008e4e1fb518:   0000000000000000 00000203088a7c00
0x0000008e4e1fb528:   0000020308ab1bc0 0000020308ab1bd0
0x0000008e4e1fb538:   0000020308ab1fa8 00000000000003d8
0x0000008e4e1fb548:   000002030884f500 000002030884f500
0x0000008e4e1fb558:   00000203088a81c0 000002030884fb70
0x0000008e4e1fb568:   000002030884fbb0 000002030884fc58
0x0000008e4e1fb578:   00000000000000d8 0000008e4e1fb590
0x0000008e4e1fb588:   00007ffd59d19561 000002030884f500
0x0000008e4e1fb598:   00000203088a81c0 000002030884fb70 

Instructions: (pc=0x00007ffdb4676918)
0x00007ffdb4676818:   05 e3 08 01 00 48 8b 03 48 8b d7 4d 8b 40 30 48
0x00007ffdb4676828:   8b cb 48 8b 5c 24 30 48 83 c4 20 5f 48 ff a0 00
0x00007ffdb4676838:   01 00 00 cc 48 89 5c 24 08 57 48 83 ec 20 48 8b
0x00007ffdb4676848:   f9 e8 f2 ea ff ff 4c 8b 05 ab 08 01 00 48 8b d8
0x00007ffdb4676858:   41 f6 80 10 02 00 00 02 74 33 41 b8 20 06 00 00
0x00007ffdb4676868:   48 8d 15 19 c4 00 00 48 8d 0d 8e 5b 00 00 e8 d9
0x00007ffdb4676878:   48 ff ff 48 8d 15 56 9a 00 00 48 8d 0d 8f 5b 00
0x00007ffdb4676888:   00 e8 6e 49 ff ff 4c 8b 05 6b 08 01 00 48 8b 03
0x00007ffdb4676898:   48 8b d7 4d 8b 40 38 48 8b cb 48 8b 5c 24 30 48
0x00007ffdb46768a8:   83 c4 20 5f 48 ff a0 00 01 00 00 cc 48 89 5c 24
0x00007ffdb46768b8:   08 57 48 83 ec 20 48 8b f9 e8 7a ea ff ff 48 8b
0x00007ffdb46768c8:   15 33 08 01 00 48 8b d8 f6 82 10 02 00 00 02 74
0x00007ffdb46768d8:   2c 41 b8 12 06 00 00 48 8d 15 a2 c3 00 00 48 8d
0x00007ffdb46768e8:   0d 17 5b 00 00 e8 62 48 ff ff 48 8d 15 f7 6b 00
0x00007ffdb46768f8:   00 48 8d 0d 18 5b 00 00 e8 f7 48 ff ff 48 8b 03
0x00007ffdb4676908:   48 8b d7 48 8b cb 48 8b 5c 24 30 48 83 c4 20 5f
0x00007ffdb4676918:   48 ff a0 50 07 00 00 cc 48 89 5c 24 08 48 89 74
0x00007ffdb4676928:   24 10 48 89 7c 24 18 41 56 48 83 ec 20 4c 63 f2
0x00007ffdb4676938:   49 8b d8 48 8b d1 41 8b f9 48 8b cb 4d 8d 46 ff
0x00007ffdb4676948:   ff 15 22 59 00 00 85 c0 75 3c 41 0f be 44 1e ff
0x00007ffdb4676958:   3b c7 75 32 49 03 de eb 10 0f be c8 ff 15 f6 58
0x00007ffdb4676968:   00 00 85 c0 74 09 48 ff c3 8a 03 84 c0 75 ea 80
0x00007ffdb4676978:   3b 3b 74 12 8b d7 48 8b cb e8 2c 4b 00 00 48 85
0x00007ffdb4676988:   c0 0f 94 c0 eb 02 32 c0 48 8b 5c 24 30 48 8b 74
0x00007ffdb4676998:   24 38 48 8b 7c 24 40 48 83 c4 20 41 5e c3 cc cc
0x00007ffdb46769a8:   0f b6 d1 83 fa 1e 0f 87 83 00 00 00 74 7b 83 fa
0x00007ffdb46769b8:   07 77 41 74 39 83 ea 01 74 2e 83 ea 01 74 23 83
0x00007ffdb46769c8:   ea 01 74 18 83 ea 01 74 0d 83 fa 02 0f 85 8a 00
0x00007ffdb46769d8:   00 00 8d 42 03 c3 b8 04 00 00 00 c3 b8 03 00 00
0x00007ffdb46769e8:   00 c3 b8 02 00 00 00 c3 b8 01 00 00 00 c3 b8 06
0x00007ffdb46769f8:   00 00 00 c3 b8 08 00 00 00 2b d0 74 26 83 ea 01
0x00007ffdb4676a08:   0f 84 88 00 00 00 83 ea 01 74 12 b8 0a 00 00 00 


Stack slot to memory mapping:

stack at sp + 0 slots: 0x00007ffdb46661bf jdwp.dll
stack at sp + 1 slots: 0x0000020329fabba0 points into unknown readable memory: 0x0000000713609c48 | 48 9c 60 13 07 00 00 00
stack at sp + 2 slots: 0x0000008e4e1fb450 is pointing into the stack for thread: 0x000002030884f500
stack at sp + 3 slots: 0x0 is null
stack at sp + 4 slots: 0x0 is null
stack at sp + 5 slots: 0x0000000200000007 is an unknown value
stack at sp + 6 slots: 0x000002036f177c80 points into unknown readable memory: 0x000002031a1f0010 | 10 00 1f 1a 03 02 00 00
stack at sp + 7 slots: 0x0000020308855540 points into unknown readable memory: 0x8000001200000001 | 01 00 00 00 12 00 00 80


---------------  P R O C E S S  ---------------

Threads class SMR info:
_java_thread_list=0x000002036f2c40a0, length=14, elements={
0x000002030884f500, 0x0000020329fa84f0, 0x0000020329fa9150, 0x0000020329fac6a0,
0x0000020329fad660, 0x0000020329fb21e0, 0x0000020329fb4c50, 0x0000020329fbf470,
0x000002036f120090, 0x000002036f29ded0, 0x000002036f2af100, 0x000002036f2b1790,
0x000002036f2b4330, 0x000002036f2b8b60
}

Java Threads: ( => current thread )
=>0x000002030884f500 JavaThread "main"                              [_thread_in_native, id=7308, stack(0x0000008e4e100000,0x0000008e4e200000) (1024K)]
  0x0000020329fa84f0 JavaThread "Reference Handler"          daemon [_thread_blocked, id=16924, stack(0x0000008e4e900000,0x0000008e4ea00000) (1024K)]
  0x0000020329fa9150 JavaThread "Finalizer"                  daemon [_thread_blocked, id=13604, stack(0x0000008e4ea00000,0x0000008e4eb00000) (1024K)]
  0x0000020329fac6a0 JavaThread "Signal Dispatcher"          daemon [_thread_blocked, id=13036, stack(0x0000008e4eb00000,0x0000008e4ec00000) (1024K)]
  0x0000020329fad660 JavaThread "Attach Listener"            daemon [_thread_blocked, id=5004, stack(0x0000008e4ec00000,0x0000008e4ed00000) (1024K)]
  0x0000020329fb21e0 JavaThread "Service Thread"             daemon [_thread_blocked, id=23516, stack(0x0000008e4ed00000,0x0000008e4ee00000) (1024K)]
  0x0000020329fb4c50 JavaThread "Monitor Deflation Thread"   daemon [_thread_blocked, id=5792, stack(0x0000008e4ee00000,0x0000008e4ef00000) (1024K)]
  0x0000020329fbf470 JavaThread "C2 CompilerThread0"         daemon [_thread_blocked, id=22816, stack(0x0000008e4ef00000,0x0000008e4f000000) (1024K)]
  0x000002036f120090 JavaThread "C1 CompilerThread0"         daemon [_thread_blocked, id=22696, stack(0x0000008e4f000000,0x0000008e4f100000) (1024K)]
  0x000002036f29ded0 JavaThread "JDWP Transport Listener: dt_socket" daemon [_thread_blocked, id=23032, stack(0x0000008e4f100000,0x0000008e4f200000) (1024K)]
  0x000002036f2af100 JavaThread "JDWP Event Helper Thread"   daemon [_thread_blocked, id=22752, stack(0x0000008e4f200000,0x0000008e4f300000) (1024K)]
  0x000002036f2b1790 JavaThread "JDWP Command Reader"        daemon [_thread_in_native, id=1020, stack(0x0000008e4f300000,0x0000008e4f400000) (1024K)]
  0x000002036f2b4330 JavaThread "Notification Thread"        daemon [_thread_blocked, id=4308, stack(0x0000008e4f400000,0x0000008e4f500000) (1024K)]
  0x000002036f2b8b60 JavaThread "Common-Cleaner"             daemon [_thread_blocked, id=4396, stack(0x0000008e4f500000,0x0000008e4f600000) (1024K)]
Total: 14

Other Threads:
  0x0000020329f8ba30 VMThread "VM Thread"                           [id=16688, stack(0x0000008e4e800000,0x0000008e4e900000) (1024K)]
  0x0000020329f747e0 WatcherThread "VM Periodic Task Thread"        [id=10944, stack(0x0000008e4e700000,0x0000008e4e800000) (1024K)]
  0x0000020308b13f40 WorkerThread "GC Thread#0"                     [id=22704, stack(0x0000008e4e200000,0x0000008e4e300000) (1024K)]
  0x0000020308b27300 ConcurrentGCThread "G1 Main Marker"            [id=4356, stack(0x0000008e4e300000,0x0000008e4e400000) (1024K)]
  0x0000020308b284b0 WorkerThread "G1 Conc#0"                       [id=10152, stack(0x0000008e4e400000,0x0000008e4e500000) (1024K)]
  0x0000020329e45260 ConcurrentGCThread "G1 Refine#0"               [id=20292, stack(0x0000008e4e500000,0x0000008e4e600000) (1024K)]
  0x0000020329e46c80 ConcurrentGCThread "G1 Service"                [id=17816, stack(0x0000008e4e600000,0x0000008e4e700000) (1024K)]
Total: 7

Threads with active compile tasks:
Total: 0

VM state: not at safepoint (normal execution)

VM Mutex/Monitor currently owned by a thread: None

Heap address: 0x0000000703a00000, size: 4038 MB, Compressed Oops mode: Zero based, Oop shift amount: 3

CDS archive(s) mapped at: [0x000002032a000000-0x000002032ac90000-0x000002032ac90000), size 13172736, SharedBaseAddress: 0x000002032a000000, ArchiveRelocationMode: 1.
Compressed class space mapped at: 0x000002032b000000-0x000002036b000000, reserved size: 1073741824
Narrow klass base: 0x000002032a000000, Narrow klass shift: 0, Narrow klass range: 0x100000000

GC Precious Log:
 CardTable entry size: 512
 Card Set container configuration: InlinePtr #cards 4 size 8 Array Of Cards #cards 16 size 48 Howl #buckets 8 coarsen threshold 3686 Howl Bitmap #cards 512 size 80 coarsen threshold 460 Card regions per heap region 1 cards per card region 4096
 CPUs: 12 total, 12 available
 Memory: 16145M
 Large Page Support: Disabled
 NUMA Support: Disabled
 Compressed Oops: Enabled (Zero based)
 Heap Region Size: 2M
 Heap Min Capacity: 8M
 Heap Initial Capacity: 254M
 Heap Max Capacity: 4038M
 Pre-touch: Disabled
 Parallel Workers: 10
 Concurrent Workers: 3
 Concurrent Refinement Workers: 10
 Periodic GC: Disabled

Heap:
 garbage-first heap   total 260096K, used 8192K [0x0000000703a00000, 0x0000000800000000)
  region size 2048K, 5 young (10240K), 0 survivors (0K)
 Metaspace       used 2258K, committed 2432K, reserved 1114112K
  class space    used 183K, committed 256K, reserved 1048576K

Heap Regions: E=young(eden), S=young(survivor), O=old, HS=humongous(starts), HC=humongous(continues), CS=collection set, F=free, TAMS=top-at-mark-start, PB=parsable bottom
|   0|0x0000000703a00000, 0x0000000703a00000, 0x0000000703c00000|  0%| F|  |TAMS 0x0000000703a00000| PB 0x0000000703a00000| Untracked 
|   1|0x0000000703c00000, 0x0000000703c00000, 0x0000000703e00000|  0%| F|  |TAMS 0x0000000703c00000| PB 0x0000000703c00000| Untracked 
|   2|0x0000000703e00000, 0x0000000703e00000, 0x0000000704000000|  0%| F|  |TAMS 0x0000000703e00000| PB 0x0000000703e00000| Untracked 
|   3|0x0000000704000000, 0x0000000704000000, 0x0000000704200000|  0%| F|  |TAMS 0x0000000704000000| PB 0x0000000704000000| Untracked 
|   4|0x0000000704200000, 0x0000000704200000, 0x0000000704400000|  0%| F|  |TAMS 0x0000000704200000| PB 0x0000000704200000| Untracked 
|   5|0x0000000704400000, 0x0000000704400000, 0x0000000704600000|  0%| F|  |TAMS 0x0000000704400000| PB 0x0000000704400000| Untracked 
|   6|0x0000000704600000, 0x0000000704600000, 0x0000000704800000|  0%| F|  |TAMS 0x0000000704600000| PB 0x0000000704600000| Untracked 
|   7|0x0000000704800000, 0x0000000704800000, 0x0000000704a00000|  0%| F|  |TAMS 0x0000000704800000| PB 0x0000000704800000| Untracked 
|   8|0x0000000704a00000, 0x0000000704a00000, 0x0000000704c00000|  0%| F|  |TAMS 0x0000000704a00000| PB 0x0000000704a00000| Untracked 
|   9|0x0000000704c00000, 0x0000000704c00000, 0x0000000704e00000|  0%| F|  |TAMS 0x0000000704c00000| PB 0x0000000704c00000| Untracked 
|  10|0x0000000704e00000, 0x0000000704e00000, 0x0000000705000000|  0%| F|  |TAMS 0x0000000704e00000| PB 0x0000000704e00000| Untracked 
|  11|0x0000000705000000, 0x0000000705000000, 0x0000000705200000|  0%| F|  |TAMS 0x0000000705000000| PB 0x0000000705000000| Untracked 
|  12|0x0000000705200000, 0x0000000705200000, 0x0000000705400000|  0%| F|  |TAMS 0x0000000705200000| PB 0x0000000705200000| Untracked 
|  13|0x0000000705400000, 0x0000000705400000, 0x0000000705600000|  0%| F|  |TAMS 0x0000000705400000| PB 0x0000000705400000| Untracked 
|  14|0x0000000705600000, 0x0000000705600000, 0x0000000705800000|  0%| F|  |TAMS 0x0000000705600000| PB 0x0000000705600000| Untracked 
|  15|0x0000000705800000, 0x0000000705800000, 0x0000000705a00000|  0%| F|  |TAMS 0x0000000705800000| PB 0x0000000705800000| Untracked 
|  16|0x0000000705a00000, 0x0000000705a00000, 0x0000000705c00000|  0%| F|  |TAMS 0x0000000705a00000| PB 0x0000000705a00000| Untracked 
|  17|0x0000000705c00000, 0x0000000705c00000, 0x0000000705e00000|  0%| F|  |TAMS 0x0000000705c00000| PB 0x0000000705c00000| Untracked 
|  18|0x0000000705e00000, 0x0000000705e00000, 0x0000000706000000|  0%| F|  |TAMS 0x0000000705e00000| PB 0x0000000705e00000| Untracked 
|  19|0x0000000706000000, 0x0000000706000000, 0x0000000706200000|  0%| F|  |TAMS 0x0000000706000000| PB 0x0000000706000000| Untracked 
|  20|0x0000000706200000, 0x0000000706200000, 0x0000000706400000|  0%| F|  |TAMS 0x0000000706200000| PB 0x0000000706200000| Untracked 
|  21|0x0000000706400000, 0x0000000706400000, 0x0000000706600000|  0%| F|  |TAMS 0x0000000706400000| PB 0x0000000706400000| Untracked 
|  22|0x0000000706600000, 0x0000000706600000, 0x0000000706800000|  0%| F|  |TAMS 0x0000000706600000| PB 0x0000000706600000| Untracked 
|  23|0x0000000706800000, 0x0000000706800000, 0x0000000706a00000|  0%| F|  |TAMS 0x0000000706800000| PB 0x0000000706800000| Untracked 
|  24|0x0000000706a00000, 0x0000000706a00000, 0x0000000706c00000|  0%| F|  |TAMS 0x0000000706a00000| PB 0x0000000706a00000| Untracked 
|  25|0x0000000706c00000, 0x0000000706c00000, 0x0000000706e00000|  0%| F|  |TAMS 0x0000000706c00000| PB 0x0000000706c00000| Untracked 
|  26|0x0000000706e00000, 0x0000000706e00000, 0x0000000707000000|  0%| F|  |TAMS 0x0000000706e00000| PB 0x0000000706e00000| Untracked 
|  27|0x0000000707000000, 0x0000000707000000, 0x0000000707200000|  0%| F|  |TAMS 0x0000000707000000| PB 0x0000000707000000| Untracked 
|  28|0x0000000707200000, 0x0000000707200000, 0x0000000707400000|  0%| F|  |TAMS 0x0000000707200000| PB 0x0000000707200000| Untracked 
|  29|0x0000000707400000, 0x0000000707400000, 0x0000000707600000|  0%| F|  |TAMS 0x0000000707400000| PB 0x0000000707400000| Untracked 
|  30|0x0000000707600000, 0x0000000707600000, 0x0000000707800000|  0%| F|  |TAMS 0x0000000707600000| PB 0x0000000707600000| Untracked 
|  31|0x0000000707800000, 0x0000000707800000, 0x0000000707a00000|  0%| F|  |TAMS 0x0000000707800000| PB 0x0000000707800000| Untracked 
|  32|0x0000000707a00000, 0x0000000707a00000, 0x0000000707c00000|  0%| F|  |TAMS 0x0000000707a00000| PB 0x0000000707a00000| Untracked 
|  33|0x0000000707c00000, 0x0000000707c00000, 0x0000000707e00000|  0%| F|  |TAMS 0x0000000707c00000| PB 0x0000000707c00000| Untracked 
|  34|0x0000000707e00000, 0x0000000707e00000, 0x0000000708000000|  0%| F|  |TAMS 0x0000000707e00000| PB 0x0000000707e00000| Untracked 
|  35|0x0000000708000000, 0x0000000708000000, 0x0000000708200000|  0%| F|  |TAMS 0x0000000708000000| PB 0x0000000708000000| Untracked 
|  36|0x0000000708200000, 0x0000000708200000, 0x0000000708400000|  0%| F|  |TAMS 0x0000000708200000| PB 0x0000000708200000| Untracked 
|  37|0x0000000708400000, 0x0000000708400000, 0x0000000708600000|  0%| F|  |TAMS 0x0000000708400000| PB 0x0000000708400000| Untracked 
|  38|0x0000000708600000, 0x0000000708600000, 0x0000000708800000|  0%| F|  |TAMS 0x0000000708600000| PB 0x0000000708600000| Untracked 
|  39|0x0000000708800000, 0x0000000708800000, 0x0000000708a00000|  0%| F|  |TAMS 0x0000000708800000| PB 0x0000000708800000| Untracked 
|  40|0x0000000708a00000, 0x0000000708a00000, 0x0000000708c00000|  0%| F|  |TAMS 0x0000000708a00000| PB 0x0000000708a00000| Untracked 
|  41|0x0000000708c00000, 0x0000000708c00000, 0x0000000708e00000|  0%| F|  |TAMS 0x0000000708c00000| PB 0x0000000708c00000| Untracked 
|  42|0x0000000708e00000, 0x0000000708e00000, 0x0000000709000000|  0%| F|  |TAMS 0x0000000708e00000| PB 0x0000000708e00000| Untracked 
|  43|0x0000000709000000, 0x0000000709000000, 0x0000000709200000|  0%| F|  |TAMS 0x0000000709000000| PB 0x0000000709000000| Untracked 
|  44|0x0000000709200000, 0x0000000709200000, 0x0000000709400000|  0%| F|  |TAMS 0x0000000709200000| PB 0x0000000709200000| Untracked 
|  45|0x0000000709400000, 0x0000000709400000, 0x0000000709600000|  0%| F|  |TAMS 0x0000000709400000| PB 0x0000000709400000| Untracked 
|  46|0x0000000709600000, 0x0000000709600000, 0x0000000709800000|  0%| F|  |TAMS 0x0000000709600000| PB 0x0000000709600000| Untracked 
|  47|0x0000000709800000, 0x0000000709800000, 0x0000000709a00000|  0%| F|  |TAMS 0x0000000709800000| PB 0x0000000709800000| Untracked 
|  48|0x0000000709a00000, 0x0000000709a00000, 0x0000000709c00000|  0%| F|  |TAMS 0x0000000709a00000| PB 0x0000000709a00000| Untracked 
|  49|0x0000000709c00000, 0x0000000709c00000, 0x0000000709e00000|  0%| F|  |TAMS 0x0000000709c00000| PB 0x0000000709c00000| Untracked 
|  50|0x0000000709e00000, 0x0000000709e00000, 0x000000070a000000|  0%| F|  |TAMS 0x0000000709e00000| PB 0x0000000709e00000| Untracked 
|  51|0x000000070a000000, 0x000000070a000000, 0x000000070a200000|  0%| F|  |TAMS 0x000000070a000000| PB 0x000000070a000000| Untracked 
|  52|0x000000070a200000, 0x000000070a200000, 0x000000070a400000|  0%| F|  |TAMS 0x000000070a200000| PB 0x000000070a200000| Untracked 
|  53|0x000000070a400000, 0x000000070a400000, 0x000000070a600000|  0%| F|  |TAMS 0x000000070a400000| PB 0x000000070a400000| Untracked 
|  54|0x000000070a600000, 0x000000070a600000, 0x000000070a800000|  0%| F|  |TAMS 0x000000070a600000| PB 0x000000070a600000| Untracked 
|  55|0x000000070a800000, 0x000000070a800000, 0x000000070aa00000|  0%| F|  |TAMS 0x000000070a800000| PB 0x000000070a800000| Untracked 
|  56|0x000000070aa00000, 0x000000070aa00000, 0x000000070ac00000|  0%| F|  |TAMS 0x000000070aa00000| PB 0x000000070aa00000| Untracked 
|  57|0x000000070ac00000, 0x000000070ac00000, 0x000000070ae00000|  0%| F|  |TAMS 0x000000070ac00000| PB 0x000000070ac00000| Untracked 
|  58|0x000000070ae00000, 0x000000070ae00000, 0x000000070b000000|  0%| F|  |TAMS 0x000000070ae00000| PB 0x000000070ae00000| Untracked 
|  59|0x000000070b000000, 0x000000070b000000, 0x000000070b200000|  0%| F|  |TAMS 0x000000070b000000| PB 0x000000070b000000| Untracked 
|  60|0x000000070b200000, 0x000000070b200000, 0x000000070b400000|  0%| F|  |TAMS 0x000000070b200000| PB 0x000000070b200000| Untracked 
|  61|0x000000070b400000, 0x000000070b400000, 0x000000070b600000|  0%| F|  |TAMS 0x000000070b400000| PB 0x000000070b400000| Untracked 
|  62|0x000000070b600000, 0x000000070b600000, 0x000000070b800000|  0%| F|  |TAMS 0x000000070b600000| PB 0x000000070b600000| Untracked 
|  63|0x000000070b800000, 0x000000070b800000, 0x000000070ba00000|  0%| F|  |TAMS 0x000000070b800000| PB 0x000000070b800000| Untracked 
|  64|0x000000070ba00000, 0x000000070ba00000, 0x000000070bc00000|  0%| F|  |TAMS 0x000000070ba00000| PB 0x000000070ba00000| Untracked 
|  65|0x000000070bc00000, 0x000000070bc00000, 0x000000070be00000|  0%| F|  |TAMS 0x000000070bc00000| PB 0x000000070bc00000| Untracked 
|  66|0x000000070be00000, 0x000000070be00000, 0x000000070c000000|  0%| F|  |TAMS 0x000000070be00000| PB 0x000000070be00000| Untracked 
|  67|0x000000070c000000, 0x000000070c000000, 0x000000070c200000|  0%| F|  |TAMS 0x000000070c000000| PB 0x000000070c000000| Untracked 
|  68|0x000000070c200000, 0x000000070c200000, 0x000000070c400000|  0%| F|  |TAMS 0x000000070c200000| PB 0x000000070c200000| Untracked 
|  69|0x000000070c400000, 0x000000070c400000, 0x000000070c600000|  0%| F|  |TAMS 0x000000070c400000| PB 0x000000070c400000| Untracked 
|  70|0x000000070c600000, 0x000000070c600000, 0x000000070c800000|  0%| F|  |TAMS 0x000000070c600000| PB 0x000000070c600000| Untracked 
|  71|0x000000070c800000, 0x000000070c800000, 0x000000070ca00000|  0%| F|  |TAMS 0x000000070c800000| PB 0x000000070c800000| Untracked 
|  72|0x000000070ca00000, 0x000000070ca00000, 0x000000070cc00000|  0%| F|  |TAMS 0x000000070ca00000| PB 0x000000070ca00000| Untracked 
|  73|0x000000070cc00000, 0x000000070cc00000, 0x000000070ce00000|  0%| F|  |TAMS 0x000000070cc00000| PB 0x000000070cc00000| Untracked 
|  74|0x000000070ce00000, 0x000000070ce00000, 0x000000070d000000|  0%| F|  |TAMS 0x000000070ce00000| PB 0x000000070ce00000| Untracked 
|  75|0x000000070d000000, 0x000000070d000000, 0x000000070d200000|  0%| F|  |TAMS 0x000000070d000000| PB 0x000000070d000000| Untracked 
|  76|0x000000070d200000, 0x000000070d200000, 0x000000070d400000|  0%| F|  |TAMS 0x000000070d200000| PB 0x000000070d200000| Untracked 
|  77|0x000000070d400000, 0x000000070d400000, 0x000000070d600000|  0%| F|  |TAMS 0x000000070d400000| PB 0x000000070d400000| Untracked 
|  78|0x000000070d600000, 0x000000070d600000, 0x000000070d800000|  0%| F|  |TAMS 0x000000070d600000| PB 0x000000070d600000| Untracked 
|  79|0x000000070d800000, 0x000000070d800000, 0x000000070da00000|  0%| F|  |TAMS 0x000000070d800000| PB 0x000000070d800000| Untracked 
|  80|0x000000070da00000, 0x000000070da00000, 0x000000070dc00000|  0%| F|  |TAMS 0x000000070da00000| PB 0x000000070da00000| Untracked 
|  81|0x000000070dc00000, 0x000000070dc00000, 0x000000070de00000|  0%| F|  |TAMS 0x000000070dc00000| PB 0x000000070dc00000| Untracked 
|  82|0x000000070de00000, 0x000000070de00000, 0x000000070e000000|  0%| F|  |TAMS 0x000000070de00000| PB 0x000000070de00000| Untracked 
|  83|0x000000070e000000, 0x000000070e000000, 0x000000070e200000|  0%| F|  |TAMS 0x000000070e000000| PB 0x000000070e000000| Untracked 
|  84|0x000000070e200000, 0x000000070e200000, 0x000000070e400000|  0%| F|  |TAMS 0x000000070e200000| PB 0x000000070e200000| Untracked 
|  85|0x000000070e400000, 0x000000070e400000, 0x000000070e600000|  0%| F|  |TAMS 0x000000070e400000| PB 0x000000070e400000| Untracked 
|  86|0x000000070e600000, 0x000000070e600000, 0x000000070e800000|  0%| F|  |TAMS 0x000000070e600000| PB 0x000000070e600000| Untracked 
|  87|0x000000070e800000, 0x000000070e800000, 0x000000070ea00000|  0%| F|  |TAMS 0x000000070e800000| PB 0x000000070e800000| Untracked 
|  88|0x000000070ea00000, 0x000000070ea00000, 0x000000070ec00000|  0%| F|  |TAMS 0x000000070ea00000| PB 0x000000070ea00000| Untracked 
|  89|0x000000070ec00000, 0x000000070ec00000, 0x000000070ee00000|  0%| F|  |TAMS 0x000000070ec00000| PB 0x000000070ec00000| Untracked 
|  90|0x000000070ee00000, 0x000000070ee00000, 0x000000070f000000|  0%| F|  |TAMS 0x000000070ee00000| PB 0x000000070ee00000| Untracked 
|  91|0x000000070f000000, 0x000000070f000000, 0x000000070f200000|  0%| F|  |TAMS 0x000000070f000000| PB 0x000000070f000000| Untracked 
|  92|0x000000070f200000, 0x000000070f200000, 0x000000070f400000|  0%| F|  |TAMS 0x000000070f200000| PB 0x000000070f200000| Untracked 
|  93|0x000000070f400000, 0x000000070f400000, 0x000000070f600000|  0%| F|  |TAMS 0x000000070f400000| PB 0x000000070f400000| Untracked 
|  94|0x000000070f600000, 0x000000070f600000, 0x000000070f800000|  0%| F|  |TAMS 0x000000070f600000| PB 0x000000070f600000| Untracked 
|  95|0x000000070f800000, 0x000000070f800000, 0x000000070fa00000|  0%| F|  |TAMS 0x000000070f800000| PB 0x000000070f800000| Untracked 
|  96|0x000000070fa00000, 0x000000070fa00000, 0x000000070fc00000|  0%| F|  |TAMS 0x000000070fa00000| PB 0x000000070fa00000| Untracked 
|  97|0x000000070fc00000, 0x000000070fc00000, 0x000000070fe00000|  0%| F|  |TAMS 0x000000070fc00000| PB 0x000000070fc00000| Untracked 
|  98|0x000000070fe00000, 0x000000070fe00000, 0x0000000710000000|  0%| F|  |TAMS 0x000000070fe00000| PB 0x000000070fe00000| Untracked 
|  99|0x0000000710000000, 0x0000000710000000, 0x0000000710200000|  0%| F|  |TAMS 0x0000000710000000| PB 0x0000000710000000| Untracked 
| 100|0x0000000710200000, 0x0000000710200000, 0x0000000710400000|  0%| F|  |TAMS 0x0000000710200000| PB 0x0000000710200000| Untracked 
| 101|0x0000000710400000, 0x0000000710400000, 0x0000000710600000|  0%| F|  |TAMS 0x0000000710400000| PB 0x0000000710400000| Untracked 
| 102|0x0000000710600000, 0x0000000710600000, 0x0000000710800000|  0%| F|  |TAMS 0x0000000710600000| PB 0x0000000710600000| Untracked 
| 103|0x0000000710800000, 0x0000000710800000, 0x0000000710a00000|  0%| F|  |TAMS 0x0000000710800000| PB 0x0000000710800000| Untracked 
| 104|0x0000000710a00000, 0x0000000710a00000, 0x0000000710c00000|  0%| F|  |TAMS 0x0000000710a00000| PB 0x0000000710a00000| Untracked 
| 105|0x0000000710c00000, 0x0000000710c00000, 0x0000000710e00000|  0%| F|  |TAMS 0x0000000710c00000| PB 0x0000000710c00000| Untracked 
| 106|0x0000000710e00000, 0x0000000710e00000, 0x0000000711000000|  0%| F|  |TAMS 0x0000000710e00000| PB 0x0000000710e00000| Untracked 
| 107|0x0000000711000000, 0x0000000711000000, 0x0000000711200000|  0%| F|  |TAMS 0x0000000711000000| PB 0x0000000711000000| Untracked 
| 108|0x0000000711200000, 0x0000000711200000, 0x0000000711400000|  0%| F|  |TAMS 0x0000000711200000| PB 0x0000000711200000| Untracked 
| 109|0x0000000711400000, 0x0000000711400000, 0x0000000711600000|  0%| F|  |TAMS 0x0000000711400000| PB 0x0000000711400000| Untracked 
| 110|0x0000000711600000, 0x0000000711600000, 0x0000000711800000|  0%| F|  |TAMS 0x0000000711600000| PB 0x0000000711600000| Untracked 
| 111|0x0000000711800000, 0x0000000711800000, 0x0000000711a00000|  0%| F|  |TAMS 0x0000000711800000| PB 0x0000000711800000| Untracked 
| 112|0x0000000711a00000, 0x0000000711a00000, 0x0000000711c00000|  0%| F|  |TAMS 0x0000000711a00000| PB 0x0000000711a00000| Untracked 
| 113|0x0000000711c00000, 0x0000000711c00000, 0x0000000711e00000|  0%| F|  |TAMS 0x0000000711c00000| PB 0x0000000711c00000| Untracked 
| 114|0x0000000711e00000, 0x0000000711e00000, 0x0000000712000000|  0%| F|  |TAMS 0x0000000711e00000| PB 0x0000000711e00000| Untracked 
| 115|0x0000000712000000, 0x0000000712000000, 0x0000000712200000|  0%| F|  |TAMS 0x0000000712000000| PB 0x0000000712000000| Untracked 
| 116|0x0000000712200000, 0x0000000712200000, 0x0000000712400000|  0%| F|  |TAMS 0x0000000712200000| PB 0x0000000712200000| Untracked 
| 117|0x0000000712400000, 0x0000000712400000, 0x0000000712600000|  0%| F|  |TAMS 0x0000000712400000| PB 0x0000000712400000| Untracked 
| 118|0x0000000712600000, 0x0000000712600000, 0x0000000712800000|  0%| F|  |TAMS 0x0000000712600000| PB 0x0000000712600000| Untracked 
| 119|0x0000000712800000, 0x0000000712800000, 0x0000000712a00000|  0%| F|  |TAMS 0x0000000712800000| PB 0x0000000712800000| Untracked 
| 120|0x0000000712a00000, 0x0000000712a00000, 0x0000000712c00000|  0%| F|  |TAMS 0x0000000712a00000| PB 0x0000000712a00000| Untracked 
| 121|0x0000000712c00000, 0x0000000712c00000, 0x0000000712e00000|  0%| F|  |TAMS 0x0000000712c00000| PB 0x0000000712c00000| Untracked 
| 122|0x0000000712e00000, 0x0000000712ee1cd8, 0x0000000713000000| 44%| E|  |TAMS 0x0000000712e00000| PB 0x0000000712e00000| Complete 
| 123|0x0000000713000000, 0x0000000713200000, 0x0000000713200000|100%| E|CS|TAMS 0x0000000713000000| PB 0x0000000713000000| Complete 
| 124|0x0000000713200000, 0x0000000713400000, 0x0000000713400000|100%| E|CS|TAMS 0x0000000713200000| PB 0x0000000713200000| Complete 
| 125|0x0000000713400000, 0x0000000713600000, 0x0000000713600000|100%| E|CS|TAMS 0x0000000713400000| PB 0x0000000713400000| Complete 
| 126|0x0000000713600000, 0x0000000713800000, 0x0000000713800000|100%| E|CS|TAMS 0x0000000713600000| PB 0x0000000713600000| Complete 

Card table byte_map: [0x0000020322ba0000,0x0000020323390000] _byte_map_base: 0x000002031f383000

Marking Bits: (CMBitMap*) 0x0000020308b14640
 Bits: [0x0000020323390000, 0x00000203272a8000)

Polling page: 0x0000020308b60000

Metaspace:

Usage:
  Non-class:      2.03 MB used.
      Class:    183.84 KB used.
       Both:      2.21 MB used.

Virtual space:
  Non-class space:       64.00 MB reserved,       2.12 MB (  3%) committed,  1 nodes.
      Class space:        1.00 GB reserved,     256.00 KB ( <1%) committed,  1 nodes.
             Both:        1.06 GB reserved,       2.38 MB ( <1%) committed. 

Chunk freelists:
   Non-Class:  11.14 MB
       Class:  15.63 MB
        Both:  26.77 MB

MaxMetaspaceSize: unlimited
CompressedClassSpaceSize: 1.00 GB
Initial GC threshold: 21.00 MB
Current GC threshold: 21.00 MB
CDS: on
 - commit_granule_bytes: 65536.
 - commit_granule_words: 8192.
 - virtual_space_node_default_size: 8388608.
 - enlarge_chunks_in_place: 1.
 - use_allocation_guard: 0.


Internal statistics:

num_allocs_failed_limit: 0.
num_arena_births: 64.
num_arena_deaths: 0.
num_vsnodes_births: 2.
num_vsnodes_deaths: 0.
num_space_committed: 38.
num_space_uncommitted: 0.
num_chunks_returned_to_freelist: 0.
num_chunks_taken_from_freelist: 119.
num_chunk_merges: 0.
num_chunk_splits: 73.
num_chunks_enlarged: 49.
num_inconsistent_stats: 0.

CodeHeap 'non-profiled nmethods': size=120000Kb used=181Kb max_used=181Kb free=119818Kb
 bounds [0x000002031a1f0000, 0x000002031a460000, 0x0000020321720000]
CodeHeap 'profiled nmethods': size=120000Kb used=910Kb max_used=910Kb free=119090Kb
 bounds [0x0000020312720000, 0x0000020312990000, 0x0000020319c50000]
CodeHeap 'non-nmethods': size=5760Kb used=1400Kb max_used=1418Kb free=4359Kb
 bounds [0x0000020319c50000, 0x0000020319ec0000, 0x000002031a1f0000]
 total_blobs=999 nmethods=556 adapters=348
 compilation: enabled
              stopped_count=0, restarted_count=0
 full_count=0

Compilation events (20 events):
Event: 1.429 Thread 0x000002036f120090  547       3       jdk.internal.loader.URLClassPath::getResource (74 bytes)
Event: 1.429 Thread 0x000002036f120090 nmethod 547 0x0000020312800390 code [0x0000020312800560, 0x00000203128008c8]
Event: 1.434 Thread 0x000002036f120090  548       3       jdk.internal.jimage.ImageStringsReader::match (11 bytes)
Event: 1.434 Thread 0x000002036f120090 nmethod 548 0x0000020312800a10 code [0x0000020312800bc0, 0x0000020312800db8]
Event: 1.434 Thread 0x000002036f120090  550       3       jdk.internal.module.SystemModuleFinders$SystemImage::reader (4 bytes)
Event: 1.434 Thread 0x000002036f120090 nmethod 550 0x0000020312800e90 code [0x0000020312801020, 0x0000020312801118]
Event: 1.434 Thread 0x000002036f120090  551       3       jdk.internal.jimage.ImageReader::verifyLocation (14 bytes)
Event: 1.435 Thread 0x000002036f120090 nmethod 551 0x0000020312801190 code [0x0000020312801360, 0x00000203128016d8]
Event: 1.435 Thread 0x000002036f120090  552       3       jdk.internal.jimage.ImageReader::requireOpen (18 bytes)
Event: 1.435 Thread 0x0000020329fbf470 nmethod 535 0x000002031a21b210 code [0x000002031a21b460, 0x000002031a21c0b8]
Event: 1.435 Thread 0x000002036f120090 nmethod 552 0x0000020312801890 code [0x0000020312801a60, 0x0000020312801ca0]
Event: 1.435 Thread 0x0000020329fbf470  554       4       jdk.internal.jimage.ImageStringsReader::unmaskedHashCode (166 bytes)
Event: 1.435 Thread 0x000002036f120090  553       3       jdk.internal.jimage.BasicImageReader::verifyLocation (39 bytes)
Event: 1.436 Thread 0x000002036f120090 nmethod 553 0x0000020312801d90 code [0x0000020312801f60, 0x0000020312802258]
Event: 1.436 Thread 0x000002036f120090  549       3       jdk.internal.jimage.BasicImageReader::match (37 bytes)
Event: 1.436 Thread 0x000002036f120090 nmethod 549 0x0000020312802390 code [0x0000020312802560, 0x0000020312802848]
Event: 1.436 Thread 0x000002036f120090  555       3       jdk.internal.loader.URLClassPath$JarLoader::findResource (18 bytes)
Event: 1.436 Thread 0x000002036f120090 nmethod 555 0x0000020312802990 code [0x0000020312802b60, 0x0000020312802e10]
Event: 1.436 Thread 0x000002036f120090  556       3       java.lang.String::equalsIgnoreCase (45 bytes)
Event: 1.437 Thread 0x000002036f120090 nmethod 556 0x0000020312802f10 code [0x0000020312803100, 0x0000020312803660]

GC Heap History (0 events):
No events

Dll operation events (9 events):
Event: 0.021 Loaded shared library C:\Users\nqmti\Downloads\jdk-21.0.3_windows-x64_bin\jdk-21.0.3\bin\java.dll
Event: 0.072 Loaded shared library C:\Users\nqmti\Downloads\jdk-21.0.3_windows-x64_bin\jdk-21.0.3\bin\jsvml.dll
Event: 1.068 Loaded shared library C:\Users\nqmti\Downloads\jdk-21.0.3_windows-x64_bin\jdk-21.0.3\bin\net.dll
Event: 1.070 Loaded shared library C:\Users\nqmti\Downloads\jdk-21.0.3_windows-x64_bin\jdk-21.0.3\bin\nio.dll
Event: 1.081 Loaded shared library C:\Users\nqmti\Downloads\jdk-21.0.3_windows-x64_bin\jdk-21.0.3\bin\zip.dll
Event: 1.208 Loaded shared library C:\Users\nqmti\Downloads\jdk-21.0.3_windows-x64_bin\jdk-21.0.3\bin\verify.dll
Event: 1.220 Loaded shared library C:\Users\nqmti\Downloads\jdk-21.0.3_windows-x64_bin\jdk-21.0.3\bin\jimage.dll
Event: 1.297 Loaded shared library C:\Users\nqmti\AppData\Local\Temp\libgdxnqmti\e787ab0a\gdx64.dll
Event: 1.388 Loaded shared library C:\Users\nqmti\AppData\Local\Temp\lwjglnqmti\3.3.1-build-7\lwjgl.dll

Deoptimization events (18 events):
Event: 1.046 Thread 0x000002030884f500 Uncommon trap: trap_request=0xffffff45 fr.pc=0x000002031a1f1304 relative=0x00000000000000e4
Event: 1.046 Thread 0x000002030884f500 Uncommon trap: reason=unstable_if action=reinterpret pc=0x000002031a1f1304 method=java.lang.String.isLatin1()Z @ 10 c2
Event: 1.046 Thread 0x000002030884f500 DEOPT PACKING pc=0x000002031a1f1304 sp=0x0000008e4e1fec10
Event: 1.046 Thread 0x000002030884f500 DEOPT UNPACKING pc=0x0000020319ca46a2 sp=0x0000008e4e1feb60 mode 2
Event: 1.093 Thread 0x000002030884f500 DEOPT PACKING pc=0x000002031272bf73 sp=0x0000008e4e1f9e60
Event: 1.093 Thread 0x000002030884f500 DEOPT UNPACKING pc=0x0000020319ca4e42 sp=0x0000008e4e1f9280 mode 0
Event: 1.098 Thread 0x000002030884f500 DEOPT PACKING pc=0x0000020312729754 sp=0x0000008e4e1fa540
Event: 1.098 Thread 0x000002030884f500 DEOPT UNPACKING pc=0x0000020319ca4e42 sp=0x0000008e4e1f99a8 mode 0
Event: 1.292 Thread 0x000002030884f500 Uncommon trap: trap_request=0xffffff45 fr.pc=0x000002031a1f9d1c relative=0x000000000000007c
Event: 1.292 Thread 0x000002030884f500 Uncommon trap: reason=unstable_if action=reinterpret pc=0x000002031a1f9d1c method=java.io.WinNTFileSystem.isSlash(C)Z @ 9 c2
Event: 1.292 Thread 0x000002030884f500 DEOPT PACKING pc=0x000002031a1f9d1c sp=0x0000008e4e1fe680
Event: 1.292 Thread 0x000002030884f500 DEOPT UNPACKING pc=0x0000020319ca46a2 sp=0x0000008e4e1fe618 mode 2
Event: 1.384 Thread 0x000002030884f500 Uncommon trap: trap_request=0xffffff45 fr.pc=0x000002031a1fc9f4 relative=0x0000000000000054
Event: 1.384 Thread 0x000002030884f500 Uncommon trap: reason=unstable_if action=reinterpret pc=0x000002031a1fc9f4 method=sun.nio.fs.WindowsPathParser.isSlash(C)Z @ 9 c2
Event: 1.384 Thread 0x000002030884f500 DEOPT PACKING pc=0x000002031a1fc9f4 sp=0x0000008e4e1fb560
Event: 1.385 Thread 0x000002030884f500 DEOPT UNPACKING pc=0x0000020319ca46a2 sp=0x0000008e4e1fb4f8 mode 2
Event: 1.419 Thread 0x000002030884f500 DEOPT PACKING pc=0x000002031274dc03 sp=0x0000008e4e1f9370
Event: 1.419 Thread 0x000002030884f500 DEOPT UNPACKING pc=0x0000020319ca4e42 sp=0x0000008e4e1f87d0 mode 0

Classes loaded (20 events):
Event: 1.390 Loading class java/nio/DirectShortBufferU
Event: 1.391 Loading class java/nio/DirectShortBufferU done
Event: 1.391 Loading class java/nio/DirectCharBufferU
Event: 1.391 Loading class java/nio/DirectCharBufferU done
Event: 1.391 Loading class java/nio/DirectFloatBufferU
Event: 1.391 Loading class java/nio/DirectFloatBufferU done
Event: 1.391 Loading class java/nio/DirectDoubleBufferU
Event: 1.391 Loading class java/nio/DirectDoubleBufferU done
Event: 1.392 Loading class sun/misc/Unsafe
Event: 1.392 Loading class sun/misc/Unsafe done
Event: 1.392 Loading class java/lang/invoke/DirectMethodHandle$StaticAccessor
Event: 1.393 Loading class java/lang/invoke/DirectMethodHandle$StaticAccessor done
Event: 1.397 Loading class java/util/function/LongPredicate
Event: 1.397 Loading class java/util/function/LongPredicate done
Event: 1.400 Loading class java/lang/foreign/MemorySegment
Event: 1.400 Loading class java/lang/foreign/MemorySegment done
Event: 1.407 Loading class java/nio/InvalidMarkException
Event: 1.407 Loading class java/nio/InvalidMarkException done
Event: 1.407 Loading class java/nio/BufferUnderflowException
Event: 1.408 Loading class java/nio/BufferUnderflowException done

Classes unloaded (0 events):
No events

Classes redefined (0 events):
No events

Internal exceptions (17 events):
Event: 1.339 Thread 0x000002030884f500 Exception <a 'java/lang/NoSuchMethodError'{0x00000007130e36a8}: 'void java.lang.invoke.DirectMethodHandle$Holder.invokeStatic(java.lang.Object, java.lang.Object)'> (0x00000007130e36a8) 
thrown [s\open\src\hotspot\share\interpreter\linkResolver.cpp, line 773]
Event: 1.341 Thread 0x000002030884f500 Exception <a 'java/lang/NoSuchMethodError'{0x00000007130e88a0}: 'void java.lang.System.load(java.lang.String, java.lang.Class)'> (0x00000007130e88a0) 
thrown [s\open\src\hotspot\share\interpreter\linkResolver.cpp, line 773]
Event: 1.341 Thread 0x000002030884f500 Exception <a 'java/lang/NoSuchMethodError'{0x00000007130e9490}: 'void java.lang.invoke.DirectMethodHandle$Holder.invokeSpecial(java.lang.Object, java.lang.Object, java.lang.Object)'> (0x00000007130e9490) 
thrown [s\open\src\hotspot\share\interpreter\linkResolver.cpp, line 773]
Event: 1.344 Thread 0x000002030884f500 Exception <a 'java/lang/NoSuchMethodError'{0x00000007130f9fa8}: 'java.lang.Object java.lang.invoke.DirectMethodHandle$Holder.invokeStatic(java.lang.Object, java.lang.Object, int)'> (0x00000007130f9fa8) 
thrown [s\open\src\hotspot\share\interpreter\linkResolver.cpp, line 773]
Event: 1.346 Thread 0x000002030884f500 Exception <a 'java/lang/NoSuchMethodError'{0x00000007131053f8}: 'void java.lang.invoke.DelegatingMethodHandle$Holder.delegate(java.lang.Object, java.lang.Object, int, java.lang.Object)'> (0x00000007131053f8) 
thrown [s\open\src\hotspot\share\interpreter\linkResolver.cpp, line 773]
Event: 1.347 Thread 0x000002030884f500 Exception <a 'java/lang/NoSuchMethodError'{0x00000007131092e0}: 'int java.lang.invoke.DirectMethodHandle$Holder.invokeSpecial(java.lang.Object, java.lang.Object, java.lang.Object)'> (0x00000007131092e0) 
thrown [s\open\src\hotspot\share\interpreter\linkResolver.cpp, line 773]
Event: 1.353 Thread 0x000002030884f500 Exception <a 'java/lang/NoSuchMethodError'{0x0000000713123508}: 'void java.lang.System.loadLibrary(java.lang.String, java.lang.Class)'> (0x0000000713123508) 
thrown [s\open\src\hotspot\share\interpreter\linkResolver.cpp, line 773]
Event: 1.385 Thread 0x000002030884f500 Exception <a 'sun/nio/fs/WindowsException'{0x000000071317a868}> (0x000000071317a868) 
thrown [s\open\src\hotspot\share\prims\jni.cpp, line 520]
Event: 1.385 Thread 0x000002030884f500 Exception <a 'sun/nio/fs/WindowsException'{0x000000071317ad98}> (0x000000071317ad98) 
thrown [s\open\src\hotspot\share\prims\jni.cpp, line 520]
Event: 1.398 Thread 0x000002030884f500 Exception <a 'java/lang/NoSuchMethodError'{0x00000007131b03b0}: 'int java.lang.invoke.DirectMethodHandle$Holder.invokeStaticInit(java.lang.Object, java.lang.Object, int, long)'> (0x00000007131b03b0) 
thrown [s\open\src\hotspot\share\interpreter\linkResolver.cpp, line 773]
Event: 1.399 Thread 0x000002030884f500 Exception <a 'java/lang/NoSuchMethodError'{0x00000007131b53d8}: 'java.lang.Object java.lang.invoke.DirectMethodHandle$Holder.newInvokeSpecial(java.lang.Object, java.lang.Object, int)'> (0x00000007131b53d8) 
thrown [s\open\src\hotspot\share\interpreter\linkResolver.cpp, line 773]
Event: 1.403 Thread 0x000002030884f500 Exception <a 'java/lang/NoSuchMethodError'{0x00000007131c6db8}: 'int java.lang.invoke.DirectMethodHandle$Holder.invokeStaticInit(java.lang.Object, java.lang.Object, long, long)'> (0x00000007131c6db8) 
thrown [s\open\src\hotspot\share\interpreter\linkResolver.cpp, line 773]
Event: 1.403 Thread 0x000002030884f500 Exception <a 'java/lang/NoSuchMethodError'{0x00000007131cc620}: 'java.lang.Object java.lang.invoke.DirectMethodHandle$Holder.newInvokeSpecial(java.lang.Object, java.lang.Object, long)'> (0x00000007131cc620) 
thrown [s\open\src\hotspot\share\interpreter\linkResolver.cpp, line 773]
Event: 1.404 Thread 0x000002030884f500 Exception <a 'java/lang/NoSuchMethodError'{0x00000007131d03d8}: 'java.lang.Object java.lang.invoke.Invokers$Holder.linkToTargetMethod(java.lang.Object, long, java.lang.Object)'> (0x00000007131d03d8) 
thrown [s\open\src\hotspot\share\interpreter\linkResolver.cpp, line 773]
Event: 1.405 Thread 0x000002030884f500 Exception <a 'java/lang/NoSuchMethodError'{0x00000007131d7460}: 'int java.lang.invoke.DirectMethodHandle$Holder.invokeStaticInit(java.lang.Object, java.lang.Object, java.lang.Object, long)'> (0x00000007131d7460) 
thrown [s\open\src\hotspot\share\interpreter\linkResolver.cpp, line 773]
Event: 1.428 Thread 0x000002030884f500 Exception <a 'sun/nio/fs/WindowsException'{0x0000000712e5faf0}> (0x0000000712e5faf0) 
thrown [s\open\src\hotspot\share\prims\jni.cpp, line 520]
Event: 1.428 Thread 0x000002030884f500 Exception <a 'sun/nio/fs/WindowsException'{0x0000000712e5fe80}> (0x0000000712e5fe80) 
thrown [s\open\src\hotspot\share\prims\jni.cpp, line 520]

ZGC Phase Switch (0 events):
No events

VM Operations (8 events):
Event: 1.065 Executing VM operation: Cleanup
Event: 1.065 Executing VM operation: Cleanup done
Event: 1.102 Executing VM operation: HandshakeAllThreads (Deoptimize)
Event: 1.102 Executing VM operation: HandshakeAllThreads (Deoptimize) done
Event: 1.292 Executing VM operation: HandshakeAllThreads (Deoptimize)
Event: 1.292 Executing VM operation: HandshakeAllThreads (Deoptimize) done
Event: 1.344 Executing VM operation: HandshakeAllThreads (Deoptimize)
Event: 1.344 Executing VM operation: HandshakeAllThreads (Deoptimize) done

Events (14 events):
Event: 0.048 Thread 0x000002030884f500 Thread added: 0x000002030884f500
Event: 0.069 Thread 0x0000020329fa84f0 Thread added: 0x0000020329fa84f0
Event: 0.069 Thread 0x0000020329fa9150 Thread added: 0x0000020329fa9150
Event: 0.069 Thread 0x0000020329fac6a0 Thread added: 0x0000020329fac6a0
Event: 0.070 Thread 0x0000020329fad660 Thread added: 0x0000020329fad660
Event: 0.070 Thread 0x0000020329fb21e0 Thread added: 0x0000020329fb21e0
Event: 0.070 Thread 0x0000020329fb4c50 Thread added: 0x0000020329fb4c50
Event: 0.070 Thread 0x0000020329fbf470 Thread added: 0x0000020329fbf470
Event: 0.070 Thread 0x000002036f120090 Thread added: 0x000002036f120090
Event: 0.245 Thread 0x000002036f29ded0 Thread added: 0x000002036f29ded0
Event: 0.246 Thread 0x000002036f2af100 Thread added: 0x000002036f2af100
Event: 0.246 Thread 0x000002036f2b1790 Thread added: 0x000002036f2b1790
Event: 1.045 Thread 0x000002036f2b4330 Thread added: 0x000002036f2b4330
Event: 1.051 Thread 0x000002036f2b8b60 Thread added: 0x000002036f2b8b60


Dynamic libraries:
0x00007ff710480000 - 0x00007ff710490000 	C:\Users\nqmti\Downloads\jdk-21.0.3_windows-x64_bin\jdk-21.0.3\bin\java.exe
0x00007ffdfb430000 - 0x00007ffdfb647000 	C:\WINDOWS\SYSTEM32\ntdll.dll
0x00007ffdfa150000 - 0x00007ffdfa214000 	C:\WINDOWS\System32\KERNEL32.DLL
0x00007ffdf8c90000 - 0x00007ffdf903d000 	C:\WINDOWS\System32\KERNELBASE.dll
0x00007ffdf9040000 - 0x00007ffdf9151000 	C:\WINDOWS\System32\ucrtbase.dll
0x00007ffdc9bf0000 - 0x00007ffdc9c0b000 	C:\Users\nqmti\Downloads\jdk-21.0.3_windows-x64_bin\jdk-21.0.3\bin\VCRUNTIME140.dll
0x00007ffdc9ca0000 - 0x00007ffdc9cb9000 	C:\Users\nqmti\Downloads\jdk-21.0.3_windows-x64_bin\jdk-21.0.3\bin\jli.dll
0x00007ffdfa450000 - 0x00007ffdfa502000 	C:\WINDOWS\System32\ADVAPI32.dll
0x00007ffdfaf20000 - 0x00007ffdfafc7000 	C:\WINDOWS\System32\msvcrt.dll
0x00007ffdf9bc0000 - 0x00007ffdf9c69000 	C:\WINDOWS\System32\sechost.dll
0x00007ffdf8b50000 - 0x00007ffdf8b78000 	C:\WINDOWS\System32\bcrypt.dll
0x00007ffdf9160000 - 0x00007ffdf9274000 	C:\WINDOWS\System32\RPCRT4.dll
0x00007ffdfa510000 - 0x00007ffdfa6be000 	C:\WINDOWS\System32\USER32.dll
0x00007ffdd9db0000 - 0x00007ffdda043000 	C:\WINDOWS\WinSxS\amd64_microsoft.windows.common-controls_6595b64144ccf1df_6.0.22621.3672_none_2713b9d173822955\COMCTL32.dll
0x00007ffdf89b0000 - 0x00007ffdf89d6000 	C:\WINDOWS\System32\win32u.dll
0x00007ffdfa2b0000 - 0x00007ffdfa2d9000 	C:\WINDOWS\System32\GDI32.dll
0x00007ffdf8750000 - 0x00007ffdf8869000 	C:\WINDOWS\System32\gdi32full.dll
0x00007ffdf8bf0000 - 0x00007ffdf8c8a000 	C:\WINDOWS\System32\msvcp_win.dll
0x00007ffded2e0000 - 0x00007ffded2ea000 	C:\WINDOWS\SYSTEM32\VERSION.dll
0x00007ffdf9280000 - 0x00007ffdf92b1000 	C:\WINDOWS\System32\IMM32.DLL
0x00007ffdde2b0000 - 0x00007ffdde2bc000 	C:\Users\nqmti\Downloads\jdk-21.0.3_windows-x64_bin\jdk-21.0.3\bin\vcruntime140_1.dll
0x00007ffda6bb0000 - 0x00007ffda6c3e000 	C:\Users\nqmti\Downloads\jdk-21.0.3_windows-x64_bin\jdk-21.0.3\bin\msvcp140.dll
0x00007ffd59a90000 - 0x00007ffd5a79d000 	C:\Users\nqmti\Downloads\jdk-21.0.3_windows-x64_bin\jdk-21.0.3\bin\server\jvm.dll
0x00007ffdfa230000 - 0x00007ffdfa2a1000 	C:\WINDOWS\System32\WS2_32.dll
0x00007ffdf75a0000 - 0x00007ffdf75ed000 	C:\WINDOWS\SYSTEM32\POWRPROF.dll
0x00007ffdf2ab0000 - 0x00007ffdf2ae4000 	C:\WINDOWS\SYSTEM32\WINMM.dll
0x00007ffdf7580000 - 0x00007ffdf7593000 	C:\WINDOWS\SYSTEM32\UMPDC.dll
0x00007ffdf7840000 - 0x00007ffdf7858000 	C:\WINDOWS\SYSTEM32\kernel.appcore.dll
0x00007ffdde0c0000 - 0x00007ffdde0ca000 	C:\Users\nqmti\Downloads\jdk-21.0.3_windows-x64_bin\jdk-21.0.3\bin\jimage.dll
0x00007ffdf4c00000 - 0x00007ffdf4e32000 	C:\WINDOWS\SYSTEM32\DBGHELP.DLL
0x00007ffdfa6c0000 - 0x00007ffdfaa4d000 	C:\WINDOWS\System32\combase.dll
0x00007ffdfafe0000 - 0x00007ffdfb0b7000 	C:\WINDOWS\System32\OLEAUT32.dll
0x00007ffdecdb0000 - 0x00007ffdecde2000 	C:\WINDOWS\SYSTEM32\dbgcore.DLL
0x00007ffdf8870000 - 0x00007ffdf88eb000 	C:\WINDOWS\System32\bcryptPrimitives.dll
0x00007ffdb4650000 - 0x00007ffdb468c000 	C:\Users\nqmti\Downloads\jdk-21.0.3_windows-x64_bin\jdk-21.0.3\bin\jdwp.dll
0x00007ffdc9b90000 - 0x00007ffdc9baf000 	C:\Users\nqmti\Downloads\jdk-21.0.3_windows-x64_bin\jdk-21.0.3\bin\java.dll
0x00007ffdf92c0000 - 0x00007ffdf9b28000 	C:\WINDOWS\System32\SHELL32.dll
0x00007ffdf6660000 - 0x00007ffdf6f5e000 	C:\WINDOWS\SYSTEM32\windows.storage.dll
0x00007ffdf6520000 - 0x00007ffdf665f000 	C:\WINDOWS\SYSTEM32\wintypes.dll
0x00007ffdf9c70000 - 0x00007ffdf9d69000 	C:\WINDOWS\System32\SHCORE.dll
0x00007ffdfa0f0000 - 0x00007ffdfa14e000 	C:\WINDOWS\System32\shlwapi.dll
0x00007ffdf8680000 - 0x00007ffdf86a1000 	C:\WINDOWS\SYSTEM32\profapi.dll
0x00007ffda04f0000 - 0x00007ffda05c7000 	C:\Users\nqmti\Downloads\jdk-21.0.3_windows-x64_bin\jdk-21.0.3\bin\jsvml.dll
0x00007ffdde050000 - 0x00007ffdde05c000 	C:\Users\nqmti\Downloads\jdk-21.0.3_windows-x64_bin\jdk-21.0.3\bin\dt_socket.dll
0x00007ffdf7230000 - 0x00007ffdf725d000 	C:\WINDOWS\SYSTEM32\IPHLPAPI.DLL
0x00007ffdf7cb0000 - 0x00007ffdf7d19000 	C:\WINDOWS\system32\mswsock.dll
0x00007ffddb080000 - 0x00007ffddb090000 	C:\Users\nqmti\Downloads\jdk-21.0.3_windows-x64_bin\jdk-21.0.3\bin\net.dll
0x00007ffdf3f60000 - 0x00007ffdf4096000 	C:\WINDOWS\SYSTEM32\WINHTTP.dll
0x00007ffdbbd80000 - 0x00007ffdbbd96000 	C:\Users\nqmti\Downloads\jdk-21.0.3_windows-x64_bin\jdk-21.0.3\bin\nio.dll
0x00007ffdbba60000 - 0x00007ffdbba78000 	C:\Users\nqmti\Downloads\jdk-21.0.3_windows-x64_bin\jdk-21.0.3\bin\zip.dll
0x00007ffdd1dc0000 - 0x00007ffdd1dd0000 	C:\Users\nqmti\Downloads\jdk-21.0.3_windows-x64_bin\jdk-21.0.3\bin\verify.dll
0x0000000069e50000 - 0x0000000069e79000 	C:\Users\nqmti\AppData\Local\Temp\libgdxnqmti\e787ab0a\gdx64.dll
0x00007ffda4750000 - 0x00007ffda47c5000 	C:\Users\nqmti\AppData\Local\Temp\lwjglnqmti\3.3.1-build-7\lwjgl.dll
0x00007ffd9ff40000 - 0x00007ffda0199000 	C:\Users\nqmti\AppData\Local\Temp\lwjglnqmti\3.3.1-build-7\jemalloc.dll

dbghelp: loaded successfully - version: 4.0.5 - missing functions: none
symbol engine: initialized successfully - sym options: 0x614 - pdb path: .;C:\Users\nqmti\Downloads\jdk-21.0.3_windows-x64_bin\jdk-21.0.3\bin;C:\WINDOWS\SYSTEM32;C:\WINDOWS\WinSxS\amd64_microsoft.windows.common-controls_6595b64144ccf1df_6.0.22621.3672_none_2713b9d173822955;C:\Users\nqmti\Downloads\jdk-21.0.3_windows-x64_bin\jdk-21.0.3\bin\server;C:\Users\nqmti\AppData\Local\Temp\libgdxnqmti\e787ab0a;C:\Users\nqmti\AppData\Local\Temp\lwjglnqmti\3.3.1-build-7

VM Arguments:
jvm_args: -agentlib:jdwp=transport=dt_socket,server=n,suspend=y,address=127.0.0.1:64985 -Dfile.encoding=windows-1252 -Duser.country=US -Duser.language=en -Duser.variant 
java_command: com.csse3200.game.desktop.DesktopLauncher
java_class_path (initial): C:\Users\nqmti\2024-studio-1\source\desktop\build\classes\java\main;C:\Users\nqmti\2024-studio-1\source\desktop\build\resources\main;C:\Users\nqmti\.gradle\caches\modules-2\files-2.1\com.badlogicgames.gdx\gdx-backend-lwjgl3\1.11.0\58a96db4cd349be4292d547856aa1e1c5f065f4e\gdx-backend-lwjgl3-1.11.0.jar;C:\Users\nqmti\.gradle\caches\modules-2\files-2.1\com.badlogicgames.gdx\gdx-platform\1.11.0\697fb13eada6d3c6ca648c9788692b0159add126\gdx-platform-1.11.0-natives-desktop.jar;C:\Users\nqmti\.gradle\caches\modules-2\files-2.1\com.badlogicgames.gdx\gdx-box2d-platform\1.11.0\62ff9baa1e57a11e0a4428a38c9660bf9f312fdc\gdx-box2d-platform-1.11.0-natives-desktop.jar;C:\Users\nqmti\.gradle\caches\modules-2\files-2.1\com.badlogicgames.gdx\gdx-tools\1.11.0\a5d30eafd0f2fbab314efdf6d98ebc27388b7c0a\gdx-tools-1.11.0.jar;C:\Users\nqmti\.gradle\caches\modules-2\files-2.1\com.badlogicgames.gdx-controllers\gdx-controllers-desktop\2.2.2\625b3bdbe803e9c4af181b4791202cfcf776d805\gdx-controllers-desktop-2.2.2.jar;C:\Users\nqmti\2024-studio-1\source\core\build\libs\core-1.0.jar;C:\Users\nqmti\.gradle\caches\modules-2\files-2.1\com.badlogicgames.gdx\gdx-backend-lwjgl\1.11.0\33555a2cf8b4d9db4122b2fe42e7674b343d8b4\gdx-backend-lwjgl-1.11.0.jar;C:\Users\nqmti\.gradle\caches\modules-2\files-2.1\com.badlogicgames.gdx\gdx-freetype\1.11.0\a3634ad2e6c56d251268d6ab5c0f66eee2841f2c\gdx-freetype-1.11.0.jar;C:\Users\nqmti\.gradle\caches\modules-2\files-2.1\com.badlogicgames.gdx\gdx-backend-headless\1.11.0\3c3d0c951db72891d894df1725d09179fd0bca00\gdx-backend-headless-1.11.0.jar;C:\Users\nqmti\.gradle\caches\modules-2\files-2.1\com.badlogicgames.gdx-controllers\gdx-controllers-core\2.2.2\25473efe9273912a03a4871a9e1469b41d86face\gdx-controllers-core-2.2.2.jar;C:\Users\nqmti\.gradle\caches\modules-2\files-2.1\net.dermetfan.libgdx-utils\libgdx-utils-box2d\0.13.4\918d79a20ea3c898cdb3611782c5b2bfa6ec575b\libgdx-utils-box2d-0.13.4.jar;C:\Users\nqmti\.gradle\caches\modules-2\files-2.1\com.badlogicgames.gdx\gdx-box2d\1.11.0\ad4facee800dd945d6d6e93dea2936bc135b5f\gdx-box2d-1.11.0.jar;C:\Users\nqmti\.gradle\caches\modules-2\files-2.1\net.dermetfan.libgdx-utils\libgdx-utils\0.13.4\27affad2873d1c9c366a2290fc51f3927f3a5f83\libgdx-utils-0.13.4.jar;C:\Users\nqmti\.gradle\caches\modules-2\files-2.1\com.badlogicgames.gdx\gdx\1.11.0\ffe1206d1004cd9e40027e28964be0fea0399af7\gdx-1.11.0.jar;C:\Users\nqmti\.gradle\caches\modules-2\files-2.1\org.lwjgl\lwjgl-glfw\3.3.1\cbac1b8d30cb4795149c1ef540f912671a8616d0\lwjgl-glfw-3.3.1.jar;C:\Users\nqmti\.gradle\caches\modules-2\files-2.1\org.lwjgl\lwjgl-glfw\3.3.1\81716978214ecbda15050ca394b06ef61501a49e\lwjgl-glfw-3.3.1-natives-linux.jar;C:\Users\nqmti\.gradle\caches\modules-2\files-2.1\org.lwjgl\lwjgl-glfw\3.3.1\816d935933f2dd743074c4e717cc25b55720f294\lwjgl-glfw-3.3.1-natives-linux-arm32.jar;C:\Users\nqmti\.gradle\caches\modules-2\files-2.1\org.lwjgl\lwjgl-glfw\3.3.1\513eb39b866d0fe131a18d5c517087805433b029\lwjgl-glfw-3.3.1-natives-linux-arm64.jar;C:\Users\nqmti\.gradle\caches\modules-2\files-2.1\org.lwjgl\lwjgl-glfw\3.3.1\9ec4ce1fc8c85fdef03ef4ff2aace6f5775fb280\lwjgl-glfw-3.3.1-natives-macos.jar;C:\Users\nqmti\.gradle\caches\modules-2\files-2.1\org.lwjgl\lwjgl-glfw\3.3.1\cac0d3f712a3da7641fa174735a5f315de7ffe0a\lwjgl-glfw-3.3.1-natives-macos-arm64.jar;C:\Users\nqmti\.gradle\caches\modules-2\files-2.1\org.lwjgl\lwjgl-glfw\3.3.1\ed892f945cf7e79c8756796f32d00fa4ceaf573b\lwjgl-glfw-3.3.1-natives-windows.jar;C:\Users\nqmti\.gradle\caches\modules-2\files-2.1\org.lwjgl\lwjgl-glfw\3.3.1\b997e3391d6ce8f05487e7335d95c606043884a1\lwjgl-glfw-3.3.1-natives-windows-x86.jar;C:\Users\nqmti\.gradle\caches\modules-2\files-2.1\org.lwjgl\lwjgl-jemalloc\3.3.1\a817bcf213db49f710603677457567c37d53e103\lwjgl-jemalloc-3.3.1.jar;C:\Users\nqmti\.gradle\caches\modules-2\files-2.1\org.lwjgl\lwjgl-jemalloc\3.3.1\33dbb017b6ed6b25f993ad9d56741a49e7937718\lwjgl-jemalloc-3.3.1-natives-linux.jar;C:\Users\nqmti\.gradle\caches\modules-2\files-2.1\org.lwjgl\lwjgl-jemalloc\3.3.1\a96a6d6cb3876d7813fcee53c3c24f246aeba3b3\lwjgl-jemalloc-3.3.1-natives-linux-arm32.jar;C:\Users\nqmti\.gradle\caches\modules-2\files-2.1\org.lwjgl\lwjgl-jemalloc\3.3.1\c6606e57db075ad218a2e78d2416c159a53b6a0c\lwjgl-jemalloc-3.3.1-natives-linux-arm64.jar;C:\Users\nqmti\.gradle\caches\modules-2\files-2.1\org.lwjgl\lwjgl-jemalloc\3.3.1\56424dc8db3cfb8e7b594aa6d59a4f4387b7f544\lwjgl-jemalloc-3.3.1-natives-macos.jar;C:\Users\nqmti\.gradle\caches\modules-2\files-2.1\org.lwjgl\lwjgl-jemalloc\3.3.1\e577b87d8ad2ade361aaea2fcf226c660b15dee8\lwjgl-jemalloc-3.3.1-natives-macos-arm64.jar;C:\Users\nqmti\.gradle\caches\modules-2\files-2.1\org.lwjgl\lwjgl-jemalloc\3.3.1\948a89b76a16aa324b046ae9308891216ffce5f9\lwjgl-jemalloc-3.3.1-natives-windows.jar;C:\Users\nqmti\.gradle\caches\modules-2\files-2.1\org.lwjgl\lwjgl-jemalloc\3.3.1\fb476c8ec110e1c137ad3ce8a7f7bfe6b11c6324\lwjgl-jemalloc-3.3.1-natives-windows-x86.jar;C:\Users\nqmti\.gradle\caches\modules-2\files-2.1\org.lwjgl\lwjgl-openal\3.3.1\2623a6b8ae1dfcd880738656a9f0243d2e6840bd\lwjgl-openal-3.3.1.jar;C:\Users\nqmti\.gradle\caches\modules-2\files-2.1\org.lwjgl\lwjgl-openal\3.3.1\f906b6439f6daa66001182ea7727e3467a93681b\lwjgl-openal-3.3.1-natives-linux.jar;C:\Users\nqmti\.gradle\caches\modules-2\files-2.1\org.lwjgl\lwjgl-openal\3.3.1\ffbe35d7fa5ec9b7eca136a7c71f24d4025a510b\lwjgl-openal-3.3.1-natives-linux-arm32.jar;C:\Users\nqmti\.gradle\caches\modules-2\files-2.1\org.lwjgl\lwjgl-openal\3.3.1\cf4e303257e82981b8b2e31bba3d7f8f7b8f42b2\lwjgl-openal-3.3.1-natives-linux-arm64.jar;C:\Users\nqmti\.gradle\caches\modules-2\files-2.1\org.lwjgl\lwjgl-openal\3.3.1\3a57b8911835fb58b5e558d0ca0d28157e263d45\lwjgl-openal-3.3.1-natives-macos.jar;C:\Users\nqmti\.gradle\caches\modules-2\files-2.1\org.lwjgl\lwjgl-openal\3.3.1\23d55e7490b57495320f6c9e1936d78fd72c4ef8\lwjgl-openal-3.3.1-natives-macos-arm64.jar;C:\Users\nqmti\.gradle\caches\modules-2\files-2.1\org.lwjgl\lwjgl-openal\3.3.1\30a474d0e57193d7bc128849a3ab66bc9316fdb1\lwjgl-openal-3.3.1-natives-windows.jar;C:\Users\nqmti\.gradle\caches\modules-2\files-2.1\org.lwjgl\lwjgl-openal\3.3.1\888349f7b1be6fbae58bf8edfb9ef12def04c4e3\lwjgl-openal-3.3.1-natives-windows-x86.jar;C:\Users\nqmti\.gradle\caches\modules-2\files-2.1\org.lwjgl\lwjgl-opengl\3.3.1\831a5533a21a5f4f81bbc51bb13e9899319b5411\lwjgl-opengl-3.3.1.jar;C:\Users\nqmti\.gradle\caches\modules-2\files-2.1\org.lwjgl\lwjgl-opengl\3.3.1\ab9ab6fde3743e3550fa5d46d785ecb45b047d99\lwjgl-opengl-3.3.1-natives-linux.jar;C:\Users\nqmti\.gradle\caches\modules-2\files-2.1\org.lwjgl\lwjgl-opengl\3.3.1\e3550fa91097fd56e361b4370fa822220fef3595\lwjgl-opengl-3.3.1-natives-linux-arm32.jar;C:\Users\nqmti\.gradle\caches\modules-2\files-2.1\org.lwjgl\lwjgl-opengl\3.3.1\1c528fb258a6e63e8fceb4482d8db0f3af10a634\lwjgl-opengl-3.3.1-natives-linux-arm64.jar;C:\Users\nqmti\.gradle\caches\modules-2\files-2.1\org.lwjgl\lwjgl-opengl\3.3.1\a0d12697ea019a7362eff26475b0531340e876a6\lwjgl-opengl-3.3.1-natives-macos.jar;C:\Users\nqmti\.gradle\caches\modules-2\files-2.1\org.lwjgl\lwjgl-opengl\3.3.1\eafe34b871d966292e8db0f1f3d6b8b110d4e91d\lwjgl-opengl-3.3.1-natives-macos-arm64.jar;C:\Users\nqmti\.gradle\caches\modules-2\files-2.1\org.lwjgl\lwjgl-opengl\3.3.1\c1807e9bd571402787d7e37e3029776ae2513bb8\lwjgl-opengl-3.3.1-natives-windows.jar;C:\Users\nqmti\.gradle\caches\modules-2\files-2.1\org.lwjgl\lwjgl-opengl\3.3.1\deef3eb9b178ff2ff3ce893cc72ae741c3a17974\lwjgl-opengl-3.3.1-natives-windows-x86.jar;C:\Users\nqmti\.gradle\caches\modules-2\files-2.1\org.lwjgl\lwjgl-stb\3.3.1\b119297cf8ed01f247abe8685857f8e7fcf5980f\lwjgl-stb-3.3.1.jar;C:\Users\nqmti\.gradle\caches\modules-2\files-2.1\org.lwjgl\lwjgl-stb\3.3.1\3ee7aec8686e52867677110415566a5342a80230\lwjgl-stb-3.3.1-natives-linux.jar;C:\Users\nqmti\.gradle\caches\modules-2\files-2.1\org.lwjgl\lwjgl-stb\3.3.1\b08226bab162c06ae69337d8a1b0ee0a3fdf0b90\lwjgl-stb-3.3.1-natives-linux-arm32.jar;C:\Users\nqmti\.gradle\caches\modules-2\files-2.1\org.lwjgl\lwjgl-stb\3.3.1\8e8348a1813aad7f30aaf75ea197151ebb7beba9\lwjgl-stb-3.3.1-natives-linux-arm64.jar;C:\Users\nqmti\.gradle\caches\modules-2\files-2.1\org.lwjgl\lwjgl-stb\3.3.1\def8879b8d38a47a4cc1d48b1f9a7b772e51258e\lwjgl-stb-3.3.1-natives-macos.jar;C:\Users\nqmti\.gradle\caches\modules-2\files-2.1\org.lwjgl\lwjgl-stb\3.3.1\fcf073ed911752abdca5f0b00a53cfdf17ff8e8b\lwjgl-stb-3.3.1-natives-macos-arm64.jar;C:\Users\nqmti\.gradle\caches\modules-2\files-2.1\org.lwjgl\lwjgl-stb\3.3.1\86315914ac119efdb02dc9e8e978ade84f1702af\lwjgl-stb-3.3.1-natives-windows.jar;C:\Users\nqmti\.gradle\caches\modules-2\files-2.1\org.lwjgl\lwjgl-stb\3.3.1\a8d41f419eecb430b7c91ea2ce2c5c451cae2091\lwjgl-stb-3.3.1-natives-windows-x86.jar;C:\Users\nqmti\.gradle\caches\modules-2\files-2.1\org.lwjgl\lwjgl\3.3.1\ae58664f88e18a9bb2c77b063833ca7aaec484cb\lwjgl-3.3.1.jar;C:\Users\nqmti\.gradle\caches\modules-2\files-2.1\org.lwjgl\lwjgl\3.3.1\1de885aba434f934201b99f2f1afb142036ac189\lwjgl-3.3.1-natives-linux.jar;C:\Users\nqmti\.gradle\caches\modules-2\files-2.1\org.lwjgl\lwjgl\3.3.1\41a3c1dd15d6b964eb8196dde69720a3e3e5e969\lwjgl-3.3.1-natives-linux-arm32.jar;C:\Users\nqmti\.gradle\caches\modules-2\files-2.1\org.lwjgl\lwjgl\3.3.1\b597401014acb7196c76d97e15a6288f54f1f692\lwjgl-3.3.1-natives-linux-arm64.jar;C:\Users\nqmti\.gradle\caches\modules-2\files-2.1\org.lwjgl\lwjgl\3.3.1\fc6bb723dec2cd031557dccb2a95f0ab80acb9db\lwjgl-3.3.1-natives-macos.jar;C:\Users\nqmti\.gradle\caches\modules-2\files-2.1\org.lwjgl\lwjgl\3.3.1\71d0d5e469c9c95351eb949064497e3391616ac9\lwjgl-3.3.1-natives-macos-arm64.jar;C:\Users\nqmti\.gradle\caches\modules-2\files-2.1\org.lwjgl\lwjgl\3.3.1\36c37f16ab611b3aa11f3bcf80b1d509b4ce6b\lwjgl-3.3.1-natives-windows.jar;C:\Users\nqmti\.gradle\caches\modules-2\files-2.1\org.lwjgl\lwjgl\3.3.1\3b14f4beae9dd39791ec9e12190a9380cd8a3ce6\lwjgl-3.3.1-natives-windows-x86.jar;C:\Users\nqmti\.gradle\caches\modules-2\files-2.1\com.badlogicgames.jlayer\jlayer\1.0.1-gdx\7cca83cec5c1b2f011362f4d85aabd71a73b049d\jlayer-1.0.1-gdx.jar;C:\Users\nqmti\.gradle\caches\modules-2\files-2.1\org.jcraft\jorbis\0.0.17\8872d22b293e8f5d7d56ff92be966e6dc28ebdc6\jorbis-0.0.17.jar;C:\Users\nqmti\.gradle\caches\modules-2\files-2.1\com.badlogicgames.jamepad\jamepad\2.0.20.0\55eb0007fd55c9914d106dac3387b9d444572cab\jamepad-2.0.20.0.jar;C:\Users\nqmti\.gradle\caches\modules-2\files-2.1\org.slf4j\slf4j-jdk14\1.7.36\4a18af6554bfe48b0f76eec98119c417da23c7e1\slf4j-jdk14-1.7.36.jar;C:\Users\nqmti\.gradle\caches\modules-2\files-2.1\org.slf4j\slf4j-api\1.7.36\6c62681a2f655b49963a5983b8b0950a6120ae14\slf4j-api-1.7.36.jar;C:\Users\nqmti\.gradle\caches\modules-2\files-2.1\com.badlogicgames.gdx\gdx-jnigen-loader\2.3.1\2d472f69243631fbcb3d4c3f93dd2e137a6cb084\gdx-jnigen-loader-2.3.1.jar;C:\Users\nqmti\.gradle\caches\modules-2\files-2.1\org.lwjgl.lwjgl\lwjgl\2.9.3\3df168ac74e4a8c96562cdff24ad352e255bf89c\lwjgl-2.9.3.jar;C:\Users\nqmti\.gradle\caches\modules-2\files-2.1\org.lwjgl.lwjgl\lwjgl-platform\2.9.3\fbc2afb3e288578e9942578decb6291a490549a0\lwjgl-platform-2.9.3-natives-windows.jar;C:\Users\nqmti\.gradle\caches\modules-2\files-2.1\org.lwjgl.lwjgl\lwjgl-platform\2.9.3\b1eafe80093381c56415731e1d64279e6140bcd0\lwjgl-platform-2.9.3-natives-linux.jar;C:\Users\nqmti\.gradle\caches\modules-2\files-2.1\org.lwjgl.lwjgl\lwjgl-platform\2.9.3\6686cf6ddaa20b4290aa6599a09bc0d17369be05\lwjgl-platform-2.9.3-natives-osx.jar;C:\Users\nqmti\.gradle\caches\modules-2\files-2.1\net.java.jinput\jinput\2.0.5\39c7796b469a600f72380316f6b1f11db6c2c7c4\jinput-2.0.5.jar;C:\Users\nqmti\.gradle\caches\modules-2\files-2.1\net.java.jutils\jutils\1.0.0\e12fe1fda814bd348c1579329c86943d2cd3c6a6\jutils-1.0.0.jar;C:\Users\nqmti\.gradle\caches\modules-2\files-2.1\net.java.jinput\jinput-platform\2.0.5\7ff832a6eb9ab6a767f1ade2b548092d0fa64795\jinput-platform-2.0.5-natives-linux.jar;C:\Users\nqmti\.gradle\caches\modules-2\files-2.1\net.java.jinput\jinput-platform\2.0.5\385ee093e01f587f30ee1c8a2ee7d408fd732e16\jinput-platform-2.0.5-natives-windows.jar;C:\Users\nqmti\.gradle\caches\modules-2\files-2.1\net.java.jinput\jinput-platform\2.0.5\53f9c919f34d2ca9de8c51fc4e1e8282029a9232\jinput-platform-2.0.5-natives-osx.jar
Launcher Type: SUN_STANDARD

[Global flags]
     intx CICompilerCount                          = 4                                         {product} {ergonomic}
     uint ConcGCThreads                            = 3                                         {product} {ergonomic}
     uint G1ConcRefinementThreads                  = 10                                        {product} {ergonomic}
   size_t G1HeapRegionSize                         = 2097152                                   {product} {ergonomic}
    uintx GCDrainStackTargetSize                   = 64                                        {product} {ergonomic}
   size_t InitialHeapSize                          = 266338304                                 {product} {ergonomic}
   size_t MarkStackSize                            = 4194304                                   {product} {ergonomic}
   size_t MaxHeapSize                              = 4234149888                                {product} {ergonomic}
   size_t MaxNewSize                               = 2539651072                                {product} {ergonomic}
   size_t MinHeapDeltaBytes                        = 2097152                                   {product} {ergonomic}
   size_t MinHeapSize                              = 8388608                                   {product} {ergonomic}
    uintx NonNMethodCodeHeapSize                   = 5839372                                {pd product} {ergonomic}
    uintx NonProfiledCodeHeapSize                  = 122909434                              {pd product} {ergonomic}
    uintx ProfiledCodeHeapSize                     = 122909434                              {pd product} {ergonomic}
    uintx ReservedCodeCacheSize                    = 251658240                              {pd product} {ergonomic}
     bool SegmentedCodeCache                       = true                                      {product} {ergonomic}
   size_t SoftMaxHeapSize                          = 4234149888                             {manageable} {ergonomic}
     bool UseCompressedOops                        = true                           {product lp64_product} {ergonomic}
     bool UseG1GC                                  = true                                      {product} {ergonomic}
     bool UseLargePagesIndividualAllocation        = false                                  {pd product} {ergonomic}

Logging:
Log output configuration:
 #0: stdout all=warning uptime,level,tags foldmultilines=false
 #1: stderr all=off uptime,level,tags foldmultilines=false

Environment Variables:
PATH=C:\Python312\Scripts\;C:\Python312\;C:\Program Files\Common Files\Oracle\Java\javapath;C:\Program Files (x86)\Common Files\Oracle\Java\java8path;C:\Program Files (x86)\Common Files\Oracle\Java\javapath;C:\Windows\system32;C:\Windows;C:\Windows\System32\Wbem;C:\Windows\System32\WindowsPowerShell\v1.0\;C:\Windows\System32\OpenSSH\;C:\Program Files (x86)\NVIDIA Corporation\PhysX\Common;C:\WINDOWS\system32;C:\WINDOWS;C:\WINDOWS\System32\Wbem;C:\WINDOWS\System32\WindowsPowerShell\v1.0\;C:\WINDOWS\System32\OpenSSH\;C:\Program Files\dotnet\;C:\Program Files\Git\cmd;C:\ProgramData\chocolatey\bin;C:\Program Files\Amazon\AWSCLIV2\;C:\Strawberry\c\bin;C:\Strawberry\perl\site\bin;C:\Strawberry\perl\bin;C:\Program Files\nodejs\;C:\Users\nqmti\AppData\Local\Microsoft\WindowsApps;C:\Users\nqmti\AppData\Local\Programs\Microsoft VS Code\bin;C:\Users\nqmti\AppData\Local\atom\bin;C:\Users\nqmti\AppData\Local\Programs\MiKTeX\miktex\bin\x64\;C:\Users\nqmti\AppData\Local\Microsoft\WindowsApps;C:\ghcup\bin;C:\Users\nqmti\AppData\Local\GitHubDesktop\bin;C:\Users\nqmti\AppData\Local\Packages\PythonSoftwareFoundation.Python.3.10_qbz5n2kfra8p0\LocalCache\local-packages\Python310\Scripts;C:\Program Files\JetBrains\IntelliJ IDEA Community Edition 2023.3.4\bin;;C:\Users\nqmti\AppData\Roaming\npm
USERNAME=nqmti
OS=Windows_NT
PROCESSOR_IDENTIFIER=Intel64 Family 6 Model 165 Stepping 2, GenuineIntel
TMP=C:\Users\nqmti\AppData\Local\Temp
TEMP=C:\Users\nqmti\AppData\Local\Temp




Periodic native trim disabled

---------------  S Y S T E M  ---------------

OS:
 Windows 11 , 64 bit Build 22621 (10.0.22621.3958)
OS uptime: 0 days 0:40 hours
Hyper-V role detected

CPU: total 12 (initial active 12) (6 cores per cpu, 2 threads per core) family 6 model 165 stepping 2 microcode 0xf8, cx8, cmov, fxsr, ht, mmx, 3dnowpref, sse, sse2, sse3, ssse3, sse4.1, sse4.2, popcnt, lzcnt, tsc, tscinvbit, avx, avx2, aes, erms, clmul, bmi1, bmi2, adx, fma, vzeroupper, clflush, clflushopt, hv, rdtscp, f16c
Processor Information for all 12 processors :
  Max Mhz: 2592, Current Mhz: 2292, Mhz Limit: 2592

Memory: 4k page, system-wide physical 16145M (5462M free)
TotalPageFile size 25873M (AvailPageFile size 11316M)
current process WorkingSet (physical memory assigned to process): 51M, peak: 51M
current process commit charge ("private bytes"): 352M, peak: 352M

vm_info: Java HotSpot(TM) 64-Bit Server VM (21.0.3+7-LTS-152) for windows-amd64 JRE (21.0.3+7-LTS-152), built on 2024-03-11T17:42:26Z by "mach5one" with MS VC++ 17.6 (VS2022)

END.
