#
# A fatal error has been detected by the Java Runtime Environment:
#
#  EXCEPTION_ACCESS_VIOLATION (0xc0000005) at pc=0x0000000062b3ba43, pid=32972, tid=43516
#
# JRE version: OpenJDK Runtime Environment (21.0.2+13) (build 21.0.2+13-58)
# Java VM: OpenJDK 64-Bit Server VM (21.0.2+13-58, mixed mode, sharing, tiered, compressed oops, compressed class ptrs, g1 gc, windows-amd64)
# Problematic frame:
# C  [gdx-box2d64.dll+0xba43]
#
# No core dump will be written. Minidumps are not enabled by default on client versions of Windows
#
# If you would like to submit a bug report, please visit:
#   https://bugreport.java.com/bugreport/crash.jsp
# The crash happened outside the Java Virtual Machine in native code.
# See problematic frame for where to report the bug.
#

---------------  S U M M A R Y ------------

Command Line: -Dfile.encoding=windows-1252 -Duser.country=IN -Duser.language=en -Duser.variant com.csse3200.game.desktop.DesktopLauncher

Host: 12th Gen Intel(R) Core(TM) i7-12700H, 20 cores, 15G,  Windows 11 , 64 bit Build 22621 (10.0.22621.3958)
Time: Wed Sep 11 10:39:55 2024 E. Australia Standard Time elapsed time: 4.763097 seconds (0d 0h 0m 4s)

---------------  T H R E A D  ---------------

Current thread (0x00000252ca1fb4b0):  JavaThread "main"             [_thread_in_native, id=43516, stack(0x000000e3eb500000,0x000000e3eb600000) (1024K)]

Stack: [0x000000e3eb500000,0x000000e3eb600000],  sp=0x000000e3eb5feb80,  free space=1018k
Native frames: (J=compiled Java code, j=interpreted, Vv=VM code, C=native code)
C  [gdx-box2d64.dll+0xba43]

Java frames: (J=compiled Java code, j=interpreted, Vv=VM code)
j  com.badlogic.gdx.physics.box2d.World.jniCreateBody(JIFFFFFFFFZZZZZF)J+0
j  com.badlogic.gdx.physics.box2d.World.createBody(Lcom/badlogic/gdx/physics/box2d/BodyDef;)Lcom/badlogic/gdx/physics/box2d/Body;+80
j  com.csse3200.game.physics.PhysicsEngine.createBody(Lcom/badlogic/gdx/physics/box2d/BodyDef;)Lcom/badlogic/gdx/physics/box2d/Body;+16
j  com.csse3200.game.physics.components.PhysicsComponent.<init>(Lcom/csse3200/game/physics/PhysicsEngine;)V+51
j  com.csse3200.game.physics.components.PhysicsComponent.<init>()V+7
j  com.csse3200.game.entities.factories.Door.<init>(CILjava/lang/String;)V+40
j  com.csse3200.game.areas.BaseRoom.spawnDoors(Lcom/csse3200/game/areas/GameArea;Lcom/csse3200/game/entities/Entity;)V+147
j  com.csse3200.game.areas.BaseRoom.spawn(Lcom/csse3200/game/entities/Entity;Lcom/csse3200/game/areas/MainGameArea;)V+17
j  com.csse3200.game.areas.MainGameArea.spawnCurrentRoom()V+52
j  com.csse3200.game.areas.GameAreaService.update()V+4
j  com.csse3200.game.screens.MainGameScreen.render(F)V+16
j  com.badlogic.gdx.Game.render()V+19
j  com.badlogic.gdx.backends.lwjgl3.Lwjgl3Window.update()Z+187
j  com.badlogic.gdx.backends.lwjgl3.Lwjgl3Application.loop()V+111
j  com.badlogic.gdx.backends.lwjgl3.Lwjgl3Application.<init>(Lcom/badlogic/gdx/ApplicationListener;Lcom/badlogic/gdx/backends/lwjgl3/Lwjgl3ApplicationConfiguration;)V+269
j  com.csse3200.game.desktop.DesktopLauncher.main([Ljava/lang/String;)V+20
v  ~StubRoutines::call_stub 0x00000252d9a9100d

siginfo: EXCEPTION_ACCESS_VIOLATION (0xc0000005), reading address 0x0000003600000000


Registers:
RAX=0x0000000062b7f060, RBX=0x0000003600000000, RCX=0x00000252f1c13850, RDX=0x00000000000000b8
RSP=0x000000e3eb5feb80, RBP=0x00000252f1c13880, RSI=0x00000252f1c13850, RDI=0x0000000000000148
R8 =0x00000252f1c13850, R9 =0x0000000000000002, R10=0x0000000000000001, R11=0x0000000000000001
R12=0x0000000000000006, R13=0x00000252eb93f938, R14=0x000000e3eb5fee50, R15=0x00000252ca1fb4b0
RIP=0x0000000062b3ba43, EFLAGS=0x0000000000010206


Register to memory mapping:

RAX=0x0000000062b7f060 gdx-box2d64.dll
RBX=0x0000003600000000 is an unknown value
RCX=0x00000252f1c13850 points into unknown readable memory: 0x00000252c7e6e650 | 50 e6 e6 c7 52 02 00 00
RDX=0x00000000000000b8 is an unknown value
RSP=0x000000e3eb5feb80 is pointing into the stack for thread: 0x00000252ca1fb4b0
RBP=0x00000252f1c13880 points into unknown readable memory: 0x0000000000000000 | 00 00 00 00 00 00 00 00
RSI=0x00000252f1c13850 points into unknown readable memory: 0x00000252c7e6e650 | 50 e6 e6 c7 52 02 00 00
RDI=0x0000000000000148 is an unknown value
R8 =0x00000252f1c13850 points into unknown readable memory: 0x00000252c7e6e650 | 50 e6 e6 c7 52 02 00 00
R9 =0x0000000000000002 is an unknown value
R10=0x0000000000000001 is an unknown value
R11=0x0000000000000001 is an unknown value
R12=0x0000000000000006 is an unknown value
R13={method} {0x00000252eb93f940} 'jniCreateBody' '(JIFFFFFFFFZZZZZF)J' in 'com/badlogic/gdx/physics/box2d/World'
R14=0x000000e3eb5fee50 is pointing into the stack for thread: 0x00000252ca1fb4b0
R15=0x00000252ca1fb4b0 is a thread

Top of Stack: (sp=0x000000e3eb5feb80)
0x000000e3eb5feb80:   0000000000000020 00000252ca1fb4b0
0x000000e3eb5feb90:   000000e3eb5fecb0 00007ff9bacafb2e
0x000000e3eb5feba0:   00000252eb93f938 00000252ca1fb4b0
0x000000e3eb5febb0:   00007ff9bb4143e8 00000252f1c13850
0x000000e3eb5febc0:   000000e3eb5fec60 0000000000000148
0x000000e3eb5febd0:   000000e3eb5feda8 0000000000000000
0x000000e3eb5febe0:   00000252eb93f938 0000000062b50e22
0x000000e3eb5febf0:   000000e3eb5fedc0 000000e3eb5fed40
0x000000e3eb5fec00:   000000e3eb5feca0 000000e3eb5feca0
0x000000e3eb5fec10:   0000025200000003 00000252eb93f938
0x000000e3eb5fec20:   00000252ca1fb4b0 0000000000000001
0x000000e3eb5fec30:   00000252eba95c60 0000000062b566e6
0x000000e3eb5fec40:   00000252ca1fb4b0 000000e3eb5fee50
0x000000e3eb5fec50:   000000e3eb5feda8 00000252d9a98287
0x000000e3eb5fec60:   0000000000000002 0000000000000000
0x000000e3eb5fec70:   0000000000000000 40a0000000000000
0x000000e3eb5fec80:   0001010100000000 000000e3eb5fee00
0x000000e3eb5fec90:   0000000000000000 000000003f800000
0x000000e3eb5feca0:   00000252eb93f938 00000252d9a9ce0b
0x000000e3eb5fecb0:   00000252d2b37e90 00007ff9bab68071
0x000000e3eb5fecc0:   000000e3eb5feee0 0000000000000000
0x000000e3eb5fecd0:   0000000000000000 0000000000000000
0x000000e3eb5fece0:   0000000000000000 0000000000000000
0x000000e3eb5fecf0:   0000000000000000 0000000000000000
0x000000e3eb5fed00:   0000000040a00000 0000000000000000
0x000000e3eb5fed10:   0000000000000001 0000000000000001
0x000000e3eb5fed20:   0000000000000001 0000000000000000
0x000000e3eb5fed30:   0000000000000000 000000003f800000
0x000000e3eb5fed40:   0000a95d341e4fca 00000252ca1fbf08
0x000000e3eb5fed50:   000000e3eb5fef40 00000252d9ac4e29
0x000000e3eb5fed60:   000000e3eb5fed60 00000252eb93f938
0x000000e3eb5fed70:   0000000000000015 00000252eb951438 

Instructions: (pc=0x0000000062b3ba43)
0x0000000062b3b943:   f6 48 8d 2d b5 16 03 00 48 8d 3d 0e 37 04 00 4c
0x0000000062b3b953:   8d 2d f7 31 03 00 4c 8d 25 55 32 03 00 eb 1a 83
0x0000000062b3b963:   fe 0d 7e 11 41 b8 49 00 00 00 4c 89 ea 4c 89 e1
0x0000000062b3b973:   e8 18 82 02 00 48 83 c3 01 48 63 c6 39 5c 85 00
0x0000000062b3b983:   7d 03 83 c6 01 48 81 fb 80 02 00 00 40 88 34 1f
0x0000000062b3b993:   75 cd c6 05 a4 36 04 00 01 48 83 c4 28 5b 5e 5f
0x0000000062b3b9a3:   5d 41 5c 41 5d c3 90 66 0f 1f 44 00 00 57 56 53
0x0000000062b3b9b3:   48 83 ec 20 8b 41 08 48 89 cf 85 c0 7e 1d 31 f6
0x0000000062b3b9c3:   31 db 48 8b 07 83 c3 01 48 8b 4c 30 08 48 83 c6
0x0000000062b3b9d3:   10 e8 a7 08 00 00 39 5f 08 7f e7 48 8b 0f 48 83
0x0000000062b3b9e3:   c4 20 5b 5e 5f e9 93 08 00 00 90 66 90 41 55 41
0x0000000062b3b9f3:   54 55 57 56 53 48 83 ec 38 48 63 da 48 89 ce 83
0x0000000062b3ba03:   fb 00 0f 84 95 01 00 00 0f 8e 6f 01 00 00 81 fb
0x0000000062b3ba13:   80 02 00 00 0f 8f 23 01 00 00 48 8d 05 3c 36 04
0x0000000062b3ba23:   00 44 0f b6 24 18 41 80 fc 0d 4c 89 e3 0f 87 da
0x0000000062b3ba33:   00 00 00 48 8d 2c de 48 8b 5d 10 48 85 db 74 1d
0x0000000062b3ba43:   48 8b 03 48 89 45 10 48 89 d8 48 83 c4 38 5b 5e
0x0000000062b3ba53:   5f 5d 41 5c 41 5d c3 66 0f 1f 44 00 00 48 63 46
0x0000000062b3ba63:   08 4c 8b 2e 3b 46 0c 0f 84 40 01 00 00 48 c1 e0
0x0000000062b3ba73:   04 b9 00 40 00 00 4d 63 e4 49 8d 7c 05 00 e8 ea
0x0000000062b3ba83:   07 00 00 48 89 c3 48 89 47 08 48 8d 05 6c 15 03
0x0000000062b3ba93:   00 46 8b 24 a0 b8 00 40 00 00 99 41 f7 fc 45 89
0x0000000062b3baa3:   e5 44 89 27 44 0f af e8 41 81 fd 00 40 00 00 0f
0x0000000062b3bab3:   8f 9b 00 00 00 83 f8 01 7e 23 49 63 d4 83 e8 01
0x0000000062b3bac3:   45 31 c0 49 89 d1 48 8d 0c 13 49 f7 d9 41 83 c0
0x0000000062b3bad3:   01 4a 89 0c 09 48 01 d1 41 39 c0 75 f0 45 29 e5
0x0000000062b3bae3:   4d 63 ed 4a c7 04 2b 00 00 00 00 48 8b 03 48 89
0x0000000062b3baf3:   45 10 83 46 08 01 48 89 d8 48 83 c4 38 5b 5e 5f
0x0000000062b3bb03:   5d 41 5c 41 5d c3 0f 1f 80 00 00 00 00 48 8d 15
0x0000000062b3bb13:   39 30 03 00 48 8d 0d b2 30 03 00 48 8d 2c de 41
0x0000000062b3bb23:   b8 70 00 00 00 e8 63 80 02 00 48 8b 5d 10 48 85
0x0000000062b3bb33:   db 0f 85 09 ff ff ff e9 21 ff ff ff 90 89 d9 48 


Stack slot to memory mapping:

stack at sp + 0 slots: 0x0000000000000020 is an unknown value
stack at sp + 1 slots: 0x00000252ca1fb4b0 is a thread
stack at sp + 2 slots: 0x000000e3eb5fecb0 is pointing into the stack for thread: 0x00000252ca1fb4b0
stack at sp + 3 slots: 0x00007ff9bacafb2e jvm.dll
stack at sp + 4 slots: {method} {0x00000252eb93f940} 'jniCreateBody' '(JIFFFFFFFFZZZZZF)J' in 'com/badlogic/gdx/physics/box2d/World'
stack at sp + 5 slots: 0x00000252ca1fb4b0 is a thread
stack at sp + 6 slots: 0x00007ff9bb4143e8 jvm.dll
stack at sp + 7 slots: 0x00000252f1c13850 points into unknown readable memory: 0x00000252c7e6e650 | 50 e6 e6 c7 52 02 00 00


---------------  P R O C E S S  ---------------

Threads class SMR info:
_java_thread_list=0x00000252f10469e0, length=52, elements={
0x00000252ca1fb4b0, 0x00000252e99f9f50, 0x00000252e99fad70, 0x00000252e99fcb40,
0x00000252e99fd5a0, 0x00000252e99fe000, 0x00000252ea382090, 0x00000252ea3831d0,
0x00000252ea384db0, 0x00000252ea410a20, 0x00000252ea430780, 0x00000252ea464610,
0x00000252ea5123f0, 0x00000252ea629950, 0x00000252f1192c10, 0x00000252f0941f10,
0x00000252f13a38f0, 0x00000252f14badb0, 0x00000252f14bc6e0, 0x00000252ff2d78c0,
0x00000252f176cef0, 0x00000252f176d580, 0x00000252ffa99350, 0x00000252ffa98cc0,
0x00000252ffa9c7d0, 0x00000252ffa98630, 0x00000252ffa9a070, 0x00000252ffa9c140,
0x00000252ffa95840, 0x00000252ffa97910, 0x00000252ffa97fa0, 0x00000252ffa95ed0,
0x00000252ffa96560, 0x00000252ffa9b420, 0x00000252ffa999e0, 0x00000252ffa9ce60,
0x00000252ffa9a700, 0x00000252ffa9ad90, 0x00000252ffa9bab0, 0x00000252ffa96bf0,
0x00000252ffa97280, 0x00000252ff090470, 0x00000252ff08fde0, 0x00000252ff08f0c0,
0x00000252ff08e3a0, 0x00000252ff0938f0, 0x00000252ff094610, 0x00000252ff08f750,
0x00000252ff090b00, 0x00000252ff091190, 0x00000252ff091820, 0x00000252ff091eb0
}

Java Threads: ( => current thread )
=>0x00000252ca1fb4b0 JavaThread "main"                              [_thread_in_native, id=43516, stack(0x000000e3eb500000,0x000000e3eb600000) (1024K)]
  0x00000252e99f9f50 JavaThread "Reference Handler"          daemon [_thread_blocked, id=39236, stack(0x000000e3ebd00000,0x000000e3ebe00000) (1024K)]
  0x00000252e99fad70 JavaThread "Finalizer"                  daemon [_thread_blocked, id=42800, stack(0x000000e3ebe00000,0x000000e3ebf00000) (1024K)]
  0x00000252e99fcb40 JavaThread "Signal Dispatcher"          daemon [_thread_blocked, id=24064, stack(0x000000e3ebf00000,0x000000e3ec000000) (1024K)]
  0x00000252e99fd5a0 JavaThread "Attach Listener"            daemon [_thread_blocked, id=45604, stack(0x000000e3ec000000,0x000000e3ec100000) (1024K)]
  0x00000252e99fe000 JavaThread "Service Thread"             daemon [_thread_blocked, id=16520, stack(0x000000e3ec100000,0x000000e3ec200000) (1024K)]
  0x00000252ea382090 JavaThread "Monitor Deflation Thread"   daemon [_thread_blocked, id=28828, stack(0x000000e3ec200000,0x000000e3ec300000) (1024K)]
  0x00000252ea3831d0 JavaThread "C2 CompilerThread0"         daemon [_thread_blocked, id=20652, stack(0x000000e3ec300000,0x000000e3ec400000) (1024K)]
  0x00000252ea384db0 JavaThread "C1 CompilerThread0"         daemon [_thread_blocked, id=24472, stack(0x000000e3ec400000,0x000000e3ec500000) (1024K)]
  0x00000252ea410a20 JavaThread "C1 CompilerThread1"         daemon [_thread_blocked, id=25568, stack(0x000000e3ec500000,0x000000e3ec600000) (1024K)]
  0x00000252ea430780 JavaThread "C1 CompilerThread2"         daemon [_thread_blocked, id=21164, stack(0x000000e3ec600000,0x000000e3ec700000) (1024K)]
  0x00000252ea464610 JavaThread "C1 CompilerThread3"         daemon [_thread_blocked, id=12640, stack(0x000000e3ec700000,0x000000e3ec800000) (1024K)]
  0x00000252ea5123f0 JavaThread "Notification Thread"        daemon [_thread_blocked, id=26864, stack(0x000000e3ec800000,0x000000e3ec900000) (1024K)]
  0x00000252ea629950 JavaThread "Common-Cleaner"             daemon [_thread_blocked, id=22824, stack(0x000000e3ec900000,0x000000e3eca00000) (1024K)]
  0x00000252f1192c10 JavaThread "AssetManager"               daemon [_thread_blocked, id=33824, stack(0x000000e3ed500000,0x000000e3ed600000) (1024K)]
  0x00000252f0941f10 JavaThread "LWJGL3 Timer"               daemon [_thread_blocked, id=12960, stack(0x000000e3edf00000,0x000000e3ee000000) (1024K)]
  0x00000252f13a38f0 JavaThread "AssetManager"               daemon [_thread_blocked, id=20540, stack(0x000000e3eca00000,0x000000e3ecb00000) (1024K)]
  0x00000252f14badb0 JavaThread "Timer-0"                           [_thread_blocked, id=15448, stack(0x000000e3ee200000,0x000000e3ee300000) (1024K)]
  0x00000252f14bc6e0 JavaThread "Timer-1"                           [_thread_blocked, id=39856, stack(0x000000e3ee300000,0x000000e3ee400000) (1024K)]
  0x00000252ff2d78c0 JavaThread "Timer-2"                           [_thread_blocked, id=8664, stack(0x000000e3ee500000,0x000000e3ee600000) (1024K)]
  0x00000252f176cef0 JavaThread "Timer-3"                           [_thread_blocked, id=29904, stack(0x000000e3ee600000,0x000000e3ee700000) (1024K)]
  0x00000252f176d580 JavaThread "Timer-4"                           [_thread_blocked, id=3720, stack(0x000000e3ee700000,0x000000e3ee800000) (1024K)]
  0x00000252ffa99350 JavaThread "Timer-5"                           [_thread_blocked, id=10164, stack(0x000000e3ee800000,0x000000e3ee900000) (1024K)]
  0x00000252ffa98cc0 JavaThread "Timer-6"                           [_thread_blocked, id=34684, stack(0x000000e3ee900000,0x000000e3eea00000) (1024K)]
  0x00000252ffa9c7d0 JavaThread "Timer-7"                           [_thread_blocked, id=3360, stack(0x000000e3eea00000,0x000000e3eeb00000) (1024K)]
  0x00000252ffa98630 JavaThread "Timer-8"                           [_thread_blocked, id=40008, stack(0x000000e3eeb00000,0x000000e3eec00000) (1024K)]
  0x00000252ffa9a070 JavaThread "Timer-9"                           [_thread_blocked, id=11108, stack(0x000000e3eec00000,0x000000e3eed00000) (1024K)]
  0x00000252ffa9c140 JavaThread "Timer-10"                          [_thread_blocked, id=16412, stack(0x000000e3eed00000,0x000000e3eee00000) (1024K)]
  0x00000252ffa95840 JavaThread "Timer-11"                          [_thread_blocked, id=40052, stack(0x000000e3eee00000,0x000000e3eef00000) (1024K)]
  0x00000252ffa97910 JavaThread "Timer-12"                          [_thread_blocked, id=45040, stack(0x000000e3eef00000,0x000000e3ef000000) (1024K)]
  0x00000252ffa97fa0 JavaThread "Timer-13"                          [_thread_blocked, id=11660, stack(0x000000e3ef000000,0x000000e3ef100000) (1024K)]
  0x00000252ffa95ed0 JavaThread "Timer-14"                          [_thread_blocked, id=17456, stack(0x000000e3ef100000,0x000000e3ef200000) (1024K)]
  0x00000252ffa96560 JavaThread "Timer-15"                          [_thread_blocked, id=32964, stack(0x000000e3ef200000,0x000000e3ef300000) (1024K)]
  0x00000252ffa9b420 JavaThread "Timer-16"                          [_thread_blocked, id=38300, stack(0x000000e3ef300000,0x000000e3ef400000) (1024K)]
  0x00000252ffa999e0 JavaThread "Timer-17"                          [_thread_blocked, id=43732, stack(0x000000e3ef400000,0x000000e3ef500000) (1024K)]
  0x00000252ffa9ce60 JavaThread "Timer-18"                          [_thread_blocked, id=45692, stack(0x000000e3ef500000,0x000000e3ef600000) (1024K)]
  0x00000252ffa9a700 JavaThread "Timer-19"                          [_thread_blocked, id=30052, stack(0x000000e3ef600000,0x000000e3ef700000) (1024K)]
  0x00000252ffa9ad90 JavaThread "Timer-20"                          [_thread_blocked, id=21324, stack(0x000000e3ef700000,0x000000e3ef800000) (1024K)]
  0x00000252ffa9bab0 JavaThread "Timer-21"                          [_thread_blocked, id=34476, stack(0x000000e3ef800000,0x000000e3ef900000) (1024K)]
  0x00000252ffa96bf0 JavaThread "Timer-22"                          [_thread_blocked, id=15380, stack(0x000000e3ef900000,0x000000e3efa00000) (1024K)]
  0x00000252ffa97280 JavaThread "Timer-23"                          [_thread_blocked, id=43848, stack(0x000000e3efa00000,0x000000e3efb00000) (1024K)]
  0x00000252ff090470 JavaThread "Timer-24"                          [_thread_blocked, id=41584, stack(0x000000e3efb00000,0x000000e3efc00000) (1024K)]
  0x00000252ff08fde0 JavaThread "Timer-25"                          [_thread_blocked, id=15400, stack(0x000000e3efc00000,0x000000e3efd00000) (1024K)]
  0x00000252ff08f0c0 JavaThread "Timer-26"                          [_thread_blocked, id=39800, stack(0x000000e3efd00000,0x000000e3efe00000) (1024K)]
  0x00000252ff08e3a0 JavaThread "Timer-27"                          [_thread_blocked, id=24588, stack(0x000000e3efe00000,0x000000e3eff00000) (1024K)]
  0x00000252ff0938f0 JavaThread "Timer-28"                          [_thread_blocked, id=38932, stack(0x000000e3eff00000,0x000000e3f0000000) (1024K)]
  0x00000252ff094610 JavaThread "Timer-29"                          [_thread_blocked, id=27996, stack(0x000000e3f0000000,0x000000e3f0100000) (1024K)]
  0x00000252ff08f750 JavaThread "Timer-30"                          [_thread_blocked, id=44344, stack(0x000000e3f0100000,0x000000e3f0200000) (1024K)]
  0x00000252ff090b00 JavaThread "Timer-31"                          [_thread_blocked, id=43972, stack(0x000000e3f0200000,0x000000e3f0300000) (1024K)]
  0x00000252ff091190 JavaThread "Timer-32"                          [_thread_blocked, id=43536, stack(0x000000e3f0300000,0x000000e3f0400000) (1024K)]
  0x00000252ff091820 JavaThread "Timer-33"                          [_thread_blocked, id=36952, stack(0x000000e3f0400000,0x000000e3f0500000) (1024K)]
  0x00000252ff091eb0 JavaThread "Timer"                      daemon [_thread_blocked, id=26600, stack(0x000000e3f0500000,0x000000e3f0600000) (1024K)]
Total: 52

Other Threads:
  0x00000252e99dcc10 VMThread "VM Thread"                           [id=38100, stack(0x000000e3ebc00000,0x000000e3ebd00000) (1024K)]
  0x00000252e99c4d80 WatcherThread "VM Periodic Task Thread"        [id=44288, stack(0x000000e3ebb00000,0x000000e3ebc00000) (1024K)]
  0x00000252ca264b70 WorkerThread "GC Thread#0"                     [id=17872, stack(0x000000e3eb600000,0x000000e3eb700000) (1024K)]
  0x00000252f118bdb0 WorkerThread "GC Thread#1"                     [id=37992, stack(0x000000e3ed600000,0x000000e3ed700000) (1024K)]
  0x00000252f124cb50 WorkerThread "GC Thread#2"                     [id=19540, stack(0x000000e3ed700000,0x000000e3ed800000) (1024K)]
  0x00000252f121d180 WorkerThread "GC Thread#3"                     [id=12780, stack(0x000000e3ed800000,0x000000e3ed900000) (1024K)]
  0x00000252f1226b10 WorkerThread "GC Thread#4"                     [id=40216, stack(0x000000e3ed900000,0x000000e3eda00000) (1024K)]
  0x00000252f1226eb0 WorkerThread "GC Thread#5"                     [id=45668, stack(0x000000e3eda00000,0x000000e3edb00000) (1024K)]
  0x00000252f12a0c20 WorkerThread "GC Thread#6"                     [id=34780, stack(0x000000e3edb00000,0x000000e3edc00000) (1024K)]
  0x00000252f1188c60 WorkerThread "GC Thread#7"                     [id=36528, stack(0x000000e3edc00000,0x000000e3edd00000) (1024K)]
  0x00000252f1215700 WorkerThread "GC Thread#8"                     [id=19316, stack(0x000000e3edd00000,0x000000e3ede00000) (1024K)]
  0x00000252f1275090 WorkerThread "GC Thread#9"                     [id=21892, stack(0x000000e3ede00000,0x000000e3edf00000) (1024K)]
  0x00000252ca275660 ConcurrentGCThread "G1 Main Marker"            [id=34848, stack(0x000000e3eb700000,0x000000e3eb800000) (1024K)]
  0x00000252ca276160 WorkerThread "G1 Conc#0"                       [id=42440, stack(0x000000e3eb800000,0x000000e3eb900000) (1024K)]
  0x00000252e9899880 ConcurrentGCThread "G1 Refine#0"               [id=25668, stack(0x000000e3eb900000,0x000000e3eba00000) (1024K)]
  0x00000252e989a3f0 ConcurrentGCThread "G1 Service"                [id=10980, stack(0x000000e3eba00000,0x000000e3ebb00000) (1024K)]
Total: 16

Threads with active compile tasks:
Total: 0

VM state: not at safepoint (normal execution)

VM Mutex/Monitor currently owned by a thread: None

Heap address: 0x0000000704e00000, size: 4018 MB, Compressed Oops mode: Zero based, Oop shift amount: 3

CDS archive(s) mapped at: [0x0000025280000000-0x0000025280c90000-0x0000025280c90000), size 13172736, SharedBaseAddress: 0x0000025280000000, ArchiveRelocationMode: 1.
Compressed class space mapped at: 0x0000025281000000-0x00000252c1000000, reserved size: 1073741824
Narrow klass base: 0x0000025280000000, Narrow klass shift: 0, Narrow klass range: 0x100000000

GC Precious Log:
 CardTable entry size: 512
 Card Set container configuration: InlinePtr #cards 4 size 8 Array Of Cards #cards 16 size 48 Howl #buckets 8 coarsen threshold 3686 Howl Bitmap #cards 512 size 80 coarsen threshold 460 Card regions per heap region 1 cards per card region 4096
 CPUs: 20 total, 20 available
 Memory: 16068M
 Large Page Support: Disabled
 NUMA Support: Disabled
 Compressed Oops: Enabled (Zero based)
 Heap Region Size: 2M
 Heap Min Capacity: 8M
 Heap Initial Capacity: 252M
 Heap Max Capacity: 4018M
 Pre-touch: Disabled
 Parallel Workers: 15
 Concurrent Workers: 4
 Concurrent Refinement Workers: 15
 Periodic GC: Disabled

Heap:
 garbage-first heap   total 258048K, used 28392K [0x0000000704e00000, 0x0000000800000000)
  region size 2048K, 16 young (32768K), 2 survivors (4096K)
 Metaspace       used 10892K, committed 11136K, reserved 1114112K
  class space    used 963K, committed 1088K, reserved 1048576K

Heap Regions: E=young(eden), S=young(survivor), O=old, HS=humongous(starts), HC=humongous(continues), CS=collection set, F=free, TAMS=top-at-mark-start, PB=parsable bottom
|   0|0x0000000704e00000, 0x0000000704e00000, 0x0000000705000000|  0%| F|  |TAMS 0x0000000704e00000| PB 0x0000000704e00000| Untracked 
|   1|0x0000000705000000, 0x0000000705000000, 0x0000000705200000|  0%| F|  |TAMS 0x0000000705000000| PB 0x0000000705000000| Untracked 
|   2|0x0000000705200000, 0x0000000705200000, 0x0000000705400000|  0%| F|  |TAMS 0x0000000705200000| PB 0x0000000705200000| Untracked 
|   3|0x0000000705400000, 0x0000000705400000, 0x0000000705600000|  0%| F|  |TAMS 0x0000000705400000| PB 0x0000000705400000| Untracked 
|   4|0x0000000705600000, 0x0000000705600000, 0x0000000705800000|  0%| F|  |TAMS 0x0000000705600000| PB 0x0000000705600000| Untracked 
|   5|0x0000000705800000, 0x0000000705800000, 0x0000000705a00000|  0%| F|  |TAMS 0x0000000705800000| PB 0x0000000705800000| Untracked 
|   6|0x0000000705a00000, 0x0000000705a00000, 0x0000000705c00000|  0%| F|  |TAMS 0x0000000705a00000| PB 0x0000000705a00000| Untracked 
|   7|0x0000000705c00000, 0x0000000705c00000, 0x0000000705e00000|  0%| F|  |TAMS 0x0000000705c00000| PB 0x0000000705c00000| Untracked 
|   8|0x0000000705e00000, 0x0000000705e00000, 0x0000000706000000|  0%| F|  |TAMS 0x0000000705e00000| PB 0x0000000705e00000| Untracked 
|   9|0x0000000706000000, 0x0000000706000000, 0x0000000706200000|  0%| F|  |TAMS 0x0000000706000000| PB 0x0000000706000000| Untracked 
|  10|0x0000000706200000, 0x0000000706200000, 0x0000000706400000|  0%| F|  |TAMS 0x0000000706200000| PB 0x0000000706200000| Untracked 
|  11|0x0000000706400000, 0x0000000706400000, 0x0000000706600000|  0%| F|  |TAMS 0x0000000706400000| PB 0x0000000706400000| Untracked 
|  12|0x0000000706600000, 0x0000000706600000, 0x0000000706800000|  0%| F|  |TAMS 0x0000000706600000| PB 0x0000000706600000| Untracked 
|  13|0x0000000706800000, 0x0000000706800000, 0x0000000706a00000|  0%| F|  |TAMS 0x0000000706800000| PB 0x0000000706800000| Untracked 
|  14|0x0000000706a00000, 0x0000000706a00000, 0x0000000706c00000|  0%| F|  |TAMS 0x0000000706a00000| PB 0x0000000706a00000| Untracked 
|  15|0x0000000706c00000, 0x0000000706c00000, 0x0000000706e00000|  0%| F|  |TAMS 0x0000000706c00000| PB 0x0000000706c00000| Untracked 
|  16|0x0000000706e00000, 0x0000000706e00000, 0x0000000707000000|  0%| F|  |TAMS 0x0000000706e00000| PB 0x0000000706e00000| Untracked 
|  17|0x0000000707000000, 0x0000000707000000, 0x0000000707200000|  0%| F|  |TAMS 0x0000000707000000| PB 0x0000000707000000| Untracked 
|  18|0x0000000707200000, 0x0000000707200000, 0x0000000707400000|  0%| F|  |TAMS 0x0000000707200000| PB 0x0000000707200000| Untracked 
|  19|0x0000000707400000, 0x0000000707400000, 0x0000000707600000|  0%| F|  |TAMS 0x0000000707400000| PB 0x0000000707400000| Untracked 
|  20|0x0000000707600000, 0x0000000707600000, 0x0000000707800000|  0%| F|  |TAMS 0x0000000707600000| PB 0x0000000707600000| Untracked 
|  21|0x0000000707800000, 0x0000000707800000, 0x0000000707a00000|  0%| F|  |TAMS 0x0000000707800000| PB 0x0000000707800000| Untracked 
|  22|0x0000000707a00000, 0x0000000707a00000, 0x0000000707c00000|  0%| F|  |TAMS 0x0000000707a00000| PB 0x0000000707a00000| Untracked 
|  23|0x0000000707c00000, 0x0000000707c00000, 0x0000000707e00000|  0%| F|  |TAMS 0x0000000707c00000| PB 0x0000000707c00000| Untracked 
|  24|0x0000000707e00000, 0x0000000707e00000, 0x0000000708000000|  0%| F|  |TAMS 0x0000000707e00000| PB 0x0000000707e00000| Untracked 
|  25|0x0000000708000000, 0x0000000708000000, 0x0000000708200000|  0%| F|  |TAMS 0x0000000708000000| PB 0x0000000708000000| Untracked 
|  26|0x0000000708200000, 0x0000000708200000, 0x0000000708400000|  0%| F|  |TAMS 0x0000000708200000| PB 0x0000000708200000| Untracked 
|  27|0x0000000708400000, 0x0000000708400000, 0x0000000708600000|  0%| F|  |TAMS 0x0000000708400000| PB 0x0000000708400000| Untracked 
|  28|0x0000000708600000, 0x0000000708600000, 0x0000000708800000|  0%| F|  |TAMS 0x0000000708600000| PB 0x0000000708600000| Untracked 
|  29|0x0000000708800000, 0x0000000708800000, 0x0000000708a00000|  0%| F|  |TAMS 0x0000000708800000| PB 0x0000000708800000| Untracked 
|  30|0x0000000708a00000, 0x0000000708a00000, 0x0000000708c00000|  0%| F|  |TAMS 0x0000000708a00000| PB 0x0000000708a00000| Untracked 
|  31|0x0000000708c00000, 0x0000000708c00000, 0x0000000708e00000|  0%| F|  |TAMS 0x0000000708c00000| PB 0x0000000708c00000| Untracked 
|  32|0x0000000708e00000, 0x0000000708e00000, 0x0000000709000000|  0%| F|  |TAMS 0x0000000708e00000| PB 0x0000000708e00000| Untracked 
|  33|0x0000000709000000, 0x0000000709000000, 0x0000000709200000|  0%| F|  |TAMS 0x0000000709000000| PB 0x0000000709000000| Untracked 
|  34|0x0000000709200000, 0x0000000709200000, 0x0000000709400000|  0%| F|  |TAMS 0x0000000709200000| PB 0x0000000709200000| Untracked 
|  35|0x0000000709400000, 0x0000000709400000, 0x0000000709600000|  0%| F|  |TAMS 0x0000000709400000| PB 0x0000000709400000| Untracked 
|  36|0x0000000709600000, 0x0000000709600000, 0x0000000709800000|  0%| F|  |TAMS 0x0000000709600000| PB 0x0000000709600000| Untracked 
|  37|0x0000000709800000, 0x0000000709800000, 0x0000000709a00000|  0%| F|  |TAMS 0x0000000709800000| PB 0x0000000709800000| Untracked 
|  38|0x0000000709a00000, 0x0000000709a00000, 0x0000000709c00000|  0%| F|  |TAMS 0x0000000709a00000| PB 0x0000000709a00000| Untracked 
|  39|0x0000000709c00000, 0x0000000709c00000, 0x0000000709e00000|  0%| F|  |TAMS 0x0000000709c00000| PB 0x0000000709c00000| Untracked 
|  40|0x0000000709e00000, 0x0000000709e00000, 0x000000070a000000|  0%| F|  |TAMS 0x0000000709e00000| PB 0x0000000709e00000| Untracked 
|  41|0x000000070a000000, 0x000000070a000000, 0x000000070a200000|  0%| F|  |TAMS 0x000000070a000000| PB 0x000000070a000000| Untracked 
|  42|0x000000070a200000, 0x000000070a200000, 0x000000070a400000|  0%| F|  |TAMS 0x000000070a200000| PB 0x000000070a200000| Untracked 
|  43|0x000000070a400000, 0x000000070a400000, 0x000000070a600000|  0%| F|  |TAMS 0x000000070a400000| PB 0x000000070a400000| Untracked 
|  44|0x000000070a600000, 0x000000070a600000, 0x000000070a800000|  0%| F|  |TAMS 0x000000070a600000| PB 0x000000070a600000| Untracked 
|  45|0x000000070a800000, 0x000000070a800000, 0x000000070aa00000|  0%| F|  |TAMS 0x000000070a800000| PB 0x000000070a800000| Untracked 
|  46|0x000000070aa00000, 0x000000070aa00000, 0x000000070ac00000|  0%| F|  |TAMS 0x000000070aa00000| PB 0x000000070aa00000| Untracked 
|  47|0x000000070ac00000, 0x000000070ac00000, 0x000000070ae00000|  0%| F|  |TAMS 0x000000070ac00000| PB 0x000000070ac00000| Untracked 
|  48|0x000000070ae00000, 0x000000070ae00000, 0x000000070b000000|  0%| F|  |TAMS 0x000000070ae00000| PB 0x000000070ae00000| Untracked 
|  49|0x000000070b000000, 0x000000070b000000, 0x000000070b200000|  0%| F|  |TAMS 0x000000070b000000| PB 0x000000070b000000| Untracked 
|  50|0x000000070b200000, 0x000000070b200000, 0x000000070b400000|  0%| F|  |TAMS 0x000000070b200000| PB 0x000000070b200000| Untracked 
|  51|0x000000070b400000, 0x000000070b400000, 0x000000070b600000|  0%| F|  |TAMS 0x000000070b400000| PB 0x000000070b400000| Untracked 
|  52|0x000000070b600000, 0x000000070b600000, 0x000000070b800000|  0%| F|  |TAMS 0x000000070b600000| PB 0x000000070b600000| Untracked 
|  53|0x000000070b800000, 0x000000070b800000, 0x000000070ba00000|  0%| F|  |TAMS 0x000000070b800000| PB 0x000000070b800000| Untracked 
|  54|0x000000070ba00000, 0x000000070ba00000, 0x000000070bc00000|  0%| F|  |TAMS 0x000000070ba00000| PB 0x000000070ba00000| Untracked 
|  55|0x000000070bc00000, 0x000000070bc00000, 0x000000070be00000|  0%| F|  |TAMS 0x000000070bc00000| PB 0x000000070bc00000| Untracked 
|  56|0x000000070be00000, 0x000000070be00000, 0x000000070c000000|  0%| F|  |TAMS 0x000000070be00000| PB 0x000000070be00000| Untracked 
|  57|0x000000070c000000, 0x000000070c000000, 0x000000070c200000|  0%| F|  |TAMS 0x000000070c000000| PB 0x000000070c000000| Untracked 
|  58|0x000000070c200000, 0x000000070c200000, 0x000000070c400000|  0%| F|  |TAMS 0x000000070c200000| PB 0x000000070c200000| Untracked 
|  59|0x000000070c400000, 0x000000070c400000, 0x000000070c600000|  0%| F|  |TAMS 0x000000070c400000| PB 0x000000070c400000| Untracked 
|  60|0x000000070c600000, 0x000000070c600000, 0x000000070c800000|  0%| F|  |TAMS 0x000000070c600000| PB 0x000000070c600000| Untracked 
|  61|0x000000070c800000, 0x000000070c800000, 0x000000070ca00000|  0%| F|  |TAMS 0x000000070c800000| PB 0x000000070c800000| Untracked 
|  62|0x000000070ca00000, 0x000000070ca00000, 0x000000070cc00000|  0%| F|  |TAMS 0x000000070ca00000| PB 0x000000070ca00000| Untracked 
|  63|0x000000070cc00000, 0x000000070cc00000, 0x000000070ce00000|  0%| F|  |TAMS 0x000000070cc00000| PB 0x000000070cc00000| Untracked 
|  64|0x000000070ce00000, 0x000000070ce00000, 0x000000070d000000|  0%| F|  |TAMS 0x000000070ce00000| PB 0x000000070ce00000| Untracked 
|  65|0x000000070d000000, 0x000000070d000000, 0x000000070d200000|  0%| F|  |TAMS 0x000000070d000000| PB 0x000000070d000000| Untracked 
|  66|0x000000070d200000, 0x000000070d200000, 0x000000070d400000|  0%| F|  |TAMS 0x000000070d200000| PB 0x000000070d200000| Untracked 
|  67|0x000000070d400000, 0x000000070d400000, 0x000000070d600000|  0%| F|  |TAMS 0x000000070d400000| PB 0x000000070d400000| Untracked 
|  68|0x000000070d600000, 0x000000070d600000, 0x000000070d800000|  0%| F|  |TAMS 0x000000070d600000| PB 0x000000070d600000| Untracked 
|  69|0x000000070d800000, 0x000000070d800000, 0x000000070da00000|  0%| F|  |TAMS 0x000000070d800000| PB 0x000000070d800000| Untracked 
|  70|0x000000070da00000, 0x000000070da00000, 0x000000070dc00000|  0%| F|  |TAMS 0x000000070da00000| PB 0x000000070da00000| Untracked 
|  71|0x000000070dc00000, 0x000000070dc00000, 0x000000070de00000|  0%| F|  |TAMS 0x000000070dc00000| PB 0x000000070dc00000| Untracked 
|  72|0x000000070de00000, 0x000000070de00000, 0x000000070e000000|  0%| F|  |TAMS 0x000000070de00000| PB 0x000000070de00000| Untracked 
|  73|0x000000070e000000, 0x000000070e000000, 0x000000070e200000|  0%| F|  |TAMS 0x000000070e000000| PB 0x000000070e000000| Untracked 
|  74|0x000000070e200000, 0x000000070e200000, 0x000000070e400000|  0%| F|  |TAMS 0x000000070e200000| PB 0x000000070e200000| Untracked 
|  75|0x000000070e400000, 0x000000070e400000, 0x000000070e600000|  0%| F|  |TAMS 0x000000070e400000| PB 0x000000070e400000| Untracked 
|  76|0x000000070e600000, 0x000000070e600000, 0x000000070e800000|  0%| F|  |TAMS 0x000000070e600000| PB 0x000000070e600000| Untracked 
|  77|0x000000070e800000, 0x000000070e800000, 0x000000070ea00000|  0%| F|  |TAMS 0x000000070e800000| PB 0x000000070e800000| Untracked 
|  78|0x000000070ea00000, 0x000000070ea00000, 0x000000070ec00000|  0%| F|  |TAMS 0x000000070ea00000| PB 0x000000070ea00000| Untracked 
|  79|0x000000070ec00000, 0x000000070ec00000, 0x000000070ee00000|  0%| F|  |TAMS 0x000000070ec00000| PB 0x000000070ec00000| Untracked 
|  80|0x000000070ee00000, 0x000000070ee00000, 0x000000070f000000|  0%| F|  |TAMS 0x000000070ee00000| PB 0x000000070ee00000| Untracked 
|  81|0x000000070f000000, 0x000000070f000000, 0x000000070f200000|  0%| F|  |TAMS 0x000000070f000000| PB 0x000000070f000000| Untracked 
|  82|0x000000070f200000, 0x000000070f200000, 0x000000070f400000|  0%| F|  |TAMS 0x000000070f200000| PB 0x000000070f200000| Untracked 
|  83|0x000000070f400000, 0x000000070f400000, 0x000000070f600000|  0%| F|  |TAMS 0x000000070f400000| PB 0x000000070f400000| Untracked 
|  84|0x000000070f600000, 0x000000070f600000, 0x000000070f800000|  0%| F|  |TAMS 0x000000070f600000| PB 0x000000070f600000| Untracked 
|  85|0x000000070f800000, 0x000000070f800000, 0x000000070fa00000|  0%| F|  |TAMS 0x000000070f800000| PB 0x000000070f800000| Untracked 
|  86|0x000000070fa00000, 0x000000070fa00000, 0x000000070fc00000|  0%| F|  |TAMS 0x000000070fa00000| PB 0x000000070fa00000| Untracked 
|  87|0x000000070fc00000, 0x000000070fc00000, 0x000000070fe00000|  0%| F|  |TAMS 0x000000070fc00000| PB 0x000000070fc00000| Untracked 
|  88|0x000000070fe00000, 0x000000070fe00000, 0x0000000710000000|  0%| F|  |TAMS 0x000000070fe00000| PB 0x000000070fe00000| Untracked 
|  89|0x0000000710000000, 0x0000000710000000, 0x0000000710200000|  0%| F|  |TAMS 0x0000000710000000| PB 0x0000000710000000| Untracked 
|  90|0x0000000710200000, 0x0000000710200000, 0x0000000710400000|  0%| F|  |TAMS 0x0000000710200000| PB 0x0000000710200000| Untracked 
|  91|0x0000000710400000, 0x0000000710400000, 0x0000000710600000|  0%| F|  |TAMS 0x0000000710400000| PB 0x0000000710400000| Untracked 
|  92|0x0000000710600000, 0x0000000710600000, 0x0000000710800000|  0%| F|  |TAMS 0x0000000710600000| PB 0x0000000710600000| Untracked 
|  93|0x0000000710800000, 0x0000000710800000, 0x0000000710a00000|  0%| F|  |TAMS 0x0000000710800000| PB 0x0000000710800000| Untracked 
|  94|0x0000000710a00000, 0x0000000710a00000, 0x0000000710c00000|  0%| F|  |TAMS 0x0000000710a00000| PB 0x0000000710a00000| Untracked 
|  95|0x0000000710c00000, 0x0000000710c00000, 0x0000000710e00000|  0%| F|  |TAMS 0x0000000710c00000| PB 0x0000000710c00000| Untracked 
|  96|0x0000000710e00000, 0x0000000710e00000, 0x0000000711000000|  0%| F|  |TAMS 0x0000000710e00000| PB 0x0000000710e00000| Untracked 
|  97|0x0000000711000000, 0x0000000711000000, 0x0000000711200000|  0%| F|  |TAMS 0x0000000711000000| PB 0x0000000711000000| Untracked 
|  98|0x0000000711200000, 0x0000000711200000, 0x0000000711400000|  0%| F|  |TAMS 0x0000000711200000| PB 0x0000000711200000| Untracked 
|  99|0x0000000711400000, 0x0000000711400000, 0x0000000711600000|  0%| F|  |TAMS 0x0000000711400000| PB 0x0000000711400000| Untracked 
| 100|0x0000000711600000, 0x0000000711600000, 0x0000000711800000|  0%| F|  |TAMS 0x0000000711600000| PB 0x0000000711600000| Untracked 
| 101|0x0000000711800000, 0x0000000711800000, 0x0000000711a00000|  0%| F|  |TAMS 0x0000000711800000| PB 0x0000000711800000| Untracked 
| 102|0x0000000711a00000, 0x0000000711a00000, 0x0000000711c00000|  0%| F|  |TAMS 0x0000000711a00000| PB 0x0000000711a00000| Untracked 
| 103|0x0000000711c00000, 0x0000000711c00000, 0x0000000711e00000|  0%| F|  |TAMS 0x0000000711c00000| PB 0x0000000711c00000| Untracked 
| 104|0x0000000711e00000, 0x0000000711e00000, 0x0000000712000000|  0%| F|  |TAMS 0x0000000711e00000| PB 0x0000000711e00000| Untracked 
| 105|0x0000000712000000, 0x0000000712000000, 0x0000000712200000|  0%| F|  |TAMS 0x0000000712000000| PB 0x0000000712000000| Untracked 
| 106|0x0000000712200000, 0x0000000712200000, 0x0000000712400000|  0%| F|  |TAMS 0x0000000712200000| PB 0x0000000712200000| Untracked 
| 107|0x0000000712400000, 0x0000000712400000, 0x0000000712600000|  0%| F|  |TAMS 0x0000000712400000| PB 0x0000000712400000| Untracked 
| 108|0x0000000712600000, 0x0000000712600000, 0x0000000712800000|  0%| F|  |TAMS 0x0000000712600000| PB 0x0000000712600000| Untracked 
| 109|0x0000000712800000, 0x0000000712800000, 0x0000000712a00000|  0%| F|  |TAMS 0x0000000712800000| PB 0x0000000712800000| Untracked 
| 110|0x0000000712a00000, 0x0000000712b9a310, 0x0000000712c00000| 80%| E|  |TAMS 0x0000000712a00000| PB 0x0000000712a00000| Complete 
| 111|0x0000000712c00000, 0x0000000712e00000, 0x0000000712e00000|100%| E|CS|TAMS 0x0000000712c00000| PB 0x0000000712c00000| Complete 
| 112|0x0000000712e00000, 0x0000000713000000, 0x0000000713000000|100%| E|CS|TAMS 0x0000000712e00000| PB 0x0000000712e00000| Complete 
| 113|0x0000000713000000, 0x00000007131ba148, 0x0000000713200000| 86%| S|CS|TAMS 0x0000000713000000| PB 0x0000000713000000| Complete 
| 114|0x0000000713200000, 0x0000000713400000, 0x0000000713400000|100%| S|CS|TAMS 0x0000000713200000| PB 0x0000000713200000| Complete 
| 115|0x0000000713400000, 0x0000000713600000, 0x0000000713600000|100%| E|CS|TAMS 0x0000000713400000| PB 0x0000000713400000| Complete 
| 116|0x0000000713600000, 0x00000007137fffb0, 0x0000000713800000| 99%| E|  |TAMS 0x0000000713600000| PB 0x0000000713600000| Complete 
| 117|0x0000000713800000, 0x0000000713a00000, 0x0000000713a00000|100%| E|CS|TAMS 0x0000000713800000| PB 0x0000000713800000| Complete 
| 118|0x0000000713a00000, 0x0000000713c00000, 0x0000000713c00000|100%| E|CS|TAMS 0x0000000713a00000| PB 0x0000000713a00000| Complete 
| 119|0x0000000713c00000, 0x0000000713e00000, 0x0000000713e00000|100%| E|CS|TAMS 0x0000000713c00000| PB 0x0000000713c00000| Complete 
| 120|0x0000000713e00000, 0x0000000714000000, 0x0000000714000000|100%| E|CS|TAMS 0x0000000713e00000| PB 0x0000000713e00000| Complete 
| 121|0x0000000714000000, 0x0000000714200000, 0x0000000714200000|100%| E|CS|TAMS 0x0000000714000000| PB 0x0000000714000000| Complete 
| 122|0x0000000714200000, 0x0000000714400000, 0x0000000714400000|100%| E|CS|TAMS 0x0000000714200000| PB 0x0000000714200000| Complete 
| 123|0x0000000714400000, 0x0000000714600000, 0x0000000714600000|100%| E|CS|TAMS 0x0000000714400000| PB 0x0000000714400000| Complete 
| 124|0x0000000714600000, 0x0000000714800000, 0x0000000714800000|100%| E|CS|TAMS 0x0000000714600000| PB 0x0000000714600000| Complete 
| 125|0x0000000714800000, 0x0000000714a00000, 0x0000000714a00000|100%| E|CS|TAMS 0x0000000714800000| PB 0x0000000714800000| Complete 

Card table byte_map: [0x00000252e28c0000,0x00000252e30a0000] _byte_map_base: 0x00000252df099000

Marking Bits: (CMBitMap*) 0x00000252ca265270
 Bits: [0x00000252e30a0000, 0x00000252e6f68000)

Polling page: 0x00000252c99b0000

Metaspace:

Usage:
  Non-class:      9.70 MB used.
      Class:    963.70 KB used.
       Both:     10.64 MB used.

Virtual space:
  Non-class space:       64.00 MB reserved,       9.81 MB ( 15%) committed,  1 nodes.
      Class space:        1.00 GB reserved,       1.06 MB ( <1%) committed,  1 nodes.
             Both:        1.06 GB reserved,      10.88 MB ( <1%) committed. 

Chunk freelists:
   Non-Class:  5.16 MB
       Class:  14.97 MB
        Both:  20.13 MB

MaxMetaspaceSize: unlimited
CompressedClassSpaceSize: 1.00 GB
Initial GC threshold: 21.00 MB
Current GC threshold: 21.00 MB
CDS: on
 - commit_granule_bytes: 65536.
 - commit_granule_words: 8192.
 - virtual_space_node_default_size: 8388608.
 - enlarge_chunks_in_place: 1.
 - use_allocation_guard: 0.


Internal statistics:

num_allocs_failed_limit: 0.
num_arena_births: 214.
num_arena_deaths: 0.
num_vsnodes_births: 2.
num_vsnodes_deaths: 0.
num_space_committed: 172.
num_space_uncommitted: 0.
num_chunks_returned_to_freelist: 0.
num_chunks_taken_from_freelist: 562.
num_chunk_merges: 0.
num_chunk_splits: 377.
num_chunks_enlarged: 271.
num_inconsistent_stats: 0.

CodeHeap 'non-profiled nmethods': size=119168Kb used=1329Kb max_used=1329Kb free=117838Kb
 bounds [0x00000252da1e0000, 0x00000252da450000, 0x00000252e1640000]
CodeHeap 'profiled nmethods': size=119104Kb used=5095Kb max_used=5095Kb free=114008Kb
 bounds [0x00000252d2640000, 0x00000252d2b40000, 0x00000252d9a90000]
CodeHeap 'non-nmethods': size=7488Kb used=3849Kb max_used=3884Kb free=3639Kb
 bounds [0x00000252d9a90000, 0x00000252d9e60000, 0x00000252da1e0000]
 total_blobs=3730 nmethods=2607 adapters=1025
 compilation: enabled
              stopped_count=0, restarted_count=0
 full_count=0

Compilation events (20 events):
Event: 4.747 Thread 0x00000252ea384db0 nmethod 2597 0x00000252d2b35090 code [0x00000252d2b35240, 0x00000252d2b35500]
Event: 4.747 Thread 0x00000252ea430780 nmethod 2596 0x00000252d2b35610 code [0x00000252d2b35840, 0x00000252d2b36040]
Event: 4.747 Thread 0x00000252ea430780 2598       3       com.badlogic.gdx.math.RandomXS128::nextLong (43 bytes)
Event: 4.747 Thread 0x00000252ea384db0 2599       3       com.badlogic.gdx.math.MathUtils::random (14 bytes)
Event: 4.747 Thread 0x00000252ea464610 2600       3       com.badlogic.gdx.math.RandomXS128::nextInt (8 bytes)
Event: 4.747 Thread 0x00000252ea410a20 2601       3       com.badlogic.gdx.math.RandomXS128::nextLong (47 bytes)
Event: 4.747 Thread 0x00000252ea430780 nmethod 2598 0x00000252d2b36290 code [0x00000252d2b36420, 0x00000252d2b36568]
Event: 4.747 Thread 0x00000252ea430780 2602       3       com.csse3200.game.utils.math.RandomUtils::randomInt (6 bytes)
Event: 4.747 Thread 0x00000252ea464610 nmethod 2600 0x00000252d2b36610 code [0x00000252d2b367c0, 0x00000252d2b36918]
Event: 4.747 Thread 0x00000252ea384db0 nmethod 2599 0x00000252d2b36a10 code [0x00000252d2b36bc0, 0x00000252d2b36d98]
Event: 4.747 Thread 0x00000252ea464610 2603       3       com.csse3200.game.areas.terrain.TerrainFactory::isBoundaryTile (34 bytes)
Event: 4.748 Thread 0x00000252ea430780 nmethod 2602 0x00000252d2b36e90 code [0x00000252d2b37040, 0x00000252d2b37270]
Event: 4.748 Thread 0x00000252ea410a20 nmethod 2601 0x00000252d2b37390 code [0x00000252d2b37560, 0x00000252d2b378d8]
Event: 4.748 Thread 0x00000252ea464610 nmethod 2603 0x00000252d2b37a10 code [0x00000252d2b37bc0, 0x00000252d2b37dd0]
Event: 4.749 Thread 0x00000252ea464610 2604       3       com.csse3200.game.components.Component::<init> (10 bytes)
Event: 4.749 Thread 0x00000252ea410a20 2605       3       com.csse3200.game.entities.Entity::addComponent (77 bytes)
Event: 4.749 Thread 0x00000252ea430780 2606       3       com.badlogic.gdx.utils.IntMap::containsKey (23 bytes)
Event: 4.749 Thread 0x00000252ea384db0 2607       3       com.csse3200.game.components.Component::setEntity (18 bytes)
Event: 4.749 Thread 0x00000252ea464610 nmethod 2604 0x00000252d2b37e90 code [0x00000252d2b38040, 0x00000252d2b381a8]
Event: 4.749 Thread 0x00000252ea384db0 nmethod 2607 0x00000252d2b38290 code [0x00000252d2b38440, 0x00000252d2b38618]

GC Heap History (2 events):
Event: 0.686 GC heap before
{Heap before GC invocations=0 (full 0):
 garbage-first heap   total 258048K, used 20480K [0x0000000704e00000, 0x0000000800000000)
  region size 2048K, 11 young (22528K), 0 survivors (0K)
 Metaspace       used 6971K, committed 7232K, reserved 1114112K
  class space    used 524K, committed 640K, reserved 1048576K
}
Event: 0.689 GC heap after
{Heap after GC invocations=1 (full 0):
 garbage-first heap   total 258048K, used 3816K [0x0000000704e00000, 0x0000000800000000)
  region size 2048K, 2 young (4096K), 2 survivors (4096K)
 Metaspace       used 6971K, committed 7232K, reserved 1114112K
  class space    used 524K, committed 640K, reserved 1048576K
}

Dll operation events (11 events):
Event: 0.004 Loaded shared library C:\Program Files\JAVA\jdk-21.0.2\bin\java.dll
Event: 0.023 Loaded shared library C:\Program Files\JAVA\jdk-21.0.2\bin\jsvml.dll
Event: 0.059 Loaded shared library C:\Program Files\JAVA\jdk-21.0.2\bin\net.dll
Event: 0.059 Loaded shared library C:\Program Files\JAVA\jdk-21.0.2\bin\nio.dll
Event: 0.061 Loaded shared library C:\Program Files\JAVA\jdk-21.0.2\bin\zip.dll
Event: 0.097 Loaded shared library C:\Program Files\JAVA\jdk-21.0.2\bin\verify.dll
Event: 0.100 Loaded shared library C:\Program Files\JAVA\jdk-21.0.2\bin\jimage.dll
Event: 0.126 Loaded shared library C:\Users\divya\AppData\Local\Temp\libgdxdivya\e787ab0a\gdx64.dll
Event: 0.164 Loaded shared library C:\Users\divya\AppData\Local\Temp\lwjgldivya\3.3.1-build-7\lwjgl.dll
Event: 0.344 Loaded shared library C:\Users\divya\AppData\Local\Temp\lwjgldivya\3.3.1-build-7\lwjgl_opengl.dll
Event: 2.248 Loaded shared library C:\Users\divya\AppData\Local\Temp\libgdxdivya\888fe1bc\gdx-box2d64.dll

Deoptimization events (20 events):
Event: 3.747 Thread 0x00000252ca1fb4b0 DEOPT PACKING pc=0x00000252d2addd53 sp=0x000000e3eb5feff0
Event: 3.747 Thread 0x00000252ca1fb4b0 DEOPT UNPACKING pc=0x00000252d9ae4e42 sp=0x000000e3eb5fe498 mode 0
Event: 3.747 Thread 0x00000252ca1fb4b0 DEOPT PACKING pc=0x00000252d2a713cf sp=0x000000e3eb5ff0c0
Event: 3.747 Thread 0x00000252ca1fb4b0 DEOPT UNPACKING pc=0x00000252d9ae4e42 sp=0x000000e3eb5fe568 mode 0
Event: 3.747 Thread 0x00000252ca1fb4b0 DEOPT PACKING pc=0x00000252d2a713cf sp=0x000000e3eb5ff0c0
Event: 3.747 Thread 0x00000252ca1fb4b0 DEOPT UNPACKING pc=0x00000252d9ae4e42 sp=0x000000e3eb5fe568 mode 0
Event: 3.748 Thread 0x00000252ca1fb4b0 DEOPT PACKING pc=0x00000252d2a713cf sp=0x000000e3eb5ff0c0
Event: 3.748 Thread 0x00000252ca1fb4b0 DEOPT UNPACKING pc=0x00000252d9ae4e42 sp=0x000000e3eb5fe568 mode 0
Event: 3.947 Thread 0x00000252ca1fb4b0 DEOPT PACKING pc=0x00000252d2a7135d sp=0x000000e3eb5ff0c0
Event: 3.947 Thread 0x00000252ca1fb4b0 DEOPT UNPACKING pc=0x00000252d9ae4e42 sp=0x000000e3eb5fe568 mode 0
Event: 3.947 Thread 0x00000252ca1fb4b0 DEOPT PACKING pc=0x00000252d2a7144b sp=0x000000e3eb5ff0c0
Event: 3.947 Thread 0x00000252ca1fb4b0 DEOPT UNPACKING pc=0x00000252d9ae4e42 sp=0x000000e3eb5fe568 mode 0
Event: 3.947 Thread 0x00000252ca1fb4b0 DEOPT PACKING pc=0x00000252d2a7144b sp=0x000000e3eb5ff0c0
Event: 3.947 Thread 0x00000252ca1fb4b0 DEOPT UNPACKING pc=0x00000252d9ae4e42 sp=0x000000e3eb5fe568 mode 0
Event: 3.948 Thread 0x00000252ca1fb4b0 DEOPT PACKING pc=0x00000252d2a7144b sp=0x000000e3eb5ff0c0
Event: 3.948 Thread 0x00000252ca1fb4b0 DEOPT UNPACKING pc=0x00000252d9ae4e42 sp=0x000000e3eb5fe568 mode 0
Event: 4.364 Thread 0x00000252ca1fb4b0 Uncommon trap: trap_request=0xffffff45 fr.pc=0x00000252da2c1034 relative=0x0000000000000194
Event: 4.364 Thread 0x00000252ca1fb4b0 Uncommon trap: reason=unstable_if action=reinterpret pc=0x00000252da2c1034 method=javazoom.jl.decoder.BitReserve.hgetbits(I)I @ 77 c2
Event: 4.364 Thread 0x00000252ca1fb4b0 DEOPT PACKING pc=0x00000252da2c1034 sp=0x000000e3eb5fee30
Event: 4.364 Thread 0x00000252ca1fb4b0 DEOPT UNPACKING pc=0x00000252d9ae46a2 sp=0x000000e3eb5fedb8 mode 2

Classes loaded (20 events):
Event: 2.659 Loading class java/io/ObjectStreamClass$Caches$2
Event: 2.659 Loading class java/io/ObjectStreamClass$Caches$2 done
Event: 2.659 Loading class java/lang/reflect/Proxy
Event: 2.659 Loading class java/lang/reflect/Proxy done
Event: 2.659 Loading class java/lang/reflect/InvocationHandler
Event: 2.659 Loading class java/lang/reflect/InvocationHandler done
Event: 2.660 Loading class java/lang/reflect/Proxy$1
Event: 2.660 Loading class java/lang/reflect/Proxy$1 done
Event: 2.660 Loading class java/io/ObjectStreamClass$2
Event: 2.660 Loading class java/io/ObjectStreamClass$2 done
Event: 2.660 Loading class java/io/ClassCache$CacheRef
Event: 2.660 Loading class java/io/ClassCache$CacheRef done
Event: 2.660 Loading class java/io/ObjectStreamClass$FieldReflectorKey
Event: 2.660 Loading class java/io/ObjectStreamClass$FieldReflectorKey done
Event: 2.660 Loading class java/io/ObjectStreamClass$FieldReflector
Event: 2.660 Loading class java/io/ObjectStreamClass$FieldReflector done
Event: 2.660 Loading class java/io/ObjectStreamClass$ExceptionInfo
Event: 2.660 Loading class java/io/ObjectStreamClass$ExceptionInfo done
Event: 2.754 Loading class java/lang/invoke/MethodHandle$1
Event: 2.754 Loading class java/lang/invoke/MethodHandle$1 done

Classes unloaded (0 events):
No events

Classes redefined (0 events):
No events

Internal exceptions (20 events):
Event: 0.343 Thread 0x00000252ca1fb4b0 Exception <a 'sun/nio/fs/WindowsException'{0x0000000713fbd410}> (0x0000000713fbd410) 
thrown [s\open\src\hotspot\share\prims\jni.cpp, line 520]
Event: 0.344 Thread 0x00000252ca1fb4b0 Exception <a 'sun/nio/fs/WindowsException'{0x0000000713fc3bd8}> (0x0000000713fc3bd8) 
thrown [s\open\src\hotspot\share\prims\jni.cpp, line 520]
Event: 0.344 Thread 0x00000252ca1fb4b0 Exception <a 'sun/nio/fs/WindowsException'{0x0000000713fc3eb8}> (0x0000000713fc3eb8) 
thrown [s\open\src\hotspot\share\prims\jni.cpp, line 520]
Event: 0.589 Thread 0x00000252ca1fb4b0 Exception <a 'java/lang/ClassNotFoundException'{0x0000000713ace7a0}: sun/util/logging/resources/spi/loggingProvider> (0x0000000713ace7a0) 
thrown [s\open\src\hotspot\share\classfile\systemDictionary.cpp, line 312]
Event: 0.610 Thread 0x00000252ca1fb4b0 Exception <a 'java/lang/NoSuchMethodError'{0x00000007138362d8}: 'void java.lang.invoke.DelegatingMethodHandle$Holder.reinvoke_L(java.lang.Object, java.lang.Object, int)'> (0x00000007138362d8) 
thrown [s\open\src\hotspot\share\interpreter\linkResolver.cpp, line 773]
Event: 0.611 Thread 0x00000252ca1fb4b0 Exception <a 'java/lang/NoSuchMethodError'{0x000000071383cb18}: 'void java.lang.invoke.Invokers$Holder.invokeExact_MT(java.lang.Object, java.lang.Object, int, java.lang.Object)'> (0x000000071383cb18) 
thrown [s\open\src\hotspot\share\interpreter\linkResolver.cpp, line 773]
Event: 0.613 Thread 0x00000252ca1fb4b0 Exception <a 'java/lang/NoSuchMethodError'{0x0000000713853bf8}: 'void java.lang.invoke.Invokers$Holder.invokeExact_MT(java.lang.Object, java.lang.Object, java.lang.Object, java.lang.Object)'> (0x0000000713853bf8) 
thrown [s\open\src\hotspot\share\interpreter\linkResolver.cpp, line 773]
Event: 0.623 Thread 0x00000252ca1fb4b0 Exception <a 'java/lang/NoSuchMethodError'{0x0000000713916898}: 'int java.lang.invoke.DirectMethodHandle$Holder.invokeVirtual(java.lang.Object, java.lang.Object)'> (0x0000000713916898) 
thrown [s\open\src\hotspot\share\interpreter\linkResolver.cpp, line 773]
Event: 0.624 Thread 0x00000252ca1fb4b0 Exception <a 'java/lang/NoSuchMethodError'{0x000000071391fef8}: 'java.lang.Object java.lang.invoke.Invokers$Holder.invokeExact_MT(java.lang.Object, java.lang.Object, java.lang.Object, java.lang.Object, java.lang.Object, java.lang.Object)'> (0x000000071391fef8) 
thrown [s\open\src\hotspot\share\interpreter\linkResolver.cpp, line 773]
Event: 2.238 Thread 0x00000252ca1fb4b0 Exception <a 'java/lang/NoSuchMethodError'{0x00000007145f2b90}: 'void java.lang.invoke.DirectMethodHandle$Holder.invokeStatic(java.lang.Object, java.lang.Object, java.lang.Object)'> (0x00000007145f2b90) 
thrown [s\open\src\hotspot\share\interpreter\linkResolver.cpp, line 773]
Event: 2.251 Thread 0x00000252ca1fb4b0 Implicit null exception at 0x00000252da267639 to 0x00000252da2678d0
Event: 2.349 Thread 0x00000252ca1fb4b0 Exception <a 'java/lang/NoSuchMethodError'{0x0000000713e9f330}: 'int java.lang.invoke.DirectMethodHandle$Holder.invokeSpecial(java.lang.Object, java.lang.Object, int)'> (0x0000000713e9f330) 
thrown [s\open\src\hotspot\share\interpreter\linkResolver.cpp, line 773]
Event: 2.466 Thread 0x00000252ca1fb4b0 Exception <a 'java/lang/NoSuchMethodError'{0x0000000713ba3e48}: 'float java.lang.invoke.DelegatingMethodHandle$Holder.reinvoke_L(java.lang.Object, java.lang.Object)'> (0x0000000713ba3e48) 
thrown [s\open\src\hotspot\share\interpreter\linkResolver.cpp, line 773]
Event: 2.467 Thread 0x00000252ca1fb4b0 Exception <a 'java/lang/NoSuchMethodError'{0x0000000713bae080}: 'void java.lang.invoke.DelegatingMethodHandle$Holder.reinvoke_L(java.lang.Object, java.lang.Object, float)'> (0x0000000713bae080) 
thrown [s\open\src\hotspot\share\interpreter\linkResolver.cpp, line 773]
Event: 2.707 Thread 0x00000252ca1fb4b0 Exception <a 'java/lang/NoSuchMethodError'{0x0000000712c46598}: 'void java.lang.invoke.DirectMethodHandle$Holder.invokeSpecial(java.lang.Object, java.lang.Object, java.lang.Object, java.lang.Object, java.lang.Object)'> (0x0000000712c46598) 
thrown [s\open\src\hotspot\share\interpreter\linkResolver.cpp, line 773]
Event: 2.719 Thread 0x00000252ca1fb4b0 Exception <a 'java/lang/NoSuchMethodError'{0x0000000712ca06e0}: 'void java.lang.invoke.DirectMethodHandle$Holder.invokeVirtual(java.lang.Object, java.lang.Object)'> (0x0000000712ca06e0) 
thrown [s\open\src\hotspot\share\interpreter\linkResolver.cpp, line 773]
Event: 2.746 Thread 0x00000252ca1fb4b0 Exception <a 'java/lang/NoSuchMethodError'{0x0000000712a2ff70}: 'void java.lang.invoke.DirectMethodHandle$Holder.invokeVirtual(java.lang.Object, java.lang.Object, int)'> (0x0000000712a2ff70) 
thrown [s\open\src\hotspot\share\interpreter\linkResolver.cpp, line 773]
Event: 2.747 Thread 0x00000252ca1fb4b0 Exception <a 'java/lang/NoSuchMethodError'{0x0000000712a3ebd0}: 'void java.lang.invoke.DirectMethodHandle$Holder.invokeVirtual(java.lang.Object, java.lang.Object, float)'> (0x0000000712a3ebd0) 
thrown [s\open\src\hotspot\share\interpreter\linkResolver.cpp, line 773]
Event: 2.763 Thread 0x00000252ca1fb4b0 Exception <a 'java/lang/NoSuchMethodError'{0x0000000712a9d138}: 'void java.lang.invoke.DirectMethodHandle$Holder.invokeStatic(java.lang.Object, java.lang.Object, java.lang.Object, java.lang.Object)'> (0x0000000712a9d138) 
thrown [s\open\src\hotspot\share\interpreter\linkResolver.cpp, line 773]
Event: 2.764 Thread 0x00000252ca1fb4b0 Exception <a 'java/lang/NoSuchMethodError'{0x0000000712aa3238}: 'int java.lang.invoke.DirectMethodHandle$Holder.invokeInterface(java.lang.Object, java.lang.Object)'> (0x0000000712aa3238) 
thrown [s\open\src\hotspot\share\interpreter\linkResolver.cpp, line 773]

ZGC Phase Switch (0 events):
No events

VM Operations (20 events):
Event: 0.124 Executing VM operation: HandshakeAllThreads (Deoptimize)
Event: 0.124 Executing VM operation: HandshakeAllThreads (Deoptimize) done
Event: 0.145 Executing VM operation: HandshakeAllThreads (Deoptimize)
Event: 0.145 Executing VM operation: HandshakeAllThreads (Deoptimize) done
Event: 0.598 Executing VM operation: HandshakeAllThreads (Deoptimize)
Event: 0.598 Executing VM operation: HandshakeAllThreads (Deoptimize) done
Event: 0.668 Executing VM operation: HandshakeAllThreads (Deoptimize)
Event: 0.668 Executing VM operation: HandshakeAllThreads (Deoptimize) done
Event: 0.668 Executing VM operation: HandshakeAllThreads (Deoptimize)
Event: 0.668 Executing VM operation: HandshakeAllThreads (Deoptimize) done
Event: 0.685 Executing VM operation: G1CollectForAllocation (G1 Evacuation Pause)
Event: 0.689 Executing VM operation: G1CollectForAllocation (G1 Evacuation Pause) done
Event: 1.701 Executing VM operation: Cleanup
Event: 1.701 Executing VM operation: Cleanup done
Event: 2.345 Executing VM operation: HandshakeAllThreads (Deoptimize)
Event: 2.345 Executing VM operation: HandshakeAllThreads (Deoptimize) done
Event: 3.345 Executing VM operation: Cleanup
Event: 3.345 Executing VM operation: Cleanup done
Event: 4.346 Executing VM operation: Cleanup
Event: 4.346 Executing VM operation: Cleanup done

Events (20 events):
Event: 2.717 Thread 0x00000252ffa9bab0 Thread added: 0x00000252ffa9bab0
Event: 2.717 Thread 0x00000252ffa96bf0 Thread added: 0x00000252ffa96bf0
Event: 2.717 Thread 0x00000252ffa97280 Thread added: 0x00000252ffa97280
Event: 2.717 Thread 0x00000252ff090470 Thread added: 0x00000252ff090470
Event: 2.717 Thread 0x00000252ff08fde0 Thread added: 0x00000252ff08fde0
Event: 2.717 Thread 0x00000252ff08f0c0 Thread added: 0x00000252ff08f0c0
Event: 2.717 Thread 0x00000252ff08e3a0 Thread added: 0x00000252ff08e3a0
Event: 2.718 Thread 0x00000252ff0938f0 Thread added: 0x00000252ff0938f0
Event: 2.718 Thread 0x00000252ff094610 Thread added: 0x00000252ff094610
Event: 2.718 Thread 0x00000252ff08f750 Thread added: 0x00000252ff08f750
Event: 2.718 Thread 0x00000252ff090b00 Thread added: 0x00000252ff090b00
Event: 2.718 Thread 0x00000252ff091190 Thread added: 0x00000252ff091190
Event: 2.718 Thread 0x00000252ff091820 Thread added: 0x00000252ff091820
Event: 2.731 Thread 0x00000252ff091eb0 Thread added: 0x00000252ff091eb0
Event: 3.047 Thread 0x00000252f1712b70 Thread exited: 0x00000252f1712b70
Event: 3.063 Thread 0x00000252f17124c0 Thread exited: 0x00000252f17124c0
Event: 3.330 Thread 0x00000252f14ac5c0 Thread exited: 0x00000252f14ac5c0
Event: 3.514 Thread 0x00000252f13a0170 Thread exited: 0x00000252f13a0170
Event: 3.564 Thread 0x00000252f13a0170 Thread added: 0x00000252f13a0170
Event: 3.731 Thread 0x00000252f13a0170 Thread exited: 0x00000252f13a0170


Dynamic libraries:
0x00007ff736200000 - 0x00007ff73620e000 	C:\Program Files\JAVA\jdk-21.0.2\bin\java.exe
0x00007ffa81910000 - 0x00007ffa81b27000 	C:\WINDOWS\SYSTEM32\ntdll.dll
0x00007ffa80220000 - 0x00007ffa802e4000 	C:\WINDOWS\System32\KERNEL32.DLL
0x00007ffa7f290000 - 0x00007ffa7f63d000 	C:\WINDOWS\System32\KERNELBASE.dll
0x00007ffa7f0a0000 - 0x00007ffa7f1b1000 	C:\WINDOWS\System32\ucrtbase.dll
0x00007ffa54760000 - 0x00007ffa54778000 	C:\Program Files\JAVA\jdk-21.0.2\bin\jli.dll
0x00007ffa558d0000 - 0x00007ffa558eb000 	C:\Program Files\JAVA\jdk-21.0.2\bin\VCRUNTIME140.dll
0x00007ffa7fa00000 - 0x00007ffa7fbae000 	C:\WINDOWS\System32\USER32.dll
0x00007ffa7f070000 - 0x00007ffa7f096000 	C:\WINDOWS\System32\win32u.dll
0x00007ffa80630000 - 0x00007ffa80659000 	C:\WINDOWS\System32\GDI32.dll
0x00007ffa6a710000 - 0x00007ffa6a9a3000 	C:\WINDOWS\WinSxS\amd64_microsoft.windows.common-controls_6595b64144ccf1df_6.0.22621.3672_none_2713b9d173822955\COMCTL32.dll
0x00007ffa7eed0000 - 0x00007ffa7efe9000 	C:\WINDOWS\System32\gdi32full.dll
0x00007ffa80660000 - 0x00007ffa80707000 	C:\WINDOWS\System32\msvcrt.dll
0x00007ffa7f1c0000 - 0x00007ffa7f25a000 	C:\WINDOWS\System32\msvcp_win.dll
0x00007ffa80db0000 - 0x00007ffa80de1000 	C:\WINDOWS\System32\IMM32.DLL
0x00007ffa5cde0000 - 0x00007ffa5cdec000 	C:\Program Files\JAVA\jdk-21.0.2\bin\vcruntime140_1.dll
0x00007ffa29940000 - 0x00007ffa299ce000 	C:\Program Files\JAVA\jdk-21.0.2\bin\msvcp140.dll
0x00007ff9baa30000 - 0x00007ff9bb747000 	C:\Program Files\JAVA\jdk-21.0.2\bin\server\jvm.dll
0x00007ffa80df0000 - 0x00007ffa80ea2000 	C:\WINDOWS\System32\ADVAPI32.dll
0x00007ffa80ba0000 - 0x00007ffa80c49000 	C:\WINDOWS\System32\sechost.dll
0x00007ffa7f260000 - 0x00007ffa7f288000 	C:\WINDOWS\System32\bcrypt.dll
0x00007ffa7fc70000 - 0x00007ffa7fd84000 	C:\WINDOWS\System32\RPCRT4.dll
0x00007ffa80300000 - 0x00007ffa80371000 	C:\WINDOWS\System32\WS2_32.dll
0x00007ffa76360000 - 0x00007ffa76394000 	C:\WINDOWS\SYSTEM32\WINMM.dll
0x00007ffa72cf0000 - 0x00007ffa72cfa000 	C:\WINDOWS\SYSTEM32\VERSION.dll
0x00007ffa7dac0000 - 0x00007ffa7db0d000 	C:\WINDOWS\SYSTEM32\POWRPROF.dll
0x00007ffa7daa0000 - 0x00007ffa7dab3000 	C:\WINDOWS\SYSTEM32\UMPDC.dll
0x00007ffa7dd50000 - 0x00007ffa7dd68000 	C:\WINDOWS\SYSTEM32\kernel.appcore.dll
0x00007ffa5af70000 - 0x00007ffa5af7a000 	C:\Program Files\JAVA\jdk-21.0.2\bin\jimage.dll
0x00007ffa7bfe0000 - 0x00007ffa7c212000 	C:\WINDOWS\SYSTEM32\DBGHELP.DLL
0x00007ffa80810000 - 0x00007ffa80b9d000 	C:\WINDOWS\System32\combase.dll
0x00007ffa7f910000 - 0x00007ffa7f9e7000 	C:\WINDOWS\System32\OLEAUT32.dll
0x00007ffa729b0000 - 0x00007ffa729e2000 	C:\WINDOWS\SYSTEM32\dbgcore.DLL
0x00007ffa7eff0000 - 0x00007ffa7f06b000 	C:\WINDOWS\System32\bcryptPrimitives.dll
0x00007ffa537b0000 - 0x00007ffa537cf000 	C:\Program Files\JAVA\jdk-21.0.2\bin\java.dll
0x00007ffa80f80000 - 0x00007ffa817e8000 	C:\WINDOWS\System32\SHELL32.dll
0x00007ffa7cb40000 - 0x00007ffa7d43e000 	C:\WINDOWS\SYSTEM32\windows.storage.dll
0x00007ffa7ca00000 - 0x00007ffa7cb3f000 	C:\WINDOWS\SYSTEM32\wintypes.dll
0x00007ffa80710000 - 0x00007ffa80809000 	C:\WINDOWS\System32\SHCORE.dll
0x00007ffa7fbb0000 - 0x00007ffa7fc0e000 	C:\WINDOWS\System32\shlwapi.dll
0x00007ffa7eb60000 - 0x00007ffa7eb81000 	C:\WINDOWS\SYSTEM32\profapi.dll
0x00007ffa1d550000 - 0x00007ffa1d627000 	C:\Program Files\JAVA\jdk-21.0.2\bin\jsvml.dll
0x00007ffa58dc0000 - 0x00007ffa58dd0000 	C:\Program Files\JAVA\jdk-21.0.2\bin\net.dll
0x00007ffa77e40000 - 0x00007ffa77f76000 	C:\WINDOWS\SYSTEM32\WINHTTP.dll
0x00007ffa7e1c0000 - 0x00007ffa7e229000 	C:\WINDOWS\system32\mswsock.dll
0x00007ffa4eb90000 - 0x00007ffa4eba6000 	C:\Program Files\JAVA\jdk-21.0.2\bin\nio.dll
0x00007ffa50cf0000 - 0x00007ffa50d08000 	C:\Program Files\JAVA\jdk-21.0.2\bin\zip.dll
0x00007ffa58d50000 - 0x00007ffa58d60000 	C:\Program Files\JAVA\jdk-21.0.2\bin\verify.dll
0x0000000062b90000 - 0x0000000062bb9000 	C:\Users\divya\AppData\Local\Temp\libgdxdivya\e787ab0a\gdx64.dll
0x00007ffa29dc0000 - 0x00007ffa29e35000 	C:\Users\divya\AppData\Local\Temp\lwjgldivya\3.3.1-build-7\lwjgl.dll
0x00007ff9f3b50000 - 0x00007ff9f3da9000 	C:\Users\divya\AppData\Local\Temp\lwjgldivya\3.3.1-build-7\jemalloc.dll
0x00007ffa26990000 - 0x00007ffa269f1000 	C:\Users\divya\AppData\Local\Temp\lwjgldivya\3.3.1-build-7\glfw.dll
0x00007ffa55970000 - 0x00007ffa559b6000 	C:\WINDOWS\SYSTEM32\dinput8.dll
0x00007ffa19770000 - 0x00007ffa19781000 	C:\WINDOWS\SYSTEM32\xinput1_4.dll
0x00007ffa7e8e0000 - 0x00007ffa7e90c000 	C:\WINDOWS\SYSTEM32\DEVOBJ.dll
0x00007ffa7e940000 - 0x00007ffa7e98e000 	C:\WINDOWS\SYSTEM32\cfgmgr32.dll
0x00007ffa79580000 - 0x00007ffa795ab000 	C:\WINDOWS\SYSTEM32\dwmapi.dll
0x00007ffa5aa60000 - 0x00007ffa5ac6e000 	C:\WINDOWS\SYSTEM32\inputhost.dll
0x00007ffa75dc0000 - 0x00007ffa75ef3000 	C:\WINDOWS\SYSTEM32\CoreMessaging.dll
0x00007ffa79300000 - 0x00007ffa793b0000 	C:\WINDOWS\system32\uxtheme.dll
0x00007ffa7e420000 - 0x00007ffa7e42c000 	C:\WINDOWS\SYSTEM32\CRYPTBASE.DLL
0x00007ffa80c50000 - 0x00007ffa80dab000 	C:\WINDOWS\System32\MSCTF.dll
0x00007ffa1d680000 - 0x00007ffa1d817000 	C:\Users\divya\AppData\Local\Temp\lwjgldivya\3.3.1-build-7\OpenAL.dll
0x00007ffa80480000 - 0x00007ffa80625000 	C:\WINDOWS\System32\ole32.dll
0x00007ffa7f640000 - 0x00007ffa7f6f0000 	C:\WINDOWS\System32\clbcatq.dll
0x00007ffa71e20000 - 0x00007ffa71ebd000 	C:\WINDOWS\System32\MMDevApi.dll
0x00007ffa6ab70000 - 0x00007ffa6ad5c000 	C:\WINDOWS\SYSTEM32\AUDIOSES.DLL
0x00007ffa7c6d0000 - 0x00007ffa7c6e5000 	C:\WINDOWS\SYSTEM32\resourcepolicyclient.dll
0x00007ffa20700000 - 0x00007ffa20800000 	C:\WINDOWS\SYSTEM32\opengl32.dll
0x00007ffa58010000 - 0x00007ffa5803d000 	C:\WINDOWS\SYSTEM32\GLU32.dll
0x00007ffa7c340000 - 0x00007ffa7c377000 	C:\WINDOWS\SYSTEM32\dxcore.dll
0x00007ffa73660000 - 0x00007ffa736a9000 	C:\WINDOWS\SYSTEM32\directxdatabasehelper.dll
0x00007ffa76fd0000 - 0x00007ffa77112000 	C:\Windows\System32\AppXDeploymentClient.dll
0x00007ff9b86e0000 - 0x00007ff9b9949000 	C:\WINDOWS\System32\DriverStore\FileRepository\iigd_dch.inf_amd64_bcc3ca7fdd6d5f38\igxelpicd64.dll
0x00007ffa79470000 - 0x00007ffa79567000 	C:\WINDOWS\system32\dxgi.dll
0x00007ff9ee970000 - 0x00007ff9eecbc000 	C:\WINDOWS\System32\DriverStore\FileRepository\iigd_dch.inf_amd64_bcc3ca7fdd6d5f38\igdml64.dll
0x00007ffa6c480000 - 0x00007ffa6c8be000 	C:\WINDOWS\System32\DriverStore\FileRepository\iigd_dch.inf_amd64_bcc3ca7fdd6d5f38\igdgmm64.dll
0x00007ffa643c0000 - 0x00007ffa68414000 	C:\WINDOWS\System32\DriverStore\FileRepository\iigd_dch.inf_amd64_bcc3ca7fdd6d5f38\igc64.dll
0x00007ffa3dfd0000 - 0x00007ffa3e02d000 	C:\Users\divya\AppData\Local\Temp\lwjgldivya\3.3.1-build-7\lwjgl_opengl.dll
0x00007ffa69e80000 - 0x00007ffa69fce000 	C:\WINDOWS\SYSTEM32\textinputframework.dll
0x00007ffa71ec0000 - 0x00007ffa7222d000 	C:\WINDOWS\SYSTEM32\CoreUIComponents.dll
0x0000000062b30000 - 0x0000000062b8a000 	C:\Users\divya\AppData\Local\Temp\libgdxdivya\888fe1bc\gdx-box2d64.dll

dbghelp: loaded successfully - version: 4.0.5 - missing functions: none
symbol engine: initialized successfully - sym options: 0x614 - pdb path: .;C:\Program Files\JAVA\jdk-21.0.2\bin;C:\WINDOWS\SYSTEM32;C:\WINDOWS\WinSxS\amd64_microsoft.windows.common-controls_6595b64144ccf1df_6.0.22621.3672_none_2713b9d173822955;C:\Program Files\JAVA\jdk-21.0.2\bin\server;C:\Users\divya\AppData\Local\Temp\libgdxdivya\e787ab0a;C:\Users\divya\AppData\Local\Temp\lwjgldivya\3.3.1-build-7;C:\WINDOWS\System32\DriverStore\FileRepository\iigd_dch.inf_amd64_bcc3ca7fdd6d5f38;C:\Users\divya\AppData\Local\Temp\libgdxdivya\888fe1bc

VM Arguments:
jvm_args: -Dfile.encoding=windows-1252 -Duser.country=IN -Duser.language=en -Duser.variant 
java_command: com.csse3200.game.desktop.DesktopLauncher
java_class_path (initial): C:\Users\divya\Desktop\CSSE3200\2024-studio-1\source\desktop\build\classes\java\main;C:\Users\divya\Desktop\CSSE3200\2024-studio-1\source\desktop\build\resources\main;C:\Users\divya\.gradle\caches\modules-2\files-2.1\com.badlogicgames.gdx\gdx-backend-lwjgl3\1.11.0\58a96db4cd349be4292d547856aa1e1c5f065f4e\gdx-backend-lwjgl3-1.11.0.jar;C:\Users\divya\.gradle\caches\modules-2\files-2.1\com.badlogicgames.gdx\gdx-platform\1.11.0\697fb13eada6d3c6ca648c9788692b0159add126\gdx-platform-1.11.0-natives-desktop.jar;C:\Users\divya\.gradle\caches\modules-2\files-2.1\com.badlogicgames.gdx\gdx-box2d-platform\1.11.0\62ff9baa1e57a11e0a4428a38c9660bf9f312fdc\gdx-box2d-platform-1.11.0-natives-desktop.jar;C:\Users\divya\.gradle\caches\modules-2\files-2.1\com.badlogicgames.gdx\gdx-tools\1.11.0\a5d30eafd0f2fbab314efdf6d98ebc27388b7c0a\gdx-tools-1.11.0.jar;C:\Users\divya\.gradle\caches\modules-2\files-2.1\com.badlogicgames.gdx-controllers\gdx-controllers-desktop\2.2.2\625b3bdbe803e9c4af181b4791202cfcf776d805\gdx-controllers-desktop-2.2.2.jar;C:\Users\divya\Desktop\CSSE3200\2024-studio-1\source\core\build\libs\core-1.0.jar;C:\Users\divya\.gradle\caches\modules-2\files-2.1\com.badlogicgames.gdx\gdx-backend-lwjgl\1.11.0\33555a2cf8b4d9db4122b2fe42e7674b343d8b4\gdx-backend-lwjgl-1.11.0.jar;C:\Users\divya\.gradle\caches\modules-2\files-2.1\com.badlogicgames.gdx\gdx-freetype\1.11.0\a3634ad2e6c56d251268d6ab5c0f66eee2841f2c\gdx-freetype-1.11.0.jar;C:\Users\divya\.gradle\caches\modules-2\files-2.1\com.badlogicgames.gdx\gdx-backend-headless\1.11.0\3c3d0c951db72891d894df1725d09179fd0bca00\gdx-backend-headless-1.11.0.jar;C:\Users\divya\.gradle\caches\modules-2\files-2.1\com.badlogicgames.gdx-controllers\gdx-controllers-core\2.2.2\25473efe9273912a03a4871a9e1469b41d86face\gdx-controllers-core-2.2.2.jar;C:\Users\divya\.gradle\caches\modules-2\files-2.1\net.dermetfan.libgdx-utils\libgdx-utils-box2d\0.13.4\918d79a20ea3c898cdb3611782c5b2bfa6ec575b\libgdx-utils-box2d-0.13.4.jar;C:\Users\divya\.gradle\caches\modules-2\files-2.1\com.badlogicgames.gdx\gdx-box2d\1.11.0\ad4facee800dd945d6d6e93dea2936bc135b5f\gdx-box2d-1.11.0.jar;C:\Users\divya\.gradle\caches\modules-2\files-2.1\net.dermetfan.libgdx-utils\libgdx-utils\0.13.4\27affad2873d1c9c366a2290fc51f3927f3a5f83\libgdx-utils-0.13.4.jar;C:\Users\divya\.gradle\caches\modules-2\files-2.1\com.badlogicgames.gdx\gdx\1.11.0\ffe1206d1004cd9e40027e28964be0fea0399af7\gdx-1.11.0.jar;C:\Users\divya\.gradle\caches\modules-2\files-2.1\org.lwjgl\lwjgl-glfw\3.3.1\cbac1b8d30cb4795149c1ef540f912671a8616d0\lwjgl-glfw-3.3.1.jar;C:\Users\divya\.gradle\caches\modules-2\files-2.1\org.lwjgl\lwjgl-glfw\3.3.1\81716978214ecbda15050ca394b06ef61501a49e\lwjgl-glfw-3.3.1-natives-linux.jar;C:\Users\divya\.gradle\caches\modules-2\files-2.1\org.lwjgl\lwjgl-glfw\3.3.1\816d935933f2dd743074c4e717cc25b55720f294\lwjgl-glfw-3.3.1-natives-linux-arm32.jar;C:\Users\divya\.gradle\caches\modules-2\files-2.1\org.lwjgl\lwjgl-glfw\3.3.1\513eb39b866d0fe131a18d5c517087805433b029\lwjgl-glfw-3.3.1-natives-linux-arm64.jar;C:\Users\divya\.gradle\caches\modules-2\files-2.1\org.lwjgl\lwjgl-glfw\3.3.1\9ec4ce1fc8c85fdef03ef4ff2aace6f5775fb280\lwjgl-glfw-3.3.1-natives-macos.jar;C:\Users\divya\.gradle\caches\modules-2\files-2.1\org.lwjgl\lwjgl-glfw\3.3.1\cac0d3f712a3da7641fa174735a5f315de7ffe0a\lwjgl-glfw-3.3.1-natives-macos-arm64.jar;C:\Users\divya\.gradle\caches\modules-2\files-2.1\org.lwjgl\lwjgl-glfw\3.3.1\ed892f945cf7e79c8756796f32d00fa4ceaf573b\lwjgl-glfw-3.3.1-natives-windows.jar;C:\Users\divya\.gradle\caches\modules-2\files-2.1\org.lwjgl\lwjgl-glfw\3.3.1\b997e3391d6ce8f05487e7335d95c606043884a1\lwjgl-glfw-3.3.1-natives-windows-x86.jar;C:\Users\divya\.gradle\caches\modules-2\files-2.1\org.lwjgl\lwjgl-jemalloc\3.3.1\a817bcf213db49f710603677457567c37d53e103\lwjgl-jemalloc-3.3.1.jar;C:\Users\divya\.gradle\caches\modules-2\files-2.1\org.lwjgl\lwjgl-jemalloc\3.3.1\33dbb017b6ed6b25f993ad9d56741a49e7937718\lwjgl-jemalloc-3.3.1-natives-linux.jar;C:\Users\divya\.gradle\caches\modules-2\files-2.1\org.lwjgl\lwjgl-jemalloc\3.3.1\a96a6d6cb3876d7813fcee53c3c24f246aeba3b3\lwjgl-jemalloc-3.3.1-natives-linux-arm32.jar;C:\Users\divya\.gradle\caches\modules-2\files-2.1\org.lwjgl\lwjgl-jemalloc\3.3.1\c6606e57db075ad218a2e78d2416c159a53b6a0c\lwjgl-jemalloc-3.3.1-natives-linux-arm64.jar;C:\Users\divya\.gradle\caches\modules-2\files-2.1\org.lwjgl\lwjgl-jemalloc\3.3.1\56424dc8db3cfb8e7b594aa6d59a4f4387b7f544\lwjgl-jemalloc-3.3.1-natives-macos.jar;C:\Users\divya\.gradle\caches\modules-2\files-2.1\org.lwjgl\lwjgl-jemalloc\3.3.1\e577b87d8ad2ade361aaea2fcf226c660b15dee8\lwjgl-jemalloc-3.3.1-natives-macos-arm64.jar;C:\Users\divya\.gradle\caches\modules-2\files-2.1\org.lwjgl\lwjgl-jemalloc\3.3.1\948a89b76a16aa324b046ae9308891216ffce5f9\lwjgl-jemalloc-3.3.1-natives-windows.jar;C:\Users\divya\.gradle\caches\modules-2\files-2.1\org.lwjgl\lwjgl-jemalloc\3.3.1\fb476c8ec110e1c137ad3ce8a7f7bfe6b11c6324\lwjgl-jemalloc-3.3.1-natives-windows-x86.jar;C:\Users\divya\.gradle\caches\modules-2\files-2.1\org.lwjgl\lwjgl-openal\3.3.1\2623a6b8ae1dfcd880738656a9f0243d2e6840bd\lwjgl-openal-3.3.1.jar;C:\Users\divya\.gradle\caches\modules-2\files-2.1\org.lwjgl\lwjgl-openal\3.3.1\f906b6439f6daa66001182ea7727e3467a93681b\lwjgl-openal-3.3.1-natives-linux.jar;C:\Users\divya\.gradle\caches\modules-2\files-2.1\org.lwjgl\lwjgl-openal\3.3.1\ffbe35d7fa5ec9b7eca136a7c71f24d4025a510b\lwjgl-openal-3.3.1-natives-linux-arm32.jar;C:\Users\divya\.gradle\caches\modules-2\files-2.1\org.lwjgl\lwjgl-openal\3.3.1\cf4e303257e82981b8b2e31bba3d7f8f7b8f42b2\lwjgl-openal-3.3.1-natives-linux-arm64.jar;C:\Users\divya\.gradle\caches\modules-2\files-2.1\org.lwjgl\lwjgl-openal\3.3.1\3a57b8911835fb58b5e558d0ca0d28157e263d45\lwjgl-openal-3.3.1-natives-macos.jar;C:\Users\divya\.gradle\caches\modules-2\files-2.1\org.lwjgl\lwjgl-openal\3.3.1\23d55e7490b57495320f6c9e1936d78fd72c4ef8\lwjgl-openal-3.3.1-natives-macos-arm64.jar;C:\Users\divya\.gradle\caches\modules-2\files-2.1\org.lwjgl\lwjgl-openal\3.3.1\30a474d0e57193d7bc128849a3ab66bc9316fdb1\lwjgl-openal-3.3.1-natives-windows.jar;C:\Users\divya\.gradle\caches\modules-2\files-2.1\org.lwjgl\lwjgl-openal\3.3.1\888349f7b1be6fbae58bf8edfb9ef12def04c4e3\lwjgl-openal-3.3.1-natives-windows-x86.jar;C:\Users\divya\.gradle\caches\modules-2\files-2.1\org.lwjgl\lwjgl-opengl\3.3.1\831a5533a21a5f4f81bbc51bb13e9899319b5411\lwjgl-opengl-3.3.1.jar;C:\Users\divya\.gradle\caches\modules-2\files-2.1\org.lwjgl\lwjgl-opengl\3.3.1\ab9ab6fde3743e3550fa5d46d785ecb45b047d99\lwjgl-opengl-3.3.1-natives-linux.jar;C:\Users\divya\.gradle\caches\modules-2\files-2.1\org.lwjgl\lwjgl-opengl\3.3.1\e3550fa91097fd56e361b4370fa822220fef3595\lwjgl-opengl-3.3.1-natives-linux-arm32.jar;C:\Users\divya\.gradle\caches\modules-2\files-2.1\org.lwjgl\lwjgl-opengl\3.3.1\1c528fb258a6e63e8fceb4482d8db0f3af10a634\lwjgl-opengl-3.3.1-natives-linux-arm64.jar;C:\Users\divya\.gradle\caches\modules-2\files-2.1\org.lwjgl\lwjgl-opengl\3.3.1\a0d12697ea019a7362eff26475b0531340e876a6\lwjgl-opengl-3.3.1-natives-macos.jar;C:\Users\divya\.gradle\caches\modules-2\files-2.1\org.lwjgl\lwjgl-opengl\3.3.1\eafe34b871d966292e8db0f1f3d6b8b110d4e91d\lwjgl-opengl-3.3.1-natives-macos-arm64.jar;C:\Users\divya\.gradle\caches\modules-2\files-2.1\org.lwjgl\lwjgl-opengl\3.3.1\c1807e9bd571402787d7e37e3029776ae2513bb8\lwjgl-opengl-3.3.1-natives-windows.jar;C:\Users\divya\.gradle\caches\modules-2\files-2.1\org.lwjgl\lwjgl-opengl\3.3.1\deef3eb9b178ff2ff3ce893cc72ae741c3a17974\lwjgl-opengl-3.3.1-natives-windows-x86.jar;C:\Users\divya\.gradle\caches\modules-2\files-2.1\org.lwjgl\lwjgl-stb\3.3.1\b119297cf8ed01f247abe8685857f8e7fcf5980f\lwjgl-stb-3.3.1.jar;C:\Users\divya\.gradle\caches\modules-2\files-2.1\org.lwjgl\lwjgl-stb\3.3.1\3ee7aec8686e52867677110415566a5342a80230\lwjgl-stb-3.3.1-natives-linux.jar;C:\Users\divya\.gradle\caches\modules-2\files-2.1\org.lwjgl\lwjgl-stb\3.3.1\b08226bab162c06ae69337d8a1b0ee0a3fdf0b90\lwjgl-stb-3.3.1-natives-linux-arm32.jar;C:\Users\divya\.gradle\caches\modules-2\files-2.1\org.lwjgl\lwjgl-stb\3.3.1\8e8348a1813aad7f30aaf75ea197151ebb7beba9\lwjgl-stb-3.3.1-natives-linux-arm64.jar;C:\Users\divya\.gradle\caches\modules-2\files-2.1\org.lwjgl\lwjgl-stb\3.3.1\def8879b8d38a47a4cc1d48b1f9a7b772e51258e\lwjgl-stb-3.3.1-natives-macos.jar;C:\Users\divya\.gradle\caches\modules-2\files-2.1\org.lwjgl\lwjgl-stb\3.3.1\fcf073ed911752abdca5f0b00a53cfdf17ff8e8b\lwjgl-stb-3.3.1-natives-macos-arm64.jar;C:\Users\divya\.gradle\caches\modules-2\files-2.1\org.lwjgl\lwjgl-stb\3.3.1\86315914ac119efdb02dc9e8e978ade84f1702af\lwjgl-stb-3.3.1-natives-windows.jar;C:\Users\divya\.gradle\caches\modules-2\files-2.1\org.lwjgl\lwjgl-stb\3.3.1\a8d41f419eecb430b7c91ea2ce2c5c451cae2091\lwjgl-stb-3.3.1-natives-windows-x86.jar;C:\Users\divya\.gradle\caches\modules-2\files-2.1\org.lwjgl\lwjgl\3.3.1\ae58664f88e18a9bb2c77b063833ca7aaec484cb\lwjgl-3.3.1.jar;C:\Users\divya\.gradle\caches\modules-2\files-2.1\org.lwjgl\lwjgl\3.3.1\1de885aba434f934201b99f2f1afb142036ac189\lwjgl-3.3.1-natives-linux.jar;C:\Users\divya\.gradle\caches\modules-2\files-2.1\org.lwjgl\lwjgl\3.3.1\41a3c1dd15d6b964eb8196dde69720a3e3e5e969\lwjgl-3.3.1-natives-linux-arm32.jar;C:\Users\divya\.gradle\caches\modules-2\files-2.1\org.lwjgl\lwjgl\3.3.1\b597401014acb7196c76d97e15a6288f54f1f692\lwjgl-3.3.1-natives-linux-arm64.jar;C:\Users\divya\.gradle\caches\modules-2\files-2.1\org.lwjgl\lwjgl\3.3.1\fc6bb723dec2cd031557dccb2a95f0ab80acb9db\lwjgl-3.3.1-natives-macos.jar;C:\Users\divya\.gradle\caches\modules-2\files-2.1\org.lwjgl\lwjgl\3.3.1\71d0d5e469c9c95351eb949064497e3391616ac9\lwjgl-3.3.1-natives-macos-arm64.jar;C:\Users\divya\.gradle\caches\modules-2\files-2.1\org.lwjgl\lwjgl\3.3.1\36c37f16ab611b3aa11f3bcf80b1d509b4ce6b\lwjgl-3.3.1-natives-windows.jar;C:\Users\divya\.gradle\caches\modules-2\files-2.1\org.lwjgl\lwjgl\3.3.1\3b14f4beae9dd39791ec9e12190a9380cd8a3ce6\lwjgl-3.3.1-natives-windows-x86.jar;C:\Users\divya\.gradle\caches\modules-2\files-2.1\com.badlogicgames.jlayer\jlayer\1.0.1-gdx\7cca83cec5c1b2f011362f4d85aabd71a73b049d\jlayer-1.0.1-gdx.jar;C:\Users\divya\.gradle\caches\modules-2\files-2.1\org.jcraft\jorbis\0.0.17\8872d22b293e8f5d7d56ff92be966e6dc28ebdc6\jorbis-0.0.17.jar;C:\Users\divya\.gradle\caches\modules-2\files-2.1\com.badlogicgames.jamepad\jamepad\2.0.20.0\55eb0007fd55c9914d106dac3387b9d444572cab\jamepad-2.0.20.0.jar;C:\Users\divya\.gradle\caches\modules-2\files-2.1\org.slf4j\slf4j-jdk14\1.7.36\4a18af6554bfe48b0f76eec98119c417da23c7e1\slf4j-jdk14-1.7.36.jar;C:\Users\divya\.gradle\caches\modules-2\files-2.1\org.slf4j\slf4j-api\1.7.36\6c62681a2f655b49963a5983b8b0950a6120ae14\slf4j-api-1.7.36.jar;C:\Users\divya\.gradle\caches\modules-2\files-2.1\com.badlogicgames.gdx\gdx-jnigen-loader\2.3.1\2d472f69243631fbcb3d4c3f93dd2e137a6cb084\gdx-jnigen-loader-2.3.1.jar;C:\Users\divya\.gradle\caches\modules-2\files-2.1\org.lwjgl.lwjgl\lwjgl\2.9.3\3df168ac74e4a8c96562cdff24ad352e255bf89c\lwjgl-2.9.3.jar;C:\Users\divya\.gradle\caches\modules-2\files-2.1\org.lwjgl.lwjgl\lwjgl-platform\2.9.3\fbc2afb3e288578e9942578decb6291a490549a0\lwjgl-platform-2.9.3-natives-windows.jar;C:\Users\divya\.gradle\caches\modules-2\files-2.1\org.lwjgl.lwjgl\lwjgl-platform\2.9.3\b1eafe80093381c56415731e1d64279e6140bcd0\lwjgl-platform-2.9.3-natives-linux.jar;C:\Users\divya\.gradle\caches\modules-2\files-2.1\org.lwjgl.lwjgl\lwjgl-platform\2.9.3\6686cf6ddaa20b4290aa6599a09bc0d17369be05\lwjgl-platform-2.9.3-natives-osx.jar;C:\Users\divya\.gradle\caches\modules-2\files-2.1\net.java.jinput\jinput\2.0.5\39c7796b469a600f72380316f6b1f11db6c2c7c4\jinput-2.0.5.jar;C:\Users\divya\.gradle\caches\modules-2\files-2.1\net.java.jutils\jutils\1.0.0\e12fe1fda814bd348c1579329c86943d2cd3c6a6\jutils-1.0.0.jar;C:\Users\divya\.gradle\caches\modules-2\files-2.1\net.java.jinput\jinput-platform\2.0.5\7ff832a6eb9ab6a767f1ade2b548092d0fa64795\jinput-platform-2.0.5-natives-linux.jar;C:\Users\divya\.gradle\caches\modules-2\files-2.1\net.java.jinput\jinput-platform\2.0.5\385ee093e01f587f30ee1c8a2ee7d408fd732e16\jinput-platform-2.0.5-natives-windows.jar;C:\Users\divya\.gradle\caches\modules-2\files-2.1\net.java.jinput\jinput-platform\2.0.5\53f9c919f34d2ca9de8c51fc4e1e8282029a9232\jinput-platform-2.0.5-natives-osx.jar
Launcher Type: SUN_STANDARD

[Global flags]
     intx CICompilerCount                          = 12                                        {product} {ergonomic}
     uint ConcGCThreads                            = 4                                         {product} {ergonomic}
     uint G1ConcRefinementThreads                  = 15                                        {product} {ergonomic}
   size_t G1HeapRegionSize                         = 2097152                                   {product} {ergonomic}
    uintx GCDrainStackTargetSize                   = 64                                        {product} {ergonomic}
   size_t InitialHeapSize                          = 264241152                                 {product} {ergonomic}
   size_t MarkStackSize                            = 4194304                                   {product} {ergonomic}
   size_t MaxHeapSize                              = 4213178368                                {product} {ergonomic}
   size_t MaxNewSize                               = 2527068160                                {product} {ergonomic}
   size_t MinHeapDeltaBytes                        = 2097152                                   {product} {ergonomic}
   size_t MinHeapSize                              = 8388608                                   {product} {ergonomic}
    uintx NonNMethodCodeHeapSize                   = 7602480                                {pd product} {ergonomic}
    uintx NonProfiledCodeHeapSize                  = 122027880                              {pd product} {ergonomic}
    uintx ProfiledCodeHeapSize                     = 122027880                              {pd product} {ergonomic}
    uintx ReservedCodeCacheSize                    = 251658240                              {pd product} {ergonomic}
     bool SegmentedCodeCache                       = true                                      {product} {ergonomic}
   size_t SoftMaxHeapSize                          = 4213178368                             {manageable} {ergonomic}
     bool UseCompressedOops                        = true                           {product lp64_product} {ergonomic}
     bool UseG1GC                                  = true                                      {product} {ergonomic}
     bool UseLargePagesIndividualAllocation        = false                                  {pd product} {ergonomic}

Logging:
Log output configuration:
 #0: stdout all=warning uptime,level,tags foldmultilines=false
 #1: stderr all=off uptime,level,tags foldmultilines=false

Environment Variables:
JAVA_HOME=C:\Program Files\JAVA\jdk-21.0.2
PATH=C:\Windows\system32;C:\Windows;C:\Windows\System32\Wbem;C:\Windows\System32\WindowsPowerShell\v1.0\;C:\Windows\System32\OpenSSH\;C:\Program Files (x86)\NVIDIA Corporation\PhysX\Common;C:\Program Files\NVIDIA Corporation\NVIDIA NvDLISR;C:\WINDOWS\system32;C:\WINDOWS;C:\WINDOWS\System32\Wbem;C:\WINDOWS\System32\WindowsPowerShell\v1.0\;C:\WINDOWS\System32\OpenSSH\;C:\Program Files\dotnet\;C:\Program Files\Git\cmd;C:\Program Files\JAVA\jdk-21.0.2\bin;C:\Users\divya\AppData\Local\Microsoft\WindowsApps;C:\Program Files\JetBrains\PyCharm 2023.2.3\bin;;C:\Users\divya\AppData\Local\Programs\Microsoft VS Code\bin;C:\Users\divya\AppData\Local\GitHubDesktop\bin;C:\Program Files\JetBrains\IntelliJ IDEA Community Edition 2024.1.4\bin;;C:\Program Files\JetBrains\IntelliJ IDEA 2024.1.4\bin;
USERNAME=divya
OS=Windows_NT
PROCESSOR_IDENTIFIER=Intel64 Family 6 Model 154 Stepping 3, GenuineIntel
TMP=C:\Users\divya\AppData\Local\Temp
TEMP=C:\Users\divya\AppData\Local\Temp




Periodic native trim disabled

---------------  S Y S T E M  ---------------

OS:
 Windows 11 , 64 bit Build 22621 (10.0.22621.3958)
OS uptime: 4 days 12:28 hours
Hyper-V role detected

CPU: total 20 (initial active 20) (10 cores per cpu, 2 threads per core) family 6 model 154 stepping 3 microcode 0x433, cx8, cmov, fxsr, ht, mmx, 3dnowpref, sse, sse2, sse3, ssse3, sse4.1, sse4.2, popcnt, lzcnt, tsc, tscinvbit, avx, avx2, aes, erms, clmul, bmi1, bmi2, adx, sha, fma, vzeroupper, clflush, clflushopt, clwb, hv, serialize, rdtscp, rdpid, fsrm, f16c, cet_ibt, cet_ss
Processor Information for processor 0
  Max Mhz: 2300, Current Mhz: 2300, Mhz Limit: 2300
Processor Information for processor 1
  Max Mhz: 2300, Current Mhz: 2300, Mhz Limit: 2300
Processor Information for processor 2
  Max Mhz: 2300, Current Mhz: 2300, Mhz Limit: 2300
Processor Information for processor 3
  Max Mhz: 2300, Current Mhz: 2300, Mhz Limit: 2300
Processor Information for processor 4
  Max Mhz: 2300, Current Mhz: 2300, Mhz Limit: 2300
Processor Information for processor 5
  Max Mhz: 2300, Current Mhz: 2300, Mhz Limit: 2300
Processor Information for processor 6
  Max Mhz: 2300, Current Mhz: 2300, Mhz Limit: 2300
Processor Information for processor 7
  Max Mhz: 2300, Current Mhz: 2300, Mhz Limit: 2300
Processor Information for processor 8
  Max Mhz: 2300, Current Mhz: 2300, Mhz Limit: 2300
Processor Information for processor 9
  Max Mhz: 2300, Current Mhz: 2300, Mhz Limit: 2300
Processor Information for processor 10
  Max Mhz: 2300, Current Mhz: 2300, Mhz Limit: 2300
Processor Information for processor 11
  Max Mhz: 2300, Current Mhz: 2300, Mhz Limit: 2300
Processor Information for processor 12
  Max Mhz: 2300, Current Mhz: 1700, Mhz Limit: 1679
Processor Information for processor 13
  Max Mhz: 2300, Current Mhz: 1700, Mhz Limit: 1679
Processor Information for processor 14
  Max Mhz: 2300, Current Mhz: 1700, Mhz Limit: 1679
Processor Information for processor 15
  Max Mhz: 2300, Current Mhz: 1500, Mhz Limit: 1679
Processor Information for processor 16
  Max Mhz: 2300, Current Mhz: 1700, Mhz Limit: 1679
Processor Information for processor 17
  Max Mhz: 2300, Current Mhz: 1500, Mhz Limit: 1679
Processor Information for processor 18
  Max Mhz: 2300, Current Mhz: 1500, Mhz Limit: 1679
Processor Information for processor 19
  Max Mhz: 2300, Current Mhz: 1700, Mhz Limit: 1679

Memory: 4k page, system-wide physical 16068M (1170M free)
TotalPageFile size 28868M (AvailPageFile size 6814M)
current process WorkingSet (physical memory assigned to process): 437M, peak: 439M
current process commit charge ("private bytes"): 690M, peak: 692M

vm_info: OpenJDK 64-Bit Server VM (21.0.2+13-58) for windows-amd64 JRE (21.0.2+13-58), built on 2024-01-05T18:32:24Z by "mach5one" with MS VC++ 17.1 (VS2022)

END.
